

================================================================
== Vitis HLS Report for 'AXIvideo2MultiPixStream'
================================================================
* Date:           Mon Aug 29 12:25:45 2022

* Version:        2022.1 (Build 3526262 on Mon Apr 18 15:47:01 MDT 2022)
* Project:        prj
* Solution:       sol (Vivado IP Flow Target)
* Product family: zynq
* Target device:  xc7z020-clg484-1


================================================================
== Performance Estimates
================================================================
+ Timing: 
    * Summary: 
    +--------+---------+----------+------------+
    |  Clock |  Target | Estimated| Uncertainty|
    +--------+---------+----------+------------+
    |ap_clk  |  5.62 ns|  5.132 ns|     1.52 ns|
    +--------+---------+----------+------------+

+ Latency: 
    * Summary: 
    +---------+---------+----------+-----------+-----+---------+---------+
    |  Latency (cycles) |  Latency (absolute)  |    Interval   | Pipeline|
    |   min   |   max   |    min   |    max    | min |   max   |   Type  |
    +---------+---------+----------+-----------+-----+---------+---------+
    |      422|  2084406|  2.374 us|  11.725 ms|  422|  2084406|       no|
    +---------+---------+----------+-----------+-----+---------+---------+

    + Detail: 
        * Instance: 
        +-----------------------------------------------------------------+------------------------------------------------------+---------+---------+-----------+-----------+-----+------+---------+
        |                                                                 |                                                      |  Latency (cycles) |   Latency (absolute)  |  Interval  | Pipeline|
        |                             Instance                            |                        Module                        |   min   |   max   |    min    |    max    | min |  max |   Type  |
        +-----------------------------------------------------------------+------------------------------------------------------+---------+---------+-----------+-----------+-----+------+---------+
        |grp_AXIvideo2MultiPixStream_Pipeline_loop_wait_for_start_fu_144  |AXIvideo2MultiPixStream_Pipeline_loop_wait_for_start  |        2|        2|  11.250 ns|  11.250 ns|    2|     2|       no|
        |grp_AXIvideo2MultiPixStream_Pipeline_loop_width_fu_164           |AXIvideo2MultiPixStream_Pipeline_loop_width           |       18|     1922|   0.101 us|  10.811 us|   18|  1922|       no|
        |grp_AXIvideo2MultiPixStream_Pipeline_loop_wait_for_eol_fu_194    |AXIvideo2MultiPixStream_Pipeline_loop_wait_for_eol    |        2|        2|  11.250 ns|  11.250 ns|    2|     2|       no|
        +-----------------------------------------------------------------+------------------------------------------------------+---------+---------+-----------+-----------+-----+------+---------+

        * Loop: 
        +---------------+---------+---------+-----------+-----------+-----------+-----------+----------+
        |               |  Latency (cycles) | Iteration |  Initiation Interval  |    Trip   |          |
        |   Loop Name   |   min   |   max   |  Latency  |  achieved |   target  |   Count   | Pipelined|
        +---------------+---------+---------+-----------+-----------+-----------+-----------+----------+
        |- loop_height  |      416|  2084400|  26 ~ 1930|          -|          -|  16 ~ 1080|        no|
        +---------------+---------+---------+-----------+-----------+-----------+-----------+----------+



================================================================
== Utilization Estimates
================================================================
* Summary: 
+-----------------+---------+-----+--------+-------+-----+
|       Name      | BRAM_18K| DSP |   FF   |  LUT  | URAM|
+-----------------+---------+-----+--------+-------+-----+
|DSP              |        -|    -|       -|      -|    -|
|Expression       |        -|    -|       0|     47|    -|
|FIFO             |        -|    -|       -|      -|    -|
|Instance         |        -|    -|      47|    270|    -|
|Memory           |        -|    -|       -|      -|    -|
|Multiplexer      |        -|    -|       -|    124|    -|
|Register         |        -|    -|      53|      -|    -|
+-----------------+---------+-----+--------+-------+-----+
|Total            |        0|    0|     100|    441|    0|
+-----------------+---------+-----+--------+-------+-----+
|Available        |      280|  220|  106400|  53200|    0|
+-----------------+---------+-----+--------+-------+-----+
|Utilization (%)  |        0|    0|      ~0|     ~0|    0|
+-----------------+---------+-----+--------+-------+-----+

+ Detail: 
    * Instance: 
    +-----------------------------------------------------------------+------------------------------------------------------+---------+----+----+-----+-----+
    |                             Instance                            |                        Module                        | BRAM_18K| DSP| FF | LUT | URAM|
    +-----------------------------------------------------------------+------------------------------------------------------+---------+----+----+-----+-----+
    |grp_AXIvideo2MultiPixStream_Pipeline_loop_wait_for_eol_fu_194    |AXIvideo2MultiPixStream_Pipeline_loop_wait_for_eol    |        0|   0|   3|   43|    0|
    |grp_AXIvideo2MultiPixStream_Pipeline_loop_wait_for_start_fu_144  |AXIvideo2MultiPixStream_Pipeline_loop_wait_for_start  |        0|   0|   3|   34|    0|
    |grp_AXIvideo2MultiPixStream_Pipeline_loop_width_fu_164           |AXIvideo2MultiPixStream_Pipeline_loop_width           |        0|   0|  41|  193|    0|
    +-----------------------------------------------------------------+------------------------------------------------------+---------+----+----+-----+-----+
    |Total                                                            |                                                      |        0|   0|  47|  270|    0|
    +-----------------------------------------------------------------+------------------------------------------------------+---------+----+----+-----+-----+

    * DSP: 
    N/A

    * Memory: 
    N/A

    * FIFO: 
    N/A

    * Expression: 
    +-------------------------+----------+----+---+----+------------+------------+
    |      Variable Name      | Operation| DSP| FF| LUT| Bitwidth P0| Bitwidth P1|
    +-------------------------+----------+----+---+----+------------+------------+
    |i_4_fu_251_p2            |         +|   0|  0|  12|          11|           1|
    |icmp_ln1404_fu_246_p2    |      icmp|   0|  0|  11|          11|          11|
    |icmp_ln1435_1_fu_237_p2  |      icmp|   0|  0|  11|           8|           1|
    |icmp_ln1435_fu_231_p2    |      icmp|   0|  0|  11|           8|           1|
    |ap_block_state1          |        or|   0|  0|   2|           1|           1|
    +-------------------------+----------+----+---+----+------------+------------+
    |Total                    |          |   0|  0|  47|          39|          15|
    +-------------------------+----------+----+---+----+------------+------------+

    * Multiplexer: 
    +----------------------------------+----+-----------+-----+-----------+
    |               Name               | LUT| Input Size| Bits| Total Bits|
    +----------------------------------+----+-----------+-----+-----------+
    |ap_NS_fsm                         |  59|         11|    1|         11|
    |ap_done                           |   9|          2|    1|          2|
    |axi_data_V_2_fu_80                |   9|          2|   24|         48|
    |axi_last_V_2_reg_132              |   9|          2|    1|          2|
    |i_fu_84                           |   9|          2|   11|         22|
    |s_axis_video_TREADY_int_regslice  |  20|          4|    1|          4|
    |stream_in_write                   |   9|          2|    1|          2|
    +----------------------------------+----+-----------+-----+-----------+
    |Total                             | 124|         25|   40|         91|
    +----------------------------------+----+-----------+-----+-----------+

    * Register: 
    +------------------------------------------------------------------------------+----+----+-----+-----------+
    |                                     Name                                     | FF | LUT| Bits| Const Bits|
    +------------------------------------------------------------------------------+----+----+-----+-----------+
    |ap_CS_fsm                                                                     |  10|   0|   10|          0|
    |ap_done_reg                                                                   |   1|   0|    1|          0|
    |axi_data_V_2_fu_80                                                            |  24|   0|   24|          0|
    |axi_last_V_2_reg_132                                                          |   1|   0|    1|          0|
    |grp_AXIvideo2MultiPixStream_Pipeline_loop_wait_for_eol_fu_194_ap_start_reg    |   1|   0|    1|          0|
    |grp_AXIvideo2MultiPixStream_Pipeline_loop_wait_for_start_fu_144_ap_start_reg  |   1|   0|    1|          0|
    |grp_AXIvideo2MultiPixStream_Pipeline_loop_width_fu_164_ap_start_reg           |   1|   0|    1|          0|
    |i_fu_84                                                                       |  11|   0|   11|          0|
    |icmp_ln1435_1_reg_324                                                         |   1|   0|    1|          0|
    |icmp_ln1435_reg_319                                                           |   1|   0|    1|          0|
    |sof_reg_118                                                                   |   1|   0|    1|          0|
    +------------------------------------------------------------------------------+----+----+-----+-----------+
    |Total                                                                         |  53|   0|   53|          0|
    +------------------------------------------------------------------------------+----+----+-----+-----------+



================================================================
== Interface
================================================================
* Summary: 
+--------------------------+-----+-----+------------+-------------------------+--------------+
|         RTL Ports        | Dir | Bits|  Protocol  |      Source Object      |    C Type    |
+--------------------------+-----+-----+------------+-------------------------+--------------+
|ap_clk                    |   in|    1|  ap_ctrl_hs|  AXIvideo2MultiPixStream|  return value|
|ap_rst                    |   in|    1|  ap_ctrl_hs|  AXIvideo2MultiPixStream|  return value|
|ap_start                  |   in|    1|  ap_ctrl_hs|  AXIvideo2MultiPixStream|  return value|
|ap_done                   |  out|    1|  ap_ctrl_hs|  AXIvideo2MultiPixStream|  return value|
|ap_continue               |   in|    1|  ap_ctrl_hs|  AXIvideo2MultiPixStream|  return value|
|ap_idle                   |  out|    1|  ap_ctrl_hs|  AXIvideo2MultiPixStream|  return value|
|ap_ready                  |  out|    1|  ap_ctrl_hs|  AXIvideo2MultiPixStream|  return value|
|s_axis_video_TDATA        |   in|   24|        axis|    s_axis_video_V_data_V|       pointer|
|s_axis_video_TVALID       |   in|    1|        axis|    s_axis_video_V_dest_V|       pointer|
|s_axis_video_TREADY       |  out|    1|        axis|    s_axis_video_V_dest_V|       pointer|
|s_axis_video_TDEST        |   in|    1|        axis|    s_axis_video_V_dest_V|       pointer|
|s_axis_video_TKEEP        |   in|    3|        axis|    s_axis_video_V_keep_V|       pointer|
|s_axis_video_TSTRB        |   in|    3|        axis|    s_axis_video_V_strb_V|       pointer|
|s_axis_video_TUSER        |   in|    1|        axis|    s_axis_video_V_user_V|       pointer|
|s_axis_video_TLAST        |   in|    1|        axis|    s_axis_video_V_last_V|       pointer|
|s_axis_video_TID          |   in|    1|        axis|      s_axis_video_V_id_V|       pointer|
|stream_in_din             |  out|   24|     ap_fifo|                stream_in|       pointer|
|stream_in_num_data_valid  |   in|    5|     ap_fifo|                stream_in|       pointer|
|stream_in_fifo_cap        |   in|    5|     ap_fifo|                stream_in|       pointer|
|stream_in_full_n          |   in|    1|     ap_fifo|                stream_in|       pointer|
|stream_in_write           |  out|    1|     ap_fifo|                stream_in|       pointer|
|Height                    |   in|   16|     ap_none|                   Height|       pointer|
|WidthIn                   |   in|   16|     ap_none|                  WidthIn|       pointer|
|ColorMode                 |   in|    8|     ap_none|                ColorMode|       pointer|
+--------------------------+-----+-----+------------+-------------------------+--------------+

