

================================================================
== Vitis HLS Report for 'hscale_core_polyphase_Pipeline_loop_width'
================================================================
* Date:           Mon Aug 29 12:25:47 2022

* Version:        2022.1 (Build 3526262 on Mon Apr 18 15:47:01 MDT 2022)
* Project:        prj
* Solution:       sol (Vivado IP Flow Target)
* Product family: zynq
* Target device:  xc7z020-clg484-1


================================================================
== Performance Estimates
================================================================
+ Timing: 
    * Summary: 
    +--------+---------+----------+------------+
    |  Clock |  Target | Estimated| Uncertainty|
    +--------+---------+----------+------------+
    |ap_clk  |  5.62 ns|  4.470 ns|     1.52 ns|
    +--------+---------+----------+------------+

+ Latency: 
    * Summary: 
    +---------+---------+----------+-----------+-----+------+---------+
    |  Latency (cycles) |  Latency (absolute)  |  Interval  | Pipeline|
    |   min   |   max   |    min   |    max    | min |  max |   Type  |
    +---------+---------+----------+-----------+-----+------+---------+
    |       43|     1947|  0.242 us|  10.952 us|   43|  1947|       no|
    +---------+---------+----------+-----------+-----+------+---------+

    + Detail: 
        * Instance: 
        +-----------------------------+------------------+---------+---------+-----------+-----------+-----+-----+---------+
        |                             |                  |  Latency (cycles) |   Latency (absolute)  |  Interval | Pipeline|
        |           Instance          |      Module      |   min   |   max   |    min    |    max    | min | max |   Type  |
        +-----------------------------+------------------+---------+---------+-----------+-----------+-----+-----+---------+
        |grp_hscale_polyphase_fu_220  |hscale_polyphase  |       15|       15|  84.375 ns|  84.375 ns|    1|    1|      yes|
        |grp_reg_ap_uint_9_s_fu_758   |reg_ap_uint_9_s   |        1|        1|   5.625 ns|   5.625 ns|    1|    1|      yes|
        +-----------------------------+------------------+---------+---------+-----------+-----------+-----+-----+---------+

        * Loop: 
        +--------------+---------+---------+----------+-----------+-----------+-----------+----------+
        |              |  Latency (cycles) | Iteration|  Initiation Interval  |    Trip   |          |
        |   Loop Name  |   min   |   max   |  Latency |  achieved |   target  |   Count   | Pipelined|
        +--------------+---------+---------+----------+-----------+-----------+-----------+----------+
        |- loop_width  |       41|     1945|        22|          1|          1|  21 ~ 1925|       yes|
        +--------------+---------+---------+----------+-----------+-----------+-----------+----------+



================================================================
== Utilization Estimates
================================================================
* Summary: 
+-----------------+---------+-----+--------+-------+-----+
|       Name      | BRAM_18K| DSP |   FF   |  LUT  | URAM|
+-----------------+---------+-----+--------+-------+-----+
|DSP              |        -|    -|       -|      -|    -|
|Expression       |        -|    -|       0|    304|    -|
|FIFO             |        -|    -|       -|      -|    -|
|Instance         |        -|   18|    1680|   1013|    -|
|Memory           |        -|    -|       -|      -|    -|
|Multiplexer      |        -|    -|       -|    261|    -|
|Register         |        -|    -|     446|    160|    -|
+-----------------+---------+-----+--------+-------+-----+
|Total            |        0|   18|    2126|   1738|    0|
+-----------------+---------+-----+--------+-------+-----+
|Available        |      280|  220|  106400|  53200|    0|
+-----------------+---------+-----+--------+-------+-----+
|Utilization (%)  |        0|    8|       1|      3|    0|
+-----------------+---------+-----+--------+-------+-----+

+ Detail: 
    * Instance: 
    +-----------------------------+------------------+---------+----+------+-----+-----+
    |           Instance          |      Module      | BRAM_18K| DSP|  FF  | LUT | URAM|
    +-----------------------------+------------------+---------+----+------+-----+-----+
    |grp_hscale_polyphase_fu_220  |hscale_polyphase  |        0|  18|  1661|  999|    0|
    |grp_reg_ap_uint_9_s_fu_758   |reg_ap_uint_9_s   |        0|   0|    19|   14|    0|
    +-----------------------------+------------------+---------+----+------+-----+-----+
    |Total                        |                  |        0|  18|  1680| 1013|    0|
    +-----------------------------+------------------+---------+----+------+-----+-----+

    * DSP: 
    N/A

    * Memory: 
    N/A

    * FIFO: 
    N/A

    * Expression: 
    +------------------------------------+----------+----+---+----+------------+------------+
    |            Variable Name           | Operation| DSP| FF| LUT| Bitwidth P0| Bitwidth P1|
    +------------------------------------+----------+----+---+----+------------+------------+
    |add_ln676_fu_351_p2                 |         +|   0|  0|  24|          17|           3|
    |xReadPos_1_fu_389_p2                |         +|   0|  0|  23|          16|           1|
    |x_6_fu_287_p2                       |         +|   0|  0|  12|          11|           1|
    |xbySamples_fu_309_p2                |         +|   0|  0|  12|          11|           4|
    |and_ln757_fu_407_p2                 |       and|   0|  0|   2|           1|           1|
    |ap_block_state22_pp0_stage0_iter21  |       and|   0|  0|   2|           1|           1|
    |ap_block_state4_pp0_stage0_iter5    |       and|   0|  0|   2|           1|           1|
    |ap_predicate_op135_read_state4      |       and|   0|  0|   2|           1|           1|
    |ap_predicate_op189_write_state22    |       and|   0|  0|   2|           1|           1|
    |ReadEn_1_fu_379_p2                  |      icmp|   0|  0|   8|           2|           1|
    |icmp29_fu_341_p2                    |      icmp|   0|  0|  11|          10|           1|
    |icmp_ln653_fu_281_p2                |      icmp|   0|  0|  11|          11|          11|
    |icmp_ln663_fu_323_p2                |      icmp|   0|  0|  18|          32|           1|
    |icmp_ln676_fu_423_p2                |      icmp|   0|  0|  13|          17|          17|
    |icmp_ln715_fu_303_p2                |      icmp|   0|  0|  11|           9|           1|
    |icmp_ln757_fu_403_p2                |      icmp|   0|  0|  11|          11|          11|
    |ap_block_pp0_stage0_01001           |        or|   0|  0|   2|           1|           1|
    |PixArray_val_V_1_fu_590_p3          |    select|   0|  0|   8|           1|           8|
    |PixArray_val_V_2_fu_597_p3          |    select|   0|  0|   8|           1|           8|
    |PixArray_val_V_fu_583_p3            |    select|   0|  0|   8|           1|           8|
    |select_ln671_10_fu_569_p3           |    select|   0|  0|   8|           1|           8|
    |select_ln671_11_fu_576_p3           |    select|   0|  0|   8|           1|           8|
    |select_ln671_1_fu_506_p3            |    select|   0|  0|   8|           1|           8|
    |select_ln671_2_fu_513_p3            |    select|   0|  0|   8|           1|           8|
    |select_ln671_3_fu_520_p3            |    select|   0|  0|   8|           1|           8|
    |select_ln671_4_fu_527_p3            |    select|   0|  0|   8|           1|           8|
    |select_ln671_5_fu_534_p3            |    select|   0|  0|   8|           1|           8|
    |select_ln671_6_fu_541_p3            |    select|   0|  0|   8|           1|           8|
    |select_ln671_7_fu_548_p3            |    select|   0|  0|   8|           1|           8|
    |select_ln671_8_fu_555_p3            |    select|   0|  0|   8|           1|           8|
    |select_ln671_9_fu_562_p3            |    select|   0|  0|   8|           1|           8|
    |select_ln671_fu_499_p3              |    select|   0|  0|   8|           1|           8|
    |xReadPos_2_fu_395_p3                |    select|   0|  0|  16|           1|          16|
    |ap_enable_pp0                       |       xor|   0|  0|   2|           1|           2|
    +------------------------------------+----------+----+---+----+------------+------------+
    |Total                               |          |   0|  0| 304|         170|         196|
    +------------------------------------+----------+----+---+----+------------+------------+

    * Multiplexer: 
    +---------------------------+----+-----------+-----+-----------+
    |            Name           | LUT| Input Size| Bits| Total Bits|
    +---------------------------+----+-----------+-----+-----------+
    |PixArray_val_V_10_1_out_o  |   9|          2|    8|         16|
    |PixArray_val_V_11_1_out_o  |   9|          2|    8|         16|
    |PixArray_val_V_12_1_out_o  |   9|          2|    8|         16|
    |PixArray_val_V_13_1_out_o  |   9|          2|    8|         16|
    |PixArray_val_V_14_1_out_o  |   9|          2|    8|         16|
    |PixArray_val_V_15_1_out_o  |   9|          2|    8|         16|
    |PixArray_val_V_16_1_out_o  |   9|          2|    8|         16|
    |PixArray_val_V_17_1_out_o  |   9|          2|    8|         16|
    |PixArray_val_V_18_1_out_o  |   9|          2|    8|         16|
    |PixArray_val_V_19_1_out_o  |   9|          2|    8|         16|
    |PixArray_val_V_20_1_out_o  |   9|          2|    8|         16|
    |PixArray_val_V_3_1_out_o   |   9|          2|    8|         16|
    |PixArray_val_V_3_out_o     |   9|          2|    8|         16|
    |PixArray_val_V_4_1_out_o   |   9|          2|    8|         16|
    |PixArray_val_V_4_out_o     |   9|          2|    8|         16|
    |PixArray_val_V_5_1_out_o   |   9|          2|    8|         16|
    |PixArray_val_V_5_out_o     |   9|          2|    8|         16|
    |PixArray_val_V_6_1_out_o   |   9|          2|    8|         16|
    |PixArray_val_V_7_1_out_o   |   9|          2|    8|         16|
    |PixArray_val_V_8_1_out_o   |   9|          2|    8|         16|
    |PixArray_val_V_9_1_out_o   |   9|          2|    8|         16|
    |ReadEn_fu_172              |   9|          2|    1|          2|
    |ap_done_int                |   9|          2|    1|          2|
    |ap_enable_reg_pp0_iter1    |   9|          2|    1|          2|
    |ap_sig_allocacmp_x_5       |   9|          2|   11|         22|
    |stream_scaled_blk_n        |   9|          2|    1|          2|
    |stream_upsampled_blk_n     |   9|          2|    1|          2|
    |xReadPos_fu_168            |   9|          2|   16|         32|
    |x_fu_164                   |   9|          2|   11|         22|
    +---------------------------+----+-----------+-----+-----------+
    |Total                      | 261|         58|  211|        422|
    +---------------------------+----+-----------+-----+-----------+

    * Register: 
    +------------------------------------------+----+----+-----+-----------+
    |                   Name                   | FF | LUT| Bits| Const Bits|
    +------------------------------------------+----+----+-----+-----------+
    |ArrayLoc_reg_979                          |   2|   0|    2|          0|
    |PhaseH_0_reg_974                          |   6|   0|    6|          0|
    |ReadEn_fu_172                             |   1|   0|   32|         31|
    |add_ln676_reg_969                         |  17|   0|   17|          0|
    |and_ln757_reg_984                         |   1|   0|    1|          0|
    |ap_CS_fsm                                 |   1|   0|    1|          0|
    |ap_done_reg                               |   1|   0|    1|          0|
    |ap_enable_reg_pp0_iter1                   |   1|   0|    1|          0|
    |ap_enable_reg_pp0_iter10                  |   1|   0|    1|          0|
    |ap_enable_reg_pp0_iter11                  |   1|   0|    1|          0|
    |ap_enable_reg_pp0_iter12                  |   1|   0|    1|          0|
    |ap_enable_reg_pp0_iter13                  |   1|   0|    1|          0|
    |ap_enable_reg_pp0_iter14                  |   1|   0|    1|          0|
    |ap_enable_reg_pp0_iter15                  |   1|   0|    1|          0|
    |ap_enable_reg_pp0_iter16                  |   1|   0|    1|          0|
    |ap_enable_reg_pp0_iter17                  |   1|   0|    1|          0|
    |ap_enable_reg_pp0_iter18                  |   1|   0|    1|          0|
    |ap_enable_reg_pp0_iter19                  |   1|   0|    1|          0|
    |ap_enable_reg_pp0_iter2                   |   1|   0|    1|          0|
    |ap_enable_reg_pp0_iter20                  |   1|   0|    1|          0|
    |ap_enable_reg_pp0_iter21                  |   1|   0|    1|          0|
    |ap_enable_reg_pp0_iter3                   |   1|   0|    1|          0|
    |ap_enable_reg_pp0_iter4                   |   1|   0|    1|          0|
    |ap_enable_reg_pp0_iter5                   |   1|   0|    1|          0|
    |ap_enable_reg_pp0_iter6                   |   1|   0|    1|          0|
    |ap_enable_reg_pp0_iter7                   |   1|   0|    1|          0|
    |ap_enable_reg_pp0_iter8                   |   1|   0|    1|          0|
    |ap_enable_reg_pp0_iter9                   |   1|   0|    1|          0|
    |ap_loop_exit_ready_pp0_iter10_reg         |   1|   0|    1|          0|
    |ap_loop_exit_ready_pp0_iter11_reg         |   1|   0|    1|          0|
    |ap_loop_exit_ready_pp0_iter12_reg         |   1|   0|    1|          0|
    |ap_loop_exit_ready_pp0_iter13_reg         |   1|   0|    1|          0|
    |ap_loop_exit_ready_pp0_iter14_reg         |   1|   0|    1|          0|
    |ap_loop_exit_ready_pp0_iter15_reg         |   1|   0|    1|          0|
    |ap_loop_exit_ready_pp0_iter16_reg         |   1|   0|    1|          0|
    |ap_loop_exit_ready_pp0_iter17_reg         |   1|   0|    1|          0|
    |ap_loop_exit_ready_pp0_iter18_reg         |   1|   0|    1|          0|
    |ap_loop_exit_ready_pp0_iter19_reg         |   1|   0|    1|          0|
    |ap_loop_exit_ready_pp0_iter1_reg          |   1|   0|    1|          0|
    |ap_loop_exit_ready_pp0_iter20_reg         |   1|   0|    1|          0|
    |ap_loop_exit_ready_pp0_iter2_reg          |   1|   0|    1|          0|
    |ap_loop_exit_ready_pp0_iter3_reg          |   1|   0|    1|          0|
    |ap_loop_exit_ready_pp0_iter4_reg          |   1|   0|    1|          0|
    |ap_loop_exit_ready_pp0_iter5_reg          |   1|   0|    1|          0|
    |ap_loop_exit_ready_pp0_iter6_reg          |   1|   0|    1|          0|
    |ap_loop_exit_ready_pp0_iter7_reg          |   1|   0|    1|          0|
    |ap_loop_exit_ready_pp0_iter8_reg          |   1|   0|    1|          0|
    |ap_loop_exit_ready_pp0_iter9_reg          |   1|   0|    1|          0|
    |grp_hscale_polyphase_fu_220_ap_start_reg  |   1|   0|    1|          0|
    |icmp29_reg_950                            |   1|   0|    1|          0|
    |icmp29_reg_950_pp0_iter4_reg              |   1|   0|    1|          0|
    |icmp_ln663_reg_946                        |   1|   0|    1|          0|
    |icmp_ln663_reg_946_pp0_iter4_reg          |   1|   0|    1|          0|
    |icmp_ln676_reg_988                        |   1|   0|    1|          0|
    |icmp_ln715_reg_937                        |   1|   0|    1|          0|
    |xReadPos_fu_168                           |  16|   0|   16|          0|
    |x_5_reg_927                               |  11|   0|   11|          0|
    |x_fu_164                                  |  11|   0|   11|          0|
    |xbySamples_reg_941                        |  11|   0|   11|          0|
    |ArrayLoc_reg_979                          |  64|  32|    2|          0|
    |PhaseH_0_reg_974                          |  64|  32|    6|          0|
    |and_ln757_reg_984                         |  64|  32|    1|          0|
    |icmp_ln715_reg_937                        |  64|  32|    1|          0|
    |x_5_reg_927                               |  64|  32|   11|          0|
    +------------------------------------------+----+----+-----+-----------+
    |Total                                     | 446| 160|  178|         31|
    +------------------------------------------+----+----+-----+-----------+



================================================================
== Interface
================================================================
* Summary: 
+----------------------------------+-----+-----+------------+-------------------------------------------+--------------+
|             RTL Ports            | Dir | Bits|  Protocol  |               Source Object               |    C Type    |
+----------------------------------+-----+-----+------------+-------------------------------------------+--------------+
|ap_clk                            |   in|    1|  ap_ctrl_hs|  hscale_core_polyphase_Pipeline_loop_width|  return value|
|ap_rst                            |   in|    1|  ap_ctrl_hs|  hscale_core_polyphase_Pipeline_loop_width|  return value|
|ap_start                          |   in|    1|  ap_ctrl_hs|  hscale_core_polyphase_Pipeline_loop_width|  return value|
|ap_done                           |  out|    1|  ap_ctrl_hs|  hscale_core_polyphase_Pipeline_loop_width|  return value|
|ap_idle                           |  out|    1|  ap_ctrl_hs|  hscale_core_polyphase_Pipeline_loop_width|  return value|
|ap_ready                          |  out|    1|  ap_ctrl_hs|  hscale_core_polyphase_Pipeline_loop_width|  return value|
|stream_upsampled_dout             |   in|   24|     ap_fifo|                           stream_upsampled|       pointer|
|stream_upsampled_num_data_valid   |   in|    5|     ap_fifo|                           stream_upsampled|       pointer|
|stream_upsampled_fifo_cap         |   in|    5|     ap_fifo|                           stream_upsampled|       pointer|
|stream_upsampled_empty_n          |   in|    1|     ap_fifo|                           stream_upsampled|       pointer|
|stream_upsampled_read             |  out|    1|     ap_fifo|                           stream_upsampled|       pointer|
|stream_scaled_din                 |  out|   24|     ap_fifo|                              stream_scaled|       pointer|
|stream_scaled_num_data_valid      |   in|    5|     ap_fifo|                              stream_scaled|       pointer|
|stream_scaled_fifo_cap            |   in|    5|     ap_fifo|                              stream_scaled|       pointer|
|stream_scaled_full_n              |   in|    1|     ap_fifo|                              stream_scaled|       pointer|
|stream_scaled_write               |  out|    1|     ap_fifo|                              stream_scaled|       pointer|
|add_ln637                         |   in|   11|   ap_stable|                                  add_ln637|        scalar|
|zext_ln224                        |   in|   16|   ap_stable|                                 zext_ln224|        scalar|
|phasesH_address0                  |  out|   11|   ap_memory|                                    phasesH|         array|
|phasesH_ce0                       |  out|    1|   ap_memory|                                    phasesH|         array|
|phasesH_q0                        |   in|    9|   ap_memory|                                    phasesH|         array|
|FiltCoeff_address0                |  out|    6|   ap_memory|                                  FiltCoeff|         array|
|FiltCoeff_ce0                     |  out|    1|   ap_memory|                                  FiltCoeff|         array|
|FiltCoeff_q0                      |   in|   16|   ap_memory|                                  FiltCoeff|         array|
|FiltCoeff_1_address0              |  out|    6|   ap_memory|                                FiltCoeff_1|         array|
|FiltCoeff_1_ce0                   |  out|    1|   ap_memory|                                FiltCoeff_1|         array|
|FiltCoeff_1_q0                    |   in|   16|   ap_memory|                                FiltCoeff_1|         array|
|FiltCoeff_2_address0              |  out|    6|   ap_memory|                                FiltCoeff_2|         array|
|FiltCoeff_2_ce0                   |  out|    1|   ap_memory|                                FiltCoeff_2|         array|
|FiltCoeff_2_q0                    |   in|   16|   ap_memory|                                FiltCoeff_2|         array|
|FiltCoeff_3_address0              |  out|    6|   ap_memory|                                FiltCoeff_3|         array|
|FiltCoeff_3_ce0                   |  out|    1|   ap_memory|                                FiltCoeff_3|         array|
|FiltCoeff_3_q0                    |   in|   16|   ap_memory|                                FiltCoeff_3|         array|
|FiltCoeff_4_address0              |  out|    6|   ap_memory|                                FiltCoeff_4|         array|
|FiltCoeff_4_ce0                   |  out|    1|   ap_memory|                                FiltCoeff_4|         array|
|FiltCoeff_4_q0                    |   in|   16|   ap_memory|                                FiltCoeff_4|         array|
|FiltCoeff_5_address0              |  out|    6|   ap_memory|                                FiltCoeff_5|         array|
|FiltCoeff_5_ce0                   |  out|    1|   ap_memory|                                FiltCoeff_5|         array|
|FiltCoeff_5_q0                    |   in|   16|   ap_memory|                                FiltCoeff_5|         array|
|LoopSize                          |   in|   11|   ap_stable|                                   LoopSize|        scalar|
|PixArray_val_V_5_out_i            |   in|    8|     ap_ovld|                       PixArray_val_V_5_out|       pointer|
|PixArray_val_V_5_out_o            |  out|    8|     ap_ovld|                       PixArray_val_V_5_out|       pointer|
|PixArray_val_V_5_out_o_ap_vld     |  out|    1|     ap_ovld|                       PixArray_val_V_5_out|       pointer|
|PixArray_val_V_4_out_i            |   in|    8|     ap_ovld|                       PixArray_val_V_4_out|       pointer|
|PixArray_val_V_4_out_o            |  out|    8|     ap_ovld|                       PixArray_val_V_4_out|       pointer|
|PixArray_val_V_4_out_o_ap_vld     |  out|    1|     ap_ovld|                       PixArray_val_V_4_out|       pointer|
|PixArray_val_V_3_out_i            |   in|    8|     ap_ovld|                       PixArray_val_V_3_out|       pointer|
|PixArray_val_V_3_out_o            |  out|    8|     ap_ovld|                       PixArray_val_V_3_out|       pointer|
|PixArray_val_V_3_out_o_ap_vld     |  out|    1|     ap_ovld|                       PixArray_val_V_3_out|       pointer|
|PixArray_val_V_20_1_out_i         |   in|    8|     ap_ovld|                    PixArray_val_V_20_1_out|       pointer|
|PixArray_val_V_20_1_out_o         |  out|    8|     ap_ovld|                    PixArray_val_V_20_1_out|       pointer|
|PixArray_val_V_20_1_out_o_ap_vld  |  out|    1|     ap_ovld|                    PixArray_val_V_20_1_out|       pointer|
|PixArray_val_V_19_1_out_i         |   in|    8|     ap_ovld|                    PixArray_val_V_19_1_out|       pointer|
|PixArray_val_V_19_1_out_o         |  out|    8|     ap_ovld|                    PixArray_val_V_19_1_out|       pointer|
|PixArray_val_V_19_1_out_o_ap_vld  |  out|    1|     ap_ovld|                    PixArray_val_V_19_1_out|       pointer|
|PixArray_val_V_18_1_out_i         |   in|    8|     ap_ovld|                    PixArray_val_V_18_1_out|       pointer|
|PixArray_val_V_18_1_out_o         |  out|    8|     ap_ovld|                    PixArray_val_V_18_1_out|       pointer|
|PixArray_val_V_18_1_out_o_ap_vld  |  out|    1|     ap_ovld|                    PixArray_val_V_18_1_out|       pointer|
|PixArray_val_V_17_1_out_i         |   in|    8|     ap_ovld|                    PixArray_val_V_17_1_out|       pointer|
|PixArray_val_V_17_1_out_o         |  out|    8|     ap_ovld|                    PixArray_val_V_17_1_out|       pointer|
|PixArray_val_V_17_1_out_o_ap_vld  |  out|    1|     ap_ovld|                    PixArray_val_V_17_1_out|       pointer|
|PixArray_val_V_16_1_out_i         |   in|    8|     ap_ovld|                    PixArray_val_V_16_1_out|       pointer|
|PixArray_val_V_16_1_out_o         |  out|    8|     ap_ovld|                    PixArray_val_V_16_1_out|       pointer|
|PixArray_val_V_16_1_out_o_ap_vld  |  out|    1|     ap_ovld|                    PixArray_val_V_16_1_out|       pointer|
|PixArray_val_V_15_1_out_i         |   in|    8|     ap_ovld|                    PixArray_val_V_15_1_out|       pointer|
|PixArray_val_V_15_1_out_o         |  out|    8|     ap_ovld|                    PixArray_val_V_15_1_out|       pointer|
|PixArray_val_V_15_1_out_o_ap_vld  |  out|    1|     ap_ovld|                    PixArray_val_V_15_1_out|       pointer|
|PixArray_val_V_14_1_out_i         |   in|    8|     ap_ovld|                    PixArray_val_V_14_1_out|       pointer|
|PixArray_val_V_14_1_out_o         |  out|    8|     ap_ovld|                    PixArray_val_V_14_1_out|       pointer|
|PixArray_val_V_14_1_out_o_ap_vld  |  out|    1|     ap_ovld|                    PixArray_val_V_14_1_out|       pointer|
|PixArray_val_V_13_1_out_i         |   in|    8|     ap_ovld|                    PixArray_val_V_13_1_out|       pointer|
|PixArray_val_V_13_1_out_o         |  out|    8|     ap_ovld|                    PixArray_val_V_13_1_out|       pointer|
|PixArray_val_V_13_1_out_o_ap_vld  |  out|    1|     ap_ovld|                    PixArray_val_V_13_1_out|       pointer|
|PixArray_val_V_12_1_out_i         |   in|    8|     ap_ovld|                    PixArray_val_V_12_1_out|       pointer|
|PixArray_val_V_12_1_out_o         |  out|    8|     ap_ovld|                    PixArray_val_V_12_1_out|       pointer|
|PixArray_val_V_12_1_out_o_ap_vld  |  out|    1|     ap_ovld|                    PixArray_val_V_12_1_out|       pointer|
|PixArray_val_V_11_1_out_i         |   in|    8|     ap_ovld|                    PixArray_val_V_11_1_out|       pointer|
|PixArray_val_V_11_1_out_o         |  out|    8|     ap_ovld|                    PixArray_val_V_11_1_out|       pointer|
|PixArray_val_V_11_1_out_o_ap_vld  |  out|    1|     ap_ovld|                    PixArray_val_V_11_1_out|       pointer|
|PixArray_val_V_10_1_out_i         |   in|    8|     ap_ovld|                    PixArray_val_V_10_1_out|       pointer|
|PixArray_val_V_10_1_out_o         |  out|    8|     ap_ovld|                    PixArray_val_V_10_1_out|       pointer|
|PixArray_val_V_10_1_out_o_ap_vld  |  out|    1|     ap_ovld|                    PixArray_val_V_10_1_out|       pointer|
|PixArray_val_V_9_1_out_i          |   in|    8|     ap_ovld|                     PixArray_val_V_9_1_out|       pointer|
|PixArray_val_V_9_1_out_o          |  out|    8|     ap_ovld|                     PixArray_val_V_9_1_out|       pointer|
|PixArray_val_V_9_1_out_o_ap_vld   |  out|    1|     ap_ovld|                     PixArray_val_V_9_1_out|       pointer|
|PixArray_val_V_8_1_out_i          |   in|    8|     ap_ovld|                     PixArray_val_V_8_1_out|       pointer|
|PixArray_val_V_8_1_out_o          |  out|    8|     ap_ovld|                     PixArray_val_V_8_1_out|       pointer|
|PixArray_val_V_8_1_out_o_ap_vld   |  out|    1|     ap_ovld|                     PixArray_val_V_8_1_out|       pointer|
|PixArray_val_V_7_1_out_i          |   in|    8|     ap_ovld|                     PixArray_val_V_7_1_out|       pointer|
|PixArray_val_V_7_1_out_o          |  out|    8|     ap_ovld|                     PixArray_val_V_7_1_out|       pointer|
|PixArray_val_V_7_1_out_o_ap_vld   |  out|    1|     ap_ovld|                     PixArray_val_V_7_1_out|       pointer|
|PixArray_val_V_6_1_out_i          |   in|    8|     ap_ovld|                     PixArray_val_V_6_1_out|       pointer|
|PixArray_val_V_6_1_out_o          |  out|    8|     ap_ovld|                     PixArray_val_V_6_1_out|       pointer|
|PixArray_val_V_6_1_out_o_ap_vld   |  out|    1|     ap_ovld|                     PixArray_val_V_6_1_out|       pointer|
|PixArray_val_V_5_1_out_i          |   in|    8|     ap_ovld|                     PixArray_val_V_5_1_out|       pointer|
|PixArray_val_V_5_1_out_o          |  out|    8|     ap_ovld|                     PixArray_val_V_5_1_out|       pointer|
|PixArray_val_V_5_1_out_o_ap_vld   |  out|    1|     ap_ovld|                     PixArray_val_V_5_1_out|       pointer|
|PixArray_val_V_4_1_out_i          |   in|    8|     ap_ovld|                     PixArray_val_V_4_1_out|       pointer|
|PixArray_val_V_4_1_out_o          |  out|    8|     ap_ovld|                     PixArray_val_V_4_1_out|       pointer|
|PixArray_val_V_4_1_out_o_ap_vld   |  out|    1|     ap_ovld|                     PixArray_val_V_4_1_out|       pointer|
|PixArray_val_V_3_1_out_i          |   in|    8|     ap_ovld|                     PixArray_val_V_3_1_out|       pointer|
|PixArray_val_V_3_1_out_o          |  out|    8|     ap_ovld|                     PixArray_val_V_3_1_out|       pointer|
|PixArray_val_V_3_1_out_o_ap_vld   |  out|    1|     ap_ovld|                     PixArray_val_V_3_1_out|       pointer|
+----------------------------------+-----+-----+------------+-------------------------------------------+--------------+

