

================================================================
== Vitis HLS Report for 'MultiPixStream2AXIvideo'
================================================================
* Date:           Mon Aug 29 12:25:49 2022

* Version:        2022.1 (Build 3526262 on Mon Apr 18 15:47:01 MDT 2022)
* Project:        prj
* Solution:       sol (Vivado IP Flow Target)
* Product family: zynq
* Target device:  xc7z020-clg484-1


================================================================
== Performance Estimates
================================================================
+ Timing: 
    * Summary: 
    +--------+---------+----------+------------+
    |  Clock |  Target | Estimated| Uncertainty|
    +--------+---------+----------+------------+
    |ap_clk  |  5.62 ns|  4.057 ns|     1.52 ns|
    +--------+---------+----------+------------+

+ Latency: 
    * Summary: 
    +---------+---------+----------+-----------+-----+---------+---------+
    |  Latency (cycles) |  Latency (absolute)  |    Interval   | Pipeline|
    |   min   |   max   |    min   |    max    | min |   max   |   Type  |
    +---------+---------+----------+-----------+-----+---------+---------+
    |      362|  2080090|  2.036 us|  11.701 ms|  362|  2080090|       no|
    +---------+---------+----------+-----------+-----+---------+---------+

    + Detail: 
        * Instance: 
        +---------------------------------------------------------------+----------------------------------------------------+---------+---------+-----------+-----------+-----+------+---------+
        |                                                               |                                                    |  Latency (cycles) |   Latency (absolute)  |  Interval  | Pipeline|
        |                            Instance                           |                       Module                       |   min   |   max   |    min    |    max    | min |  max |   Type  |
        +---------------------------------------------------------------+----------------------------------------------------+---------+---------+-----------+-----------+-----+------+---------+
        |grp_MultiPixStream2AXIvideo_Pipeline_VITIS_LOOP_1536_1_fu_130  |MultiPixStream2AXIvideo_Pipeline_VITIS_LOOP_1536_1  |        5|        5|  28.125 ns|  28.125 ns|    5|     5|       no|
        |grp_MultiPixStream2AXIvideo_Pipeline_VITIS_LOOP_1544_3_fu_140  |MultiPixStream2AXIvideo_Pipeline_VITIS_LOOP_1544_3  |       19|     1923|   0.107 us|  10.817 us|   19|  1923|       no|
        +---------------------------------------------------------------+----------------------------------------------------+---------+---------+-----------+-----------+-----+------+---------+

        * Loop: 
        +---------------------+---------+---------+-----------+-----------+-----------+-----------+----------+
        |                     |  Latency (cycles) | Iteration |  Initiation Interval  |    Trip   |          |
        |      Loop Name      |   min   |   max   |  Latency  |  achieved |   target  |   Count   | Pipelined|
        +---------------------+---------+---------+-----------+-----------+-----------+-----------+----------+
        |- VITIS_LOOP_1542_2  |      352|  2080080|  22 ~ 1926|          -|          -|  16 ~ 1080|        no|
        +---------------------+---------+---------+-----------+-----------+-----------+-----------+----------+



================================================================
== Utilization Estimates
================================================================
* Summary: 
+-----------------+---------+-----+--------+-------+-----+
|       Name      | BRAM_18K| DSP |   FF   |  LUT  | URAM|
+-----------------+---------+-----+--------+-------+-----+
|DSP              |        -|    -|       -|      -|    -|
|Expression       |        -|    -|       0|     52|    -|
|FIFO             |        -|    -|       -|      -|    -|
|Instance         |        0|    -|      33|    221|    -|
|Memory           |        -|    -|       -|      -|    -|
|Multiplexer      |        -|    -|       -|     75|    -|
|Register         |        -|    -|      23|      -|    -|
+-----------------+---------+-----+--------+-------+-----+
|Total            |        0|    0|      56|    348|    0|
+-----------------+---------+-----+--------+-------+-----+
|Available        |      280|  220|  106400|  53200|    0|
+-----------------+---------+-----+--------+-------+-----+
|Utilization (%)  |        0|    0|      ~0|     ~0|    0|
+-----------------+---------+-----+--------+-------+-----+

+ Detail: 
    * Instance: 
    +---------------------------------------------------------------+----------------------------------------------------+---------+----+----+-----+-----+
    |                            Instance                           |                       Module                       | BRAM_18K| DSP| FF | LUT | URAM|
    +---------------------------------------------------------------+----------------------------------------------------+---------+----+----+-----+-----+
    |grp_MultiPixStream2AXIvideo_Pipeline_VITIS_LOOP_1536_1_fu_130  |MultiPixStream2AXIvideo_Pipeline_VITIS_LOOP_1536_1  |        0|   0|  15|   70|    0|
    |grp_MultiPixStream2AXIvideo_Pipeline_VITIS_LOOP_1544_3_fu_140  |MultiPixStream2AXIvideo_Pipeline_VITIS_LOOP_1544_3  |        0|   0|  18|  151|    0|
    +---------------------------------------------------------------+----------------------------------------------------+---------+----+----+-----+-----+
    |Total                                                          |                                                    |        0|   0|  33|  221|    0|
    +---------------------------------------------------------------+----------------------------------------------------+---------+----+----+-----+-----+

    * DSP: 
    N/A

    * Memory: 
    N/A

    * FIFO: 
    N/A

    * Expression: 
    +-----------------------------------------------------------------------------------+----------+----+---+----+------------+------------+
    |                                   Variable Name                                   | Operation| DSP| FF| LUT| Bitwidth P0| Bitwidth P1|
    +-----------------------------------------------------------------------------------+----------+----+---+----+------------+------------+
    |grp_MultiPixStream2AXIvideo_Pipeline_VITIS_LOOP_1544_3_fu_140_sub                  |         +|   0|  0|  12|          11|           2|
    |i_2_fu_225_p2                                                                      |         +|   0|  0|  12|          11|           1|
    |grp_MultiPixStream2AXIvideo_Pipeline_VITIS_LOOP_1536_1_fu_130_sub_ln1538           |         -|   0|  0|  13|           4|           4|
    |grp_MultiPixStream2AXIvideo_Pipeline_VITIS_LOOP_1544_3_fu_140_m_axis_video_TREADY  |       and|   0|  0|   2|           1|           1|
    |icmp_ln1542_fu_220_p2                                                              |      icmp|   0|  0|  11|          11|          11|
    |ap_block_state1                                                                    |        or|   0|  0|   2|           1|           1|
    +-----------------------------------------------------------------------------------+----------+----+---+----+------------+------------+
    |Total                                                                              |          |   0|  0|  52|          39|          20|
    +-----------------------------------------------------------------------------------+----------+----+---+----+------------+------------+

    * Multiplexer: 
    +---------------------+----+-----------+-----+-----------+
    |         Name        | LUT| Input Size| Bits| Total Bits|
    +---------------------+----+-----------+-----+-----------+
    |ap_NS_fsm            |  48|          9|    1|          9|
    |ap_done              |   9|          2|    1|          2|
    |i_1_fu_82            |   9|          2|   11|         22|
    |stream_out_422_read  |   9|          2|    1|          2|
    +---------------------+----+-----------+-----+-----------+
    |Total                |  75|         15|   14|         35|
    +---------------------+----+-----------+-----+-----------+

    * Register: 
    +----------------------------------------------------------------------------+----+----+-----+-----------+
    |                                    Name                                    | FF | LUT| Bits| Const Bits|
    +----------------------------------------------------------------------------+----+----+-----+-----------+
    |ap_CS_fsm                                                                   |   8|   0|    8|          0|
    |ap_done_reg                                                                 |   1|   0|    1|          0|
    |grp_MultiPixStream2AXIvideo_Pipeline_VITIS_LOOP_1536_1_fu_130_ap_start_reg  |   1|   0|    1|          0|
    |grp_MultiPixStream2AXIvideo_Pipeline_VITIS_LOOP_1544_3_fu_140_ap_start_reg  |   1|   0|    1|          0|
    |i_1_fu_82                                                                   |  11|   0|   11|          0|
    |sof_reg_116                                                                 |   1|   0|    1|          0|
    +----------------------------------------------------------------------------+----+----+-----+-----------+
    |Total                                                                       |  23|   0|   23|          0|
    +----------------------------------------------------------------------------+----+----+-----+-----------+



================================================================
== Interface
================================================================
* Summary: 
+-------------------------------+-----+-----+------------+-------------------------+--------------+
|           RTL Ports           | Dir | Bits|  Protocol  |      Source Object      |    C Type    |
+-------------------------------+-----+-----+------------+-------------------------+--------------+
|ap_clk                         |   in|    1|  ap_ctrl_hs|  MultiPixStream2AXIvideo|  return value|
|ap_rst                         |   in|    1|  ap_ctrl_hs|  MultiPixStream2AXIvideo|  return value|
|ap_start                       |   in|    1|  ap_ctrl_hs|  MultiPixStream2AXIvideo|  return value|
|ap_done                        |  out|    1|  ap_ctrl_hs|  MultiPixStream2AXIvideo|  return value|
|ap_continue                    |   in|    1|  ap_ctrl_hs|  MultiPixStream2AXIvideo|  return value|
|ap_idle                        |  out|    1|  ap_ctrl_hs|  MultiPixStream2AXIvideo|  return value|
|ap_ready                       |  out|    1|  ap_ctrl_hs|  MultiPixStream2AXIvideo|  return value|
|stream_out_422_dout            |   in|   24|     ap_fifo|           stream_out_422|       pointer|
|stream_out_422_num_data_valid  |   in|    5|     ap_fifo|           stream_out_422|       pointer|
|stream_out_422_fifo_cap        |   in|    5|     ap_fifo|           stream_out_422|       pointer|
|stream_out_422_empty_n         |   in|    1|     ap_fifo|           stream_out_422|       pointer|
|stream_out_422_read            |  out|    1|     ap_fifo|           stream_out_422|       pointer|
|m_axis_video_TDATA             |  out|   24|        axis|    m_axis_video_V_data_V|       pointer|
|m_axis_video_TVALID            |  out|    1|        axis|    m_axis_video_V_dest_V|       pointer|
|m_axis_video_TREADY            |   in|    1|        axis|    m_axis_video_V_dest_V|       pointer|
|m_axis_video_TDEST             |  out|    1|        axis|    m_axis_video_V_dest_V|       pointer|
|m_axis_video_TKEEP             |  out|    3|        axis|    m_axis_video_V_keep_V|       pointer|
|m_axis_video_TSTRB             |  out|    3|        axis|    m_axis_video_V_strb_V|       pointer|
|m_axis_video_TUSER             |  out|    1|        axis|    m_axis_video_V_user_V|       pointer|
|m_axis_video_TLAST             |  out|    1|        axis|    m_axis_video_V_last_V|       pointer|
|m_axis_video_TID               |  out|    1|        axis|      m_axis_video_V_id_V|       pointer|
|Height                         |   in|   16|     ap_none|                   Height|       pointer|
|WidthOut                       |   in|   16|     ap_none|                 WidthOut|       pointer|
|ColorModeOut                   |   in|    8|     ap_none|             ColorModeOut|       pointer|
+-------------------------------+-----+-----+------------+-------------------------+--------------+

