

================================================================
== Vitis HLS Report for 'v_hcresampler_core_1'
================================================================
* Date:           Mon Aug 29 12:25:49 2022

* Version:        2022.1 (Build 3526262 on Mon Apr 18 15:47:01 MDT 2022)
* Project:        prj
* Solution:       sol (Vivado IP Flow Target)
* Product family: zynq
* Target device:  xc7z020-clg484-1


================================================================
== Performance Estimates
================================================================
+ Timing: 
    * Summary: 
    +--------+---------+----------+------------+
    |  Clock |  Target | Estimated| Uncertainty|
    +--------+---------+----------+------------+
    |ap_clk  |  5.62 ns|  3.907 ns|     1.52 ns|
    +--------+---------+----------+------------+

+ Latency: 
    * Summary: 
    +---------+------------+-----------+-----------+-----+------------+---------+
    |   Latency (cycles)   |   Latency (absolute)  |     Interval     | Pipeline|
    |   min   |     max    |    min    |    max    | min |     max    |   Type  |
    +---------+------------+-----------+-----------+-----+------------+---------+
    |        3|  1073971195|  16.875 ns|  6.041 sec|    3|  1073971195|       no|
    +---------+------------+-----------+-----------+-----+------------+---------+

    + Detail: 
        * Instance: 
        +------------------------------------------------------------+-------------------------------------------------+---------+---------+-----------+----------+-----+-------+---------+
        |                                                            |                                                 |  Latency (cycles) |  Latency (absolute)  |   Interval  | Pipeline|
        |                          Instance                          |                      Module                     |   min   |   max   |    min    |    max   | min |  max  |   Type  |
        +------------------------------------------------------------+-------------------------------------------------+---------+---------+-----------+----------+-----+-------+---------+
        |grp_v_hcresampler_core_1_Pipeline_VITIS_LOOP_1636_2_fu_166  |v_hcresampler_core_1_Pipeline_VITIS_LOOP_1636_2  |        6|    32772|  33.750 ns|  0.184 ms|    6|  32772|       no|
        +------------------------------------------------------------+-------------------------------------------------+---------+---------+-----------+----------+-----+-------+---------+

        * Loop: 
        +---------------------+---------+------------+-----------+-----------+-----------+-----------+----------+
        |                     |   Latency (cycles)   | Iteration |  Initiation Interval  |    Trip   |          |
        |      Loop Name      |   min   |     max    |  Latency  |  achieved |   target  |   Count   | Pipelined|
        +---------------------+---------+------------+-----------+-----------+-----------+-----------+----------+
        |- VITIS_LOOP_1634_1  |        0|  1073971192|  2 ~ 32776|          -|          -|  0 ~ 32767|        no|
        +---------------------+---------+------------+-----------+-----------+-----------+-----------+----------+



================================================================
== Utilization Estimates
================================================================
* Summary: 
+-----------------+---------+-----+--------+-------+-----+
|       Name      | BRAM_18K| DSP |   FF   |  LUT  | URAM|
+-----------------+---------+-----+--------+-------+-----+
|DSP              |        -|    -|       -|      -|    -|
|Expression       |        -|    -|       0|     78|    -|
|FIFO             |        -|    -|       -|      -|    -|
|Instance         |        -|    -|     394|    634|    -|
|Memory           |        -|    -|       -|      -|    -|
|Multiplexer      |        -|    -|       -|     87|    -|
|Register         |        -|    -|     298|      -|    -|
+-----------------+---------+-----+--------+-------+-----+
|Total            |        0|    0|     692|    799|    0|
+-----------------+---------+-----+--------+-------+-----+
|Available        |      280|  220|  106400|  53200|    0|
+-----------------+---------+-----+--------+-------+-----+
|Utilization (%)  |        0|    0|      ~0|      1|    0|
+-----------------+---------+-----+--------+-------+-----+

+ Detail: 
    * Instance: 
    +------------------------------------------------------------+-------------------------------------------------+---------+----+-----+-----+-----+
    |                          Instance                          |                      Module                     | BRAM_18K| DSP|  FF | LUT | URAM|
    +------------------------------------------------------------+-------------------------------------------------+---------+----+-----+-----+-----+
    |grp_v_hcresampler_core_1_Pipeline_VITIS_LOOP_1636_2_fu_166  |v_hcresampler_core_1_Pipeline_VITIS_LOOP_1636_2  |        0|   0|  394|  634|    0|
    +------------------------------------------------------------+-------------------------------------------------+---------+----+-----+-----+-----+
    |Total                                                       |                                                 |        0|   0|  394|  634|    0|
    +------------------------------------------------------------+-------------------------------------------------+---------+----+-----+-----+-----+

    * DSP: 
    N/A

    * Memory: 
    N/A

    * FIFO: 
    N/A

    * Expression: 
    +---------------------------+----------+----+---+----+------------+------------+
    |       Variable Name       | Operation| DSP| FF| LUT| Bitwidth P0| Bitwidth P1|
    +---------------------------+----------+----+---+----+------------+------------+
    |loopWidth_fu_215_p2        |         +|   0|  0|  23|          16|          16|
    |y_2_fu_254_p2              |         +|   0|  0|  20|          15|           1|
    |cmp361000_fu_237_p2        |      icmp|   0|  0|  13|          16|           1|
    |icmp_ln1634_fu_249_p2      |      icmp|   0|  0|  13|          16|          16|
    |ap_block_state1            |        or|   0|  0|   2|           1|           1|
    |select_ln1632_1_fu_208_p3  |    select|   0|  0|   2|           1|           1|
    |select_ln1632_fu_225_p3    |    select|   0|  0|   3|           1|           1|
    |not_read16_fu_232_p2       |       xor|   0|  0|   2|           1|           2|
    +---------------------------+----------+----+---+----+------------+------------+
    |Total                      |          |   0|  0|  78|          67|          39|
    +---------------------------+----------+----+---+----+------------+------------+

    * Multiplexer: 
    +----------------------+----+-----------+-----+-----------+
    |         Name         | LUT| Input Size| Bits| Total Bits|
    +----------------------+----+-----------+-----+-----------+
    |ap_NS_fsm             |  42|          8|    1|          8|
    |ap_done               |   9|          2|    1|          2|
    |real_start            |   9|          2|    1|          2|
    |stream_out_422_write  |   9|          2|    1|          2|
    |stream_scaled_read    |   9|          2|    1|          2|
    |y_fu_60               |   9|          2|   15|         30|
    +----------------------+----+-----------+-----+-----------+
    |Total                 |  87|         18|   20|         46|
    +----------------------+----+-----------+-----+-----------+

    * Register: 
    +-------------------------------------------------------------------------+----+----+-----+-----------+
    |                                   Name                                  | FF | LUT| Bits| Const Bits|
    +-------------------------------------------------------------------------+----+----+-----+-----------+
    |ap_CS_fsm                                                                |   7|   0|    7|          0|
    |ap_done_reg                                                              |   1|   0|    1|          0|
    |cmp361000_reg_498                                                        |   1|   0|    1|          0|
    |filt_res1_fu_64                                                          |  64|   0|   64|          0|
    |grp_v_hcresampler_core_1_Pipeline_VITIS_LOOP_1636_2_fu_166_ap_start_reg  |   1|   0|    1|          0|
    |loopWidth_reg_473                                                        |  16|   0|   16|          0|
    |not_read16_reg_493                                                       |   1|   0|    1|          0|
    |p_0_0_0_0_0511_21058_lcssa1084_fu_108                                    |   8|   0|    8|          0|
    |p_0_0_0_0_05191009_lcssa1031_fu_68                                       |   8|   0|    8|          0|
    |p_0_0_0_0_05191015_lcssa1040_fu_80                                       |   8|   0|    8|          0|
    |p_0_0_0_0_0_21061_lcssa1087_fu_112                                       |   8|   0|    8|          0|
    |p_0_1_0_0_01011_lcssa1034_fu_72                                          |   8|   0|    8|          0|
    |p_0_1_0_0_01017_lcssa1043_fu_84                                          |   8|   0|    8|          0|
    |p_0_1_0_0_01021_lcssa1046_fu_88                                          |   8|   0|    8|          0|
    |p_0_2_0_0_01013_lcssa1037_fu_76                                          |   8|   0|    8|          0|
    |p_lcssa10541072_fu_96                                                    |   8|   0|    8|          0|
    |p_lcssa10561078_fu_100                                                   |   8|   0|    8|          0|
    |p_lcssa10571081_fu_104                                                   |   8|   0|    8|          0|
    |p_lcssa1066_fu_92                                                        |   8|   0|    8|          0|
    |pixbuf_y_val_V_1_fu_120                                                  |   8|   0|    8|          0|
    |pixbuf_y_val_V_2_fu_124                                                  |   8|   0|    8|          0|
    |pixbuf_y_val_V_2_load_reg_510                                            |   8|   0|    8|          0|
    |pixbuf_y_val_V_3_fu_128                                                  |   8|   0|    8|          0|
    |pixbuf_y_val_V_3_load_reg_515                                            |   8|   0|    8|          0|
    |pixbuf_y_val_V_4_fu_132                                                  |   8|   0|    8|          0|
    |pixbuf_y_val_V_4_load_reg_520                                            |   8|   0|    8|          0|
    |pixbuf_y_val_V_fu_116                                                    |   8|   0|    8|          0|
    |select_ln1632_reg_488                                                    |   1|   0|    2|          1|
    |start_once_reg                                                           |   1|   0|    1|          0|
    |trunc_ln1597_reg_478                                                     |  15|   0|   15|          0|
    |y_2_reg_505                                                              |  15|   0|   15|          0|
    |y_fu_60                                                                  |  15|   0|   15|          0|
    +-------------------------------------------------------------------------+----+----+-----+-----------+
    |Total                                                                    | 298|   0|  299|          1|
    +-------------------------------------------------------------------------+----+----+-----+-----------+



================================================================
== Interface
================================================================
* Summary: 
+-------------------------------+-----+-----+------------+----------------------+--------------+
|           RTL Ports           | Dir | Bits|  Protocol  |     Source Object    |    C Type    |
+-------------------------------+-----+-----+------------+----------------------+--------------+
|ap_clk                         |   in|    1|  ap_ctrl_hs|  v_hcresampler_core.1|  return value|
|ap_rst                         |   in|    1|  ap_ctrl_hs|  v_hcresampler_core.1|  return value|
|ap_start                       |   in|    1|  ap_ctrl_hs|  v_hcresampler_core.1|  return value|
|start_full_n                   |   in|    1|  ap_ctrl_hs|  v_hcresampler_core.1|  return value|
|ap_done                        |  out|    1|  ap_ctrl_hs|  v_hcresampler_core.1|  return value|
|ap_continue                    |   in|    1|  ap_ctrl_hs|  v_hcresampler_core.1|  return value|
|ap_idle                        |  out|    1|  ap_ctrl_hs|  v_hcresampler_core.1|  return value|
|ap_ready                       |  out|    1|  ap_ctrl_hs|  v_hcresampler_core.1|  return value|
|start_out                      |  out|    1|  ap_ctrl_hs|  v_hcresampler_core.1|  return value|
|start_write                    |  out|    1|  ap_ctrl_hs|  v_hcresampler_core.1|  return value|
|stream_scaled_dout             |   in|   24|     ap_fifo|         stream_scaled|       pointer|
|stream_scaled_num_data_valid   |   in|    5|     ap_fifo|         stream_scaled|       pointer|
|stream_scaled_fifo_cap         |   in|    5|     ap_fifo|         stream_scaled|       pointer|
|stream_scaled_empty_n          |   in|    1|     ap_fifo|         stream_scaled|       pointer|
|stream_scaled_read             |  out|    1|     ap_fifo|         stream_scaled|       pointer|
|Height                         |   in|   16|     ap_none|                Height|       pointer|
|WidthOut                       |   in|   16|     ap_none|              WidthOut|       pointer|
|p_read                         |   in|    1|     ap_none|                p_read|        scalar|
|stream_out_422_din             |  out|   24|     ap_fifo|        stream_out_422|       pointer|
|stream_out_422_num_data_valid  |   in|    5|     ap_fifo|        stream_out_422|       pointer|
|stream_out_422_fifo_cap        |   in|    5|     ap_fifo|        stream_out_422|       pointer|
|stream_out_422_full_n          |   in|    1|     ap_fifo|        stream_out_422|       pointer|
|stream_out_422_write           |  out|    1|     ap_fifo|        stream_out_422|       pointer|
+-------------------------------+-----+-----+------------+----------------------+--------------+

