

================================================================
== Vitis HLS Report for 'AXIvideo2MultiPixStream'
================================================================
* Date:           Mon Aug 29 12:25:30 2022

* Version:        2022.1 (Build 3526262 on Mon Apr 18 15:47:01 MDT 2022)
* Project:        prj
* Solution:       sol (Vivado IP Flow Target)
* Product family: zynq
* Target device:  xc7z020-clg484-1


================================================================
== Performance Estimates
================================================================
+ Timing: 
    * Summary: 
    +--------+---------+----------+------------+
    |  Clock |  Target | Estimated| Uncertainty|
    +--------+---------+----------+------------+
    |ap_clk  |  5.62 ns|  5.132 ns|     1.52 ns|
    +--------+---------+----------+------------+

+ Latency: 
    * Summary: 
    +---------+---------+-----------+-----------+-----+---------+---------+
    |  Latency (cycles) |   Latency (absolute)  |    Interval   | Pipeline|
    |   min   |   max   |    min    |    max    | min |   max   |   Type  |
    +---------+---------+-----------+-----------+-----+---------+---------+
    |        7|  2085487|  39.375 ns|  11.731 ms|    7|  2085487|       no|
    +---------+---------+-----------+-----------+-----+---------+---------+

    + Detail: 
        * Instance: 
        +-----------------------------------------------------------------+------------------------------------------------------+---------+---------+-----------+-----------+-----+------+---------+
        |                                                                 |                                                      |  Latency (cycles) |   Latency (absolute)  |  Interval  | Pipeline|
        |                             Instance                            |                        Module                        |   min   |   max   |    min    |    max    | min |  max |   Type  |
        +-----------------------------------------------------------------+------------------------------------------------------+---------+---------+-----------+-----------+-----+------+---------+
        |grp_AXIvideo2MultiPixStream_Pipeline_loop_wait_for_start_fu_165  |AXIvideo2MultiPixStream_Pipeline_loop_wait_for_start  |        2|        2|  11.250 ns|  11.250 ns|    2|     2|       no|
        |grp_AXIvideo2MultiPixStream_Pipeline_loop_width_fu_185           |AXIvideo2MultiPixStream_Pipeline_loop_width           |        3|     1922|  16.875 ns|  10.811 us|    3|  1922|       no|
        |grp_AXIvideo2MultiPixStream_Pipeline_loop_wait_for_eol_fu_213    |AXIvideo2MultiPixStream_Pipeline_loop_wait_for_eol    |        2|        2|  11.250 ns|  11.250 ns|    2|     2|       no|
        |grp_reg_unsigned_short_s_fu_257                                  |reg_unsigned_short_s                                  |        1|        1|   5.625 ns|   5.625 ns|    1|     1|      yes|
        |grp_reg_unsigned_short_s_fu_262                                  |reg_unsigned_short_s                                  |        1|        1|   5.625 ns|   5.625 ns|    1|     1|      yes|
        +-----------------------------------------------------------------+------------------------------------------------------+---------+---------+-----------+-----------+-----+------+---------+

        * Loop: 
        +---------------+---------+---------+----------+-----------+-----------+----------+----------+
        |               |  Latency (cycles) | Iteration|  Initiation Interval  |   Trip   |          |
        |   Loop Name   |   min   |   max   |  Latency |  achieved |   target  |   Count  | Pipelined|
        +---------------+---------+---------+----------+-----------+-----------+----------+----------+
        |- loop_height  |        1|  2085481|  8 ~ 1931|          -|          -|  0 ~ 1080|        no|
        +---------------+---------+---------+----------+-----------+-----------+----------+----------+



================================================================
== Utilization Estimates
================================================================
* Summary: 
+-----------------+---------+-----+--------+-------+-----+
|       Name      | BRAM_18K| DSP |   FF   |  LUT  | URAM|
+-----------------+---------+-----+--------+-------+-----+
|DSP              |        -|    -|       -|      -|    -|
|Expression       |        -|    -|       0|     49|    -|
|FIFO             |        -|    -|       -|      -|    -|
|Instance         |        -|    -|      48|    255|    -|
|Memory           |        -|    -|       -|      -|    -|
|Multiplexer      |        -|    -|       -|    166|    -|
|Register         |        -|    -|     115|      -|    -|
+-----------------+---------+-----+--------+-------+-----+
|Total            |        0|    0|     163|    470|    0|
+-----------------+---------+-----+--------+-------+-----+
|Available        |      280|  220|  106400|  53200|    0|
+-----------------+---------+-----+--------+-------+-----+
|Utilization (%)  |        0|    0|      ~0|     ~0|    0|
+-----------------+---------+-----+--------+-------+-----+

+ Detail: 
    * Instance: 
    +-----------------------------------------------------------------+------------------------------------------------------+---------+----+----+-----+-----+
    |                             Instance                            |                        Module                        | BRAM_18K| DSP| FF | LUT | URAM|
    +-----------------------------------------------------------------+------------------------------------------------------+---------+----+----+-----+-----+
    |grp_AXIvideo2MultiPixStream_Pipeline_loop_wait_for_eol_fu_213    |AXIvideo2MultiPixStream_Pipeline_loop_wait_for_eol    |        0|   0|   4|   52|    0|
    |grp_AXIvideo2MultiPixStream_Pipeline_loop_wait_for_start_fu_165  |AXIvideo2MultiPixStream_Pipeline_loop_wait_for_start  |        0|   0|   3|   34|    0|
    |grp_AXIvideo2MultiPixStream_Pipeline_loop_width_fu_185           |AXIvideo2MultiPixStream_Pipeline_loop_width           |        0|   0|  41|  169|    0|
    |grp_reg_unsigned_short_s_fu_257                                  |reg_unsigned_short_s                                  |        0|   0|   0|    0|    0|
    |grp_reg_unsigned_short_s_fu_262                                  |reg_unsigned_short_s                                  |        0|   0|   0|    0|    0|
    +-----------------------------------------------------------------+------------------------------------------------------+---------+----+----+-----+-----+
    |Total                                                            |                                                      |        0|   0|  48|  255|    0|
    +-----------------------------------------------------------------+------------------------------------------------------+---------+----+----+-----+-----+

    * DSP: 
    N/A

    * Memory: 
    N/A

    * FIFO: 
    N/A

    * Expression: 
    +-------------------------------------------------------------+----------+----+---+----+------------+------------+
    |                        Variable Name                        | Operation| DSP| FF| LUT| Bitwidth P0| Bitwidth P1|
    +-------------------------------------------------------------+----------+----+---+----+------------+------------+
    |i_4_fu_290_p2                                                |         +|   0|  0|  12|          11|           1|
    |cmp8460_fu_270_p2                                            |      icmp|   0|  0|  11|          11|           1|
    |grp_AXIvideo2MultiPixStream_Pipeline_loop_width_fu_185_cond  |      icmp|   0|  0|  13|          16|           1|
    |icmp_ln265_fu_285_p2                                         |      icmp|   0|  0|  11|          11|          11|
    |ap_block_state1                                              |        or|   0|  0|   2|           1|           1|
    +-------------------------------------------------------------+----------+----+---+----+------------+------------+
    |Total                                                        |          |   0|  0|  49|          50|          15|
    +-------------------------------------------------------------+----------+----+---+----+------------+------------+

    * Multiplexer: 
    +----------------------------------+----+-----------+-----+-----------+
    |               Name               | LUT| Input Size| Bits| Total Bits|
    +----------------------------------+----+-----------+-----+-----------+
    |ap_NS_fsm                         |  65|         12|    1|         12|
    |ap_done                           |   9|          2|    1|          2|
    |axi_data_2_lcssa_reg_132          |   9|          2|   24|         48|
    |axi_data_V_14_fu_80               |   9|          2|   24|         48|
    |axi_last_2_lcssa_reg_142          |   9|          2|    1|          2|
    |axi_last_V_2_reg_122              |   9|          2|    1|          2|
    |eol_0_lcssa_reg_153               |   9|          2|    1|          2|
    |i_fu_76                           |   9|          2|   11|         22|
    |real_start                        |   9|          2|    1|          2|
    |s_axis_video_TREADY_int_regslice  |  20|          4|    1|          4|
    |srcYUV_write                      |   9|          2|    1|          2|
    +----------------------------------+----+-----------+-----+-----------+
    |Total                             | 166|         34|   67|        146|
    +----------------------------------+----+-----------+-----+-----------+

    * Register: 
    +------------------------------------------------------------------------------+----+----+-----+-----------+
    |                                     Name                                     | FF | LUT| Bits| Const Bits|
    +------------------------------------------------------------------------------+----+----+-----+-----------+
    |ap_CS_fsm                                                                     |  11|   0|   11|          0|
    |ap_done_reg                                                                   |   1|   0|    1|          0|
    |axi_data_2_lcssa_reg_132                                                      |  24|   0|   24|          0|
    |axi_data_V_14_fu_80                                                           |  24|   0|   24|          0|
    |axi_last_2_lcssa_reg_142                                                      |   1|   0|    1|          0|
    |axi_last_V_2_reg_122                                                          |   1|   0|    1|          0|
    |axi_last_V_4_loc_fu_88                                                        |   1|   0|    1|          0|
    |cmp8460_reg_390                                                               |   1|   0|    1|          0|
    |cols_reg_382                                                                  |  11|   0|   11|          0|
    |eol_0_lcssa_reg_153                                                           |   1|   0|    1|          0|
    |grp_AXIvideo2MultiPixStream_Pipeline_loop_wait_for_eol_fu_213_ap_start_reg    |   1|   0|    1|          0|
    |grp_AXIvideo2MultiPixStream_Pipeline_loop_wait_for_start_fu_165_ap_start_reg  |   1|   0|    1|          0|
    |grp_AXIvideo2MultiPixStream_Pipeline_loop_width_fu_185_ap_start_reg           |   1|   0|    1|          0|
    |i_4_reg_403                                                                   |  11|   0|   11|          0|
    |i_fu_76                                                                       |  11|   0|   11|          0|
    |icmp_ln265_reg_399                                                            |   1|   0|    1|          0|
    |rows_reg_377                                                                  |  11|   0|   11|          0|
    |sof_fu_84                                                                     |   1|   0|    1|          0|
    |start_once_reg                                                                |   1|   0|    1|          0|
    +------------------------------------------------------------------------------+----+----+-----+-----------+
    |Total                                                                         | 115|   0|  115|          0|
    +------------------------------------------------------------------------------+----+----+-----+-----------+



================================================================
== Interface
================================================================
* Summary: 
+-----------------------+-----+-----+------------+-------------------------+--------------+
|       RTL Ports       | Dir | Bits|  Protocol  |      Source Object      |    C Type    |
+-----------------------+-----+-----+------------+-------------------------+--------------+
|ap_clk                 |   in|    1|  ap_ctrl_hs|  AXIvideo2MultiPixStream|  return value|
|ap_rst                 |   in|    1|  ap_ctrl_hs|  AXIvideo2MultiPixStream|  return value|
|ap_start               |   in|    1|  ap_ctrl_hs|  AXIvideo2MultiPixStream|  return value|
|start_full_n           |   in|    1|  ap_ctrl_hs|  AXIvideo2MultiPixStream|  return value|
|ap_done                |  out|    1|  ap_ctrl_hs|  AXIvideo2MultiPixStream|  return value|
|ap_continue            |   in|    1|  ap_ctrl_hs|  AXIvideo2MultiPixStream|  return value|
|ap_idle                |  out|    1|  ap_ctrl_hs|  AXIvideo2MultiPixStream|  return value|
|ap_ready               |  out|    1|  ap_ctrl_hs|  AXIvideo2MultiPixStream|  return value|
|start_out              |  out|    1|  ap_ctrl_hs|  AXIvideo2MultiPixStream|  return value|
|start_write            |  out|    1|  ap_ctrl_hs|  AXIvideo2MultiPixStream|  return value|
|s_axis_video_TDATA     |   in|   24|        axis|    s_axis_video_V_data_V|       pointer|
|s_axis_video_TVALID    |   in|    1|        axis|    s_axis_video_V_dest_V|       pointer|
|s_axis_video_TREADY    |  out|    1|        axis|    s_axis_video_V_dest_V|       pointer|
|s_axis_video_TDEST     |   in|    1|        axis|    s_axis_video_V_dest_V|       pointer|
|s_axis_video_TKEEP     |   in|    3|        axis|    s_axis_video_V_keep_V|       pointer|
|s_axis_video_TSTRB     |   in|    3|        axis|    s_axis_video_V_strb_V|       pointer|
|s_axis_video_TUSER     |   in|    1|        axis|    s_axis_video_V_user_V|       pointer|
|s_axis_video_TLAST     |   in|    1|        axis|    s_axis_video_V_last_V|       pointer|
|s_axis_video_TID       |   in|    1|        axis|      s_axis_video_V_id_V|       pointer|
|srcYUV_din             |  out|   24|     ap_fifo|                   srcYUV|       pointer|
|srcYUV_num_data_valid  |   in|    5|     ap_fifo|                   srcYUV|       pointer|
|srcYUV_fifo_cap        |   in|    5|     ap_fifo|                   srcYUV|       pointer|
|srcYUV_full_n          |   in|    1|     ap_fifo|                   srcYUV|       pointer|
|srcYUV_write           |  out|    1|     ap_fifo|                   srcYUV|       pointer|
|height                 |   in|   16|     ap_none|                   height|       pointer|
|width                  |   in|   16|     ap_none|                    width|       pointer|
|video_format           |   in|   16|     ap_none|             video_format|       pointer|
+-----------------------+-----+-----+------------+-------------------------+--------------+

============================================================
+ Verbose Summary: Synthesis Manager
============================================================
InlineROM: 1
ExposeGlobal: 0
============================================================
+ Verbose Summary: CDFG Model
============================================================
IsTopModel: 0
ResetActiveHigh: 1
IsCombinational: 2
IsDatapathOnly: 0
HasWiredReturn: 1
HasMFsm: 0
HasVarLatency: 1
IsPipeline: 0
IsRtlPipelined: 0
IsInstanceOverlapped: 0
IsDontTouch: 0
HasImplIP: 0
IsGatedGlobalClock: 0


============================================================
+ Verbose Summary: Schedule
============================================================
* Number of FSM states : 11
* Pipeline : 0
* Dataflow Pipeline: 0

* FSM state transitions: 
1 --> 2 
2 --> 3 
3 --> 4 
4 --> 5 
5 --> 6 
6 --> 7 8 
7 --> 8 
8 --> 9 
9 --> 10 
10 --> 11 
11 --> 5 

* FSM state operations: 

State 1 <SV = 0> <Delay = 1.58>
ST_1 : Operation 12 [1/1] (0.00ns)   --->   "%i = alloca i32 1"   --->   Operation 12 'alloca' 'i' <Predicate = true> <Delay = 0.00>
ST_1 : Operation 13 [1/1] (0.00ns)   --->   "%axi_data_V_14 = alloca i32 1"   --->   Operation 13 'alloca' 'axi_data_V_14' <Predicate = true> <Delay = 0.00>
ST_1 : Operation 14 [1/1] (0.00ns)   --->   "%sof = alloca i32 1"   --->   Operation 14 'alloca' 'sof' <Predicate = true> <Delay = 0.00>
ST_1 : Operation 15 [1/1] (0.00ns)   --->   "%axi_last_V_4_loc = alloca i64 1"   --->   Operation 15 'alloca' 'axi_last_V_4_loc' <Predicate = true> <Delay = 0.00>
ST_1 : Operation 16 [1/1] (0.00ns)   --->   "%axi_data_V_15_loc = alloca i64 1"   --->   Operation 16 'alloca' 'axi_data_V_15_loc' <Predicate = true> <Delay = 0.00>
ST_1 : Operation 17 [1/1] (0.00ns)   --->   "%eol_loc = alloca i64 1"   --->   Operation 17 'alloca' 'eol_loc' <Predicate = true> <Delay = 0.00>
ST_1 : Operation 18 [1/1] (0.00ns)   --->   "%axi_last_V_loc = alloca i64 1"   --->   Operation 18 'alloca' 'axi_last_V_loc' <Predicate = true> <Delay = 0.00>
ST_1 : Operation 19 [1/1] (0.00ns)   --->   "%height_read = read i16 @_ssdm_op_Read.ap_auto.i16P0A, i16 %height" [/home/benchmarker/FPGAProject/SOBEL_HDMI_1024/SOBEL_HDMI_1024.runs/bd_3a92_ltr_0_synth_1/prj/sol/.autopilot/db/v_letterbox.cpp:247]   --->   Operation 19 'read' 'height_read' <Predicate = true> <Delay = 0.00>
ST_1 : Operation 20 [1/1] (0.00ns)   --->   "%trunc_ln247 = trunc i16 %height_read" [/home/benchmarker/FPGAProject/SOBEL_HDMI_1024/SOBEL_HDMI_1024.runs/bd_3a92_ltr_0_synth_1/prj/sol/.autopilot/db/v_letterbox.cpp:247]   --->   Operation 20 'trunc' 'trunc_ln247' <Predicate = true> <Delay = 0.00>
ST_1 : Operation 21 [1/1] (0.00ns)   --->   "%width_read = read i16 @_ssdm_op_Read.ap_auto.i16P0A, i16 %width" [/home/benchmarker/FPGAProject/SOBEL_HDMI_1024/SOBEL_HDMI_1024.runs/bd_3a92_ltr_0_synth_1/prj/sol/.autopilot/db/v_letterbox.cpp:248]   --->   Operation 21 'read' 'width_read' <Predicate = true> <Delay = 0.00>
ST_1 : Operation 22 [1/1] (0.00ns)   --->   "%trunc_ln248 = trunc i16 %width_read" [/home/benchmarker/FPGAProject/SOBEL_HDMI_1024/SOBEL_HDMI_1024.runs/bd_3a92_ltr_0_synth_1/prj/sol/.autopilot/db/v_letterbox.cpp:248]   --->   Operation 22 'trunc' 'trunc_ln248' <Predicate = true> <Delay = 0.00>
ST_1 : Operation 23 [1/1] (1.58ns)   --->   "%store_ln265 = store i1 1, i1 %sof" [/home/benchmarker/FPGAProject/SOBEL_HDMI_1024/SOBEL_HDMI_1024.runs/bd_3a92_ltr_0_synth_1/prj/sol/.autopilot/db/v_letterbox.cpp:265]   --->   Operation 23 'store' 'store_ln265' <Predicate = true> <Delay = 1.58>
ST_1 : Operation 24 [1/1] (1.58ns)   --->   "%store_ln265 = store i11 0, i11 %i" [/home/benchmarker/FPGAProject/SOBEL_HDMI_1024/SOBEL_HDMI_1024.runs/bd_3a92_ltr_0_synth_1/prj/sol/.autopilot/db/v_letterbox.cpp:265]   --->   Operation 24 'store' 'store_ln265' <Predicate = true> <Delay = 1.58>

State 2 <SV = 1> <Delay = 1.58>
ST_2 : Operation 25 [1/1] (0.00ns)   --->   "%empty = wait i32 @_ssdm_op_Wait"   --->   Operation 25 'wait' 'empty' <Predicate = true> <Delay = 0.00>
ST_2 : Operation 26 [2/2] (1.58ns)   --->   "%call_ln0 = call void @AXIvideo2MultiPixStream_Pipeline_loop_wait_for_start, i24 %s_axis_video_V_data_V, i3 %s_axis_video_V_keep_V, i3 %s_axis_video_V_strb_V, i1 %s_axis_video_V_user_V, i1 %s_axis_video_V_last_V, i1 %s_axis_video_V_id_V, i1 %s_axis_video_V_dest_V, i24 %axi_data_V_14, i1 %axi_last_V_loc"   --->   Operation 26 'call' 'call_ln0' <Predicate = true> <Delay = 1.58> <CoreType = "Generic">   --->   Core 0 '' <Latency = 0> <II = 1> <Delay = 1.00> <Generic> <Opcode : >

State 3 <SV = 2> <Delay = 0.00>
ST_3 : Operation 27 [2/2] (0.00ns)   --->   "%rows = call i11 @reg<unsigned short>, i11 %trunc_ln247" [/home/benchmarker/FPGAProject/SOBEL_HDMI_1024/SOBEL_HDMI_1024.runs/bd_3a92_ltr_0_synth_1/prj/sol/.autopilot/db/v_letterbox.cpp:247]   --->   Operation 27 'call' 'rows' <Predicate = true> <Delay = 0.00> <CoreType = "Generic">   --->   Core 0 '' <Latency = 0> <II = 1> <Delay = 1.00> <Generic> <Opcode : >
ST_3 : Operation 28 [2/2] (0.00ns)   --->   "%cols = call i11 @reg<unsigned short>, i11 %trunc_ln248" [/home/benchmarker/FPGAProject/SOBEL_HDMI_1024/SOBEL_HDMI_1024.runs/bd_3a92_ltr_0_synth_1/prj/sol/.autopilot/db/v_letterbox.cpp:248]   --->   Operation 28 'call' 'cols' <Predicate = true> <Delay = 0.00> <CoreType = "Generic">   --->   Core 0 '' <Latency = 0> <II = 1> <Delay = 1.00> <Generic> <Opcode : >
ST_3 : Operation 29 [1/2] (0.00ns)   --->   "%call_ln0 = call void @AXIvideo2MultiPixStream_Pipeline_loop_wait_for_start, i24 %s_axis_video_V_data_V, i3 %s_axis_video_V_keep_V, i3 %s_axis_video_V_strb_V, i1 %s_axis_video_V_user_V, i1 %s_axis_video_V_last_V, i1 %s_axis_video_V_id_V, i1 %s_axis_video_V_dest_V, i24 %axi_data_V_14, i1 %axi_last_V_loc"   --->   Operation 29 'call' 'call_ln0' <Predicate = true> <Delay = 0.00> <CoreType = "Generic">   --->   Core 0 '' <Latency = 0> <II = 1> <Delay = 1.00> <Generic> <Opcode : >

State 4 <SV = 3> <Delay = 2.42>
ST_4 : Operation 30 [1/1] (0.00ns)   --->   "%specstablecontent_ln0 = specstablecontent void @_ssdm_op_SpecStableContent, i16 %video_format, void "   --->   Operation 30 'specstablecontent' 'specstablecontent_ln0' <Predicate = true> <Delay = 0.00>
ST_4 : Operation 31 [1/1] (0.00ns)   --->   "%specstablecontent_ln0 = specstablecontent void @_ssdm_op_SpecStableContent, i16 %height, void "   --->   Operation 31 'specstablecontent' 'specstablecontent_ln0' <Predicate = true> <Delay = 0.00>
ST_4 : Operation 32 [1/1] (0.00ns)   --->   "%specstablecontent_ln0 = specstablecontent void @_ssdm_op_SpecStableContent, i16 %width, void "   --->   Operation 32 'specstablecontent' 'specstablecontent_ln0' <Predicate = true> <Delay = 0.00>
ST_4 : Operation 33 [1/1] (0.00ns)   --->   "%specinterface_ln0 = specinterface void @_ssdm_op_SpecInterface, i24 %srcYUV, void @empty_14, i32 0, i32 0, void @empty_2, i32 0, i32 0, void @empty_2, void @empty_2, void @empty_2, i32 0, i32 0, i32 0, i32 0, void @empty_2, void @empty_2, i32 4294967295, i32 0"   --->   Operation 33 'specinterface' 'specinterface_ln0' <Predicate = true> <Delay = 0.00>
ST_4 : Operation 34 [1/1] (0.00ns)   --->   "%specinterface_ln0 = specinterface void @_ssdm_op_SpecInterface, i1 %s_axis_video_V_dest_V, i1 %s_axis_video_V_id_V, i1 %s_axis_video_V_last_V, i1 %s_axis_video_V_user_V, i3 %s_axis_video_V_strb_V, i3 %s_axis_video_V_keep_V, i24 %s_axis_video_V_data_V, void @empty_4, i32 1, i32 1, void @empty_3, i32 0, i32 0, void @empty_2, void @empty_2, void @empty_2, i32 0, i32 0, i32 0, i32 0, void @empty_2, void @empty_2, i32 4294967295, i32 0"   --->   Operation 34 'specinterface' 'specinterface_ln0' <Predicate = true> <Delay = 0.00>
ST_4 : Operation 35 [1/2] (0.00ns)   --->   "%rows = call i11 @reg<unsigned short>, i11 %trunc_ln247" [/home/benchmarker/FPGAProject/SOBEL_HDMI_1024/SOBEL_HDMI_1024.runs/bd_3a92_ltr_0_synth_1/prj/sol/.autopilot/db/v_letterbox.cpp:247]   --->   Operation 35 'call' 'rows' <Predicate = true> <Delay = 0.00> <CoreType = "Generic">   --->   Core 0 '' <Latency = 0> <II = 1> <Delay = 1.00> <Generic> <Opcode : >
ST_4 : Operation 36 [1/2] (0.00ns)   --->   "%cols = call i11 @reg<unsigned short>, i11 %trunc_ln248" [/home/benchmarker/FPGAProject/SOBEL_HDMI_1024/SOBEL_HDMI_1024.runs/bd_3a92_ltr_0_synth_1/prj/sol/.autopilot/db/v_letterbox.cpp:248]   --->   Operation 36 'call' 'cols' <Predicate = true> <Delay = 0.00> <CoreType = "Generic">   --->   Core 0 '' <Latency = 0> <II = 1> <Delay = 1.00> <Generic> <Opcode : >
ST_4 : Operation 37 [1/1] (0.00ns)   --->   "%axi_last_V_loc_load = load i1 %axi_last_V_loc"   --->   Operation 37 'load' 'axi_last_V_loc_load' <Predicate = true> <Delay = 0.00>
ST_4 : Operation 38 [1/1] (0.00ns)   --->   "%empty_55 = wait i32 @_ssdm_op_Wait"   --->   Operation 38 'wait' 'empty_55' <Predicate = true> <Delay = 0.00>
ST_4 : Operation 39 [1/1] (0.00ns)   --->   "%video_format_read = read i16 @_ssdm_op_Read.ap_auto.i16P0A, i16 %video_format"   --->   Operation 39 'read' 'video_format_read' <Predicate = true> <Delay = 0.00>
ST_4 : Operation 40 [1/1] (1.88ns)   --->   "%cmp8460 = icmp_eq  i11 %cols, i11 0" [/home/benchmarker/FPGAProject/SOBEL_HDMI_1024/SOBEL_HDMI_1024.runs/bd_3a92_ltr_0_synth_1/prj/sol/.autopilot/db/v_letterbox.cpp:248]   --->   Operation 40 'icmp' 'cmp8460' <Predicate = true> <Delay = 1.88> <CoreInst = "Cmp">   --->   Core 9 'Cmp' <Latency = 0> <II = 1> <Delay = 1.88> <FuncUnit> <Opcode : 'icmp'> <InPorts = 2> <OutPorts = 1>
ST_4 : Operation 41 [1/1] (2.42ns)   --->   "%cond = icmp_eq  i16 %video_format_read, i16 0"   --->   Operation 41 'icmp' 'cond' <Predicate = true> <Delay = 2.42> <CoreInst = "Cmp">   --->   Core 9 'Cmp' <Latency = 0> <II = 1> <Delay = 2.42> <FuncUnit> <Opcode : 'icmp'> <InPorts = 2> <OutPorts = 1>
ST_4 : Operation 42 [1/1] (1.58ns)   --->   "%br_ln265 = br void %loop_width" [/home/benchmarker/FPGAProject/SOBEL_HDMI_1024/SOBEL_HDMI_1024.runs/bd_3a92_ltr_0_synth_1/prj/sol/.autopilot/db/v_letterbox.cpp:265]   --->   Operation 42 'br' 'br_ln265' <Predicate = true> <Delay = 1.58>

State 5 <SV = 4> <Delay = 1.88>
ST_5 : Operation 43 [1/1] (0.00ns)   --->   "%i_3 = load i11 %i" [/home/benchmarker/FPGAProject/SOBEL_HDMI_1024/SOBEL_HDMI_1024.runs/bd_3a92_ltr_0_synth_1/prj/sol/.autopilot/db/v_letterbox.cpp:265]   --->   Operation 43 'load' 'i_3' <Predicate = true> <Delay = 0.00>
ST_5 : Operation 44 [1/1] (1.88ns)   --->   "%icmp_ln265 = icmp_eq  i11 %i_3, i11 %rows" [/home/benchmarker/FPGAProject/SOBEL_HDMI_1024/SOBEL_HDMI_1024.runs/bd_3a92_ltr_0_synth_1/prj/sol/.autopilot/db/v_letterbox.cpp:265]   --->   Operation 44 'icmp' 'icmp_ln265' <Predicate = true> <Delay = 1.88> <CoreInst = "Cmp">   --->   Core 9 'Cmp' <Latency = 0> <II = 1> <Delay = 1.88> <FuncUnit> <Opcode : 'icmp'> <InPorts = 2> <OutPorts = 1>
ST_5 : Operation 45 [1/1] (1.63ns)   --->   "%i_4 = add i11 %i_3, i11 1" [/home/benchmarker/FPGAProject/SOBEL_HDMI_1024/SOBEL_HDMI_1024.runs/bd_3a92_ltr_0_synth_1/prj/sol/.autopilot/db/v_letterbox.cpp:265]   --->   Operation 45 'add' 'i_4' <Predicate = true> <Delay = 1.63> <CoreInst = "Adder">   --->   Core 1 'Adder' <Latency = 0> <II = 1> <Delay = 1.63> <FuncUnit> <Opcode : 'add' 'sub'> <InPorts = 2> <OutPorts = 1>

State 6 <SV = 5> <Delay = 4.15>
ST_6 : Operation 46 [1/1] (0.00ns)   --->   "%axi_last_V_2 = phi i1 %axi_last_V_loc_load, void %entry, i1 %axi_last_V_4_loc_load, void %loop_wait_for_eol"   --->   Operation 46 'phi' 'axi_last_V_2' <Predicate = true> <Delay = 0.00>
ST_6 : Operation 47 [1/1] (0.00ns)   --->   "%axi_data_V = load i24 %axi_data_V_14"   --->   Operation 47 'load' 'axi_data_V' <Predicate = true> <Delay = 0.00>
ST_6 : Operation 48 [1/1] (0.00ns)   --->   "%speclooptripcount_ln0 = speclooptripcount void @_ssdm_op_SpecLoopTripCount, i64 0, i64 1080, i64 0"   --->   Operation 48 'speclooptripcount' 'speclooptripcount_ln0' <Predicate = true> <Delay = 0.00>
ST_6 : Operation 49 [1/1] (0.00ns)   --->   "%br_ln265 = br i1 %icmp_ln265, void %loop_width.split, void %for.end69.loopexit" [/home/benchmarker/FPGAProject/SOBEL_HDMI_1024/SOBEL_HDMI_1024.runs/bd_3a92_ltr_0_synth_1/prj/sol/.autopilot/db/v_letterbox.cpp:265]   --->   Operation 49 'br' 'br_ln265' <Predicate = true> <Delay = 0.00>
ST_6 : Operation 50 [1/1] (0.00ns)   --->   "%specloopname_ln243 = specloopname void @_ssdm_op_SpecLoopName, void @empty_20" [/home/benchmarker/FPGAProject/SOBEL_HDMI_1024/SOBEL_HDMI_1024.runs/bd_3a92_ltr_0_synth_1/prj/sol/.autopilot/db/v_letterbox.cpp:243]   --->   Operation 50 'specloopname' 'specloopname_ln243' <Predicate = (!icmp_ln265)> <Delay = 0.00>
ST_6 : Operation 51 [1/1] (1.58ns)   --->   "%br_ln268 = br i1 %cmp8460, void %for.body10.preheader, void %loop_wait_for_eol" [/home/benchmarker/FPGAProject/SOBEL_HDMI_1024/SOBEL_HDMI_1024.runs/bd_3a92_ltr_0_synth_1/prj/sol/.autopilot/db/v_letterbox.cpp:268]   --->   Operation 51 'br' 'br_ln268' <Predicate = (!icmp_ln265)> <Delay = 1.58>
ST_6 : Operation 52 [1/1] (0.00ns)   --->   "%sof_load = load i1 %sof"   --->   Operation 52 'load' 'sof_load' <Predicate = (!icmp_ln265 & !cmp8460)> <Delay = 0.00>
ST_6 : Operation 53 [1/1] (0.00ns)   --->   "%empty_56 = wait i32 @_ssdm_op_Wait"   --->   Operation 53 'wait' 'empty_56' <Predicate = (!icmp_ln265 & !cmp8460)> <Delay = 0.00>
ST_6 : Operation 54 [2/2] (4.15ns)   --->   "%call_ln248 = call void @AXIvideo2MultiPixStream_Pipeline_loop_width, i1 %sof_load, i1 %axi_last_V_2, i24 %axi_data_V, i11 %cols, i1 %cond, i24 %srcYUV, i24 %s_axis_video_V_data_V, i3 %s_axis_video_V_keep_V, i3 %s_axis_video_V_strb_V, i1 %s_axis_video_V_user_V, i1 %s_axis_video_V_last_V, i1 %s_axis_video_V_id_V, i1 %s_axis_video_V_dest_V, i1 %eol_loc, i24 %axi_data_V_15_loc" [/home/benchmarker/FPGAProject/SOBEL_HDMI_1024/SOBEL_HDMI_1024.runs/bd_3a92_ltr_0_synth_1/prj/sol/.autopilot/db/v_letterbox.cpp:248]   --->   Operation 54 'call' 'call_ln248' <Predicate = (!icmp_ln265 & !cmp8460)> <Delay = 4.15> <CoreType = "Generic">   --->   Core 0 '' <Latency = 0> <II = 1> <Delay = 1.00> <Generic> <Opcode : >
ST_6 : Operation 55 [1/1] (0.00ns)   --->   "%ret_ln0 = ret"   --->   Operation 55 'ret' 'ret_ln0' <Predicate = (icmp_ln265)> <Delay = 0.00>

State 7 <SV = 6> <Delay = 3.46>
ST_7 : Operation 56 [1/2] (3.46ns)   --->   "%call_ln248 = call void @AXIvideo2MultiPixStream_Pipeline_loop_width, i1 %sof_load, i1 %axi_last_V_2, i24 %axi_data_V, i11 %cols, i1 %cond, i24 %srcYUV, i24 %s_axis_video_V_data_V, i3 %s_axis_video_V_keep_V, i3 %s_axis_video_V_strb_V, i1 %s_axis_video_V_user_V, i1 %s_axis_video_V_last_V, i1 %s_axis_video_V_id_V, i1 %s_axis_video_V_dest_V, i1 %eol_loc, i24 %axi_data_V_15_loc" [/home/benchmarker/FPGAProject/SOBEL_HDMI_1024/SOBEL_HDMI_1024.runs/bd_3a92_ltr_0_synth_1/prj/sol/.autopilot/db/v_letterbox.cpp:248]   --->   Operation 56 'call' 'call_ln248' <Predicate = true> <Delay = 3.46> <CoreType = "Generic">   --->   Core 0 '' <Latency = 0> <II = 1> <Delay = 1.00> <Generic> <Opcode : >

State 8 <SV = 7> <Delay = 1.58>
ST_8 : Operation 57 [1/1] (0.00ns)   --->   "%eol_loc_load = load i1 %eol_loc"   --->   Operation 57 'load' 'eol_loc_load' <Predicate = (!cmp8460)> <Delay = 0.00>
ST_8 : Operation 58 [1/1] (0.00ns)   --->   "%axi_data_V_15_loc_load = load i24 %axi_data_V_15_loc"   --->   Operation 58 'load' 'axi_data_V_15_loc_load' <Predicate = (!cmp8460)> <Delay = 0.00>
ST_8 : Operation 59 [1/1] (0.00ns)   --->   "%empty_57 = wait i32 @_ssdm_op_Wait"   --->   Operation 59 'wait' 'empty_57' <Predicate = (!cmp8460)> <Delay = 0.00>
ST_8 : Operation 60 [1/1] (1.58ns)   --->   "%store_ln0 = store i1 0, i1 %sof"   --->   Operation 60 'store' 'store_ln0' <Predicate = (!cmp8460)> <Delay = 1.58>
ST_8 : Operation 61 [1/1] (1.58ns)   --->   "%br_ln0 = br void %loop_wait_for_eol"   --->   Operation 61 'br' 'br_ln0' <Predicate = (!cmp8460)> <Delay = 1.58>
ST_8 : Operation 62 [1/1] (1.58ns)   --->   "%store_ln265 = store i11 %i_4, i11 %i" [/home/benchmarker/FPGAProject/SOBEL_HDMI_1024/SOBEL_HDMI_1024.runs/bd_3a92_ltr_0_synth_1/prj/sol/.autopilot/db/v_letterbox.cpp:265]   --->   Operation 62 'store' 'store_ln265' <Predicate = true> <Delay = 1.58>

State 9 <SV = 8> <Delay = 3.17>
ST_9 : Operation 63 [1/1] (0.00ns)   --->   "%axi_data_2_lcssa = phi i24 %axi_data_V_15_loc_load, void %for.body10.preheader, i24 %axi_data_V, void %loop_width.split"   --->   Operation 63 'phi' 'axi_data_2_lcssa' <Predicate = true> <Delay = 0.00>
ST_9 : Operation 64 [1/1] (0.00ns)   --->   "%axi_last_2_lcssa = phi i1 %eol_loc_load, void %for.body10.preheader, i1 %axi_last_V_2, void %loop_width.split"   --->   Operation 64 'phi' 'axi_last_2_lcssa' <Predicate = true> <Delay = 0.00>
ST_9 : Operation 65 [1/1] (0.00ns)   --->   "%eol_0_lcssa = phi i1 %eol_loc_load, void %for.body10.preheader, i1 0, void %loop_width.split"   --->   Operation 65 'phi' 'eol_0_lcssa' <Predicate = true> <Delay = 0.00>
ST_9 : Operation 66 [1/1] (0.00ns)   --->   "%empty_58 = wait i32 @_ssdm_op_Wait"   --->   Operation 66 'wait' 'empty_58' <Predicate = true> <Delay = 0.00>
ST_9 : Operation 67 [2/2] (3.17ns)   --->   "%call_ln0 = call void @AXIvideo2MultiPixStream_Pipeline_loop_wait_for_eol, i24 %axi_data_2_lcssa, i1 %axi_last_2_lcssa, i1 %eol_0_lcssa, i24 %s_axis_video_V_data_V, i3 %s_axis_video_V_keep_V, i3 %s_axis_video_V_strb_V, i1 %s_axis_video_V_user_V, i1 %s_axis_video_V_last_V, i1 %s_axis_video_V_id_V, i1 %s_axis_video_V_dest_V, i24 %axi_data_V_14, i1 %axi_last_V_4_loc"   --->   Operation 67 'call' 'call_ln0' <Predicate = true> <Delay = 3.17> <CoreType = "Generic">   --->   Core 0 '' <Latency = 0> <II = 1> <Delay = 1.00> <Generic> <Opcode : >

State 10 <SV = 9> <Delay = 1.58>
ST_10 : Operation 68 [1/2] (1.58ns)   --->   "%call_ln0 = call void @AXIvideo2MultiPixStream_Pipeline_loop_wait_for_eol, i24 %axi_data_2_lcssa, i1 %axi_last_2_lcssa, i1 %eol_0_lcssa, i24 %s_axis_video_V_data_V, i3 %s_axis_video_V_keep_V, i3 %s_axis_video_V_strb_V, i1 %s_axis_video_V_user_V, i1 %s_axis_video_V_last_V, i1 %s_axis_video_V_id_V, i1 %s_axis_video_V_dest_V, i24 %axi_data_V_14, i1 %axi_last_V_4_loc"   --->   Operation 68 'call' 'call_ln0' <Predicate = true> <Delay = 1.58> <CoreType = "Generic">   --->   Core 0 '' <Latency = 0> <II = 1> <Delay = 1.00> <Generic> <Opcode : >

State 11 <SV = 10> <Delay = 0.00>
ST_11 : Operation 69 [1/1] (0.00ns)   --->   "%axi_last_V_4_loc_load = load i1 %axi_last_V_4_loc"   --->   Operation 69 'load' 'axi_last_V_4_loc_load' <Predicate = true> <Delay = 0.00>
ST_11 : Operation 70 [1/1] (0.00ns)   --->   "%br_ln265 = br void %loop_width" [/home/benchmarker/FPGAProject/SOBEL_HDMI_1024/SOBEL_HDMI_1024.runs/bd_3a92_ltr_0_synth_1/prj/sol/.autopilot/db/v_letterbox.cpp:265]   --->   Operation 70 'br' 'br_ln265' <Predicate = true> <Delay = 0.00>


============================================================
+ Verbose Summary: Binding
============================================================
STG Binding: 
---------------- STG Properties BEGIN ----------------
- Is combinational: 0
- Is one-state seq: 0
- Is datapath-only: 0
- Is pipelined: 0
- Is top level: 0
Port [ Return ] is wired: 1; IO mode=ap_ctrl_hs:ce=0
Port [ s_axis_video_V_data_V]:  wired=1; compound=1; hidden=0; nouse=0; global=0; static=0; extern=0; dir=0; type=0; pingpong=0; private_global=0; IO mode=axis:ce=0
Port [ s_axis_video_V_keep_V]:  wired=1; compound=1; hidden=0; nouse=0; global=0; static=0; extern=0; dir=0; type=0; pingpong=0; private_global=0; IO mode=axis:ce=0
Port [ s_axis_video_V_strb_V]:  wired=1; compound=1; hidden=0; nouse=0; global=0; static=0; extern=0; dir=0; type=0; pingpong=0; private_global=0; IO mode=axis:ce=0
Port [ s_axis_video_V_user_V]:  wired=1; compound=1; hidden=0; nouse=0; global=0; static=0; extern=0; dir=0; type=0; pingpong=0; private_global=0; IO mode=axis:ce=0
Port [ s_axis_video_V_last_V]:  wired=1; compound=1; hidden=0; nouse=0; global=0; static=0; extern=0; dir=0; type=0; pingpong=0; private_global=0; IO mode=axis:ce=0
Port [ s_axis_video_V_id_V]:  wired=1; compound=1; hidden=0; nouse=0; global=0; static=0; extern=0; dir=0; type=0; pingpong=0; private_global=0; IO mode=axis:ce=0
Port [ s_axis_video_V_dest_V]:  wired=1; compound=1; hidden=0; nouse=0; global=0; static=0; extern=0; dir=0; type=0; pingpong=0; private_global=0; IO mode=axis:ce=0
Port [ srcYUV]:  wired=1; compound=1; hidden=0; nouse=0; global=0; static=0; extern=0; dir=1; type=3; pingpong=0; private_global=0; IO mode=ap_fifo:ce=0
Port [ height]:  wired=1; compound=0; hidden=0; nouse=0; global=0; static=0; extern=0; dir=0; type=0; pingpong=0; private_global=0; IO mode=ap_none:ce=0
Port [ width]:  wired=1; compound=0; hidden=0; nouse=0; global=0; static=0; extern=0; dir=0; type=0; pingpong=0; private_global=0; IO mode=ap_none:ce=0
Port [ video_format]:  wired=1; compound=0; hidden=0; nouse=0; global=0; static=0; extern=0; dir=0; type=0; pingpong=0; private_global=0; IO mode=ap_none:ce=0
---------------- STG Properties END ------------------

---------------- Datapath Model BEGIN ----------------

<LifeTime>
<method=bitvector/>
i                      (alloca           ) [ 011111111111]
axi_data_V_14          (alloca           ) [ 001111111111]
sof                    (alloca           ) [ 011111111111]
axi_last_V_4_loc       (alloca           ) [ 001111111111]
axi_data_V_15_loc      (alloca           ) [ 001111111111]
eol_loc                (alloca           ) [ 001111111111]
axi_last_V_loc         (alloca           ) [ 001110000000]
height_read            (read             ) [ 000000000000]
trunc_ln247            (trunc            ) [ 001100000000]
width_read             (read             ) [ 000000000000]
trunc_ln248            (trunc            ) [ 001100000000]
store_ln265            (store            ) [ 000000000000]
store_ln265            (store            ) [ 000000000000]
empty                  (wait             ) [ 000000000000]
call_ln0               (call             ) [ 000000000000]
specstablecontent_ln0  (specstablecontent) [ 000000000000]
specstablecontent_ln0  (specstablecontent) [ 000000000000]
specstablecontent_ln0  (specstablecontent) [ 000000000000]
specinterface_ln0      (specinterface    ) [ 000000000000]
specinterface_ln0      (specinterface    ) [ 000000000000]
rows                   (call             ) [ 000001111111]
cols                   (call             ) [ 000001111111]
axi_last_V_loc_load    (load             ) [ 000011111111]
empty_55               (wait             ) [ 000000000000]
video_format_read      (read             ) [ 000000000000]
cmp8460                (icmp             ) [ 000001111111]
cond                   (icmp             ) [ 000001111111]
br_ln265               (br               ) [ 000011111111]
i_3                    (load             ) [ 000000000000]
icmp_ln265             (icmp             ) [ 000000100000]
i_4                    (add              ) [ 000000111000]
axi_last_V_2           (phi              ) [ 000001111100]
axi_data_V             (load             ) [ 000001111111]
speclooptripcount_ln0  (speclooptripcount) [ 000000000000]
br_ln265               (br               ) [ 000000000000]
specloopname_ln243     (specloopname     ) [ 000000000000]
br_ln268               (br               ) [ 000001111111]
sof_load               (load             ) [ 000000010000]
empty_56               (wait             ) [ 000000000000]
ret_ln0                (ret              ) [ 000000000000]
call_ln248             (call             ) [ 000000000000]
eol_loc_load           (load             ) [ 000001111111]
axi_data_V_15_loc_load (load             ) [ 000001111111]
empty_57               (wait             ) [ 000000000000]
store_ln0              (store            ) [ 000000000000]
br_ln0                 (br               ) [ 000001111111]
store_ln265            (store            ) [ 000000000000]
axi_data_2_lcssa       (phi              ) [ 000000000110]
axi_last_2_lcssa       (phi              ) [ 000000000110]
eol_0_lcssa            (phi              ) [ 000000000110]
empty_58               (wait             ) [ 000000000000]
call_ln0               (call             ) [ 000000000000]
axi_last_V_4_loc_load  (load             ) [ 000011111111]
br_ln265               (br               ) [ 000011111111]
</LifeTime>

<model>

<comp_list>
<comp id="0" class="1000" name="s_axis_video_V_data_V">
<pin_list>
<pin id="1" dir="1" index="0" bw="1" slack="0"/>
</pin_list>
<bind>
<StgValue><ssdm name="s_axis_video_V_data_V"/></StgValue>
</bind>
</comp>

<comp id="2" class="1000" name="s_axis_video_V_keep_V">
<pin_list>
<pin id="3" dir="1" index="0" bw="1" slack="0"/>
</pin_list>
<bind>
<StgValue><ssdm name="s_axis_video_V_keep_V"/></StgValue>
</bind>
</comp>

<comp id="4" class="1000" name="s_axis_video_V_strb_V">
<pin_list>
<pin id="5" dir="1" index="0" bw="1" slack="0"/>
</pin_list>
<bind>
<StgValue><ssdm name="s_axis_video_V_strb_V"/></StgValue>
</bind>
</comp>

<comp id="6" class="1000" name="s_axis_video_V_user_V">
<pin_list>
<pin id="7" dir="1" index="0" bw="1" slack="0"/>
</pin_list>
<bind>
<StgValue><ssdm name="s_axis_video_V_user_V"/></StgValue>
</bind>
</comp>

<comp id="8" class="1000" name="s_axis_video_V_last_V">
<pin_list>
<pin id="9" dir="1" index="0" bw="1" slack="0"/>
</pin_list>
<bind>
<StgValue><ssdm name="s_axis_video_V_last_V"/></StgValue>
</bind>
</comp>

<comp id="10" class="1000" name="s_axis_video_V_id_V">
<pin_list>
<pin id="11" dir="1" index="0" bw="1" slack="0"/>
</pin_list>
<bind>
<StgValue><ssdm name="s_axis_video_V_id_V"/></StgValue>
</bind>
</comp>

<comp id="12" class="1000" name="s_axis_video_V_dest_V">
<pin_list>
<pin id="13" dir="1" index="0" bw="1" slack="0"/>
</pin_list>
<bind>
<StgValue><ssdm name="s_axis_video_V_dest_V"/></StgValue>
</bind>
</comp>

<comp id="14" class="1000" name="srcYUV">
<pin_list>
<pin id="15" dir="1" index="0" bw="1" slack="0"/>
</pin_list>
<bind>
<StgValue><ssdm name="srcYUV"/></StgValue>
</bind>
</comp>

<comp id="16" class="1000" name="height">
<pin_list>
<pin id="17" dir="1" index="0" bw="1" slack="0"/>
</pin_list>
<bind>
<StgValue><ssdm name="height"/></StgValue>
</bind>
</comp>

<comp id="18" class="1000" name="width">
<pin_list>
<pin id="19" dir="1" index="0" bw="1" slack="0"/>
</pin_list>
<bind>
<StgValue><ssdm name="width"/></StgValue>
</bind>
</comp>

<comp id="20" class="1000" name="video_format">
<pin_list>
<pin id="21" dir="1" index="0" bw="1" slack="0"/>
</pin_list>
<bind>
<StgValue><ssdm name="video_format"/></StgValue>
</bind>
</comp>

<comp id="22" class="1001" name="const_22">
<pin_list>
<pin id="23" dir="1" index="0" bw="1" slack="0"/>
</pin_list>
<bind>
<StgValue><ssdm name=""/></StgValue>
</bind>
</comp>

<comp id="24" class="1001" name="const_24">
<pin_list>
<pin id="25" dir="1" index="0" bw="1" slack="0"/>
</pin_list>
<bind>
<StgValue><ssdm name=""/></StgValue>
</bind>
</comp>

<comp id="26" class="1001" name="const_26">
<pin_list>
<pin id="27" dir="1" index="0" bw="1" slack="0"/>
</pin_list>
<bind>
<StgValue><ssdm name="_ssdm_op_Read.ap_auto.i16P0A"/></StgValue>
</bind>
</comp>

<comp id="28" class="1001" name="const_28">
<pin_list>
<pin id="29" dir="1" index="0" bw="1" slack="0"/>
</pin_list>
<bind>
<StgValue><ssdm name=""/></StgValue>
</bind>
</comp>

<comp id="30" class="1001" name="const_30">
<pin_list>
<pin id="31" dir="1" index="0" bw="1" slack="0"/>
</pin_list>
<bind>
<StgValue><ssdm name=""/></StgValue>
</bind>
</comp>

<comp id="32" class="1001" name="const_32">
<pin_list>
<pin id="33" dir="1" index="0" bw="1" slack="2147483647"/>
</pin_list>
<bind>
<StgValue><ssdm name="_ssdm_op_Wait"/></StgValue>
</bind>
</comp>

<comp id="34" class="1001" name="const_34">
<pin_list>
<pin id="35" dir="1" index="0" bw="1" slack="0"/>
</pin_list>
<bind>
<StgValue><ssdm name="AXIvideo2MultiPixStream_Pipeline_loop_wait_for_start"/></StgValue>
</bind>
</comp>

<comp id="36" class="1001" name="const_36">
<pin_list>
<pin id="37" dir="1" index="0" bw="1" slack="0"/>
</pin_list>
<bind>
<StgValue><ssdm name="reg<unsigned short>"/></StgValue>
</bind>
</comp>

<comp id="38" class="1001" name="const_38">
<pin_list>
<pin id="39" dir="1" index="0" bw="1" slack="2147483647"/>
</pin_list>
<bind>
<StgValue><ssdm name="_ssdm_op_SpecStableContent"/></StgValue>
</bind>
</comp>

<comp id="40" class="1001" name="const_40">
<pin_list>
<pin id="41" dir="1" index="0" bw="1" slack="2147483647"/>
</pin_list>
<bind>
<StgValue><ssdm name=""/></StgValue>
</bind>
</comp>

<comp id="42" class="1001" name="const_42">
<pin_list>
<pin id="43" dir="1" index="0" bw="1" slack="2147483647"/>
</pin_list>
<bind>
<StgValue><ssdm name="_ssdm_op_SpecInterface"/></StgValue>
</bind>
</comp>

<comp id="44" class="1001" name="const_44">
<pin_list>
<pin id="45" dir="1" index="0" bw="1" slack="2147483647"/>
</pin_list>
<bind>
<StgValue><ssdm name="empty_14"/></StgValue>
</bind>
</comp>

<comp id="46" class="1001" name="const_46">
<pin_list>
<pin id="47" dir="1" index="0" bw="1" slack="2147483647"/>
</pin_list>
<bind>
<StgValue><ssdm name=""/></StgValue>
</bind>
</comp>

<comp id="48" class="1001" name="const_48">
<pin_list>
<pin id="49" dir="1" index="0" bw="1" slack="2147483647"/>
</pin_list>
<bind>
<StgValue><ssdm name="empty_2"/></StgValue>
</bind>
</comp>

<comp id="50" class="1001" name="const_50">
<pin_list>
<pin id="51" dir="1" index="0" bw="1" slack="2147483647"/>
</pin_list>
<bind>
<StgValue><ssdm name=""/></StgValue>
</bind>
</comp>

<comp id="52" class="1001" name="const_52">
<pin_list>
<pin id="53" dir="1" index="0" bw="1" slack="2147483647"/>
</pin_list>
<bind>
<StgValue><ssdm name="empty_4"/></StgValue>
</bind>
</comp>

<comp id="54" class="1001" name="const_54">
<pin_list>
<pin id="55" dir="1" index="0" bw="1" slack="2147483647"/>
</pin_list>
<bind>
<StgValue><ssdm name="empty_3"/></StgValue>
</bind>
</comp>

<comp id="56" class="1001" name="const_56">
<pin_list>
<pin id="57" dir="1" index="0" bw="1" slack="0"/>
</pin_list>
<bind>
<StgValue><ssdm name=""/></StgValue>
</bind>
</comp>

<comp id="58" class="1001" name="const_58">
<pin_list>
<pin id="59" dir="1" index="0" bw="1" slack="0"/>
</pin_list>
<bind>
<StgValue><ssdm name=""/></StgValue>
</bind>
</comp>

<comp id="60" class="1001" name="const_60">
<pin_list>
<pin id="61" dir="1" index="0" bw="1" slack="2147483647"/>
</pin_list>
<bind>
<StgValue><ssdm name="_ssdm_op_SpecLoopTripCount"/></StgValue>
</bind>
</comp>

<comp id="62" class="1001" name="const_62">
<pin_list>
<pin id="63" dir="1" index="0" bw="1" slack="2147483647"/>
</pin_list>
<bind>
<StgValue><ssdm name=""/></StgValue>
</bind>
</comp>

<comp id="64" class="1001" name="const_64">
<pin_list>
<pin id="65" dir="1" index="0" bw="1" slack="2147483647"/>
</pin_list>
<bind>
<StgValue><ssdm name=""/></StgValue>
</bind>
</comp>

<comp id="66" class="1001" name="const_66">
<pin_list>
<pin id="67" dir="1" index="0" bw="1" slack="2147483647"/>
</pin_list>
<bind>
<StgValue><ssdm name="_ssdm_op_SpecLoopName"/></StgValue>
</bind>
</comp>

<comp id="68" class="1001" name="const_68">
<pin_list>
<pin id="69" dir="1" index="0" bw="1" slack="2147483647"/>
</pin_list>
<bind>
<StgValue><ssdm name="empty_20"/></StgValue>
</bind>
</comp>

<comp id="70" class="1001" name="const_70">
<pin_list>
<pin id="71" dir="1" index="0" bw="1" slack="0"/>
</pin_list>
<bind>
<StgValue><ssdm name="AXIvideo2MultiPixStream_Pipeline_loop_width"/></StgValue>
</bind>
</comp>

<comp id="72" class="1001" name="const_72">
<pin_list>
<pin id="73" dir="1" index="0" bw="1" slack="0"/>
</pin_list>
<bind>
<StgValue><ssdm name=""/></StgValue>
</bind>
</comp>

<comp id="74" class="1001" name="const_74">
<pin_list>
<pin id="75" dir="1" index="0" bw="1" slack="0"/>
</pin_list>
<bind>
<StgValue><ssdm name="AXIvideo2MultiPixStream_Pipeline_loop_wait_for_eol"/></StgValue>
</bind>
</comp>

<comp id="76" class="1004" name="i_fu_76">
<pin_list>
<pin id="77" dir="0" index="0" bw="1" slack="0"/>
<pin id="78" dir="1" index="1" bw="11" slack="0"/>
</pin_list>
<bind>
<opcode="alloca(26) " fcode="alloca"/>
<opset="i/1 "/>
</bind>
</comp>

<comp id="80" class="1004" name="axi_data_V_14_fu_80">
<pin_list>
<pin id="81" dir="0" index="0" bw="1" slack="0"/>
<pin id="82" dir="1" index="1" bw="24" slack="1"/>
</pin_list>
<bind>
<opcode="alloca(26) " fcode="alloca"/>
<opset="axi_data_V_14/1 "/>
</bind>
</comp>

<comp id="84" class="1004" name="sof_fu_84">
<pin_list>
<pin id="85" dir="0" index="0" bw="1" slack="0"/>
<pin id="86" dir="1" index="1" bw="1" slack="0"/>
</pin_list>
<bind>
<opcode="alloca(26) " fcode="alloca"/>
<opset="sof/1 "/>
</bind>
</comp>

<comp id="88" class="1004" name="axi_last_V_4_loc_fu_88">
<pin_list>
<pin id="89" dir="0" index="0" bw="1" slack="0"/>
<pin id="90" dir="1" index="1" bw="1" slack="8"/>
</pin_list>
<bind>
<opcode="alloca(26) " fcode="alloca"/>
<opset="axi_last_V_4_loc/1 "/>
</bind>
</comp>

<comp id="92" class="1004" name="axi_data_V_15_loc_fu_92">
<pin_list>
<pin id="93" dir="0" index="0" bw="1" slack="0"/>
<pin id="94" dir="1" index="1" bw="24" slack="5"/>
</pin_list>
<bind>
<opcode="alloca(26) " fcode="alloca"/>
<opset="axi_data_V_15_loc/1 "/>
</bind>
</comp>

<comp id="96" class="1004" name="eol_loc_fu_96">
<pin_list>
<pin id="97" dir="0" index="0" bw="1" slack="0"/>
<pin id="98" dir="1" index="1" bw="1" slack="5"/>
</pin_list>
<bind>
<opcode="alloca(26) " fcode="alloca"/>
<opset="eol_loc/1 "/>
</bind>
</comp>

<comp id="100" class="1004" name="axi_last_V_loc_fu_100">
<pin_list>
<pin id="101" dir="0" index="0" bw="1" slack="0"/>
<pin id="102" dir="1" index="1" bw="1" slack="1"/>
</pin_list>
<bind>
<opcode="alloca(26) " fcode="alloca"/>
<opset="axi_last_V_loc/1 "/>
</bind>
</comp>

<comp id="104" class="1004" name="height_read_read_fu_104">
<pin_list>
<pin id="105" dir="0" index="0" bw="16" slack="0"/>
<pin id="106" dir="0" index="1" bw="16" slack="0"/>
<pin id="107" dir="1" index="2" bw="16" slack="0"/>
</pin_list>
<bind>
<opcode="read(1150) " fcode="read"/>
<opset="height_read/1 "/>
</bind>
</comp>

<comp id="110" class="1004" name="width_read_read_fu_110">
<pin_list>
<pin id="111" dir="0" index="0" bw="16" slack="0"/>
<pin id="112" dir="0" index="1" bw="16" slack="0"/>
<pin id="113" dir="1" index="2" bw="16" slack="0"/>
</pin_list>
<bind>
<opcode="read(1150) " fcode="read"/>
<opset="width_read/1 "/>
</bind>
</comp>

<comp id="116" class="1004" name="video_format_read_read_fu_116">
<pin_list>
<pin id="117" dir="0" index="0" bw="16" slack="0"/>
<pin id="118" dir="0" index="1" bw="16" slack="0"/>
<pin id="119" dir="1" index="2" bw="16" slack="0"/>
</pin_list>
<bind>
<opcode="read(1150) " fcode="read"/>
<opset="video_format_read/4 "/>
</bind>
</comp>

<comp id="122" class="1005" name="axi_last_V_2_reg_122">
<pin_list>
<pin id="123" dir="0" index="0" bw="1" slack="1"/>
<pin id="124" dir="1" index="1" bw="1" slack="3"/>
</pin_list>
<bind>
<opset="axi_last_V_2 (phireg) "/>
</bind>
</comp>

<comp id="125" class="1004" name="axi_last_V_2_phi_fu_125">
<pin_list>
<pin id="126" dir="0" index="0" bw="1" slack="2147483647"/>
<pin id="127" dir="0" index="1" bw="0" slack="2147483647"/>
<pin id="128" dir="0" index="2" bw="1" slack="2147483647"/>
<pin id="129" dir="0" index="3" bw="0" slack="2147483647"/>
<pin id="130" dir="1" index="4" bw="1" slack="0"/>
</pin_list>
<bind>
<opcode="phi(47) " fcode="phi"/>
<opset="axi_last_V_2/6 "/>
</bind>
</comp>

<comp id="132" class="1005" name="axi_data_2_lcssa_reg_132">
<pin_list>
<pin id="133" dir="0" index="0" bw="24" slack="1"/>
<pin id="134" dir="1" index="1" bw="24" slack="2147483647"/>
</pin_list>
<bind>
<opset="axi_data_2_lcssa (phireg) "/>
</bind>
</comp>

<comp id="135" class="1004" name="axi_data_2_lcssa_phi_fu_135">
<pin_list>
<pin id="136" dir="0" index="0" bw="24" slack="2147483647"/>
<pin id="137" dir="0" index="1" bw="0" slack="2147483647"/>
<pin id="138" dir="0" index="2" bw="24" slack="2147483647"/>
<pin id="139" dir="0" index="3" bw="0" slack="2147483647"/>
<pin id="140" dir="1" index="4" bw="24" slack="0"/>
</pin_list>
<bind>
<opcode="phi(47) " fcode="phi"/>
<opset="axi_data_2_lcssa/9 "/>
</bind>
</comp>

<comp id="142" class="1005" name="axi_last_2_lcssa_reg_142">
<pin_list>
<pin id="143" dir="0" index="0" bw="1" slack="1"/>
<pin id="144" dir="1" index="1" bw="1" slack="2147483647"/>
</pin_list>
<bind>
<opset="axi_last_2_lcssa (phireg) "/>
</bind>
</comp>

<comp id="145" class="1004" name="axi_last_2_lcssa_phi_fu_145">
<pin_list>
<pin id="146" dir="0" index="0" bw="1" slack="2147483647"/>
<pin id="147" dir="0" index="1" bw="0" slack="2147483647"/>
<pin id="148" dir="0" index="2" bw="1" slack="3"/>
<pin id="149" dir="0" index="3" bw="0" slack="2147483647"/>
<pin id="150" dir="1" index="4" bw="1" slack="0"/>
</pin_list>
<bind>
<opcode="phi(47) " fcode="phi"/>
<opset="axi_last_2_lcssa/9 "/>
</bind>
</comp>

<comp id="153" class="1005" name="eol_0_lcssa_reg_153">
<pin_list>
<pin id="154" dir="0" index="0" bw="1" slack="1"/>
<pin id="155" dir="1" index="1" bw="1" slack="3"/>
</pin_list>
<bind>
<opset="eol_0_lcssa (phireg) "/>
</bind>
</comp>

<comp id="157" class="1004" name="eol_0_lcssa_phi_fu_157">
<pin_list>
<pin id="158" dir="0" index="0" bw="1" slack="2147483647"/>
<pin id="159" dir="0" index="1" bw="0" slack="2147483647"/>
<pin id="160" dir="0" index="2" bw="1" slack="3"/>
<pin id="161" dir="0" index="3" bw="0" slack="2147483647"/>
<pin id="162" dir="1" index="4" bw="1" slack="0"/>
</pin_list>
<bind>
<opcode="phi(47) " fcode="phi"/>
<opset="eol_0_lcssa/9 "/>
</bind>
</comp>

<comp id="165" class="1004" name="grp_AXIvideo2MultiPixStream_Pipeline_loop_wait_for_start_fu_165">
<pin_list>
<pin id="166" dir="0" index="0" bw="0" slack="0"/>
<pin id="167" dir="0" index="1" bw="24" slack="0"/>
<pin id="168" dir="0" index="2" bw="3" slack="0"/>
<pin id="169" dir="0" index="3" bw="3" slack="0"/>
<pin id="170" dir="0" index="4" bw="1" slack="0"/>
<pin id="171" dir="0" index="5" bw="1" slack="0"/>
<pin id="172" dir="0" index="6" bw="1" slack="0"/>
<pin id="173" dir="0" index="7" bw="1" slack="0"/>
<pin id="174" dir="0" index="8" bw="24" slack="1"/>
<pin id="175" dir="0" index="9" bw="1" slack="1"/>
<pin id="176" dir="1" index="10" bw="0" slack="2147483647"/>
</pin_list>
<bind>
<opcode="call(48) " fcode="call"/>
<opset="call_ln0/2 "/>
</bind>
</comp>

<comp id="185" class="1004" name="grp_AXIvideo2MultiPixStream_Pipeline_loop_width_fu_185">
<pin_list>
<pin id="186" dir="0" index="0" bw="0" slack="0"/>
<pin id="187" dir="0" index="1" bw="1" slack="0"/>
<pin id="188" dir="0" index="2" bw="1" slack="0"/>
<pin id="189" dir="0" index="3" bw="24" slack="0"/>
<pin id="190" dir="0" index="4" bw="11" slack="2"/>
<pin id="191" dir="0" index="5" bw="1" slack="2"/>
<pin id="192" dir="0" index="6" bw="24" slack="0"/>
<pin id="193" dir="0" index="7" bw="24" slack="0"/>
<pin id="194" dir="0" index="8" bw="3" slack="0"/>
<pin id="195" dir="0" index="9" bw="3" slack="0"/>
<pin id="196" dir="0" index="10" bw="1" slack="0"/>
<pin id="197" dir="0" index="11" bw="1" slack="0"/>
<pin id="198" dir="0" index="12" bw="1" slack="0"/>
<pin id="199" dir="0" index="13" bw="1" slack="0"/>
<pin id="200" dir="0" index="14" bw="1" slack="5"/>
<pin id="201" dir="0" index="15" bw="24" slack="5"/>
<pin id="202" dir="1" index="16" bw="0" slack="2147483647"/>
</pin_list>
<bind>
<opcode="call(48) " fcode="call"/>
<opset="call_ln248/6 "/>
</bind>
</comp>

<comp id="213" class="1004" name="grp_AXIvideo2MultiPixStream_Pipeline_loop_wait_for_eol_fu_213">
<pin_list>
<pin id="214" dir="0" index="0" bw="0" slack="0"/>
<pin id="215" dir="0" index="1" bw="24" slack="0"/>
<pin id="216" dir="0" index="2" bw="1" slack="0"/>
<pin id="217" dir="0" index="3" bw="1" slack="0"/>
<pin id="218" dir="0" index="4" bw="24" slack="0"/>
<pin id="219" dir="0" index="5" bw="3" slack="0"/>
<pin id="220" dir="0" index="6" bw="3" slack="0"/>
<pin id="221" dir="0" index="7" bw="1" slack="0"/>
<pin id="222" dir="0" index="8" bw="1" slack="0"/>
<pin id="223" dir="0" index="9" bw="1" slack="0"/>
<pin id="224" dir="0" index="10" bw="1" slack="0"/>
<pin id="225" dir="0" index="11" bw="24" slack="8"/>
<pin id="226" dir="0" index="12" bw="1" slack="8"/>
<pin id="227" dir="1" index="13" bw="0" slack="2147483647"/>
</pin_list>
<bind>
<opcode="call(48) " fcode="call"/>
<opset="call_ln0/9 "/>
</bind>
</comp>

<comp id="239" class="1004" name="trunc_ln247_fu_239">
<pin_list>
<pin id="240" dir="0" index="0" bw="16" slack="0"/>
<pin id="241" dir="1" index="1" bw="11" slack="2"/>
</pin_list>
<bind>
<opcode="trunc(33) " fcode="trunc"/>
<opset="trunc_ln247/1 "/>
</bind>
</comp>

<comp id="243" class="1004" name="trunc_ln248_fu_243">
<pin_list>
<pin id="244" dir="0" index="0" bw="16" slack="0"/>
<pin id="245" dir="1" index="1" bw="11" slack="2"/>
</pin_list>
<bind>
<opcode="trunc(33) " fcode="trunc"/>
<opset="trunc_ln248/1 "/>
</bind>
</comp>

<comp id="247" class="1004" name="store_ln265_store_fu_247">
<pin_list>
<pin id="248" dir="0" index="0" bw="1" slack="0"/>
<pin id="249" dir="0" index="1" bw="1" slack="0"/>
<pin id="250" dir="1" index="2" bw="0" slack="2147483647"/>
</pin_list>
<bind>
<opcode="store(28) " fcode="store"/>
<opset="store_ln265/1 "/>
</bind>
</comp>

<comp id="252" class="1004" name="store_ln265_store_fu_252">
<pin_list>
<pin id="253" dir="0" index="0" bw="1" slack="0"/>
<pin id="254" dir="0" index="1" bw="11" slack="0"/>
<pin id="255" dir="1" index="2" bw="0" slack="2147483647"/>
</pin_list>
<bind>
<opcode="store(28) " fcode="store"/>
<opset="store_ln265/1 "/>
</bind>
</comp>

<comp id="257" class="1004" name="grp_reg_unsigned_short_s_fu_257">
<pin_list>
<pin id="258" dir="0" index="0" bw="11" slack="0"/>
<pin id="259" dir="0" index="1" bw="11" slack="2"/>
<pin id="260" dir="1" index="2" bw="11" slack="1"/>
</pin_list>
<bind>
<opcode="call(48) " fcode="call"/>
<opset="rows/3 "/>
</bind>
</comp>

<comp id="262" class="1004" name="grp_reg_unsigned_short_s_fu_262">
<pin_list>
<pin id="263" dir="0" index="0" bw="11" slack="0"/>
<pin id="264" dir="0" index="1" bw="11" slack="2"/>
<pin id="265" dir="1" index="2" bw="11" slack="0"/>
</pin_list>
<bind>
<opcode="call(48) " fcode="call"/>
<opset="cols/3 "/>
</bind>
</comp>

<comp id="267" class="1004" name="axi_last_V_loc_load_load_fu_267">
<pin_list>
<pin id="268" dir="0" index="0" bw="1" slack="3"/>
<pin id="269" dir="1" index="1" bw="1" slack="2147483647"/>
</pin_list>
<bind>
<opcode="load(27) " fcode="load"/>
<opset="axi_last_V_loc_load/4 "/>
</bind>
</comp>

<comp id="270" class="1004" name="cmp8460_fu_270">
<pin_list>
<pin id="271" dir="0" index="0" bw="11" slack="0"/>
<pin id="272" dir="0" index="1" bw="11" slack="0"/>
<pin id="273" dir="1" index="2" bw="1" slack="2"/>
</pin_list>
<bind>
<opcode="icmp(45) " fcode="icmp"/>
<opset="cmp8460/4 "/>
</bind>
</comp>

<comp id="276" class="1004" name="cond_fu_276">
<pin_list>
<pin id="277" dir="0" index="0" bw="16" slack="0"/>
<pin id="278" dir="0" index="1" bw="16" slack="0"/>
<pin id="279" dir="1" index="2" bw="1" slack="2"/>
</pin_list>
<bind>
<opcode="icmp(45) " fcode="icmp"/>
<opset="cond/4 "/>
</bind>
</comp>

<comp id="282" class="1004" name="i_3_load_fu_282">
<pin_list>
<pin id="283" dir="0" index="0" bw="11" slack="4"/>
<pin id="284" dir="1" index="1" bw="11" slack="0"/>
</pin_list>
<bind>
<opcode="load(27) " fcode="load"/>
<opset="i_3/5 "/>
</bind>
</comp>

<comp id="285" class="1004" name="icmp_ln265_fu_285">
<pin_list>
<pin id="286" dir="0" index="0" bw="11" slack="0"/>
<pin id="287" dir="0" index="1" bw="11" slack="1"/>
<pin id="288" dir="1" index="2" bw="1" slack="1"/>
</pin_list>
<bind>
<opcode="icmp(45) " fcode="icmp"/>
<opset="icmp_ln265/5 "/>
</bind>
</comp>

<comp id="290" class="1004" name="i_4_fu_290">
<pin_list>
<pin id="291" dir="0" index="0" bw="11" slack="0"/>
<pin id="292" dir="0" index="1" bw="1" slack="0"/>
<pin id="293" dir="1" index="2" bw="11" slack="3"/>
</pin_list>
<bind>
<opcode="add(8) " fcode="add"/>
<opset="i_4/5 "/>
</bind>
</comp>

<comp id="296" class="1004" name="axi_data_V_load_fu_296">
<pin_list>
<pin id="297" dir="0" index="0" bw="24" slack="5"/>
<pin id="298" dir="1" index="1" bw="24" slack="0"/>
</pin_list>
<bind>
<opcode="load(27) " fcode="load"/>
<opset="axi_data_V/6 "/>
</bind>
</comp>

<comp id="300" class="1004" name="sof_load_load_fu_300">
<pin_list>
<pin id="301" dir="0" index="0" bw="1" slack="5"/>
<pin id="302" dir="1" index="1" bw="1" slack="0"/>
</pin_list>
<bind>
<opcode="load(27) " fcode="load"/>
<opset="sof_load/6 "/>
</bind>
</comp>

<comp id="304" class="1004" name="eol_loc_load_load_fu_304">
<pin_list>
<pin id="305" dir="0" index="0" bw="1" slack="7"/>
<pin id="306" dir="1" index="1" bw="1" slack="2147483647"/>
</pin_list>
<bind>
<opcode="load(27) " fcode="load"/>
<opset="eol_loc_load/8 "/>
</bind>
</comp>

<comp id="307" class="1004" name="axi_data_V_15_loc_load_load_fu_307">
<pin_list>
<pin id="308" dir="0" index="0" bw="24" slack="7"/>
<pin id="309" dir="1" index="1" bw="24" slack="2147483647"/>
</pin_list>
<bind>
<opcode="load(27) " fcode="load"/>
<opset="axi_data_V_15_loc_load/8 "/>
</bind>
</comp>

<comp id="310" class="1004" name="store_ln0_store_fu_310">
<pin_list>
<pin id="311" dir="0" index="0" bw="1" slack="0"/>
<pin id="312" dir="0" index="1" bw="1" slack="7"/>
<pin id="313" dir="1" index="2" bw="0" slack="2147483647"/>
</pin_list>
<bind>
<opcode="store(28) " fcode="store"/>
<opset="store_ln0/8 "/>
</bind>
</comp>

<comp id="315" class="1004" name="store_ln265_store_fu_315">
<pin_list>
<pin id="316" dir="0" index="0" bw="11" slack="3"/>
<pin id="317" dir="0" index="1" bw="11" slack="7"/>
<pin id="318" dir="1" index="2" bw="0" slack="2147483647"/>
</pin_list>
<bind>
<opcode="store(28) " fcode="store"/>
<opset="store_ln265/8 "/>
</bind>
</comp>

<comp id="319" class="1004" name="axi_last_V_4_loc_load_load_fu_319">
<pin_list>
<pin id="320" dir="0" index="0" bw="1" slack="10"/>
<pin id="321" dir="1" index="1" bw="1" slack="2147483647"/>
</pin_list>
<bind>
<opcode="load(27) " fcode="load"/>
<opset="axi_last_V_4_loc_load/11 "/>
</bind>
</comp>

<comp id="322" class="1005" name="i_reg_322">
<pin_list>
<pin id="323" dir="0" index="0" bw="11" slack="0"/>
<pin id="324" dir="1" index="1" bw="11" slack="0"/>
</pin_list>
<bind>
<opset="i "/>
</bind>
</comp>

<comp id="329" class="1005" name="axi_data_V_14_reg_329">
<pin_list>
<pin id="330" dir="0" index="0" bw="24" slack="1"/>
<pin id="331" dir="1" index="1" bw="24" slack="1"/>
</pin_list>
<bind>
<opset="axi_data_V_14 "/>
</bind>
</comp>

<comp id="336" class="1005" name="sof_reg_336">
<pin_list>
<pin id="337" dir="0" index="0" bw="1" slack="0"/>
<pin id="338" dir="1" index="1" bw="1" slack="0"/>
</pin_list>
<bind>
<opset="sof "/>
</bind>
</comp>

<comp id="343" class="1005" name="axi_last_V_4_loc_reg_343">
<pin_list>
<pin id="344" dir="0" index="0" bw="1" slack="8"/>
<pin id="345" dir="1" index="1" bw="1" slack="8"/>
</pin_list>
<bind>
<opset="axi_last_V_4_loc "/>
</bind>
</comp>

<comp id="349" class="1005" name="axi_data_V_15_loc_reg_349">
<pin_list>
<pin id="350" dir="0" index="0" bw="24" slack="5"/>
<pin id="351" dir="1" index="1" bw="24" slack="5"/>
</pin_list>
<bind>
<opset="axi_data_V_15_loc "/>
</bind>
</comp>

<comp id="355" class="1005" name="eol_loc_reg_355">
<pin_list>
<pin id="356" dir="0" index="0" bw="1" slack="5"/>
<pin id="357" dir="1" index="1" bw="1" slack="5"/>
</pin_list>
<bind>
<opset="eol_loc "/>
</bind>
</comp>

<comp id="361" class="1005" name="axi_last_V_loc_reg_361">
<pin_list>
<pin id="362" dir="0" index="0" bw="1" slack="1"/>
<pin id="363" dir="1" index="1" bw="1" slack="1"/>
</pin_list>
<bind>
<opset="axi_last_V_loc "/>
</bind>
</comp>

<comp id="367" class="1005" name="trunc_ln247_reg_367">
<pin_list>
<pin id="368" dir="0" index="0" bw="11" slack="2"/>
<pin id="369" dir="1" index="1" bw="11" slack="2"/>
</pin_list>
<bind>
<opset="trunc_ln247 "/>
</bind>
</comp>

<comp id="372" class="1005" name="trunc_ln248_reg_372">
<pin_list>
<pin id="373" dir="0" index="0" bw="11" slack="2"/>
<pin id="374" dir="1" index="1" bw="11" slack="2"/>
</pin_list>
<bind>
<opset="trunc_ln248 "/>
</bind>
</comp>

<comp id="377" class="1005" name="rows_reg_377">
<pin_list>
<pin id="378" dir="0" index="0" bw="11" slack="1"/>
<pin id="379" dir="1" index="1" bw="11" slack="1"/>
</pin_list>
<bind>
<opset="rows "/>
</bind>
</comp>

<comp id="382" class="1005" name="cols_reg_382">
<pin_list>
<pin id="383" dir="0" index="0" bw="11" slack="2"/>
<pin id="384" dir="1" index="1" bw="11" slack="2"/>
</pin_list>
<bind>
<opset="cols "/>
</bind>
</comp>

<comp id="390" class="1005" name="cmp8460_reg_390">
<pin_list>
<pin id="391" dir="0" index="0" bw="1" slack="2"/>
<pin id="392" dir="1" index="1" bw="1" slack="2147483647"/>
</pin_list>
<bind>
<opset="cmp8460 "/>
</bind>
</comp>

<comp id="394" class="1005" name="cond_reg_394">
<pin_list>
<pin id="395" dir="0" index="0" bw="1" slack="2"/>
<pin id="396" dir="1" index="1" bw="1" slack="2"/>
</pin_list>
<bind>
<opset="cond "/>
</bind>
</comp>

<comp id="399" class="1005" name="icmp_ln265_reg_399">
<pin_list>
<pin id="400" dir="0" index="0" bw="1" slack="1"/>
<pin id="401" dir="1" index="1" bw="1" slack="2147483647"/>
</pin_list>
<bind>
<opset="icmp_ln265 "/>
</bind>
</comp>

<comp id="403" class="1005" name="i_4_reg_403">
<pin_list>
<pin id="404" dir="0" index="0" bw="11" slack="3"/>
<pin id="405" dir="1" index="1" bw="11" slack="3"/>
</pin_list>
<bind>
<opset="i_4 "/>
</bind>
</comp>

</comp_list>

<net_list>
<net id="79"><net_src comp="22" pin="0"/><net_sink comp="76" pin=0"/></net>

<net id="83"><net_src comp="22" pin="0"/><net_sink comp="80" pin=0"/></net>

<net id="87"><net_src comp="22" pin="0"/><net_sink comp="84" pin=0"/></net>

<net id="91"><net_src comp="24" pin="0"/><net_sink comp="88" pin=0"/></net>

<net id="95"><net_src comp="24" pin="0"/><net_sink comp="92" pin=0"/></net>

<net id="99"><net_src comp="24" pin="0"/><net_sink comp="96" pin=0"/></net>

<net id="103"><net_src comp="24" pin="0"/><net_sink comp="100" pin=0"/></net>

<net id="108"><net_src comp="26" pin="0"/><net_sink comp="104" pin=0"/></net>

<net id="109"><net_src comp="16" pin="0"/><net_sink comp="104" pin=1"/></net>

<net id="114"><net_src comp="26" pin="0"/><net_sink comp="110" pin=0"/></net>

<net id="115"><net_src comp="18" pin="0"/><net_sink comp="110" pin=1"/></net>

<net id="120"><net_src comp="26" pin="0"/><net_sink comp="116" pin=0"/></net>

<net id="121"><net_src comp="20" pin="0"/><net_sink comp="116" pin=1"/></net>

<net id="131"><net_src comp="125" pin="4"/><net_sink comp="122" pin=0"/></net>

<net id="141"><net_src comp="135" pin="4"/><net_sink comp="132" pin=0"/></net>

<net id="151"><net_src comp="122" pin="1"/><net_sink comp="145" pin=2"/></net>

<net id="152"><net_src comp="145" pin="4"/><net_sink comp="142" pin=0"/></net>

<net id="156"><net_src comp="72" pin="0"/><net_sink comp="153" pin=0"/></net>

<net id="163"><net_src comp="153" pin="1"/><net_sink comp="157" pin=2"/></net>

<net id="164"><net_src comp="157" pin="4"/><net_sink comp="153" pin=0"/></net>

<net id="177"><net_src comp="34" pin="0"/><net_sink comp="165" pin=0"/></net>

<net id="178"><net_src comp="0" pin="0"/><net_sink comp="165" pin=1"/></net>

<net id="179"><net_src comp="2" pin="0"/><net_sink comp="165" pin=2"/></net>

<net id="180"><net_src comp="4" pin="0"/><net_sink comp="165" pin=3"/></net>

<net id="181"><net_src comp="6" pin="0"/><net_sink comp="165" pin=4"/></net>

<net id="182"><net_src comp="8" pin="0"/><net_sink comp="165" pin=5"/></net>

<net id="183"><net_src comp="10" pin="0"/><net_sink comp="165" pin=6"/></net>

<net id="184"><net_src comp="12" pin="0"/><net_sink comp="165" pin=7"/></net>

<net id="203"><net_src comp="70" pin="0"/><net_sink comp="185" pin=0"/></net>

<net id="204"><net_src comp="125" pin="4"/><net_sink comp="185" pin=2"/></net>

<net id="205"><net_src comp="14" pin="0"/><net_sink comp="185" pin=6"/></net>

<net id="206"><net_src comp="0" pin="0"/><net_sink comp="185" pin=7"/></net>

<net id="207"><net_src comp="2" pin="0"/><net_sink comp="185" pin=8"/></net>

<net id="208"><net_src comp="4" pin="0"/><net_sink comp="185" pin=9"/></net>

<net id="209"><net_src comp="6" pin="0"/><net_sink comp="185" pin=10"/></net>

<net id="210"><net_src comp="8" pin="0"/><net_sink comp="185" pin=11"/></net>

<net id="211"><net_src comp="10" pin="0"/><net_sink comp="185" pin=12"/></net>

<net id="212"><net_src comp="12" pin="0"/><net_sink comp="185" pin=13"/></net>

<net id="228"><net_src comp="74" pin="0"/><net_sink comp="213" pin=0"/></net>

<net id="229"><net_src comp="135" pin="4"/><net_sink comp="213" pin=1"/></net>

<net id="230"><net_src comp="145" pin="4"/><net_sink comp="213" pin=2"/></net>

<net id="231"><net_src comp="157" pin="4"/><net_sink comp="213" pin=3"/></net>

<net id="232"><net_src comp="0" pin="0"/><net_sink comp="213" pin=4"/></net>

<net id="233"><net_src comp="2" pin="0"/><net_sink comp="213" pin=5"/></net>

<net id="234"><net_src comp="4" pin="0"/><net_sink comp="213" pin=6"/></net>

<net id="235"><net_src comp="6" pin="0"/><net_sink comp="213" pin=7"/></net>

<net id="236"><net_src comp="8" pin="0"/><net_sink comp="213" pin=8"/></net>

<net id="237"><net_src comp="10" pin="0"/><net_sink comp="213" pin=9"/></net>

<net id="238"><net_src comp="12" pin="0"/><net_sink comp="213" pin=10"/></net>

<net id="242"><net_src comp="104" pin="2"/><net_sink comp="239" pin=0"/></net>

<net id="246"><net_src comp="110" pin="2"/><net_sink comp="243" pin=0"/></net>

<net id="251"><net_src comp="28" pin="0"/><net_sink comp="247" pin=0"/></net>

<net id="256"><net_src comp="30" pin="0"/><net_sink comp="252" pin=0"/></net>

<net id="261"><net_src comp="36" pin="0"/><net_sink comp="257" pin=0"/></net>

<net id="266"><net_src comp="36" pin="0"/><net_sink comp="262" pin=0"/></net>

<net id="274"><net_src comp="262" pin="2"/><net_sink comp="270" pin=0"/></net>

<net id="275"><net_src comp="30" pin="0"/><net_sink comp="270" pin=1"/></net>

<net id="280"><net_src comp="116" pin="2"/><net_sink comp="276" pin=0"/></net>

<net id="281"><net_src comp="56" pin="0"/><net_sink comp="276" pin=1"/></net>

<net id="289"><net_src comp="282" pin="1"/><net_sink comp="285" pin=0"/></net>

<net id="294"><net_src comp="282" pin="1"/><net_sink comp="290" pin=0"/></net>

<net id="295"><net_src comp="58" pin="0"/><net_sink comp="290" pin=1"/></net>

<net id="299"><net_src comp="296" pin="1"/><net_sink comp="185" pin=3"/></net>

<net id="303"><net_src comp="300" pin="1"/><net_sink comp="185" pin=1"/></net>

<net id="314"><net_src comp="72" pin="0"/><net_sink comp="310" pin=0"/></net>

<net id="325"><net_src comp="76" pin="1"/><net_sink comp="322" pin=0"/></net>

<net id="326"><net_src comp="322" pin="1"/><net_sink comp="252" pin=1"/></net>

<net id="327"><net_src comp="322" pin="1"/><net_sink comp="282" pin=0"/></net>

<net id="328"><net_src comp="322" pin="1"/><net_sink comp="315" pin=1"/></net>

<net id="332"><net_src comp="80" pin="1"/><net_sink comp="329" pin=0"/></net>

<net id="333"><net_src comp="329" pin="1"/><net_sink comp="165" pin=8"/></net>

<net id="334"><net_src comp="329" pin="1"/><net_sink comp="296" pin=0"/></net>

<net id="335"><net_src comp="329" pin="1"/><net_sink comp="213" pin=11"/></net>

<net id="339"><net_src comp="84" pin="1"/><net_sink comp="336" pin=0"/></net>

<net id="340"><net_src comp="336" pin="1"/><net_sink comp="247" pin=1"/></net>

<net id="341"><net_src comp="336" pin="1"/><net_sink comp="300" pin=0"/></net>

<net id="342"><net_src comp="336" pin="1"/><net_sink comp="310" pin=1"/></net>

<net id="346"><net_src comp="88" pin="1"/><net_sink comp="343" pin=0"/></net>

<net id="347"><net_src comp="343" pin="1"/><net_sink comp="213" pin=12"/></net>

<net id="348"><net_src comp="343" pin="1"/><net_sink comp="319" pin=0"/></net>

<net id="352"><net_src comp="92" pin="1"/><net_sink comp="349" pin=0"/></net>

<net id="353"><net_src comp="349" pin="1"/><net_sink comp="185" pin=15"/></net>

<net id="354"><net_src comp="349" pin="1"/><net_sink comp="307" pin=0"/></net>

<net id="358"><net_src comp="96" pin="1"/><net_sink comp="355" pin=0"/></net>

<net id="359"><net_src comp="355" pin="1"/><net_sink comp="185" pin=14"/></net>

<net id="360"><net_src comp="355" pin="1"/><net_sink comp="304" pin=0"/></net>

<net id="364"><net_src comp="100" pin="1"/><net_sink comp="361" pin=0"/></net>

<net id="365"><net_src comp="361" pin="1"/><net_sink comp="165" pin=9"/></net>

<net id="366"><net_src comp="361" pin="1"/><net_sink comp="267" pin=0"/></net>

<net id="370"><net_src comp="239" pin="1"/><net_sink comp="367" pin=0"/></net>

<net id="371"><net_src comp="367" pin="1"/><net_sink comp="257" pin=1"/></net>

<net id="375"><net_src comp="243" pin="1"/><net_sink comp="372" pin=0"/></net>

<net id="376"><net_src comp="372" pin="1"/><net_sink comp="262" pin=1"/></net>

<net id="380"><net_src comp="257" pin="2"/><net_sink comp="377" pin=0"/></net>

<net id="381"><net_src comp="377" pin="1"/><net_sink comp="285" pin=1"/></net>

<net id="385"><net_src comp="262" pin="2"/><net_sink comp="382" pin=0"/></net>

<net id="386"><net_src comp="382" pin="1"/><net_sink comp="185" pin=4"/></net>

<net id="393"><net_src comp="270" pin="2"/><net_sink comp="390" pin=0"/></net>

<net id="397"><net_src comp="276" pin="2"/><net_sink comp="394" pin=0"/></net>

<net id="398"><net_src comp="394" pin="1"/><net_sink comp="185" pin=5"/></net>

<net id="402"><net_src comp="285" pin="2"/><net_sink comp="399" pin=0"/></net>

<net id="406"><net_src comp="290" pin="2"/><net_sink comp="403" pin=0"/></net>

<net id="407"><net_src comp="403" pin="1"/><net_sink comp="315" pin=0"/></net>

</net_list>

</model> 
---------------- Datapath Model END ------------------

* FSMD analyzer results:
  - Output states:
	Port: s_axis_video_V_data_V | {}
	Port: s_axis_video_V_keep_V | {}
	Port: s_axis_video_V_strb_V | {}
	Port: s_axis_video_V_user_V | {}
	Port: s_axis_video_V_last_V | {}
	Port: s_axis_video_V_id_V | {}
	Port: s_axis_video_V_dest_V | {}
	Port: srcYUV | {6 7 }
	Port: height | {}
	Port: width | {}
	Port: video_format | {}
 - Input state : 
	Port: AXIvideo2MultiPixStream : s_axis_video_V_data_V | {2 3 6 7 9 10 }
	Port: AXIvideo2MultiPixStream : s_axis_video_V_keep_V | {2 3 6 7 9 10 }
	Port: AXIvideo2MultiPixStream : s_axis_video_V_strb_V | {2 3 6 7 9 10 }
	Port: AXIvideo2MultiPixStream : s_axis_video_V_user_V | {2 3 6 7 9 10 }
	Port: AXIvideo2MultiPixStream : s_axis_video_V_last_V | {2 3 6 7 9 10 }
	Port: AXIvideo2MultiPixStream : s_axis_video_V_id_V | {2 3 6 7 9 10 }
	Port: AXIvideo2MultiPixStream : s_axis_video_V_dest_V | {2 3 6 7 9 10 }
	Port: AXIvideo2MultiPixStream : height | {1 }
	Port: AXIvideo2MultiPixStream : width | {1 }
	Port: AXIvideo2MultiPixStream : video_format | {4 }
  - Chain level:
	State 1
		store_ln265 : 1
		store_ln265 : 1
	State 2
	State 3
	State 4
		cmp8460 : 1
	State 5
		icmp_ln265 : 1
		i_4 : 1
	State 6
		call_ln248 : 1
	State 7
	State 8
	State 9
		call_ln0 : 1
	State 10
	State 11


============================================================
+ Verbose Summary: Datapath Resource usage 
============================================================

* Functional unit list:
|----------|-----------------------------------------------------------------|---------|---------|
| Operation|                         Functional Unit                         |    FF   |   LUT   |
|----------|-----------------------------------------------------------------|---------|---------|
|          | grp_AXIvideo2MultiPixStream_Pipeline_loop_wait_for_start_fu_165 |    1    |    0    |
|          |      grp_AXIvideo2MultiPixStream_Pipeline_loop_width_fu_185     |    41   |    49   |
|   call   |  grp_AXIvideo2MultiPixStream_Pipeline_loop_wait_for_eol_fu_213  |    3    |    0    |
|          |                 grp_reg_unsigned_short_s_fu_257                 |    11   |    0    |
|          |                 grp_reg_unsigned_short_s_fu_262                 |    11   |    0    |
|----------|-----------------------------------------------------------------|---------|---------|
|          |                          cmp8460_fu_270                         |    0    |    11   |
|   icmp   |                           cond_fu_276                           |    0    |    13   |
|          |                        icmp_ln265_fu_285                        |    0    |    11   |
|----------|-----------------------------------------------------------------|---------|---------|
|    add   |                            i_4_fu_290                           |    0    |    12   |
|----------|-----------------------------------------------------------------|---------|---------|
|          |                     height_read_read_fu_104                     |    0    |    0    |
|   read   |                      width_read_read_fu_110                     |    0    |    0    |
|          |                  video_format_read_read_fu_116                  |    0    |    0    |
|----------|-----------------------------------------------------------------|---------|---------|
|   trunc  |                        trunc_ln247_fu_239                       |    0    |    0    |
|          |                        trunc_ln248_fu_243                       |    0    |    0    |
|----------|-----------------------------------------------------------------|---------|---------|
|   Total  |                                                                 |    67   |    96   |
|----------|-----------------------------------------------------------------|---------|---------|

Memories:
N/A

* Register list:
+-------------------------+--------+
|                         |   FF   |
+-------------------------+--------+
| axi_data_2_lcssa_reg_132|   24   |
|  axi_data_V_14_reg_329  |   24   |
|axi_data_V_15_loc_reg_349|   24   |
| axi_last_2_lcssa_reg_142|    1   |
|   axi_last_V_2_reg_122  |    1   |
| axi_last_V_4_loc_reg_343|    1   |
|  axi_last_V_loc_reg_361 |    1   |
|     cmp8460_reg_390     |    1   |
|       cols_reg_382      |   11   |
|       cond_reg_394      |    1   |
|   eol_0_lcssa_reg_153   |    1   |
|     eol_loc_reg_355     |    1   |
|       i_4_reg_403       |   11   |
|        i_reg_322        |   11   |
|    icmp_ln265_reg_399   |    1   |
|       rows_reg_377      |   11   |
|       sof_reg_336       |    1   |
|   trunc_ln247_reg_367   |   11   |
|   trunc_ln248_reg_372   |   11   |
+-------------------------+--------+
|          Total          |   148  |
+-------------------------+--------+

* Multiplexer (MUX) list: 
|---------------------|------|------|------|--------||---------||---------|
|         Comp        |  Pin | Size |  BW  | S x BW ||  Delay  ||   LUT   |
|---------------------|------|------|------|--------||---------||---------|
| eol_0_lcssa_reg_153 |  p0  |   2  |   1  |    2   ||    9    |
|---------------------|------|------|------|--------||---------||---------|
|        Total        |      |      |      |    2   ||  1.588  ||    9    |
|---------------------|------|------|------|--------||---------||---------|



* Summary:
+-----------+--------+--------+--------+
|           |  Delay |   FF   |   LUT  |
+-----------+--------+--------+--------+
|  Function |    -   |   67   |   96   |
|   Memory  |    -   |    -   |    -   |
|Multiplexer|    1   |    -   |    9   |
|  Register |    -   |   148  |    -   |
+-----------+--------+--------+--------+
|   Total   |    1   |   215  |   105  |
+-----------+--------+--------+--------+
