

================================================================
== Vitis HLS Report for 'MultiPixStream2AXIvideo'
================================================================
* Date:           Mon Aug 29 12:25:29 2022

* Version:        2022.1 (Build 3526262 on Mon Apr 18 15:47:01 MDT 2022)
* Project:        prj
* Solution:       sol (Vivado IP Flow Target)
* Product family: zynq
* Target device:  xc7z020-clg484-1


================================================================
== Performance Estimates
================================================================
+ Timing: 
    * Summary: 
    +--------+---------+----------+------------+
    |  Clock |  Target | Estimated| Uncertainty|
    +--------+---------+----------+------------+
    |ap_clk  |  5.62 ns|  3.468 ns|     1.52 ns|
    +--------+---------+----------+------------+

+ Latency: 
    * Summary: 
    +---------+---------+-----------+-----------+-----+---------+---------+
    |  Latency (cycles) |   Latency (absolute)  |    Interval   | Pipeline|
    |   min   |   max   |    min    |    max    | min |   max   |   Type  |
    +---------+---------+-----------+-----------+-----+---------+---------+
    |        3|  2081163|  16.875 ns|  11.707 ms|    3|  2081163|       no|
    +---------+---------+-----------+-----------+-----+---------+---------+

    + Detail: 
        * Instance: 
        N/A

        * Loop: 
        +--------------------+---------+---------+----------+-----------+-----------+----------+----------+
        |                    |  Latency (cycles) | Iteration|  Initiation Interval  |   Trip   |          |
        |      Loop Name     |   min   |   max   |  Latency |  achieved |   target  |   Count  | Pipelined|
        +--------------------+---------+---------+----------+-----------+-----------+----------+----------+
        |- VITIS_LOOP_378_1  |        0|  2081160|  2 ~ 1927|          -|          -|  0 ~ 1080|        no|
        +--------------------+---------+---------+----------+-----------+-----------+----------+----------+

============================================================
+ Verbose Summary: Synthesis Manager
============================================================
InlineROM: 1
ExposeGlobal: 0
============================================================
+ Verbose Summary: CDFG Model
============================================================
IsTopModel: 0
ResetActiveHigh: 1
IsCombinational: 2
IsDatapathOnly: 0
HasWiredReturn: 1
HasMFsm: 0
HasVarLatency: 1
IsPipeline: 0
IsRtlPipelined: 0
IsInstanceOverlapped: 0
IsDontTouch: 0
HasImplIP: 0
IsGatedGlobalClock: 0


============================================================
+ Verbose Summary: Schedule
============================================================
* Number of FSM states : 6
* Pipeline : 0
* Dataflow Pipeline: 0

* FSM state transitions: 
1 --> 2 
2 --> 3 
3 --> 6 4 5 
4 --> 5 
5 --> 3 
6 --> 

* FSM state operations: 

State 1 <SV = 0> <Delay = 1.58>
ST_1 : Operation 7 [1/1] (0.00ns)   --->   "%i = alloca i32 1"   --->   Operation 7 'alloca' 'i' <Predicate = true> <Delay = 0.00>
ST_1 : Operation 8 [1/1] (0.00ns)   --->   "%sof = alloca i32 1"   --->   Operation 8 'alloca' 'sof' <Predicate = true> <Delay = 0.00>
ST_1 : Operation 9 [1/1] (0.00ns)   --->   "%height_read = read i16 @_ssdm_op_Read.ap_auto.i16P0A, i16 %height" [/home/benchmarker/FPGAProject/SOBEL_HDMI_1024/SOBEL_HDMI_1024.runs/bd_3a92_ltr_0_synth_1/prj/sol/.autopilot/db/v_letterbox.cpp:343]   --->   Operation 9 'read' 'height_read' <Predicate = true> <Delay = 0.00>
ST_1 : Operation 10 [1/1] (0.00ns)   --->   "%trunc_ln343 = trunc i16 %height_read" [/home/benchmarker/FPGAProject/SOBEL_HDMI_1024/SOBEL_HDMI_1024.runs/bd_3a92_ltr_0_synth_1/prj/sol/.autopilot/db/v_letterbox.cpp:343]   --->   Operation 10 'trunc' 'trunc_ln343' <Predicate = true> <Delay = 0.00>
ST_1 : Operation 11 [2/2] (0.00ns)   --->   "%rows = call i11 @reg<unsigned short>, i11 %trunc_ln343" [/home/benchmarker/FPGAProject/SOBEL_HDMI_1024/SOBEL_HDMI_1024.runs/bd_3a92_ltr_0_synth_1/prj/sol/.autopilot/db/v_letterbox.cpp:343]   --->   Operation 11 'call' 'rows' <Predicate = true> <Delay = 0.00> <CoreType = "Generic">   --->   Core 0 '' <Latency = 0> <II = 1> <Delay = 1.00> <Generic> <Opcode : >
ST_1 : Operation 12 [1/1] (0.00ns)   --->   "%width_read = read i16 @_ssdm_op_Read.ap_auto.i16P0A, i16 %width" [/home/benchmarker/FPGAProject/SOBEL_HDMI_1024/SOBEL_HDMI_1024.runs/bd_3a92_ltr_0_synth_1/prj/sol/.autopilot/db/v_letterbox.cpp:344]   --->   Operation 12 'read' 'width_read' <Predicate = true> <Delay = 0.00>
ST_1 : Operation 13 [1/1] (0.00ns)   --->   "%trunc_ln344 = trunc i16 %width_read" [/home/benchmarker/FPGAProject/SOBEL_HDMI_1024/SOBEL_HDMI_1024.runs/bd_3a92_ltr_0_synth_1/prj/sol/.autopilot/db/v_letterbox.cpp:344]   --->   Operation 13 'trunc' 'trunc_ln344' <Predicate = true> <Delay = 0.00>
ST_1 : Operation 14 [2/2] (0.00ns)   --->   "%cols = call i11 @reg<unsigned short>, i11 %trunc_ln344" [/home/benchmarker/FPGAProject/SOBEL_HDMI_1024/SOBEL_HDMI_1024.runs/bd_3a92_ltr_0_synth_1/prj/sol/.autopilot/db/v_letterbox.cpp:344]   --->   Operation 14 'call' 'cols' <Predicate = true> <Delay = 0.00> <CoreType = "Generic">   --->   Core 0 '' <Latency = 0> <II = 1> <Delay = 1.00> <Generic> <Opcode : >
ST_1 : Operation 15 [1/1] (1.58ns)   --->   "%store_ln378 = store i1 1, i1 %sof" [/home/benchmarker/FPGAProject/SOBEL_HDMI_1024/SOBEL_HDMI_1024.runs/bd_3a92_ltr_0_synth_1/prj/sol/.autopilot/db/v_letterbox.cpp:378]   --->   Operation 15 'store' 'store_ln378' <Predicate = true> <Delay = 1.58>
ST_1 : Operation 16 [1/1] (1.58ns)   --->   "%store_ln378 = store i11 0, i11 %i" [/home/benchmarker/FPGAProject/SOBEL_HDMI_1024/SOBEL_HDMI_1024.runs/bd_3a92_ltr_0_synth_1/prj/sol/.autopilot/db/v_letterbox.cpp:378]   --->   Operation 16 'store' 'store_ln378' <Predicate = true> <Delay = 1.58>

State 2 <SV = 1> <Delay = 1.88>
ST_2 : Operation 17 [1/1] (0.00ns)   --->   "%specstablecontent_ln0 = specstablecontent void @_ssdm_op_SpecStableContent, i16 %video_format, void "   --->   Operation 17 'specstablecontent' 'specstablecontent_ln0' <Predicate = true> <Delay = 0.00>
ST_2 : Operation 18 [1/1] (0.00ns)   --->   "%specstablecontent_ln0 = specstablecontent void @_ssdm_op_SpecStableContent, i16 %height, void "   --->   Operation 18 'specstablecontent' 'specstablecontent_ln0' <Predicate = true> <Delay = 0.00>
ST_2 : Operation 19 [1/1] (0.00ns)   --->   "%specstablecontent_ln0 = specstablecontent void @_ssdm_op_SpecStableContent, i16 %width, void "   --->   Operation 19 'specstablecontent' 'specstablecontent_ln0' <Predicate = true> <Delay = 0.00>
ST_2 : Operation 20 [1/1] (0.00ns)   --->   "%specinterface_ln0 = specinterface void @_ssdm_op_SpecInterface, i24 %outYUV, void @empty_14, i32 0, i32 0, void @empty_2, i32 0, i32 0, void @empty_2, void @empty_2, void @empty_2, i32 0, i32 0, i32 0, i32 0, void @empty_2, void @empty_2, i32 4294967295, i32 0"   --->   Operation 20 'specinterface' 'specinterface_ln0' <Predicate = true> <Delay = 0.00>
ST_2 : Operation 21 [1/1] (0.00ns)   --->   "%specinterface_ln0 = specinterface void @_ssdm_op_SpecInterface, i1 %m_axis_video_V_dest_V, i1 %m_axis_video_V_id_V, i1 %m_axis_video_V_last_V, i1 %m_axis_video_V_user_V, i3 %m_axis_video_V_strb_V, i3 %m_axis_video_V_keep_V, i24 %m_axis_video_V_data_V, void @empty_4, i32 1, i32 1, void @empty_3, i32 0, i32 0, void @empty_2, void @empty_2, void @empty_2, i32 0, i32 0, i32 0, i32 0, void @empty_2, void @empty_2, i32 4294967295, i32 0"   --->   Operation 21 'specinterface' 'specinterface_ln0' <Predicate = true> <Delay = 0.00>
ST_2 : Operation 22 [1/2] (0.00ns)   --->   "%rows = call i11 @reg<unsigned short>, i11 %trunc_ln343" [/home/benchmarker/FPGAProject/SOBEL_HDMI_1024/SOBEL_HDMI_1024.runs/bd_3a92_ltr_0_synth_1/prj/sol/.autopilot/db/v_letterbox.cpp:343]   --->   Operation 22 'call' 'rows' <Predicate = true> <Delay = 0.00> <CoreType = "Generic">   --->   Core 0 '' <Latency = 0> <II = 1> <Delay = 1.00> <Generic> <Opcode : >
ST_2 : Operation 23 [1/2] (0.00ns)   --->   "%cols = call i11 @reg<unsigned short>, i11 %trunc_ln344" [/home/benchmarker/FPGAProject/SOBEL_HDMI_1024/SOBEL_HDMI_1024.runs/bd_3a92_ltr_0_synth_1/prj/sol/.autopilot/db/v_letterbox.cpp:344]   --->   Operation 23 'call' 'cols' <Predicate = true> <Delay = 0.00> <CoreType = "Generic">   --->   Core 0 '' <Latency = 0> <II = 1> <Delay = 1.00> <Generic> <Opcode : >
ST_2 : Operation 24 [1/1] (0.00ns)   --->   "%zext_ln344 = zext i11 %cols" [/home/benchmarker/FPGAProject/SOBEL_HDMI_1024/SOBEL_HDMI_1024.runs/bd_3a92_ltr_0_synth_1/prj/sol/.autopilot/db/v_letterbox.cpp:344]   --->   Operation 24 'zext' 'zext_ln344' <Predicate = true> <Delay = 0.00>
ST_2 : Operation 25 [1/1] (1.63ns)   --->   "%sub = add i12 %zext_ln344, i12 4095" [/home/benchmarker/FPGAProject/SOBEL_HDMI_1024/SOBEL_HDMI_1024.runs/bd_3a92_ltr_0_synth_1/prj/sol/.autopilot/db/v_letterbox.cpp:344]   --->   Operation 25 'add' 'sub' <Predicate = true> <Delay = 1.63> <CoreInst = "Adder">   --->   Core 1 'Adder' <Latency = 0> <II = 1> <Delay = 1.63> <FuncUnit> <Opcode : 'add' 'sub'> <InPorts = 2> <OutPorts = 1>
ST_2 : Operation 26 [1/1] (0.00ns)   --->   "%video_format_read = read i16 @_ssdm_op_Read.ap_auto.i16P0A, i16 %video_format"   --->   Operation 26 'read' 'video_format_read' <Predicate = true> <Delay = 0.00>
ST_2 : Operation 27 [1/1] (1.88ns)   --->   "%cmp17234 = icmp_eq  i11 %cols, i11 0" [/home/benchmarker/FPGAProject/SOBEL_HDMI_1024/SOBEL_HDMI_1024.runs/bd_3a92_ltr_0_synth_1/prj/sol/.autopilot/db/v_letterbox.cpp:344]   --->   Operation 27 'icmp' 'cmp17234' <Predicate = true> <Delay = 1.88> <CoreInst = "Cmp">   --->   Core 9 'Cmp' <Latency = 0> <II = 1> <Delay = 1.88> <FuncUnit> <Opcode : 'icmp'> <InPorts = 2> <OutPorts = 1>
ST_2 : Operation 28 [1/1] (0.00ns)   --->   "%br_ln378 = br void %VITIS_LOOP_380_2" [/home/benchmarker/FPGAProject/SOBEL_HDMI_1024/SOBEL_HDMI_1024.runs/bd_3a92_ltr_0_synth_1/prj/sol/.autopilot/db/v_letterbox.cpp:378]   --->   Operation 28 'br' 'br_ln378' <Predicate = true> <Delay = 0.00>

State 3 <SV = 2> <Delay = 1.88>
ST_3 : Operation 29 [1/1] (0.00ns)   --->   "%i_1 = load i11 %i" [/home/benchmarker/FPGAProject/SOBEL_HDMI_1024/SOBEL_HDMI_1024.runs/bd_3a92_ltr_0_synth_1/prj/sol/.autopilot/db/v_letterbox.cpp:378]   --->   Operation 29 'load' 'i_1' <Predicate = true> <Delay = 0.00>
ST_3 : Operation 30 [1/1] (1.88ns)   --->   "%icmp_ln378 = icmp_eq  i11 %i_1, i11 %rows" [/home/benchmarker/FPGAProject/SOBEL_HDMI_1024/SOBEL_HDMI_1024.runs/bd_3a92_ltr_0_synth_1/prj/sol/.autopilot/db/v_letterbox.cpp:378]   --->   Operation 30 'icmp' 'icmp_ln378' <Predicate = true> <Delay = 1.88> <CoreInst = "Cmp">   --->   Core 9 'Cmp' <Latency = 0> <II = 1> <Delay = 1.88> <FuncUnit> <Opcode : 'icmp'> <InPorts = 2> <OutPorts = 1>
ST_3 : Operation 31 [1/1] (0.00ns)   --->   "%speclooptripcount_ln0 = speclooptripcount void @_ssdm_op_SpecLoopTripCount, i64 0, i64 1080, i64 0"   --->   Operation 31 'speclooptripcount' 'speclooptripcount_ln0' <Predicate = true> <Delay = 0.00>
ST_3 : Operation 32 [1/1] (1.63ns)   --->   "%i_2 = add i11 %i_1, i11 1" [/home/benchmarker/FPGAProject/SOBEL_HDMI_1024/SOBEL_HDMI_1024.runs/bd_3a92_ltr_0_synth_1/prj/sol/.autopilot/db/v_letterbox.cpp:378]   --->   Operation 32 'add' 'i_2' <Predicate = true> <Delay = 1.63> <CoreInst = "Adder">   --->   Core 1 'Adder' <Latency = 0> <II = 1> <Delay = 1.63> <FuncUnit> <Opcode : 'add' 'sub'> <InPorts = 2> <OutPorts = 1>
ST_3 : Operation 33 [1/1] (0.00ns)   --->   "%br_ln378 = br i1 %icmp_ln378, void %VITIS_LOOP_380_2.split, void %for.end87.loopexit" [/home/benchmarker/FPGAProject/SOBEL_HDMI_1024/SOBEL_HDMI_1024.runs/bd_3a92_ltr_0_synth_1/prj/sol/.autopilot/db/v_letterbox.cpp:378]   --->   Operation 33 'br' 'br_ln378' <Predicate = true> <Delay = 0.00>
ST_3 : Operation 34 [1/1] (0.00ns)   --->   "%specloopname_ln377 = specloopname void @_ssdm_op_SpecLoopName, void @empty_10" [/home/benchmarker/FPGAProject/SOBEL_HDMI_1024/SOBEL_HDMI_1024.runs/bd_3a92_ltr_0_synth_1/prj/sol/.autopilot/db/v_letterbox.cpp:377]   --->   Operation 34 'specloopname' 'specloopname_ln377' <Predicate = (!icmp_ln378)> <Delay = 0.00>
ST_3 : Operation 35 [1/1] (0.00ns)   --->   "%br_ln380 = br i1 %cmp17234, void %for.body19.preheader, void %for.inc85" [/home/benchmarker/FPGAProject/SOBEL_HDMI_1024/SOBEL_HDMI_1024.runs/bd_3a92_ltr_0_synth_1/prj/sol/.autopilot/db/v_letterbox.cpp:380]   --->   Operation 35 'br' 'br_ln380' <Predicate = (!icmp_ln378)> <Delay = 0.00>

State 4 <SV = 3> <Delay = 3.46>
ST_4 : Operation 36 [1/1] (0.00ns)   --->   "%sof_load = load i1 %sof"   --->   Operation 36 'load' 'sof_load' <Predicate = true> <Delay = 0.00>
ST_4 : Operation 37 [1/1] (0.00ns)   --->   "%empty = wait i32 @_ssdm_op_Wait"   --->   Operation 37 'wait' 'empty' <Predicate = true> <Delay = 0.00>
ST_4 : Operation 38 [2/2] (3.46ns)   --->   "%call_ln344 = call void @MultiPixStream2AXIvideo_Pipeline_VITIS_LOOP_380_2, i1 %sof_load, i11 %cols, i24 %m_axis_video_V_data_V, i3 %m_axis_video_V_keep_V, i3 %m_axis_video_V_strb_V, i1 %m_axis_video_V_user_V, i1 %m_axis_video_V_last_V, i1 %m_axis_video_V_id_V, i1 %m_axis_video_V_dest_V, i16 %video_format_read, i12 %sub, i24 %outYUV" [/home/benchmarker/FPGAProject/SOBEL_HDMI_1024/SOBEL_HDMI_1024.runs/bd_3a92_ltr_0_synth_1/prj/sol/.autopilot/db/v_letterbox.cpp:344]   --->   Operation 38 'call' 'call_ln344' <Predicate = true> <Delay = 3.46> <CoreType = "Generic">   --->   Core 0 '' <Latency = 0> <II = 1> <Delay = 1.00> <Generic> <Opcode : >

State 5 <SV = 4> <Delay = 3.41>
ST_5 : Operation 39 [1/2] (3.41ns)   --->   "%call_ln344 = call void @MultiPixStream2AXIvideo_Pipeline_VITIS_LOOP_380_2, i1 %sof_load, i11 %cols, i24 %m_axis_video_V_data_V, i3 %m_axis_video_V_keep_V, i3 %m_axis_video_V_strb_V, i1 %m_axis_video_V_user_V, i1 %m_axis_video_V_last_V, i1 %m_axis_video_V_id_V, i1 %m_axis_video_V_dest_V, i16 %video_format_read, i12 %sub, i24 %outYUV" [/home/benchmarker/FPGAProject/SOBEL_HDMI_1024/SOBEL_HDMI_1024.runs/bd_3a92_ltr_0_synth_1/prj/sol/.autopilot/db/v_letterbox.cpp:344]   --->   Operation 39 'call' 'call_ln344' <Predicate = (!cmp17234)> <Delay = 3.41> <CoreType = "Generic">   --->   Core 0 '' <Latency = 0> <II = 1> <Delay = 1.00> <Generic> <Opcode : >
ST_5 : Operation 40 [1/1] (1.58ns)   --->   "%store_ln0 = store i1 0, i1 %sof"   --->   Operation 40 'store' 'store_ln0' <Predicate = (!cmp17234)> <Delay = 1.58>
ST_5 : Operation 41 [1/1] (0.00ns)   --->   "%br_ln0 = br void %for.inc85"   --->   Operation 41 'br' 'br_ln0' <Predicate = (!cmp17234)> <Delay = 0.00>
ST_5 : Operation 42 [1/1] (1.58ns)   --->   "%store_ln378 = store i11 %i_2, i11 %i" [/home/benchmarker/FPGAProject/SOBEL_HDMI_1024/SOBEL_HDMI_1024.runs/bd_3a92_ltr_0_synth_1/prj/sol/.autopilot/db/v_letterbox.cpp:378]   --->   Operation 42 'store' 'store_ln378' <Predicate = true> <Delay = 1.58>
ST_5 : Operation 43 [1/1] (0.00ns)   --->   "%br_ln378 = br void %VITIS_LOOP_380_2" [/home/benchmarker/FPGAProject/SOBEL_HDMI_1024/SOBEL_HDMI_1024.runs/bd_3a92_ltr_0_synth_1/prj/sol/.autopilot/db/v_letterbox.cpp:378]   --->   Operation 43 'br' 'br_ln378' <Predicate = true> <Delay = 0.00>

State 6 <SV = 5> <Delay = 0.00>
ST_6 : Operation 44 [1/1] (0.00ns)   --->   "%ret_ln0 = ret"   --->   Operation 44 'ret' 'ret_ln0' <Predicate = true> <Delay = 0.00>


============================================================
+ Verbose Summary: Timing violations
============================================================
Target clock period: 5.62ns, clock uncertainty: 1.52ns.

 <State 1>: 1.59ns
The critical path consists of the following:
	'alloca' operation ('sof') [13]  (0 ns)
	'store' operation ('store_ln378', /home/benchmarker/FPGAProject/SOBEL_HDMI_1024/SOBEL_HDMI_1024.runs/bd_3a92_ltr_0_synth_1/prj/sol/.autopilot/db/v_letterbox.cpp:378) of constant 1 on local variable 'sof' [29]  (1.59 ns)

 <State 2>: 1.88ns
The critical path consists of the following:
	'call' operation ('cols', /home/benchmarker/FPGAProject/SOBEL_HDMI_1024/SOBEL_HDMI_1024.runs/bd_3a92_ltr_0_synth_1/prj/sol/.autopilot/db/v_letterbox.cpp:344) to 'reg<unsigned short>' [24]  (0 ns)
	'icmp' operation ('cmp17234', /home/benchmarker/FPGAProject/SOBEL_HDMI_1024/SOBEL_HDMI_1024.runs/bd_3a92_ltr_0_synth_1/prj/sol/.autopilot/db/v_letterbox.cpp:344) [28]  (1.88 ns)

 <State 3>: 1.88ns
The critical path consists of the following:
	'load' operation ('i', /home/benchmarker/FPGAProject/SOBEL_HDMI_1024/SOBEL_HDMI_1024.runs/bd_3a92_ltr_0_synth_1/prj/sol/.autopilot/db/v_letterbox.cpp:378) on local variable 'i' [33]  (0 ns)
	'icmp' operation ('icmp_ln378', /home/benchmarker/FPGAProject/SOBEL_HDMI_1024/SOBEL_HDMI_1024.runs/bd_3a92_ltr_0_synth_1/prj/sol/.autopilot/db/v_letterbox.cpp:378) [34]  (1.88 ns)

 <State 4>: 3.47ns
The critical path consists of the following:
	'load' operation ('sof_load') on local variable 'sof' [42]  (0 ns)
	'call' operation ('call_ln344', /home/benchmarker/FPGAProject/SOBEL_HDMI_1024/SOBEL_HDMI_1024.runs/bd_3a92_ltr_0_synth_1/prj/sol/.autopilot/db/v_letterbox.cpp:344) to 'MultiPixStream2AXIvideo_Pipeline_VITIS_LOOP_380_2' [44]  (3.47 ns)

 <State 5>: 3.41ns
The critical path consists of the following:
	'call' operation ('call_ln344', /home/benchmarker/FPGAProject/SOBEL_HDMI_1024/SOBEL_HDMI_1024.runs/bd_3a92_ltr_0_synth_1/prj/sol/.autopilot/db/v_letterbox.cpp:344) to 'MultiPixStream2AXIvideo_Pipeline_VITIS_LOOP_380_2' [44]  (3.41 ns)

 <State 6>: 0ns
The critical path consists of the following:


============================================================
+ Verbose Summary: Binding
============================================================
N/A
* FSMD analyzer results:
  - Output states:
 - Input state : 
  - Chain level:
	State 1
	State 2
	State 3
	State 4
	State 5
	State 6


============================================================
+ Verbose Summary: Datapath Resource usage 
============================================================
N/A
