

================================================================
== Vitis HLS Report for 'v_letterbox_core'
================================================================
* Date:           Mon Aug 29 12:25:29 2022

* Version:        2022.1 (Build 3526262 on Mon Apr 18 15:47:01 MDT 2022)
* Project:        prj
* Solution:       sol (Vivado IP Flow Target)
* Product family: zynq
* Target device:  xc7z020-clg484-1


================================================================
== Performance Estimates
================================================================
+ Timing: 
    * Summary: 
    +--------+---------+----------+------------+
    |  Clock |  Target | Estimated| Uncertainty|
    +--------+---------+----------+------------+
    |ap_clk  |  5.62 ns|  4.017 ns|     1.52 ns|
    +--------+---------+----------+------------+

+ Latency: 
    * Summary: 
    +---------+---------+----------+----------+-----+-----+---------+
    |  Latency (cycles) |  Latency (absolute) |  Interval | Pipeline|
    |   min   |   max   |    min   |    max   | min | max |   Type  |
    +---------+---------+----------+----------+-----+-----+---------+
    |        ?|        ?|         ?|         ?|    ?|    ?|       no|
    +---------+---------+----------+----------+-----+-----+---------+

    + Detail: 
        * Instance: 
        +-------------------------------------------------------+--------------------------------------------+---------+---------+----------+----------+-----+-----+---------+
        |                                                       |                                            |  Latency (cycles) |  Latency (absolute) |  Interval | Pipeline|
        |                        Instance                       |                   Module                   |   min   |   max   |    min   |    max   | min | max |   Type  |
        +-------------------------------------------------------+--------------------------------------------+---------+---------+----------+----------+-----+-----+---------+
        |grp_v_letterbox_core_Pipeline_VITIS_LOOP_167_2_fu_120  |v_letterbox_core_Pipeline_VITIS_LOOP_167_2  |        ?|        ?|         ?|         ?|    ?|    ?|       no|
        +-------------------------------------------------------+--------------------------------------------+---------+---------+----------+----------+-----+-----+---------+

        * Loop: 
        +--------------------+---------+---------+----------+-----------+-----------+------+----------+
        |                    |  Latency (cycles) | Iteration|  Initiation Interval  | Trip |          |
        |      Loop Name     |   min   |   max   |  Latency |  achieved |   target  | Count| Pipelined|
        +--------------------+---------+---------+----------+-----------+-----------+------+----------+
        |- VITIS_LOOP_165_1  |        ?|        ?|         ?|          -|          -|     ?|        no|
        +--------------------+---------+---------+----------+-----------+-----------+------+----------+

============================================================
+ Verbose Summary: Synthesis Manager
============================================================
InlineROM: 1
ExposeGlobal: 0
============================================================
+ Verbose Summary: CDFG Model
============================================================
IsTopModel: 0
ResetActiveHigh: 1
IsCombinational: 2
IsDatapathOnly: 0
HasWiredReturn: 1
HasMFsm: 0
HasVarLatency: 1
IsPipeline: 0
IsRtlPipelined: 0
IsInstanceOverlapped: 0
IsDontTouch: 0
HasImplIP: 0
IsGatedGlobalClock: 0


============================================================
+ Verbose Summary: Schedule
============================================================
* Number of FSM states : 4
* Pipeline : 0
* Dataflow Pipeline: 0

* FSM state transitions: 
1 --> 2 
2 --> 3 
3 --> 4 
4 --> 2 

* FSM state operations: 

State 1 <SV = 0> <Delay = 3.67>
ST_1 : Operation 5 [1/1] (0.00ns)   --->   "%y = alloca i32 1"   --->   Operation 5 'alloca' 'y' <Predicate = true> <Delay = 0.00>
ST_1 : Operation 6 [1/1] (0.00ns)   --->   "%specstablecontent_ln0 = specstablecontent void @_ssdm_op_SpecStableContent, i16 %Cr_B_value, void "   --->   Operation 6 'specstablecontent' 'specstablecontent_ln0' <Predicate = true> <Delay = 0.00>
ST_1 : Operation 7 [1/1] (0.00ns)   --->   "%specstablecontent_ln0 = specstablecontent void @_ssdm_op_SpecStableContent, i16 %Cb_G_value, void "   --->   Operation 7 'specstablecontent' 'specstablecontent_ln0' <Predicate = true> <Delay = 0.00>
ST_1 : Operation 8 [1/1] (0.00ns)   --->   "%specstablecontent_ln0 = specstablecontent void @_ssdm_op_SpecStableContent, i16 %Y_R_value, void "   --->   Operation 8 'specstablecontent' 'specstablecontent_ln0' <Predicate = true> <Delay = 0.00>
ST_1 : Operation 9 [1/1] (0.00ns)   --->   "%specstablecontent_ln0 = specstablecontent void @_ssdm_op_SpecStableContent, i16 %row_end, void "   --->   Operation 9 'specstablecontent' 'specstablecontent_ln0' <Predicate = true> <Delay = 0.00>
ST_1 : Operation 10 [1/1] (0.00ns)   --->   "%specstablecontent_ln0 = specstablecontent void @_ssdm_op_SpecStableContent, i16 %row_start, void "   --->   Operation 10 'specstablecontent' 'specstablecontent_ln0' <Predicate = true> <Delay = 0.00>
ST_1 : Operation 11 [1/1] (0.00ns)   --->   "%specstablecontent_ln0 = specstablecontent void @_ssdm_op_SpecStableContent, i16 %col_end, void "   --->   Operation 11 'specstablecontent' 'specstablecontent_ln0' <Predicate = true> <Delay = 0.00>
ST_1 : Operation 12 [1/1] (0.00ns)   --->   "%specstablecontent_ln0 = specstablecontent void @_ssdm_op_SpecStableContent, i16 %col_start, void "   --->   Operation 12 'specstablecontent' 'specstablecontent_ln0' <Predicate = true> <Delay = 0.00>
ST_1 : Operation 13 [1/1] (0.00ns)   --->   "%specstablecontent_ln0 = specstablecontent void @_ssdm_op_SpecStableContent, i16 %video_format, void "   --->   Operation 13 'specstablecontent' 'specstablecontent_ln0' <Predicate = true> <Delay = 0.00>
ST_1 : Operation 14 [1/1] (0.00ns)   --->   "%specstablecontent_ln0 = specstablecontent void @_ssdm_op_SpecStableContent, i16 %height, void "   --->   Operation 14 'specstablecontent' 'specstablecontent_ln0' <Predicate = true> <Delay = 0.00>
ST_1 : Operation 15 [1/1] (0.00ns)   --->   "%specstablecontent_ln0 = specstablecontent void @_ssdm_op_SpecStableContent, i16 %width, void "   --->   Operation 15 'specstablecontent' 'specstablecontent_ln0' <Predicate = true> <Delay = 0.00>
ST_1 : Operation 16 [1/1] (0.00ns)   --->   "%specinterface_ln0 = specinterface void @_ssdm_op_SpecInterface, i24 %outYUV, void @empty_14, i32 0, i32 0, void @empty_2, i32 0, i32 0, void @empty_2, void @empty_2, void @empty_2, i32 0, i32 0, i32 0, i32 0, void @empty_2, void @empty_2, i32 4294967295, i32 0"   --->   Operation 16 'specinterface' 'specinterface_ln0' <Predicate = true> <Delay = 0.00>
ST_1 : Operation 17 [1/1] (0.00ns)   --->   "%specinterface_ln0 = specinterface void @_ssdm_op_SpecInterface, i24 %srcYUV, void @empty_14, i32 0, i32 0, void @empty_2, i32 0, i32 0, void @empty_2, void @empty_2, void @empty_2, i32 0, i32 0, i32 0, i32 0, void @empty_2, void @empty_2, i32 4294967295, i32 0"   --->   Operation 17 'specinterface' 'specinterface_ln0' <Predicate = true> <Delay = 0.00>
ST_1 : Operation 18 [1/1] (0.00ns)   --->   "%loopWidth = read i16 @_ssdm_op_Read.ap_auto.i16P0A, i16 %width" [/home/benchmarker/FPGAProject/SOBEL_HDMI_1024/SOBEL_HDMI_1024.runs/bd_3a92_ltr_0_synth_1/prj/sol/.autopilot/db/v_letterbox.cpp:145]   --->   Operation 18 'read' 'loopWidth' <Predicate = true> <Delay = 0.00>
ST_1 : Operation 19 [1/1] (0.00ns)   --->   "%loopStart = read i16 @_ssdm_op_Read.ap_auto.i16P0A, i16 %col_start" [/home/benchmarker/FPGAProject/SOBEL_HDMI_1024/SOBEL_HDMI_1024.runs/bd_3a92_ltr_0_synth_1/prj/sol/.autopilot/db/v_letterbox.cpp:148]   --->   Operation 19 'read' 'loopStart' <Predicate = true> <Delay = 0.00>
ST_1 : Operation 20 [1/1] (0.00ns)   --->   "%loopEnd = read i16 @_ssdm_op_Read.ap_auto.i16P0A, i16 %col_end" [/home/benchmarker/FPGAProject/SOBEL_HDMI_1024/SOBEL_HDMI_1024.runs/bd_3a92_ltr_0_synth_1/prj/sol/.autopilot/db/v_letterbox.cpp:150]   --->   Operation 20 'read' 'loopEnd' <Predicate = true> <Delay = 0.00>
ST_1 : Operation 21 [1/1] (0.00ns)   --->   "%height_read = read i16 @_ssdm_op_Read.ap_auto.i16P0A, i16 %height"   --->   Operation 21 'read' 'height_read' <Predicate = true> <Delay = 0.00>
ST_1 : Operation 22 [1/1] (0.00ns)   --->   "%height_load_cast = zext i16 %height_read"   --->   Operation 22 'zext' 'height_load_cast' <Predicate = true> <Delay = 0.00>
ST_1 : Operation 23 [1/1] (0.00ns)   --->   "%row_start_read = read i16 @_ssdm_op_Read.ap_auto.i16P0A, i16 %row_start"   --->   Operation 23 'read' 'row_start_read' <Predicate = true> <Delay = 0.00>
ST_1 : Operation 24 [1/1] (0.00ns)   --->   "%row_start_load_cast = zext i16 %row_start_read"   --->   Operation 24 'zext' 'row_start_load_cast' <Predicate = true> <Delay = 0.00>
ST_1 : Operation 25 [1/1] (0.00ns)   --->   "%row_end_read = read i16 @_ssdm_op_Read.ap_auto.i16P0A, i16 %row_end"   --->   Operation 25 'read' 'row_end_read' <Predicate = true> <Delay = 0.00>
ST_1 : Operation 26 [1/1] (0.00ns)   --->   "%row_end_load_cast = zext i16 %row_end_read"   --->   Operation 26 'zext' 'row_end_load_cast' <Predicate = true> <Delay = 0.00>
ST_1 : Operation 27 [1/1] (0.00ns)   --->   "%Y_R_value_read = read i16 @_ssdm_op_Read.ap_auto.i16P0A, i16 %Y_R_value"   --->   Operation 27 'read' 'Y_R_value_read' <Predicate = true> <Delay = 0.00>
ST_1 : Operation 28 [1/1] (0.00ns)   --->   "%empty = trunc i16 %Y_R_value_read"   --->   Operation 28 'trunc' 'empty' <Predicate = true> <Delay = 0.00>
ST_1 : Operation 29 [1/1] (0.00ns)   --->   "%video_format_read = read i16 @_ssdm_op_Read.ap_auto.i16P0A, i16 %video_format"   --->   Operation 29 'read' 'video_format_read' <Predicate = true> <Delay = 0.00>
ST_1 : Operation 30 [1/1] (2.42ns)   --->   "%cmp116 = icmp_eq  i16 %video_format_read, i16 2"   --->   Operation 30 'icmp' 'cmp116' <Predicate = true> <Delay = 2.42> <CoreInst = "Cmp">   --->   Core 9 'Cmp' <Latency = 0> <II = 1> <Delay = 2.42> <FuncUnit> <Opcode : 'icmp'> <InPorts = 2> <OutPorts = 1>
ST_1 : Operation 31 [1/1] (0.00ns)   --->   "%Cb_G_value_read = read i16 @_ssdm_op_Read.ap_auto.i16P0A, i16 %Cb_G_value"   --->   Operation 31 'read' 'Cb_G_value_read' <Predicate = true> <Delay = 0.00>
ST_1 : Operation 32 [1/1] (0.00ns)   --->   "%empty_34 = trunc i16 %Cb_G_value_read"   --->   Operation 32 'trunc' 'empty_34' <Predicate = true> <Delay = 0.00>
ST_1 : Operation 33 [1/1] (0.00ns)   --->   "%Cr_B_value_read = read i16 @_ssdm_op_Read.ap_auto.i16P0A, i16 %Cr_B_value"   --->   Operation 33 'read' 'Cr_B_value_read' <Predicate = true> <Delay = 0.00>
ST_1 : Operation 34 [1/1] (0.00ns)   --->   "%empty_35 = trunc i16 %Cr_B_value_read"   --->   Operation 34 'trunc' 'empty_35' <Predicate = true> <Delay = 0.00>
ST_1 : Operation 35 [1/1] (1.24ns)   --->   "%p_0_2_0_0_0154 = select i1 %cmp116, i8 0, i8 %empty_35"   --->   Operation 35 'select' 'p_0_2_0_0_0154' <Predicate = true> <Delay = 1.24> <CoreInst = "Sel">   --->   Core 73 'Sel' <Latency = 0> <II = 1> <Delay = 1.24> <FuncUnit> <Opcode : 'select'> <InPorts = 3> <OutPorts = 1>
ST_1 : Operation 36 [1/1] (1.58ns)   --->   "%store_ln165 = store i16 1, i16 %y" [/home/benchmarker/FPGAProject/SOBEL_HDMI_1024/SOBEL_HDMI_1024.runs/bd_3a92_ltr_0_synth_1/prj/sol/.autopilot/db/v_letterbox.cpp:165]   --->   Operation 36 'store' 'store_ln165' <Predicate = true> <Delay = 1.58>
ST_1 : Operation 37 [1/1] (0.00ns)   --->   "%br_ln165 = br void %VITIS_LOOP_167_2" [/home/benchmarker/FPGAProject/SOBEL_HDMI_1024/SOBEL_HDMI_1024.runs/bd_3a92_ltr_0_synth_1/prj/sol/.autopilot/db/v_letterbox.cpp:165]   --->   Operation 37 'br' 'br_ln165' <Predicate = true> <Delay = 0.00>

State 2 <SV = 1> <Delay = 4.01>
ST_2 : Operation 38 [1/1] (0.00ns)   --->   "%y_2 = load i16 %y" [/home/benchmarker/FPGAProject/SOBEL_HDMI_1024/SOBEL_HDMI_1024.runs/bd_3a92_ltr_0_synth_1/prj/sol/.autopilot/db/v_letterbox.cpp:165]   --->   Operation 38 'load' 'y_2' <Predicate = true> <Delay = 0.00>
ST_2 : Operation 39 [1/1] (0.00ns)   --->   "%sext_ln165 = sext i16 %y_2" [/home/benchmarker/FPGAProject/SOBEL_HDMI_1024/SOBEL_HDMI_1024.runs/bd_3a92_ltr_0_synth_1/prj/sol/.autopilot/db/v_letterbox.cpp:165]   --->   Operation 39 'sext' 'sext_ln165' <Predicate = true> <Delay = 0.00>
ST_2 : Operation 40 [1/1] (2.42ns)   --->   "%icmp_ln165 = icmp_sgt  i17 %sext_ln165, i17 %height_load_cast" [/home/benchmarker/FPGAProject/SOBEL_HDMI_1024/SOBEL_HDMI_1024.runs/bd_3a92_ltr_0_synth_1/prj/sol/.autopilot/db/v_letterbox.cpp:165]   --->   Operation 40 'icmp' 'icmp_ln165' <Predicate = true> <Delay = 2.42> <CoreInst = "Cmp">   --->   Core 9 'Cmp' <Latency = 0> <II = 1> <Delay = 2.42> <FuncUnit> <Opcode : 'icmp'> <InPorts = 2> <OutPorts = 1>
ST_2 : Operation 41 [1/1] (0.00ns)   --->   "%br_ln165 = br i1 %icmp_ln165, void %VITIS_LOOP_167_2.split, void %for.end156.loopexit" [/home/benchmarker/FPGAProject/SOBEL_HDMI_1024/SOBEL_HDMI_1024.runs/bd_3a92_ltr_0_synth_1/prj/sol/.autopilot/db/v_letterbox.cpp:165]   --->   Operation 41 'br' 'br_ln165' <Predicate = true> <Delay = 0.00>
ST_2 : Operation 42 [1/1] (2.42ns)   --->   "%cmp19_not = icmp_slt  i17 %sext_ln165, i17 %row_start_load_cast" [/home/benchmarker/FPGAProject/SOBEL_HDMI_1024/SOBEL_HDMI_1024.runs/bd_3a92_ltr_0_synth_1/prj/sol/.autopilot/db/v_letterbox.cpp:165]   --->   Operation 42 'icmp' 'cmp19_not' <Predicate = (!icmp_ln165)> <Delay = 2.42> <CoreInst = "Cmp">   --->   Core 9 'Cmp' <Latency = 0> <II = 1> <Delay = 2.42> <FuncUnit> <Opcode : 'icmp'> <InPorts = 2> <OutPorts = 1>
ST_2 : Operation 43 [1/1] (2.42ns)   --->   "%cmp22_not = icmp_sgt  i17 %sext_ln165, i17 %row_end_load_cast" [/home/benchmarker/FPGAProject/SOBEL_HDMI_1024/SOBEL_HDMI_1024.runs/bd_3a92_ltr_0_synth_1/prj/sol/.autopilot/db/v_letterbox.cpp:165]   --->   Operation 43 'icmp' 'cmp22_not' <Predicate = (!icmp_ln165)> <Delay = 2.42> <CoreInst = "Cmp">   --->   Core 9 'Cmp' <Latency = 0> <II = 1> <Delay = 2.42> <FuncUnit> <Opcode : 'icmp'> <InPorts = 2> <OutPorts = 1>
ST_2 : Operation 44 [1/1] (0.00ns)   --->   "%empty_36 = wait i32 @_ssdm_op_Wait"   --->   Operation 44 'wait' 'empty_36' <Predicate = (!icmp_ln165)> <Delay = 0.00>
ST_2 : Operation 45 [1/1] (2.07ns)   --->   "%y_3 = add i16 %y_2, i16 1" [/home/benchmarker/FPGAProject/SOBEL_HDMI_1024/SOBEL_HDMI_1024.runs/bd_3a92_ltr_0_synth_1/prj/sol/.autopilot/db/v_letterbox.cpp:165]   --->   Operation 45 'add' 'y_3' <Predicate = (!icmp_ln165)> <Delay = 2.07> <CoreInst = "Adder">   --->   Core 1 'Adder' <Latency = 0> <II = 1> <Delay = 2.07> <FuncUnit> <Opcode : 'add' 'sub'> <InPorts = 2> <OutPorts = 1>
ST_2 : Operation 46 [1/1] (1.58ns)   --->   "%store_ln165 = store i16 %y_3, i16 %y" [/home/benchmarker/FPGAProject/SOBEL_HDMI_1024/SOBEL_HDMI_1024.runs/bd_3a92_ltr_0_synth_1/prj/sol/.autopilot/db/v_letterbox.cpp:165]   --->   Operation 46 'store' 'store_ln165' <Predicate = (!icmp_ln165)> <Delay = 1.58>
ST_2 : Operation 47 [1/1] (0.00ns)   --->   "%ret_ln226 = ret" [/home/benchmarker/FPGAProject/SOBEL_HDMI_1024/SOBEL_HDMI_1024.runs/bd_3a92_ltr_0_synth_1/prj/sol/.autopilot/db/v_letterbox.cpp:226]   --->   Operation 47 'ret' 'ret_ln226' <Predicate = (icmp_ln165)> <Delay = 0.00>

State 3 <SV = 2> <Delay = 4.01>
ST_3 : Operation 48 [2/2] (4.01ns)   --->   "%call_ln145 = call void @v_letterbox_core_Pipeline_VITIS_LOOP_167_2, i16 %loopWidth, i24 %srcYUV, i16 %loopStart, i16 %loopEnd, i1 %cmp116, i1 %cmp22_not, i1 %cmp19_not, i8 %p_0_2_0_0_0154, i8 %empty, i8 %empty_34, i8 %empty_35, i24 %outYUV" [/home/benchmarker/FPGAProject/SOBEL_HDMI_1024/SOBEL_HDMI_1024.runs/bd_3a92_ltr_0_synth_1/prj/sol/.autopilot/db/v_letterbox.cpp:145]   --->   Operation 48 'call' 'call_ln145' <Predicate = true> <Delay = 4.01> <CoreType = "Generic">   --->   Core 0 '' <Latency = 0> <II = 1> <Delay = 1.00> <Generic> <Opcode : >

State 4 <SV = 3> <Delay = 0.00>
ST_4 : Operation 49 [1/1] (0.00ns)   --->   "%specloopname_ln143 = specloopname void @_ssdm_op_SpecLoopName, void @empty_23" [/home/benchmarker/FPGAProject/SOBEL_HDMI_1024/SOBEL_HDMI_1024.runs/bd_3a92_ltr_0_synth_1/prj/sol/.autopilot/db/v_letterbox.cpp:143]   --->   Operation 49 'specloopname' 'specloopname_ln143' <Predicate = true> <Delay = 0.00>
ST_4 : Operation 50 [1/2] (0.00ns)   --->   "%call_ln145 = call void @v_letterbox_core_Pipeline_VITIS_LOOP_167_2, i16 %loopWidth, i24 %srcYUV, i16 %loopStart, i16 %loopEnd, i1 %cmp116, i1 %cmp22_not, i1 %cmp19_not, i8 %p_0_2_0_0_0154, i8 %empty, i8 %empty_34, i8 %empty_35, i24 %outYUV" [/home/benchmarker/FPGAProject/SOBEL_HDMI_1024/SOBEL_HDMI_1024.runs/bd_3a92_ltr_0_synth_1/prj/sol/.autopilot/db/v_letterbox.cpp:145]   --->   Operation 50 'call' 'call_ln145' <Predicate = true> <Delay = 0.00> <CoreType = "Generic">   --->   Core 0 '' <Latency = 0> <II = 1> <Delay = 1.00> <Generic> <Opcode : >
ST_4 : Operation 51 [1/1] (0.00ns)   --->   "%br_ln165 = br void %VITIS_LOOP_167_2" [/home/benchmarker/FPGAProject/SOBEL_HDMI_1024/SOBEL_HDMI_1024.runs/bd_3a92_ltr_0_synth_1/prj/sol/.autopilot/db/v_letterbox.cpp:165]   --->   Operation 51 'br' 'br_ln165' <Predicate = true> <Delay = 0.00>


============================================================
+ Verbose Summary: Binding
============================================================
STG Binding: 
---------------- STG Properties BEGIN ----------------
- Is combinational: 0
- Is one-state seq: 0
- Is datapath-only: 0
- Is pipelined: 0
- Is top level: 0
Port [ Return ] is wired: 1; IO mode=ap_ctrl_hs:ce=0
Port [ srcYUV]:  wired=1; compound=1; hidden=0; nouse=0; global=0; static=0; extern=0; dir=0; type=3; pingpong=0; private_global=0; IO mode=ap_fifo:ce=0
Port [ height]:  wired=1; compound=0; hidden=0; nouse=0; global=0; static=0; extern=0; dir=0; type=0; pingpong=0; private_global=0; IO mode=ap_none:ce=0
Port [ width]:  wired=1; compound=0; hidden=0; nouse=0; global=0; static=0; extern=0; dir=0; type=0; pingpong=0; private_global=0; IO mode=ap_none:ce=0
Port [ video_format]:  wired=1; compound=0; hidden=0; nouse=0; global=0; static=0; extern=0; dir=0; type=0; pingpong=0; private_global=0; IO mode=ap_none:ce=0
Port [ col_start]:  wired=1; compound=0; hidden=0; nouse=0; global=0; static=0; extern=0; dir=0; type=0; pingpong=0; private_global=0; IO mode=ap_none:ce=0
Port [ col_end]:  wired=1; compound=0; hidden=0; nouse=0; global=0; static=0; extern=0; dir=0; type=0; pingpong=0; private_global=0; IO mode=ap_none:ce=0
Port [ row_start]:  wired=1; compound=0; hidden=0; nouse=0; global=0; static=0; extern=0; dir=0; type=0; pingpong=0; private_global=0; IO mode=ap_none:ce=0
Port [ row_end]:  wired=1; compound=0; hidden=0; nouse=0; global=0; static=0; extern=0; dir=0; type=0; pingpong=0; private_global=0; IO mode=ap_none:ce=0
Port [ Y_R_value]:  wired=1; compound=0; hidden=0; nouse=0; global=0; static=0; extern=0; dir=0; type=0; pingpong=0; private_global=0; IO mode=ap_none:ce=0
Port [ Cb_G_value]:  wired=1; compound=0; hidden=0; nouse=0; global=0; static=0; extern=0; dir=0; type=0; pingpong=0; private_global=0; IO mode=ap_none:ce=0
Port [ Cr_B_value]:  wired=1; compound=0; hidden=0; nouse=0; global=0; static=0; extern=0; dir=0; type=0; pingpong=0; private_global=0; IO mode=ap_none:ce=0
Port [ outYUV]:  wired=1; compound=1; hidden=0; nouse=0; global=0; static=0; extern=0; dir=1; type=3; pingpong=0; private_global=0; IO mode=ap_fifo:ce=0
---------------- STG Properties END ------------------

---------------- Datapath Model BEGIN ----------------

<LifeTime>
<method=bitvector/>
y                     (alloca           ) [ 01111]
specstablecontent_ln0 (specstablecontent) [ 00000]
specstablecontent_ln0 (specstablecontent) [ 00000]
specstablecontent_ln0 (specstablecontent) [ 00000]
specstablecontent_ln0 (specstablecontent) [ 00000]
specstablecontent_ln0 (specstablecontent) [ 00000]
specstablecontent_ln0 (specstablecontent) [ 00000]
specstablecontent_ln0 (specstablecontent) [ 00000]
specstablecontent_ln0 (specstablecontent) [ 00000]
specstablecontent_ln0 (specstablecontent) [ 00000]
specstablecontent_ln0 (specstablecontent) [ 00000]
specinterface_ln0     (specinterface    ) [ 00000]
specinterface_ln0     (specinterface    ) [ 00000]
loopWidth             (read             ) [ 00111]
loopStart             (read             ) [ 00111]
loopEnd               (read             ) [ 00111]
height_read           (read             ) [ 00000]
height_load_cast      (zext             ) [ 00111]
row_start_read        (read             ) [ 00000]
row_start_load_cast   (zext             ) [ 00111]
row_end_read          (read             ) [ 00000]
row_end_load_cast     (zext             ) [ 00111]
Y_R_value_read        (read             ) [ 00000]
empty                 (trunc            ) [ 00111]
video_format_read     (read             ) [ 00000]
cmp116                (icmp             ) [ 00111]
Cb_G_value_read       (read             ) [ 00000]
empty_34              (trunc            ) [ 00111]
Cr_B_value_read       (read             ) [ 00000]
empty_35              (trunc            ) [ 00111]
p_0_2_0_0_0154        (select           ) [ 00111]
store_ln165           (store            ) [ 00000]
br_ln165              (br               ) [ 00000]
y_2                   (load             ) [ 00000]
sext_ln165            (sext             ) [ 00000]
icmp_ln165            (icmp             ) [ 00111]
br_ln165              (br               ) [ 00000]
cmp19_not             (icmp             ) [ 00011]
cmp22_not             (icmp             ) [ 00011]
empty_36              (wait             ) [ 00000]
y_3                   (add              ) [ 00000]
store_ln165           (store            ) [ 00000]
ret_ln226             (ret              ) [ 00000]
specloopname_ln143    (specloopname     ) [ 00000]
call_ln145            (call             ) [ 00000]
br_ln165              (br               ) [ 00000]
</LifeTime>

<model>

<comp_list>
<comp id="0" class="1000" name="srcYUV">
<pin_list>
<pin id="1" dir="1" index="0" bw="1" slack="0"/>
</pin_list>
<bind>
<StgValue><ssdm name="srcYUV"/></StgValue>
</bind>
</comp>

<comp id="2" class="1000" name="height">
<pin_list>
<pin id="3" dir="1" index="0" bw="1" slack="0"/>
</pin_list>
<bind>
<StgValue><ssdm name="height"/></StgValue>
</bind>
</comp>

<comp id="4" class="1000" name="width">
<pin_list>
<pin id="5" dir="1" index="0" bw="1" slack="0"/>
</pin_list>
<bind>
<StgValue><ssdm name="width"/></StgValue>
</bind>
</comp>

<comp id="6" class="1000" name="video_format">
<pin_list>
<pin id="7" dir="1" index="0" bw="1" slack="0"/>
</pin_list>
<bind>
<StgValue><ssdm name="video_format"/></StgValue>
</bind>
</comp>

<comp id="8" class="1000" name="col_start">
<pin_list>
<pin id="9" dir="1" index="0" bw="1" slack="0"/>
</pin_list>
<bind>
<StgValue><ssdm name="col_start"/></StgValue>
</bind>
</comp>

<comp id="10" class="1000" name="col_end">
<pin_list>
<pin id="11" dir="1" index="0" bw="1" slack="0"/>
</pin_list>
<bind>
<StgValue><ssdm name="col_end"/></StgValue>
</bind>
</comp>

<comp id="12" class="1000" name="row_start">
<pin_list>
<pin id="13" dir="1" index="0" bw="1" slack="0"/>
</pin_list>
<bind>
<StgValue><ssdm name="row_start"/></StgValue>
</bind>
</comp>

<comp id="14" class="1000" name="row_end">
<pin_list>
<pin id="15" dir="1" index="0" bw="1" slack="0"/>
</pin_list>
<bind>
<StgValue><ssdm name="row_end"/></StgValue>
</bind>
</comp>

<comp id="16" class="1000" name="Y_R_value">
<pin_list>
<pin id="17" dir="1" index="0" bw="1" slack="0"/>
</pin_list>
<bind>
<StgValue><ssdm name="Y_R_value"/></StgValue>
</bind>
</comp>

<comp id="18" class="1000" name="Cb_G_value">
<pin_list>
<pin id="19" dir="1" index="0" bw="1" slack="0"/>
</pin_list>
<bind>
<StgValue><ssdm name="Cb_G_value"/></StgValue>
</bind>
</comp>

<comp id="20" class="1000" name="Cr_B_value">
<pin_list>
<pin id="21" dir="1" index="0" bw="1" slack="0"/>
</pin_list>
<bind>
<StgValue><ssdm name="Cr_B_value"/></StgValue>
</bind>
</comp>

<comp id="22" class="1000" name="outYUV">
<pin_list>
<pin id="23" dir="1" index="0" bw="1" slack="0"/>
</pin_list>
<bind>
<StgValue><ssdm name="outYUV"/></StgValue>
</bind>
</comp>

<comp id="24" class="1001" name="const_24">
<pin_list>
<pin id="25" dir="1" index="0" bw="1" slack="0"/>
</pin_list>
<bind>
<StgValue><ssdm name=""/></StgValue>
</bind>
</comp>

<comp id="26" class="1001" name="const_26">
<pin_list>
<pin id="27" dir="1" index="0" bw="1" slack="2147483647"/>
</pin_list>
<bind>
<StgValue><ssdm name="_ssdm_op_SpecStableContent"/></StgValue>
</bind>
</comp>

<comp id="28" class="1001" name="const_28">
<pin_list>
<pin id="29" dir="1" index="0" bw="1" slack="2147483647"/>
</pin_list>
<bind>
<StgValue><ssdm name=""/></StgValue>
</bind>
</comp>

<comp id="30" class="1001" name="const_30">
<pin_list>
<pin id="31" dir="1" index="0" bw="1" slack="2147483647"/>
</pin_list>
<bind>
<StgValue><ssdm name="_ssdm_op_SpecInterface"/></StgValue>
</bind>
</comp>

<comp id="32" class="1001" name="const_32">
<pin_list>
<pin id="33" dir="1" index="0" bw="1" slack="2147483647"/>
</pin_list>
<bind>
<StgValue><ssdm name="empty_14"/></StgValue>
</bind>
</comp>

<comp id="34" class="1001" name="const_34">
<pin_list>
<pin id="35" dir="1" index="0" bw="1" slack="2147483647"/>
</pin_list>
<bind>
<StgValue><ssdm name=""/></StgValue>
</bind>
</comp>

<comp id="36" class="1001" name="const_36">
<pin_list>
<pin id="37" dir="1" index="0" bw="1" slack="2147483647"/>
</pin_list>
<bind>
<StgValue><ssdm name="empty_2"/></StgValue>
</bind>
</comp>

<comp id="38" class="1001" name="const_38">
<pin_list>
<pin id="39" dir="1" index="0" bw="1" slack="2147483647"/>
</pin_list>
<bind>
<StgValue><ssdm name=""/></StgValue>
</bind>
</comp>

<comp id="40" class="1001" name="const_40">
<pin_list>
<pin id="41" dir="1" index="0" bw="1" slack="0"/>
</pin_list>
<bind>
<StgValue><ssdm name="_ssdm_op_Read.ap_auto.i16P0A"/></StgValue>
</bind>
</comp>

<comp id="42" class="1001" name="const_42">
<pin_list>
<pin id="43" dir="1" index="0" bw="1" slack="0"/>
</pin_list>
<bind>
<StgValue><ssdm name=""/></StgValue>
</bind>
</comp>

<comp id="44" class="1001" name="const_44">
<pin_list>
<pin id="45" dir="1" index="0" bw="1" slack="0"/>
</pin_list>
<bind>
<StgValue><ssdm name=""/></StgValue>
</bind>
</comp>

<comp id="46" class="1001" name="const_46">
<pin_list>
<pin id="47" dir="1" index="0" bw="1" slack="0"/>
</pin_list>
<bind>
<StgValue><ssdm name=""/></StgValue>
</bind>
</comp>

<comp id="48" class="1001" name="const_48">
<pin_list>
<pin id="49" dir="1" index="0" bw="1" slack="2147483647"/>
</pin_list>
<bind>
<StgValue><ssdm name="_ssdm_op_Wait"/></StgValue>
</bind>
</comp>

<comp id="50" class="1001" name="const_50">
<pin_list>
<pin id="51" dir="1" index="0" bw="1" slack="0"/>
</pin_list>
<bind>
<StgValue><ssdm name="v_letterbox_core_Pipeline_VITIS_LOOP_167_2"/></StgValue>
</bind>
</comp>

<comp id="52" class="1001" name="const_52">
<pin_list>
<pin id="53" dir="1" index="0" bw="1" slack="2147483647"/>
</pin_list>
<bind>
<StgValue><ssdm name="_ssdm_op_SpecLoopName"/></StgValue>
</bind>
</comp>

<comp id="54" class="1001" name="const_54">
<pin_list>
<pin id="55" dir="1" index="0" bw="1" slack="2147483647"/>
</pin_list>
<bind>
<StgValue><ssdm name="empty_23"/></StgValue>
</bind>
</comp>

<comp id="56" class="1004" name="y_fu_56">
<pin_list>
<pin id="57" dir="0" index="0" bw="1" slack="0"/>
<pin id="58" dir="1" index="1" bw="16" slack="0"/>
</pin_list>
<bind>
<opcode="alloca(26) " fcode="alloca"/>
<opset="y/1 "/>
</bind>
</comp>

<comp id="60" class="1004" name="loopWidth_read_fu_60">
<pin_list>
<pin id="61" dir="0" index="0" bw="16" slack="0"/>
<pin id="62" dir="0" index="1" bw="16" slack="0"/>
<pin id="63" dir="1" index="2" bw="16" slack="2"/>
</pin_list>
<bind>
<opcode="read(1150) " fcode="read"/>
<opset="loopWidth/1 "/>
</bind>
</comp>

<comp id="66" class="1004" name="loopStart_read_fu_66">
<pin_list>
<pin id="67" dir="0" index="0" bw="16" slack="0"/>
<pin id="68" dir="0" index="1" bw="16" slack="0"/>
<pin id="69" dir="1" index="2" bw="16" slack="2"/>
</pin_list>
<bind>
<opcode="read(1150) " fcode="read"/>
<opset="loopStart/1 "/>
</bind>
</comp>

<comp id="72" class="1004" name="loopEnd_read_fu_72">
<pin_list>
<pin id="73" dir="0" index="0" bw="16" slack="0"/>
<pin id="74" dir="0" index="1" bw="16" slack="0"/>
<pin id="75" dir="1" index="2" bw="16" slack="2"/>
</pin_list>
<bind>
<opcode="read(1150) " fcode="read"/>
<opset="loopEnd/1 "/>
</bind>
</comp>

<comp id="78" class="1004" name="height_read_read_fu_78">
<pin_list>
<pin id="79" dir="0" index="0" bw="16" slack="0"/>
<pin id="80" dir="0" index="1" bw="16" slack="0"/>
<pin id="81" dir="1" index="2" bw="16" slack="0"/>
</pin_list>
<bind>
<opcode="read(1150) " fcode="read"/>
<opset="height_read/1 "/>
</bind>
</comp>

<comp id="84" class="1004" name="row_start_read_read_fu_84">
<pin_list>
<pin id="85" dir="0" index="0" bw="16" slack="0"/>
<pin id="86" dir="0" index="1" bw="16" slack="0"/>
<pin id="87" dir="1" index="2" bw="16" slack="0"/>
</pin_list>
<bind>
<opcode="read(1150) " fcode="read"/>
<opset="row_start_read/1 "/>
</bind>
</comp>

<comp id="90" class="1004" name="row_end_read_read_fu_90">
<pin_list>
<pin id="91" dir="0" index="0" bw="16" slack="0"/>
<pin id="92" dir="0" index="1" bw="16" slack="0"/>
<pin id="93" dir="1" index="2" bw="16" slack="0"/>
</pin_list>
<bind>
<opcode="read(1150) " fcode="read"/>
<opset="row_end_read/1 "/>
</bind>
</comp>

<comp id="96" class="1004" name="Y_R_value_read_read_fu_96">
<pin_list>
<pin id="97" dir="0" index="0" bw="16" slack="0"/>
<pin id="98" dir="0" index="1" bw="16" slack="0"/>
<pin id="99" dir="1" index="2" bw="16" slack="0"/>
</pin_list>
<bind>
<opcode="read(1150) " fcode="read"/>
<opset="Y_R_value_read/1 "/>
</bind>
</comp>

<comp id="102" class="1004" name="video_format_read_read_fu_102">
<pin_list>
<pin id="103" dir="0" index="0" bw="16" slack="0"/>
<pin id="104" dir="0" index="1" bw="16" slack="0"/>
<pin id="105" dir="1" index="2" bw="16" slack="0"/>
</pin_list>
<bind>
<opcode="read(1150) " fcode="read"/>
<opset="video_format_read/1 "/>
</bind>
</comp>

<comp id="108" class="1004" name="Cb_G_value_read_read_fu_108">
<pin_list>
<pin id="109" dir="0" index="0" bw="16" slack="0"/>
<pin id="110" dir="0" index="1" bw="16" slack="0"/>
<pin id="111" dir="1" index="2" bw="16" slack="0"/>
</pin_list>
<bind>
<opcode="read(1150) " fcode="read"/>
<opset="Cb_G_value_read/1 "/>
</bind>
</comp>

<comp id="114" class="1004" name="Cr_B_value_read_read_fu_114">
<pin_list>
<pin id="115" dir="0" index="0" bw="16" slack="0"/>
<pin id="116" dir="0" index="1" bw="16" slack="0"/>
<pin id="117" dir="1" index="2" bw="16" slack="0"/>
</pin_list>
<bind>
<opcode="read(1150) " fcode="read"/>
<opset="Cr_B_value_read/1 "/>
</bind>
</comp>

<comp id="120" class="1004" name="grp_v_letterbox_core_Pipeline_VITIS_LOOP_167_2_fu_120">
<pin_list>
<pin id="121" dir="0" index="0" bw="0" slack="0"/>
<pin id="122" dir="0" index="1" bw="16" slack="2"/>
<pin id="123" dir="0" index="2" bw="24" slack="0"/>
<pin id="124" dir="0" index="3" bw="16" slack="2"/>
<pin id="125" dir="0" index="4" bw="16" slack="2"/>
<pin id="126" dir="0" index="5" bw="1" slack="2"/>
<pin id="127" dir="0" index="6" bw="1" slack="1"/>
<pin id="128" dir="0" index="7" bw="1" slack="1"/>
<pin id="129" dir="0" index="8" bw="8" slack="2"/>
<pin id="130" dir="0" index="9" bw="8" slack="2"/>
<pin id="131" dir="0" index="10" bw="8" slack="2"/>
<pin id="132" dir="0" index="11" bw="8" slack="2"/>
<pin id="133" dir="0" index="12" bw="24" slack="0"/>
<pin id="134" dir="1" index="13" bw="0" slack="2147483647"/>
</pin_list>
<bind>
<opcode="call(48) " fcode="call"/>
<opset="call_ln145/3 "/>
</bind>
</comp>

<comp id="138" class="1004" name="height_load_cast_fu_138">
<pin_list>
<pin id="139" dir="0" index="0" bw="16" slack="0"/>
<pin id="140" dir="1" index="1" bw="17" slack="1"/>
</pin_list>
<bind>
<opcode="zext(34) " fcode="zext"/>
<opset="height_load_cast/1 "/>
</bind>
</comp>

<comp id="142" class="1004" name="row_start_load_cast_fu_142">
<pin_list>
<pin id="143" dir="0" index="0" bw="16" slack="0"/>
<pin id="144" dir="1" index="1" bw="17" slack="1"/>
</pin_list>
<bind>
<opcode="zext(34) " fcode="zext"/>
<opset="row_start_load_cast/1 "/>
</bind>
</comp>

<comp id="146" class="1004" name="row_end_load_cast_fu_146">
<pin_list>
<pin id="147" dir="0" index="0" bw="16" slack="0"/>
<pin id="148" dir="1" index="1" bw="17" slack="1"/>
</pin_list>
<bind>
<opcode="zext(34) " fcode="zext"/>
<opset="row_end_load_cast/1 "/>
</bind>
</comp>

<comp id="150" class="1004" name="empty_fu_150">
<pin_list>
<pin id="151" dir="0" index="0" bw="16" slack="0"/>
<pin id="152" dir="1" index="1" bw="8" slack="2"/>
</pin_list>
<bind>
<opcode="trunc(33) " fcode="trunc"/>
<opset="empty/1 "/>
</bind>
</comp>

<comp id="154" class="1004" name="cmp116_fu_154">
<pin_list>
<pin id="155" dir="0" index="0" bw="16" slack="0"/>
<pin id="156" dir="0" index="1" bw="3" slack="0"/>
<pin id="157" dir="1" index="2" bw="1" slack="0"/>
</pin_list>
<bind>
<opcode="icmp(45) " fcode="icmp"/>
<opset="cmp116/1 "/>
</bind>
</comp>

<comp id="160" class="1004" name="empty_34_fu_160">
<pin_list>
<pin id="161" dir="0" index="0" bw="16" slack="0"/>
<pin id="162" dir="1" index="1" bw="8" slack="2"/>
</pin_list>
<bind>
<opcode="trunc(33) " fcode="trunc"/>
<opset="empty_34/1 "/>
</bind>
</comp>

<comp id="164" class="1004" name="empty_35_fu_164">
<pin_list>
<pin id="165" dir="0" index="0" bw="16" slack="0"/>
<pin id="166" dir="1" index="1" bw="8" slack="0"/>
</pin_list>
<bind>
<opcode="trunc(33) " fcode="trunc"/>
<opset="empty_35/1 "/>
</bind>
</comp>

<comp id="168" class="1004" name="p_0_2_0_0_0154_fu_168">
<pin_list>
<pin id="169" dir="0" index="0" bw="1" slack="0"/>
<pin id="170" dir="0" index="1" bw="1" slack="0"/>
<pin id="171" dir="0" index="2" bw="8" slack="0"/>
<pin id="172" dir="1" index="3" bw="8" slack="2"/>
</pin_list>
<bind>
<opcode="select(49) " fcode="select"/>
<opset="p_0_2_0_0_0154/1 "/>
</bind>
</comp>

<comp id="176" class="1004" name="store_ln165_store_fu_176">
<pin_list>
<pin id="177" dir="0" index="0" bw="1" slack="0"/>
<pin id="178" dir="0" index="1" bw="16" slack="0"/>
<pin id="179" dir="1" index="2" bw="0" slack="2147483647"/>
</pin_list>
<bind>
<opcode="store(28) " fcode="store"/>
<opset="store_ln165/1 "/>
</bind>
</comp>

<comp id="181" class="1004" name="y_2_load_fu_181">
<pin_list>
<pin id="182" dir="0" index="0" bw="16" slack="1"/>
<pin id="183" dir="1" index="1" bw="16" slack="0"/>
</pin_list>
<bind>
<opcode="load(27) " fcode="load"/>
<opset="y_2/2 "/>
</bind>
</comp>

<comp id="184" class="1004" name="sext_ln165_fu_184">
<pin_list>
<pin id="185" dir="0" index="0" bw="16" slack="0"/>
<pin id="186" dir="1" index="1" bw="17" slack="0"/>
</pin_list>
<bind>
<opcode="sext(35) " fcode="sext"/>
<opset="sext_ln165/2 "/>
</bind>
</comp>

<comp id="188" class="1004" name="icmp_ln165_fu_188">
<pin_list>
<pin id="189" dir="0" index="0" bw="16" slack="0"/>
<pin id="190" dir="0" index="1" bw="16" slack="1"/>
<pin id="191" dir="1" index="2" bw="1" slack="2147483647"/>
</pin_list>
<bind>
<opcode="icmp(45) " fcode="icmp"/>
<opset="icmp_ln165/2 "/>
</bind>
</comp>

<comp id="193" class="1004" name="cmp19_not_fu_193">
<pin_list>
<pin id="194" dir="0" index="0" bw="16" slack="0"/>
<pin id="195" dir="0" index="1" bw="16" slack="1"/>
<pin id="196" dir="1" index="2" bw="1" slack="1"/>
</pin_list>
<bind>
<opcode="icmp(45) " fcode="icmp"/>
<opset="cmp19_not/2 "/>
</bind>
</comp>

<comp id="198" class="1004" name="cmp22_not_fu_198">
<pin_list>
<pin id="199" dir="0" index="0" bw="16" slack="0"/>
<pin id="200" dir="0" index="1" bw="16" slack="1"/>
<pin id="201" dir="1" index="2" bw="1" slack="1"/>
</pin_list>
<bind>
<opcode="icmp(45) " fcode="icmp"/>
<opset="cmp22_not/2 "/>
</bind>
</comp>

<comp id="203" class="1004" name="y_3_fu_203">
<pin_list>
<pin id="204" dir="0" index="0" bw="16" slack="0"/>
<pin id="205" dir="0" index="1" bw="1" slack="0"/>
<pin id="206" dir="1" index="2" bw="16" slack="0"/>
</pin_list>
<bind>
<opcode="add(8) " fcode="add"/>
<opset="y_3/2 "/>
</bind>
</comp>

<comp id="209" class="1004" name="store_ln165_store_fu_209">
<pin_list>
<pin id="210" dir="0" index="0" bw="16" slack="0"/>
<pin id="211" dir="0" index="1" bw="16" slack="1"/>
<pin id="212" dir="1" index="2" bw="0" slack="2147483647"/>
</pin_list>
<bind>
<opcode="store(28) " fcode="store"/>
<opset="store_ln165/2 "/>
</bind>
</comp>

<comp id="214" class="1005" name="y_reg_214">
<pin_list>
<pin id="215" dir="0" index="0" bw="16" slack="0"/>
<pin id="216" dir="1" index="1" bw="16" slack="0"/>
</pin_list>
<bind>
<opset="y "/>
</bind>
</comp>

<comp id="221" class="1005" name="loopWidth_reg_221">
<pin_list>
<pin id="222" dir="0" index="0" bw="16" slack="2"/>
<pin id="223" dir="1" index="1" bw="16" slack="2"/>
</pin_list>
<bind>
<opset="loopWidth "/>
</bind>
</comp>

<comp id="226" class="1005" name="loopStart_reg_226">
<pin_list>
<pin id="227" dir="0" index="0" bw="16" slack="2"/>
<pin id="228" dir="1" index="1" bw="16" slack="2"/>
</pin_list>
<bind>
<opset="loopStart "/>
</bind>
</comp>

<comp id="231" class="1005" name="loopEnd_reg_231">
<pin_list>
<pin id="232" dir="0" index="0" bw="16" slack="2"/>
<pin id="233" dir="1" index="1" bw="16" slack="2"/>
</pin_list>
<bind>
<opset="loopEnd "/>
</bind>
</comp>

<comp id="236" class="1005" name="height_load_cast_reg_236">
<pin_list>
<pin id="237" dir="0" index="0" bw="17" slack="1"/>
<pin id="238" dir="1" index="1" bw="17" slack="1"/>
</pin_list>
<bind>
<opset="height_load_cast "/>
</bind>
</comp>

<comp id="241" class="1005" name="row_start_load_cast_reg_241">
<pin_list>
<pin id="242" dir="0" index="0" bw="17" slack="1"/>
<pin id="243" dir="1" index="1" bw="17" slack="1"/>
</pin_list>
<bind>
<opset="row_start_load_cast "/>
</bind>
</comp>

<comp id="246" class="1005" name="row_end_load_cast_reg_246">
<pin_list>
<pin id="247" dir="0" index="0" bw="17" slack="1"/>
<pin id="248" dir="1" index="1" bw="17" slack="1"/>
</pin_list>
<bind>
<opset="row_end_load_cast "/>
</bind>
</comp>

<comp id="251" class="1005" name="empty_reg_251">
<pin_list>
<pin id="252" dir="0" index="0" bw="8" slack="2"/>
<pin id="253" dir="1" index="1" bw="8" slack="2"/>
</pin_list>
<bind>
<opset="empty "/>
</bind>
</comp>

<comp id="256" class="1005" name="cmp116_reg_256">
<pin_list>
<pin id="257" dir="0" index="0" bw="1" slack="2"/>
<pin id="258" dir="1" index="1" bw="1" slack="2"/>
</pin_list>
<bind>
<opset="cmp116 "/>
</bind>
</comp>

<comp id="261" class="1005" name="empty_34_reg_261">
<pin_list>
<pin id="262" dir="0" index="0" bw="8" slack="2"/>
<pin id="263" dir="1" index="1" bw="8" slack="2"/>
</pin_list>
<bind>
<opset="empty_34 "/>
</bind>
</comp>

<comp id="266" class="1005" name="empty_35_reg_266">
<pin_list>
<pin id="267" dir="0" index="0" bw="8" slack="2"/>
<pin id="268" dir="1" index="1" bw="8" slack="2"/>
</pin_list>
<bind>
<opset="empty_35 "/>
</bind>
</comp>

<comp id="271" class="1005" name="p_0_2_0_0_0154_reg_271">
<pin_list>
<pin id="272" dir="0" index="0" bw="8" slack="2"/>
<pin id="273" dir="1" index="1" bw="8" slack="2"/>
</pin_list>
<bind>
<opset="p_0_2_0_0_0154 "/>
</bind>
</comp>

<comp id="279" class="1005" name="cmp19_not_reg_279">
<pin_list>
<pin id="280" dir="0" index="0" bw="1" slack="1"/>
<pin id="281" dir="1" index="1" bw="1" slack="1"/>
</pin_list>
<bind>
<opset="cmp19_not "/>
</bind>
</comp>

<comp id="284" class="1005" name="cmp22_not_reg_284">
<pin_list>
<pin id="285" dir="0" index="0" bw="1" slack="1"/>
<pin id="286" dir="1" index="1" bw="1" slack="1"/>
</pin_list>
<bind>
<opset="cmp22_not "/>
</bind>
</comp>

</comp_list>

<net_list>
<net id="59"><net_src comp="24" pin="0"/><net_sink comp="56" pin=0"/></net>

<net id="64"><net_src comp="40" pin="0"/><net_sink comp="60" pin=0"/></net>

<net id="65"><net_src comp="4" pin="0"/><net_sink comp="60" pin=1"/></net>

<net id="70"><net_src comp="40" pin="0"/><net_sink comp="66" pin=0"/></net>

<net id="71"><net_src comp="8" pin="0"/><net_sink comp="66" pin=1"/></net>

<net id="76"><net_src comp="40" pin="0"/><net_sink comp="72" pin=0"/></net>

<net id="77"><net_src comp="10" pin="0"/><net_sink comp="72" pin=1"/></net>

<net id="82"><net_src comp="40" pin="0"/><net_sink comp="78" pin=0"/></net>

<net id="83"><net_src comp="2" pin="0"/><net_sink comp="78" pin=1"/></net>

<net id="88"><net_src comp="40" pin="0"/><net_sink comp="84" pin=0"/></net>

<net id="89"><net_src comp="12" pin="0"/><net_sink comp="84" pin=1"/></net>

<net id="94"><net_src comp="40" pin="0"/><net_sink comp="90" pin=0"/></net>

<net id="95"><net_src comp="14" pin="0"/><net_sink comp="90" pin=1"/></net>

<net id="100"><net_src comp="40" pin="0"/><net_sink comp="96" pin=0"/></net>

<net id="101"><net_src comp="16" pin="0"/><net_sink comp="96" pin=1"/></net>

<net id="106"><net_src comp="40" pin="0"/><net_sink comp="102" pin=0"/></net>

<net id="107"><net_src comp="6" pin="0"/><net_sink comp="102" pin=1"/></net>

<net id="112"><net_src comp="40" pin="0"/><net_sink comp="108" pin=0"/></net>

<net id="113"><net_src comp="18" pin="0"/><net_sink comp="108" pin=1"/></net>

<net id="118"><net_src comp="40" pin="0"/><net_sink comp="114" pin=0"/></net>

<net id="119"><net_src comp="20" pin="0"/><net_sink comp="114" pin=1"/></net>

<net id="135"><net_src comp="50" pin="0"/><net_sink comp="120" pin=0"/></net>

<net id="136"><net_src comp="0" pin="0"/><net_sink comp="120" pin=2"/></net>

<net id="137"><net_src comp="22" pin="0"/><net_sink comp="120" pin=12"/></net>

<net id="141"><net_src comp="78" pin="2"/><net_sink comp="138" pin=0"/></net>

<net id="145"><net_src comp="84" pin="2"/><net_sink comp="142" pin=0"/></net>

<net id="149"><net_src comp="90" pin="2"/><net_sink comp="146" pin=0"/></net>

<net id="153"><net_src comp="96" pin="2"/><net_sink comp="150" pin=0"/></net>

<net id="158"><net_src comp="102" pin="2"/><net_sink comp="154" pin=0"/></net>

<net id="159"><net_src comp="42" pin="0"/><net_sink comp="154" pin=1"/></net>

<net id="163"><net_src comp="108" pin="2"/><net_sink comp="160" pin=0"/></net>

<net id="167"><net_src comp="114" pin="2"/><net_sink comp="164" pin=0"/></net>

<net id="173"><net_src comp="154" pin="2"/><net_sink comp="168" pin=0"/></net>

<net id="174"><net_src comp="44" pin="0"/><net_sink comp="168" pin=1"/></net>

<net id="175"><net_src comp="164" pin="1"/><net_sink comp="168" pin=2"/></net>

<net id="180"><net_src comp="46" pin="0"/><net_sink comp="176" pin=0"/></net>

<net id="187"><net_src comp="181" pin="1"/><net_sink comp="184" pin=0"/></net>

<net id="192"><net_src comp="184" pin="1"/><net_sink comp="188" pin=0"/></net>

<net id="197"><net_src comp="184" pin="1"/><net_sink comp="193" pin=0"/></net>

<net id="202"><net_src comp="184" pin="1"/><net_sink comp="198" pin=0"/></net>

<net id="207"><net_src comp="181" pin="1"/><net_sink comp="203" pin=0"/></net>

<net id="208"><net_src comp="46" pin="0"/><net_sink comp="203" pin=1"/></net>

<net id="213"><net_src comp="203" pin="2"/><net_sink comp="209" pin=0"/></net>

<net id="217"><net_src comp="56" pin="1"/><net_sink comp="214" pin=0"/></net>

<net id="218"><net_src comp="214" pin="1"/><net_sink comp="176" pin=1"/></net>

<net id="219"><net_src comp="214" pin="1"/><net_sink comp="181" pin=0"/></net>

<net id="220"><net_src comp="214" pin="1"/><net_sink comp="209" pin=1"/></net>

<net id="224"><net_src comp="60" pin="2"/><net_sink comp="221" pin=0"/></net>

<net id="225"><net_src comp="221" pin="1"/><net_sink comp="120" pin=1"/></net>

<net id="229"><net_src comp="66" pin="2"/><net_sink comp="226" pin=0"/></net>

<net id="230"><net_src comp="226" pin="1"/><net_sink comp="120" pin=3"/></net>

<net id="234"><net_src comp="72" pin="2"/><net_sink comp="231" pin=0"/></net>

<net id="235"><net_src comp="231" pin="1"/><net_sink comp="120" pin=4"/></net>

<net id="239"><net_src comp="138" pin="1"/><net_sink comp="236" pin=0"/></net>

<net id="240"><net_src comp="236" pin="1"/><net_sink comp="188" pin=1"/></net>

<net id="244"><net_src comp="142" pin="1"/><net_sink comp="241" pin=0"/></net>

<net id="245"><net_src comp="241" pin="1"/><net_sink comp="193" pin=1"/></net>

<net id="249"><net_src comp="146" pin="1"/><net_sink comp="246" pin=0"/></net>

<net id="250"><net_src comp="246" pin="1"/><net_sink comp="198" pin=1"/></net>

<net id="254"><net_src comp="150" pin="1"/><net_sink comp="251" pin=0"/></net>

<net id="255"><net_src comp="251" pin="1"/><net_sink comp="120" pin=9"/></net>

<net id="259"><net_src comp="154" pin="2"/><net_sink comp="256" pin=0"/></net>

<net id="260"><net_src comp="256" pin="1"/><net_sink comp="120" pin=5"/></net>

<net id="264"><net_src comp="160" pin="1"/><net_sink comp="261" pin=0"/></net>

<net id="265"><net_src comp="261" pin="1"/><net_sink comp="120" pin=10"/></net>

<net id="269"><net_src comp="164" pin="1"/><net_sink comp="266" pin=0"/></net>

<net id="270"><net_src comp="266" pin="1"/><net_sink comp="120" pin=11"/></net>

<net id="274"><net_src comp="168" pin="3"/><net_sink comp="271" pin=0"/></net>

<net id="275"><net_src comp="271" pin="1"/><net_sink comp="120" pin=8"/></net>

<net id="282"><net_src comp="193" pin="2"/><net_sink comp="279" pin=0"/></net>

<net id="283"><net_src comp="279" pin="1"/><net_sink comp="120" pin=7"/></net>

<net id="287"><net_src comp="198" pin="2"/><net_sink comp="284" pin=0"/></net>

<net id="288"><net_src comp="284" pin="1"/><net_sink comp="120" pin=6"/></net>

</net_list>

</model> 
---------------- Datapath Model END ------------------

* FSMD analyzer results:
  - Output states:
	Port: outYUV | {3 4 }
 - Input state : 
	Port: v_letterbox_core : srcYUV | {3 4 }
	Port: v_letterbox_core : height | {1 }
	Port: v_letterbox_core : width | {1 }
	Port: v_letterbox_core : video_format | {1 }
	Port: v_letterbox_core : col_start | {1 }
	Port: v_letterbox_core : col_end | {1 }
	Port: v_letterbox_core : row_start | {1 }
	Port: v_letterbox_core : row_end | {1 }
	Port: v_letterbox_core : Y_R_value | {1 }
	Port: v_letterbox_core : Cb_G_value | {1 }
	Port: v_letterbox_core : Cr_B_value | {1 }
  - Chain level:
	State 1
		p_0_2_0_0_0154 : 1
		store_ln165 : 1
	State 2
		sext_ln165 : 1
		icmp_ln165 : 2
		br_ln165 : 3
		cmp19_not : 2
		cmp22_not : 2
		y_3 : 1
		store_ln165 : 2
	State 3
	State 4


============================================================
+ Verbose Summary: Datapath Resource usage 
============================================================

* Functional unit list:
|----------|-------------------------------------------------------|---------|---------|
| Operation|                    Functional Unit                    |    FF   |   LUT   |
|----------|-------------------------------------------------------|---------|---------|
|   call   | grp_v_letterbox_core_Pipeline_VITIS_LOOP_167_2_fu_120 |    68   |   150   |
|----------|-------------------------------------------------------|---------|---------|
|          |                     cmp116_fu_154                     |    0    |    13   |
|   icmp   |                   icmp_ln165_fu_188                   |    0    |    13   |
|          |                    cmp19_not_fu_193                   |    0    |    13   |
|          |                    cmp22_not_fu_198                   |    0    |    13   |
|----------|-------------------------------------------------------|---------|---------|
|    add   |                       y_3_fu_203                      |    0    |    23   |
|----------|-------------------------------------------------------|---------|---------|
|  select  |                 p_0_2_0_0_0154_fu_168                 |    0    |    8    |
|----------|-------------------------------------------------------|---------|---------|
|          |                  loopWidth_read_fu_60                 |    0    |    0    |
|          |                  loopStart_read_fu_66                 |    0    |    0    |
|          |                   loopEnd_read_fu_72                  |    0    |    0    |
|          |                 height_read_read_fu_78                |    0    |    0    |
|   read   |               row_start_read_read_fu_84               |    0    |    0    |
|          |                row_end_read_read_fu_90                |    0    |    0    |
|          |               Y_R_value_read_read_fu_96               |    0    |    0    |
|          |             video_format_read_read_fu_102             |    0    |    0    |
|          |              Cb_G_value_read_read_fu_108              |    0    |    0    |
|          |              Cr_B_value_read_read_fu_114              |    0    |    0    |
|----------|-------------------------------------------------------|---------|---------|
|          |                height_load_cast_fu_138                |    0    |    0    |
|   zext   |               row_start_load_cast_fu_142              |    0    |    0    |
|          |                row_end_load_cast_fu_146               |    0    |    0    |
|----------|-------------------------------------------------------|---------|---------|
|          |                      empty_fu_150                     |    0    |    0    |
|   trunc  |                    empty_34_fu_160                    |    0    |    0    |
|          |                    empty_35_fu_164                    |    0    |    0    |
|----------|-------------------------------------------------------|---------|---------|
|   sext   |                   sext_ln165_fu_184                   |    0    |    0    |
|----------|-------------------------------------------------------|---------|---------|
|   Total  |                                                       |    68   |   233   |
|----------|-------------------------------------------------------|---------|---------|

Memories:
N/A

* Register list:
+---------------------------+--------+
|                           |   FF   |
+---------------------------+--------+
|       cmp116_reg_256      |    1   |
|     cmp19_not_reg_279     |    1   |
|     cmp22_not_reg_284     |    1   |
|      empty_34_reg_261     |    8   |
|      empty_35_reg_266     |    8   |
|       empty_reg_251       |    8   |
|  height_load_cast_reg_236 |   17   |
|      loopEnd_reg_231      |   16   |
|     loopStart_reg_226     |   16   |
|     loopWidth_reg_221     |   16   |
|   p_0_2_0_0_0154_reg_271  |    8   |
| row_end_load_cast_reg_246 |   17   |
|row_start_load_cast_reg_241|   17   |
|         y_reg_214         |   16   |
+---------------------------+--------+
|           Total           |   150  |
+---------------------------+--------+

* Multiplexer (MUX) list: 
|--------|------|------|------|--------|
|  Comp  |  Pin | Size |  BW  | S x BW |
|--------|------|------|------|--------|
|  Total |      |      |      |    0   |
|--------|------|------|------|--------|



* Summary:
+-----------+--------+--------+
|           |   FF   |   LUT  |
+-----------+--------+--------+
|  Function |   68   |   233  |
|   Memory  |    -   |    -   |
|Multiplexer|    -   |    -   |
|  Register |   150  |    -   |
+-----------+--------+--------+
|   Total   |   218  |   233  |
+-----------+--------+--------+
