

================================================================
== Vitis HLS Report for 'Block_entry12_proc'
================================================================
* Date:           Mon Aug 29 12:25:34 2022

* Version:        2022.1 (Build 3526262 on Mon Apr 18 15:47:01 MDT 2022)
* Project:        prj
* Solution:       sol (Vivado IP Flow Target)
* Product family: zynq
* Target device:  xc7z020-clg484-1


================================================================
== Performance Estimates
================================================================
+ Timing: 
    * Summary: 
    +--------+---------+----------+------------+
    |  Clock |  Target | Estimated| Uncertainty|
    +--------+---------+----------+------------+
    |ap_clk  |  5.62 ns|  2.529 ns|     1.52 ns|
    +--------+---------+----------+------------+

+ Latency: 
    * Summary: 
    +---------+---------+----------+----------+-----+-----+---------+
    |  Latency (cycles) |  Latency (absolute) |  Interval | Pipeline|
    |   min   |   max   |    min   |    max   | min | max |   Type  |
    +---------+---------+----------+----------+-----+-----+---------+
    |        0|        0|      0 ns|      0 ns|    0|    0|       no|
    +---------+---------+----------+----------+-----+-----+---------+

    + Detail: 
        * Instance: 
        N/A

        * Loop: 
        N/A

============================================================
+ Verbose Summary: Synthesis Manager
============================================================
InlineROM: 1
ExposeGlobal: 0
============================================================
+ Verbose Summary: CDFG Model
============================================================
IsTopModel: 0
ResetActiveHigh: 1
IsCombinational: 2
IsDatapathOnly: 0
HasWiredReturn: 1
HasMFsm: 0
HasVarLatency: 0
IsPipeline: 0
IsRtlPipelined: 0
IsInstanceOverlapped: 0
IsDontTouch: 0
HasImplIP: 0
IsGatedGlobalClock: 0


============================================================
+ Verbose Summary: Schedule
============================================================
* Number of FSM states : 1
* Pipeline : 0
* Dataflow Pipeline: 0

* FSM state transitions: 
1 --> 

* FSM state operations: 

State 1 <SV = 0> <Delay = 2.52>
ST_1 : Operation 2 [1/1] (0.00ns)   --->   "%specstablecontent_ln0 = specstablecontent void @_ssdm_op_SpecStableContent, i8 %ColorModeOut, void "   --->   Operation 2 'specstablecontent' 'specstablecontent_ln0' <Predicate = true> <Delay = 0.00>
ST_1 : Operation 3 [1/1] (0.00ns)   --->   "%ColorModeOut_read = read i8 @_ssdm_op_Read.ap_auto.i8P0A, i8 %ColorModeOut" [/home/benchmarker/FPGAProject/SOBEL_HDMI_1024/SOBEL_HDMI_1024.runs/bd_3a92_hsc_0_synth_1/prj/sol/.autopilot/db/v_hscaler.cpp:115]   --->   Operation 3 'read' 'ColorModeOut_read' <Predicate = true> <Delay = 0.00>
ST_1 : Operation 4 [1/1] (1.55ns)   --->   "%icmp_ln115 = icmp_ne  i8 %ColorModeOut_read, i8 2" [/home/benchmarker/FPGAProject/SOBEL_HDMI_1024/SOBEL_HDMI_1024.runs/bd_3a92_hsc_0_synth_1/prj/sol/.autopilot/db/v_hscaler.cpp:115]   --->   Operation 4 'icmp' 'icmp_ln115' <Predicate = true> <Delay = 1.55> <CoreInst = "Cmp">   --->   Core 9 'Cmp' <Latency = 0> <II = 1> <Delay = 1.55> <FuncUnit> <Opcode : 'icmp'> <InPorts = 2> <OutPorts = 1>
ST_1 : Operation 5 [1/1] (1.55ns)   --->   "%icmp_ln115_1 = icmp_ne  i8 %ColorModeOut_read, i8 3" [/home/benchmarker/FPGAProject/SOBEL_HDMI_1024/SOBEL_HDMI_1024.runs/bd_3a92_hsc_0_synth_1/prj/sol/.autopilot/db/v_hscaler.cpp:115]   --->   Operation 5 'icmp' 'icmp_ln115_1' <Predicate = true> <Delay = 1.55> <CoreInst = "Cmp">   --->   Core 9 'Cmp' <Latency = 0> <II = 1> <Delay = 1.55> <FuncUnit> <Opcode : 'icmp'> <InPorts = 2> <OutPorts = 1>
ST_1 : Operation 6 [1/1] (0.97ns)   --->   "%bPassThruHcr2 = and i1 %icmp_ln115_1, i1 %icmp_ln115" [/home/benchmarker/FPGAProject/SOBEL_HDMI_1024/SOBEL_HDMI_1024.runs/bd_3a92_hsc_0_synth_1/prj/sol/.autopilot/db/v_hscaler.cpp:115]   --->   Operation 6 'and' 'bPassThruHcr2' <Predicate = true> <Delay = 0.97> <CoreInst = "LogicGate">   --->   Core 74 'LogicGate' <Latency = 0> <II = 1> <Delay = 0.97> <FuncUnit> <Opcode : 'and' 'or' 'xor'> <InPorts = 2> <OutPorts = 1>
ST_1 : Operation 7 [1/1] (0.00ns)   --->   "%ret_ln115 = ret i1 %bPassThruHcr2" [/home/benchmarker/FPGAProject/SOBEL_HDMI_1024/SOBEL_HDMI_1024.runs/bd_3a92_hsc_0_synth_1/prj/sol/.autopilot/db/v_hscaler.cpp:115]   --->   Operation 7 'ret' 'ret_ln115' <Predicate = true> <Delay = 0.00>


============================================================
+ Verbose Summary: Timing violations
============================================================
Target clock period: 5.62ns, clock uncertainty: 1.52ns.

 <State 1>: 2.53ns
The critical path consists of the following:
	wire read operation ('ColorModeOut_read', /home/benchmarker/FPGAProject/SOBEL_HDMI_1024/SOBEL_HDMI_1024.runs/bd_3a92_hsc_0_synth_1/prj/sol/.autopilot/db/v_hscaler.cpp:115) on port 'ColorModeOut' (/home/benchmarker/FPGAProject/SOBEL_HDMI_1024/SOBEL_HDMI_1024.runs/bd_3a92_hsc_0_synth_1/prj/sol/.autopilot/db/v_hscaler.cpp:115) [3]  (0 ns)
	'icmp' operation ('icmp_ln115_1', /home/benchmarker/FPGAProject/SOBEL_HDMI_1024/SOBEL_HDMI_1024.runs/bd_3a92_hsc_0_synth_1/prj/sol/.autopilot/db/v_hscaler.cpp:115) [5]  (1.55 ns)
	'and' operation ('bPassThruHcr2', /home/benchmarker/FPGAProject/SOBEL_HDMI_1024/SOBEL_HDMI_1024.runs/bd_3a92_hsc_0_synth_1/prj/sol/.autopilot/db/v_hscaler.cpp:115) [6]  (0.978 ns)


============================================================
+ Verbose Summary: Binding
============================================================
N/A
* FSMD analyzer results:
  - Output states:
 - Input state : 
  - Chain level:
	State 1


============================================================
+ Verbose Summary: Datapath Resource usage 
============================================================
N/A
