

================================================================
== Vitis HLS Report for 'MultiPixStream2AXIvideo'
================================================================
* Date:           Mon Aug 29 12:25:49 2022

* Version:        2022.1 (Build 3526262 on Mon Apr 18 15:47:01 MDT 2022)
* Project:        prj
* Solution:       sol (Vivado IP Flow Target)
* Product family: zynq
* Target device:  xc7z020-clg484-1


================================================================
== Performance Estimates
================================================================
+ Timing: 
    * Summary: 
    +--------+---------+----------+------------+
    |  Clock |  Target | Estimated| Uncertainty|
    +--------+---------+----------+------------+
    |ap_clk  |  5.62 ns|  4.057 ns|     1.52 ns|
    +--------+---------+----------+------------+

+ Latency: 
    * Summary: 
    +---------+---------+----------+-----------+-----+---------+---------+
    |  Latency (cycles) |  Latency (absolute)  |    Interval   | Pipeline|
    |   min   |   max   |    min   |    max    | min |   max   |   Type  |
    +---------+---------+----------+-----------+-----+---------+---------+
    |      362|  2080090|  2.036 us|  11.701 ms|  362|  2080090|       no|
    +---------+---------+----------+-----------+-----+---------+---------+

    + Detail: 
        * Instance: 
        +---------------------------------------------------------------+----------------------------------------------------+---------+---------+-----------+-----------+-----+------+---------+
        |                                                               |                                                    |  Latency (cycles) |   Latency (absolute)  |  Interval  | Pipeline|
        |                            Instance                           |                       Module                       |   min   |   max   |    min    |    max    | min |  max |   Type  |
        +---------------------------------------------------------------+----------------------------------------------------+---------+---------+-----------+-----------+-----+------+---------+
        |grp_MultiPixStream2AXIvideo_Pipeline_VITIS_LOOP_1536_1_fu_130  |MultiPixStream2AXIvideo_Pipeline_VITIS_LOOP_1536_1  |        5|        5|  28.125 ns|  28.125 ns|    5|     5|       no|
        |grp_MultiPixStream2AXIvideo_Pipeline_VITIS_LOOP_1544_3_fu_140  |MultiPixStream2AXIvideo_Pipeline_VITIS_LOOP_1544_3  |       19|     1923|   0.107 us|  10.817 us|   19|  1923|       no|
        +---------------------------------------------------------------+----------------------------------------------------+---------+---------+-----------+-----------+-----+------+---------+

        * Loop: 
        +---------------------+---------+---------+-----------+-----------+-----------+-----------+----------+
        |                     |  Latency (cycles) | Iteration |  Initiation Interval  |    Trip   |          |
        |      Loop Name      |   min   |   max   |  Latency  |  achieved |   target  |   Count   | Pipelined|
        +---------------------+---------+---------+-----------+-----------+-----------+-----------+----------+
        |- VITIS_LOOP_1542_2  |      352|  2080080|  22 ~ 1926|          -|          -|  16 ~ 1080|        no|
        +---------------------+---------+---------+-----------+-----------+-----------+-----------+----------+



================================================================
== Utilization Estimates
================================================================
* Summary: 
+-----------------+---------+-----+--------+-------+-----+
|       Name      | BRAM_18K| DSP |   FF   |  LUT  | URAM|
+-----------------+---------+-----+--------+-------+-----+
|DSP              |        -|    -|       -|      -|    -|
|Expression       |        -|    -|       0|     52|    -|
|FIFO             |        -|    -|       -|      -|    -|
|Instance         |        0|    -|      33|    221|    -|
|Memory           |        -|    -|       -|      -|    -|
|Multiplexer      |        -|    -|       -|     75|    -|
|Register         |        -|    -|      23|      -|    -|
+-----------------+---------+-----+--------+-------+-----+
|Total            |        0|    0|      56|    348|    0|
+-----------------+---------+-----+--------+-------+-----+
|Available        |      280|  220|  106400|  53200|    0|
+-----------------+---------+-----+--------+-------+-----+
|Utilization (%)  |        0|    0|      ~0|     ~0|    0|
+-----------------+---------+-----+--------+-------+-----+

+ Detail: 
    * Instance: 
    +---------------------------------------------------------------+----------------------------------------------------+---------+----+----+-----+-----+
    |                            Instance                           |                       Module                       | BRAM_18K| DSP| FF | LUT | URAM|
    +---------------------------------------------------------------+----------------------------------------------------+---------+----+----+-----+-----+
    |grp_MultiPixStream2AXIvideo_Pipeline_VITIS_LOOP_1536_1_fu_130  |MultiPixStream2AXIvideo_Pipeline_VITIS_LOOP_1536_1  |        0|   0|  15|   70|    0|
    |grp_MultiPixStream2AXIvideo_Pipeline_VITIS_LOOP_1544_3_fu_140  |MultiPixStream2AXIvideo_Pipeline_VITIS_LOOP_1544_3  |        0|   0|  18|  151|    0|
    +---------------------------------------------------------------+----------------------------------------------------+---------+----+----+-----+-----+
    |Total                                                          |                                                    |        0|   0|  33|  221|    0|
    +---------------------------------------------------------------+----------------------------------------------------+---------+----+----+-----+-----+

    * DSP: 
    N/A

    * Memory: 
    N/A

    * FIFO: 
    N/A

    * Expression: 
    +-----------------------------------------------------------------------------------+----------+----+---+----+------------+------------+
    |                                   Variable Name                                   | Operation| DSP| FF| LUT| Bitwidth P0| Bitwidth P1|
    +-----------------------------------------------------------------------------------+----------+----+---+----+------------+------------+
    |grp_MultiPixStream2AXIvideo_Pipeline_VITIS_LOOP_1544_3_fu_140_sub                  |         +|   0|  0|  12|          11|           2|
    |i_2_fu_225_p2                                                                      |         +|   0|  0|  12|          11|           1|
    |grp_MultiPixStream2AXIvideo_Pipeline_VITIS_LOOP_1536_1_fu_130_sub_ln1538           |         -|   0|  0|  13|           4|           4|
    |grp_MultiPixStream2AXIvideo_Pipeline_VITIS_LOOP_1544_3_fu_140_m_axis_video_TREADY  |       and|   0|  0|   2|           1|           1|
    |icmp_ln1542_fu_220_p2                                                              |      icmp|   0|  0|  11|          11|          11|
    |ap_block_state1                                                                    |        or|   0|  0|   2|           1|           1|
    +-----------------------------------------------------------------------------------+----------+----+---+----+------------+------------+
    |Total                                                                              |          |   0|  0|  52|          39|          20|
    +-----------------------------------------------------------------------------------+----------+----+---+----+------------+------------+

    * Multiplexer: 
    +---------------------+----+-----------+-----+-----------+
    |         Name        | LUT| Input Size| Bits| Total Bits|
    +---------------------+----+-----------+-----+-----------+
    |ap_NS_fsm            |  48|          9|    1|          9|
    |ap_done              |   9|          2|    1|          2|
    |i_1_fu_82            |   9|          2|   11|         22|
    |stream_out_422_read  |   9|          2|    1|          2|
    +---------------------+----+-----------+-----+-----------+
    |Total                |  75|         15|   14|         35|
    +---------------------+----+-----------+-----+-----------+

    * Register: 
    +----------------------------------------------------------------------------+----+----+-----+-----------+
    |                                    Name                                    | FF | LUT| Bits| Const Bits|
    +----------------------------------------------------------------------------+----+----+-----+-----------+
    |ap_CS_fsm                                                                   |   8|   0|    8|          0|
    |ap_done_reg                                                                 |   1|   0|    1|          0|
    |grp_MultiPixStream2AXIvideo_Pipeline_VITIS_LOOP_1536_1_fu_130_ap_start_reg  |   1|   0|    1|          0|
    |grp_MultiPixStream2AXIvideo_Pipeline_VITIS_LOOP_1544_3_fu_140_ap_start_reg  |   1|   0|    1|          0|
    |i_1_fu_82                                                                   |  11|   0|   11|          0|
    |sof_reg_116                                                                 |   1|   0|    1|          0|
    +----------------------------------------------------------------------------+----+----+-----+-----------+
    |Total                                                                       |  23|   0|   23|          0|
    +----------------------------------------------------------------------------+----+----+-----+-----------+



================================================================
== Interface
================================================================
* Summary: 
+-------------------------------+-----+-----+------------+-------------------------+--------------+
|           RTL Ports           | Dir | Bits|  Protocol  |      Source Object      |    C Type    |
+-------------------------------+-----+-----+------------+-------------------------+--------------+
|ap_clk                         |   in|    1|  ap_ctrl_hs|  MultiPixStream2AXIvideo|  return value|
|ap_rst                         |   in|    1|  ap_ctrl_hs|  MultiPixStream2AXIvideo|  return value|
|ap_start                       |   in|    1|  ap_ctrl_hs|  MultiPixStream2AXIvideo|  return value|
|ap_done                        |  out|    1|  ap_ctrl_hs|  MultiPixStream2AXIvideo|  return value|
|ap_continue                    |   in|    1|  ap_ctrl_hs|  MultiPixStream2AXIvideo|  return value|
|ap_idle                        |  out|    1|  ap_ctrl_hs|  MultiPixStream2AXIvideo|  return value|
|ap_ready                       |  out|    1|  ap_ctrl_hs|  MultiPixStream2AXIvideo|  return value|
|stream_out_422_dout            |   in|   24|     ap_fifo|           stream_out_422|       pointer|
|stream_out_422_num_data_valid  |   in|    5|     ap_fifo|           stream_out_422|       pointer|
|stream_out_422_fifo_cap        |   in|    5|     ap_fifo|           stream_out_422|       pointer|
|stream_out_422_empty_n         |   in|    1|     ap_fifo|           stream_out_422|       pointer|
|stream_out_422_read            |  out|    1|     ap_fifo|           stream_out_422|       pointer|
|m_axis_video_TDATA             |  out|   24|        axis|    m_axis_video_V_data_V|       pointer|
|m_axis_video_TVALID            |  out|    1|        axis|    m_axis_video_V_dest_V|       pointer|
|m_axis_video_TREADY            |   in|    1|        axis|    m_axis_video_V_dest_V|       pointer|
|m_axis_video_TDEST             |  out|    1|        axis|    m_axis_video_V_dest_V|       pointer|
|m_axis_video_TKEEP             |  out|    3|        axis|    m_axis_video_V_keep_V|       pointer|
|m_axis_video_TSTRB             |  out|    3|        axis|    m_axis_video_V_strb_V|       pointer|
|m_axis_video_TUSER             |  out|    1|        axis|    m_axis_video_V_user_V|       pointer|
|m_axis_video_TLAST             |  out|    1|        axis|    m_axis_video_V_last_V|       pointer|
|m_axis_video_TID               |  out|    1|        axis|      m_axis_video_V_id_V|       pointer|
|Height                         |   in|   16|     ap_none|                   Height|       pointer|
|WidthOut                       |   in|   16|     ap_none|                 WidthOut|       pointer|
|ColorModeOut                   |   in|    8|     ap_none|             ColorModeOut|       pointer|
+-------------------------------+-----+-----+------------+-------------------------+--------------+

============================================================
+ Verbose Summary: Synthesis Manager
============================================================
InlineROM: 1
ExposeGlobal: 0
============================================================
+ Verbose Summary: CDFG Model
============================================================
IsTopModel: 0
ResetActiveHigh: 1
IsCombinational: 2
IsDatapathOnly: 0
HasWiredReturn: 1
HasMFsm: 0
HasVarLatency: 1
IsPipeline: 0
IsRtlPipelined: 0
IsInstanceOverlapped: 0
IsDontTouch: 0
HasImplIP: 0
IsGatedGlobalClock: 0


============================================================
+ Verbose Summary: Schedule
============================================================
* Number of FSM states : 8
* Pipeline : 0
* Dataflow Pipeline: 0

* FSM state transitions: 
1 --> 2 
2 --> 3 
3 --> 4 
4 --> 5 
5 --> 6 8 
6 --> 7 
7 --> 5 
8 --> 

* FSM state operations: 

State 1 <SV = 0> <Delay = 1.73>
ST_1 : Operation 9 [1/1] (0.00ns)   --->   "%i_1 = alloca i32 1"   --->   Operation 9 'alloca' 'i_1' <Predicate = true> <Delay = 0.00>
ST_1 : Operation 10 [1/1] (0.00ns)   --->   "%map_V_loc = alloca i64 1"   --->   Operation 10 'alloca' 'map_V_loc' <Predicate = true> <Delay = 0.00>
ST_1 : Operation 11 [1/1] (0.00ns)   --->   "%map_V_1_loc = alloca i64 1"   --->   Operation 11 'alloca' 'map_V_1_loc' <Predicate = true> <Delay = 0.00>
ST_1 : Operation 12 [1/1] (0.00ns)   --->   "%map_V_2_loc = alloca i64 1"   --->   Operation 12 'alloca' 'map_V_2_loc' <Predicate = true> <Delay = 0.00>
ST_1 : Operation 13 [1/1] (0.00ns)   --->   "%ColorModeOut_read = read i8 @_ssdm_op_Read.ap_auto.i8P0A, i8 %ColorModeOut"   --->   Operation 13 'read' 'ColorModeOut_read' <Predicate = true> <Delay = 0.00>
ST_1 : Operation 14 [1/1] (0.00ns)   --->   "%empty = trunc i8 %ColorModeOut_read"   --->   Operation 14 'trunc' 'empty' <Predicate = true> <Delay = 0.00>
ST_1 : Operation 15 [1/1] (0.00ns)   --->   "%trunc_ln1538 = trunc i8 %ColorModeOut_read" [/home/benchmarker/FPGAProject/SOBEL_HDMI_1024/SOBEL_HDMI_1024.runs/bd_3a92_hsc_0_synth_1/prj/sol/.autopilot/db/v_hscaler.cpp:1538]   --->   Operation 15 'trunc' 'trunc_ln1538' <Predicate = true> <Delay = 0.00>
ST_1 : Operation 16 [1/1] (0.00ns)   --->   "%tmp_2 = bitconcatenate i4 @_ssdm_op_BitConcatenate.i4.i2.i2, i2 %empty, i2 0" [/home/benchmarker/FPGAProject/SOBEL_HDMI_1024/SOBEL_HDMI_1024.runs/bd_3a92_hsc_0_synth_1/prj/sol/.autopilot/db/v_hscaler.cpp:1538]   --->   Operation 16 'bitconcatenate' 'tmp_2' <Predicate = true> <Delay = 0.00>
ST_1 : Operation 17 [1/1] (1.73ns)   --->   "%sub_ln1538 = sub i4 %tmp_2, i4 %trunc_ln1538" [/home/benchmarker/FPGAProject/SOBEL_HDMI_1024/SOBEL_HDMI_1024.runs/bd_3a92_hsc_0_synth_1/prj/sol/.autopilot/db/v_hscaler.cpp:1538]   --->   Operation 17 'sub' 'sub_ln1538' <Predicate = true> <Delay = 1.73> <CoreInst = "Adder">   --->   Core 1 'Adder' <Latency = 0> <II = 1> <Delay = 1.73> <FuncUnit> <Opcode : 'add' 'sub'> <InPorts = 2> <OutPorts = 1>
ST_1 : Operation 18 [1/1] (1.58ns)   --->   "%store_ln1542 = store i11 0, i11 %i_1" [/home/benchmarker/FPGAProject/SOBEL_HDMI_1024/SOBEL_HDMI_1024.runs/bd_3a92_hsc_0_synth_1/prj/sol/.autopilot/db/v_hscaler.cpp:1542]   --->   Operation 18 'store' 'store_ln1542' <Predicate = true> <Delay = 1.58>

State 2 <SV = 1> <Delay = 4.05>
ST_2 : Operation 19 [2/2] (4.05ns)   --->   "%call_ln1538 = call void @MultiPixStream2AXIvideo_Pipeline_VITIS_LOOP_1536_1, i4 %sub_ln1538, i5 %map_V_2_loc, i5 %map_V_1_loc, i5 %map_V_loc, i2 %mapComp" [/home/benchmarker/FPGAProject/SOBEL_HDMI_1024/SOBEL_HDMI_1024.runs/bd_3a92_hsc_0_synth_1/prj/sol/.autopilot/db/v_hscaler.cpp:1538]   --->   Operation 19 'call' 'call_ln1538' <Predicate = true> <Delay = 4.05> <CoreType = "Generic">   --->   Core 0 '' <Latency = 0> <II = 1> <Delay = 1.00> <Generic> <Opcode : >

State 3 <SV = 2> <Delay = 2.54>
ST_3 : Operation 20 [1/2] (2.54ns)   --->   "%call_ln1538 = call void @MultiPixStream2AXIvideo_Pipeline_VITIS_LOOP_1536_1, i4 %sub_ln1538, i5 %map_V_2_loc, i5 %map_V_1_loc, i5 %map_V_loc, i2 %mapComp" [/home/benchmarker/FPGAProject/SOBEL_HDMI_1024/SOBEL_HDMI_1024.runs/bd_3a92_hsc_0_synth_1/prj/sol/.autopilot/db/v_hscaler.cpp:1538]   --->   Operation 20 'call' 'call_ln1538' <Predicate = true> <Delay = 2.54> <CoreType = "Generic">   --->   Core 0 '' <Latency = 0> <II = 1> <Delay = 1.00> <Generic> <Opcode : >

State 4 <SV = 3> <Delay = 1.63>
ST_4 : Operation 21 [1/1] (0.00ns)   --->   "%specstablecontent_ln0 = specstablecontent void @_ssdm_op_SpecStableContent, i8 %ColorModeOut, void "   --->   Operation 21 'specstablecontent' 'specstablecontent_ln0' <Predicate = true> <Delay = 0.00>
ST_4 : Operation 22 [1/1] (0.00ns)   --->   "%specstablecontent_ln0 = specstablecontent void @_ssdm_op_SpecStableContent, i16 %WidthOut, void "   --->   Operation 22 'specstablecontent' 'specstablecontent_ln0' <Predicate = true> <Delay = 0.00>
ST_4 : Operation 23 [1/1] (0.00ns)   --->   "%specstablecontent_ln0 = specstablecontent void @_ssdm_op_SpecStableContent, i16 %Height, void "   --->   Operation 23 'specstablecontent' 'specstablecontent_ln0' <Predicate = true> <Delay = 0.00>
ST_4 : Operation 24 [1/1] (0.00ns)   --->   "%specinterface_ln0 = specinterface void @_ssdm_op_SpecInterface, i24 %stream_out_422, void @empty_11, i32 0, i32 0, void @empty_15, i32 0, i32 0, void @empty_15, void @empty_15, void @empty_15, i32 0, i32 0, i32 0, i32 0, void @empty_15, void @empty_15, i32 4294967295, i32 0"   --->   Operation 24 'specinterface' 'specinterface_ln0' <Predicate = true> <Delay = 0.00>
ST_4 : Operation 25 [1/1] (0.00ns)   --->   "%specinterface_ln0 = specinterface void @_ssdm_op_SpecInterface, i1 %m_axis_video_V_dest_V, i1 %m_axis_video_V_id_V, i1 %m_axis_video_V_last_V, i1 %m_axis_video_V_user_V, i3 %m_axis_video_V_strb_V, i3 %m_axis_video_V_keep_V, i24 %m_axis_video_V_data_V, void @empty_8, i32 1, i32 1, void @empty, i32 0, i32 0, void @empty_15, void @empty_15, void @empty_15, i32 0, i32 0, i32 0, i32 0, void @empty_15, void @empty_15, i32 4294967295, i32 0"   --->   Operation 25 'specinterface' 'specinterface_ln0' <Predicate = true> <Delay = 0.00>
ST_4 : Operation 26 [1/1] (0.00ns)   --->   "%rows = read i16 @_ssdm_op_Read.ap_auto.i16P0A, i16 %Height" [/home/benchmarker/FPGAProject/SOBEL_HDMI_1024/SOBEL_HDMI_1024.runs/bd_3a92_hsc_0_synth_1/prj/sol/.autopilot/db/v_hscaler.cpp:1485]   --->   Operation 26 'read' 'rows' <Predicate = true> <Delay = 0.00>
ST_4 : Operation 27 [1/1] (0.00ns)   --->   "%trunc_ln1485 = trunc i16 %rows" [/home/benchmarker/FPGAProject/SOBEL_HDMI_1024/SOBEL_HDMI_1024.runs/bd_3a92_hsc_0_synth_1/prj/sol/.autopilot/db/v_hscaler.cpp:1485]   --->   Operation 27 'trunc' 'trunc_ln1485' <Predicate = true> <Delay = 0.00>
ST_4 : Operation 28 [1/1] (0.00ns)   --->   "%cols = read i16 @_ssdm_op_Read.ap_auto.i16P0A, i16 %WidthOut" [/home/benchmarker/FPGAProject/SOBEL_HDMI_1024/SOBEL_HDMI_1024.runs/bd_3a92_hsc_0_synth_1/prj/sol/.autopilot/db/v_hscaler.cpp:1486]   --->   Operation 28 'read' 'cols' <Predicate = true> <Delay = 0.00>
ST_4 : Operation 29 [1/1] (0.00ns)   --->   "%trunc_ln1486 = trunc i16 %cols" [/home/benchmarker/FPGAProject/SOBEL_HDMI_1024/SOBEL_HDMI_1024.runs/bd_3a92_hsc_0_synth_1/prj/sol/.autopilot/db/v_hscaler.cpp:1486]   --->   Operation 29 'trunc' 'trunc_ln1486' <Predicate = true> <Delay = 0.00>
ST_4 : Operation 30 [1/1] (0.00ns)   --->   "%map_V_2_loc_load = load i5 %map_V_2_loc"   --->   Operation 30 'load' 'map_V_2_loc_load' <Predicate = true> <Delay = 0.00>
ST_4 : Operation 31 [1/1] (0.00ns)   --->   "%map_V_1_loc_load = load i5 %map_V_1_loc"   --->   Operation 31 'load' 'map_V_1_loc_load' <Predicate = true> <Delay = 0.00>
ST_4 : Operation 32 [1/1] (0.00ns)   --->   "%map_V_loc_load = load i5 %map_V_loc"   --->   Operation 32 'load' 'map_V_loc_load' <Predicate = true> <Delay = 0.00>
ST_4 : Operation 33 [1/1] (1.63ns)   --->   "%sub = add i11 %trunc_ln1486, i11 2047" [/home/benchmarker/FPGAProject/SOBEL_HDMI_1024/SOBEL_HDMI_1024.runs/bd_3a92_hsc_0_synth_1/prj/sol/.autopilot/db/v_hscaler.cpp:1486]   --->   Operation 33 'add' 'sub' <Predicate = true> <Delay = 1.63> <CoreInst = "Adder">   --->   Core 1 'Adder' <Latency = 0> <II = 1> <Delay = 1.63> <FuncUnit> <Opcode : 'add' 'sub'> <InPorts = 2> <OutPorts = 1>
ST_4 : Operation 34 [1/1] (1.58ns)   --->   "%br_ln1542 = br void %VITIS_LOOP_1544_3" [/home/benchmarker/FPGAProject/SOBEL_HDMI_1024/SOBEL_HDMI_1024.runs/bd_3a92_hsc_0_synth_1/prj/sol/.autopilot/db/v_hscaler.cpp:1542]   --->   Operation 34 'br' 'br_ln1542' <Predicate = true> <Delay = 1.58>

State 5 <SV = 4> <Delay = 3.46>
ST_5 : Operation 35 [1/1] (0.00ns)   --->   "%sof = phi i1 1, void %entry, i1 0, void %VITIS_LOOP_1544_3.split"   --->   Operation 35 'phi' 'sof' <Predicate = true> <Delay = 0.00>
ST_5 : Operation 36 [1/1] (0.00ns)   --->   "%i = load i11 %i_1" [/home/benchmarker/FPGAProject/SOBEL_HDMI_1024/SOBEL_HDMI_1024.runs/bd_3a92_hsc_0_synth_1/prj/sol/.autopilot/db/v_hscaler.cpp:1542]   --->   Operation 36 'load' 'i' <Predicate = true> <Delay = 0.00>
ST_5 : Operation 37 [1/1] (1.88ns)   --->   "%icmp_ln1542 = icmp_eq  i11 %i, i11 %trunc_ln1485" [/home/benchmarker/FPGAProject/SOBEL_HDMI_1024/SOBEL_HDMI_1024.runs/bd_3a92_hsc_0_synth_1/prj/sol/.autopilot/db/v_hscaler.cpp:1542]   --->   Operation 37 'icmp' 'icmp_ln1542' <Predicate = true> <Delay = 1.88> <CoreInst = "Cmp">   --->   Core 9 'Cmp' <Latency = 0> <II = 1> <Delay = 1.88> <FuncUnit> <Opcode : 'icmp'> <InPorts = 2> <OutPorts = 1>
ST_5 : Operation 38 [1/1] (0.00ns)   --->   "%speclooptripcount_ln0 = speclooptripcount void @_ssdm_op_SpecLoopTripCount, i64 16, i64 1080, i64 0"   --->   Operation 38 'speclooptripcount' 'speclooptripcount_ln0' <Predicate = true> <Delay = 0.00>
ST_5 : Operation 39 [1/1] (1.63ns)   --->   "%i_2 = add i11 %i, i11 1" [/home/benchmarker/FPGAProject/SOBEL_HDMI_1024/SOBEL_HDMI_1024.runs/bd_3a92_hsc_0_synth_1/prj/sol/.autopilot/db/v_hscaler.cpp:1542]   --->   Operation 39 'add' 'i_2' <Predicate = true> <Delay = 1.63> <CoreInst = "Adder">   --->   Core 1 'Adder' <Latency = 0> <II = 1> <Delay = 1.63> <FuncUnit> <Opcode : 'add' 'sub'> <InPorts = 2> <OutPorts = 1>
ST_5 : Operation 40 [1/1] (0.00ns)   --->   "%br_ln1542 = br i1 %icmp_ln1542, void %VITIS_LOOP_1544_3.split, void %for.end77.loopexit" [/home/benchmarker/FPGAProject/SOBEL_HDMI_1024/SOBEL_HDMI_1024.runs/bd_3a92_hsc_0_synth_1/prj/sol/.autopilot/db/v_hscaler.cpp:1542]   --->   Operation 40 'br' 'br_ln1542' <Predicate = true> <Delay = 0.00>
ST_5 : Operation 41 [1/1] (0.00ns)   --->   "%empty_98 = wait i32 @_ssdm_op_Wait"   --->   Operation 41 'wait' 'empty_98' <Predicate = (!icmp_ln1542)> <Delay = 0.00>
ST_5 : Operation 42 [1/1] (1.58ns)   --->   "%store_ln1542 = store i11 %i_2, i11 %i_1" [/home/benchmarker/FPGAProject/SOBEL_HDMI_1024/SOBEL_HDMI_1024.runs/bd_3a92_hsc_0_synth_1/prj/sol/.autopilot/db/v_hscaler.cpp:1542]   --->   Operation 42 'store' 'store_ln1542' <Predicate = (!icmp_ln1542)> <Delay = 1.58>

State 6 <SV = 5> <Delay = 3.46>
ST_6 : Operation 43 [2/2] (3.46ns)   --->   "%call_ln1486 = call void @MultiPixStream2AXIvideo_Pipeline_VITIS_LOOP_1544_3, i1 %sof, i11 %trunc_ln1486, i11 %sub, i24 %stream_out_422, i5 %map_V_2_loc_load, i5 %map_V_1_loc_load, i5 %map_V_loc_load, i24 %m_axis_video_V_data_V, i3 %m_axis_video_V_keep_V, i3 %m_axis_video_V_strb_V, i1 %m_axis_video_V_user_V, i1 %m_axis_video_V_last_V, i1 %m_axis_video_V_id_V, i1 %m_axis_video_V_dest_V" [/home/benchmarker/FPGAProject/SOBEL_HDMI_1024/SOBEL_HDMI_1024.runs/bd_3a92_hsc_0_synth_1/prj/sol/.autopilot/db/v_hscaler.cpp:1486]   --->   Operation 43 'call' 'call_ln1486' <Predicate = true> <Delay = 3.46> <CoreType = "Generic">   --->   Core 0 '' <Latency = 0> <II = 1> <Delay = 1.00> <Generic> <Opcode : >

State 7 <SV = 6> <Delay = 3.76>
ST_7 : Operation 44 [1/1] (0.00ns)   --->   "%specloopname_ln1541 = specloopname void @_ssdm_op_SpecLoopName, void @empty_21" [/home/benchmarker/FPGAProject/SOBEL_HDMI_1024/SOBEL_HDMI_1024.runs/bd_3a92_hsc_0_synth_1/prj/sol/.autopilot/db/v_hscaler.cpp:1541]   --->   Operation 44 'specloopname' 'specloopname_ln1541' <Predicate = true> <Delay = 0.00>
ST_7 : Operation 45 [1/2] (3.76ns)   --->   "%call_ln1486 = call void @MultiPixStream2AXIvideo_Pipeline_VITIS_LOOP_1544_3, i1 %sof, i11 %trunc_ln1486, i11 %sub, i24 %stream_out_422, i5 %map_V_2_loc_load, i5 %map_V_1_loc_load, i5 %map_V_loc_load, i24 %m_axis_video_V_data_V, i3 %m_axis_video_V_keep_V, i3 %m_axis_video_V_strb_V, i1 %m_axis_video_V_user_V, i1 %m_axis_video_V_last_V, i1 %m_axis_video_V_id_V, i1 %m_axis_video_V_dest_V" [/home/benchmarker/FPGAProject/SOBEL_HDMI_1024/SOBEL_HDMI_1024.runs/bd_3a92_hsc_0_synth_1/prj/sol/.autopilot/db/v_hscaler.cpp:1486]   --->   Operation 45 'call' 'call_ln1486' <Predicate = true> <Delay = 3.76> <CoreType = "Generic">   --->   Core 0 '' <Latency = 0> <II = 1> <Delay = 1.00> <Generic> <Opcode : >
ST_7 : Operation 46 [1/1] (0.00ns)   --->   "%br_ln1542 = br void %VITIS_LOOP_1544_3" [/home/benchmarker/FPGAProject/SOBEL_HDMI_1024/SOBEL_HDMI_1024.runs/bd_3a92_hsc_0_synth_1/prj/sol/.autopilot/db/v_hscaler.cpp:1542]   --->   Operation 46 'br' 'br_ln1542' <Predicate = true> <Delay = 0.00>

State 8 <SV = 7> <Delay = 0.00>
ST_8 : Operation 47 [1/1] (0.00ns)   --->   "%ret_ln0 = ret"   --->   Operation 47 'ret' 'ret_ln0' <Predicate = true> <Delay = 0.00>


============================================================
+ Verbose Summary: Binding
============================================================
STG Binding: 
---------------- STG Properties BEGIN ----------------
- Is combinational: 0
- Is one-state seq: 0
- Is datapath-only: 0
- Is pipelined: 0
- Is top level: 0
Port [ Return ] is wired: 1; IO mode=ap_ctrl_hs:ce=0
Port [ stream_out_422]:  wired=1; compound=1; hidden=0; nouse=0; global=0; static=0; extern=0; dir=0; type=3; pingpong=0; private_global=0; IO mode=ap_fifo:ce=0
Port [ m_axis_video_V_data_V]:  wired=1; compound=1; hidden=0; nouse=0; global=0; static=0; extern=0; dir=1; type=0; pingpong=0; private_global=0; IO mode=axis:ce=0
Port [ m_axis_video_V_keep_V]:  wired=1; compound=1; hidden=0; nouse=0; global=0; static=0; extern=0; dir=1; type=0; pingpong=0; private_global=0; IO mode=axis:ce=0
Port [ m_axis_video_V_strb_V]:  wired=1; compound=1; hidden=0; nouse=0; global=0; static=0; extern=0; dir=1; type=0; pingpong=0; private_global=0; IO mode=axis:ce=0
Port [ m_axis_video_V_user_V]:  wired=1; compound=1; hidden=0; nouse=0; global=0; static=0; extern=0; dir=1; type=0; pingpong=0; private_global=0; IO mode=axis:ce=0
Port [ m_axis_video_V_last_V]:  wired=1; compound=1; hidden=0; nouse=0; global=0; static=0; extern=0; dir=1; type=0; pingpong=0; private_global=0; IO mode=axis:ce=0
Port [ m_axis_video_V_id_V]:  wired=1; compound=1; hidden=0; nouse=0; global=0; static=0; extern=0; dir=1; type=0; pingpong=0; private_global=0; IO mode=axis:ce=0
Port [ m_axis_video_V_dest_V]:  wired=1; compound=1; hidden=0; nouse=0; global=0; static=0; extern=0; dir=1; type=0; pingpong=0; private_global=0; IO mode=axis:ce=0
Port [ Height]:  wired=1; compound=0; hidden=0; nouse=0; global=0; static=0; extern=0; dir=0; type=0; pingpong=0; private_global=0; IO mode=ap_none:ce=0
Port [ WidthOut]:  wired=1; compound=0; hidden=0; nouse=0; global=0; static=0; extern=0; dir=0; type=0; pingpong=0; private_global=0; IO mode=ap_none:ce=0
Port [ ColorModeOut]:  wired=1; compound=0; hidden=0; nouse=0; global=0; static=0; extern=0; dir=0; type=0; pingpong=0; private_global=0; IO mode=ap_none:ce=0
Port [ mapComp]:  wired=0; compound=1; hidden=1; nouse=1; global=1; static=1; extern=0; dir=0; type=1; pingpong=0; private_global=0; MemPort=[1]; IO mode=ap_memory:ce=0
---------------- STG Properties END ------------------

---------------- Datapath Model BEGIN ----------------

<LifeTime>
<method=bitvector/>
i_1                   (alloca           ) [ 011111110]
map_V_loc             (alloca           ) [ 001110000]
map_V_1_loc           (alloca           ) [ 001110000]
map_V_2_loc           (alloca           ) [ 001110000]
ColorModeOut_read     (read             ) [ 000000000]
empty                 (trunc            ) [ 000000000]
trunc_ln1538          (trunc            ) [ 000000000]
tmp_2                 (bitconcatenate   ) [ 000000000]
sub_ln1538            (sub              ) [ 001100000]
store_ln1542          (store            ) [ 000000000]
call_ln1538           (call             ) [ 000000000]
specstablecontent_ln0 (specstablecontent) [ 000000000]
specstablecontent_ln0 (specstablecontent) [ 000000000]
specstablecontent_ln0 (specstablecontent) [ 000000000]
specinterface_ln0     (specinterface    ) [ 000000000]
specinterface_ln0     (specinterface    ) [ 000000000]
rows                  (read             ) [ 000000000]
trunc_ln1485          (trunc            ) [ 000001110]
cols                  (read             ) [ 000000000]
trunc_ln1486          (trunc            ) [ 000001110]
map_V_2_loc_load      (load             ) [ 000001110]
map_V_1_loc_load      (load             ) [ 000001110]
map_V_loc_load        (load             ) [ 000001110]
sub                   (add              ) [ 000001110]
br_ln1542             (br               ) [ 000011110]
sof                   (phi              ) [ 000001110]
i                     (load             ) [ 000000000]
icmp_ln1542           (icmp             ) [ 000001110]
speclooptripcount_ln0 (speclooptripcount) [ 000000000]
i_2                   (add              ) [ 000000000]
br_ln1542             (br               ) [ 000000000]
empty_98              (wait             ) [ 000000000]
store_ln1542          (store            ) [ 000000000]
specloopname_ln1541   (specloopname     ) [ 000000000]
call_ln1486           (call             ) [ 000000000]
br_ln1542             (br               ) [ 000011110]
ret_ln0               (ret              ) [ 000000000]
</LifeTime>

<model>

<comp_list>
<comp id="0" class="1000" name="stream_out_422">
<pin_list>
<pin id="1" dir="1" index="0" bw="1" slack="0"/>
</pin_list>
<bind>
<StgValue><ssdm name="stream_out_422"/></StgValue>
</bind>
</comp>

<comp id="2" class="1000" name="m_axis_video_V_data_V">
<pin_list>
<pin id="3" dir="1" index="0" bw="1" slack="0"/>
</pin_list>
<bind>
<StgValue><ssdm name="m_axis_video_V_data_V"/></StgValue>
</bind>
</comp>

<comp id="4" class="1000" name="m_axis_video_V_keep_V">
<pin_list>
<pin id="5" dir="1" index="0" bw="1" slack="0"/>
</pin_list>
<bind>
<StgValue><ssdm name="m_axis_video_V_keep_V"/></StgValue>
</bind>
</comp>

<comp id="6" class="1000" name="m_axis_video_V_strb_V">
<pin_list>
<pin id="7" dir="1" index="0" bw="1" slack="0"/>
</pin_list>
<bind>
<StgValue><ssdm name="m_axis_video_V_strb_V"/></StgValue>
</bind>
</comp>

<comp id="8" class="1000" name="m_axis_video_V_user_V">
<pin_list>
<pin id="9" dir="1" index="0" bw="1" slack="0"/>
</pin_list>
<bind>
<StgValue><ssdm name="m_axis_video_V_user_V"/></StgValue>
</bind>
</comp>

<comp id="10" class="1000" name="m_axis_video_V_last_V">
<pin_list>
<pin id="11" dir="1" index="0" bw="1" slack="0"/>
</pin_list>
<bind>
<StgValue><ssdm name="m_axis_video_V_last_V"/></StgValue>
</bind>
</comp>

<comp id="12" class="1000" name="m_axis_video_V_id_V">
<pin_list>
<pin id="13" dir="1" index="0" bw="1" slack="0"/>
</pin_list>
<bind>
<StgValue><ssdm name="m_axis_video_V_id_V"/></StgValue>
</bind>
</comp>

<comp id="14" class="1000" name="m_axis_video_V_dest_V">
<pin_list>
<pin id="15" dir="1" index="0" bw="1" slack="0"/>
</pin_list>
<bind>
<StgValue><ssdm name="m_axis_video_V_dest_V"/></StgValue>
</bind>
</comp>

<comp id="16" class="1000" name="Height">
<pin_list>
<pin id="17" dir="1" index="0" bw="1" slack="0"/>
</pin_list>
<bind>
<StgValue><ssdm name="Height"/></StgValue>
</bind>
</comp>

<comp id="18" class="1000" name="WidthOut">
<pin_list>
<pin id="19" dir="1" index="0" bw="1" slack="0"/>
</pin_list>
<bind>
<StgValue><ssdm name="WidthOut"/></StgValue>
</bind>
</comp>

<comp id="20" class="1000" name="ColorModeOut">
<pin_list>
<pin id="21" dir="1" index="0" bw="1" slack="0"/>
</pin_list>
<bind>
<StgValue><ssdm name="ColorModeOut"/></StgValue>
</bind>
</comp>

<comp id="22" class="1000" name="mapComp">
<pin_list>
<pin id="23" dir="1" index="0" bw="1" slack="0"/>
</pin_list>
<bind>
<StgValue><ssdm name="mapComp"/><MemPortTyVec>1 </MemPortTyVec>
</StgValue>
</bind>
</comp>

<comp id="24" class="1001" name="const_24">
<pin_list>
<pin id="25" dir="1" index="0" bw="1" slack="0"/>
</pin_list>
<bind>
<StgValue><ssdm name=""/></StgValue>
</bind>
</comp>

<comp id="26" class="1001" name="const_26">
<pin_list>
<pin id="27" dir="1" index="0" bw="1" slack="0"/>
</pin_list>
<bind>
<StgValue><ssdm name=""/></StgValue>
</bind>
</comp>

<comp id="28" class="1001" name="const_28">
<pin_list>
<pin id="29" dir="1" index="0" bw="1" slack="0"/>
</pin_list>
<bind>
<StgValue><ssdm name="_ssdm_op_Read.ap_auto.i8P0A"/></StgValue>
</bind>
</comp>

<comp id="30" class="1001" name="const_30">
<pin_list>
<pin id="31" dir="1" index="0" bw="1" slack="0"/>
</pin_list>
<bind>
<StgValue><ssdm name="_ssdm_op_BitConcatenate.i4.i2.i2"/></StgValue>
</bind>
</comp>

<comp id="32" class="1001" name="const_32">
<pin_list>
<pin id="33" dir="1" index="0" bw="1" slack="0"/>
</pin_list>
<bind>
<StgValue><ssdm name=""/></StgValue>
</bind>
</comp>

<comp id="34" class="1001" name="const_34">
<pin_list>
<pin id="35" dir="1" index="0" bw="1" slack="0"/>
</pin_list>
<bind>
<StgValue><ssdm name=""/></StgValue>
</bind>
</comp>

<comp id="36" class="1001" name="const_36">
<pin_list>
<pin id="37" dir="1" index="0" bw="1" slack="0"/>
</pin_list>
<bind>
<StgValue><ssdm name="MultiPixStream2AXIvideo_Pipeline_VITIS_LOOP_1536_1"/></StgValue>
</bind>
</comp>

<comp id="38" class="1001" name="const_38">
<pin_list>
<pin id="39" dir="1" index="0" bw="1" slack="2147483647"/>
</pin_list>
<bind>
<StgValue><ssdm name="_ssdm_op_SpecStableContent"/></StgValue>
</bind>
</comp>

<comp id="40" class="1001" name="const_40">
<pin_list>
<pin id="41" dir="1" index="0" bw="1" slack="2147483647"/>
</pin_list>
<bind>
<StgValue><ssdm name=""/></StgValue>
</bind>
</comp>

<comp id="42" class="1001" name="const_42">
<pin_list>
<pin id="43" dir="1" index="0" bw="1" slack="2147483647"/>
</pin_list>
<bind>
<StgValue><ssdm name="_ssdm_op_SpecInterface"/></StgValue>
</bind>
</comp>

<comp id="44" class="1001" name="const_44">
<pin_list>
<pin id="45" dir="1" index="0" bw="1" slack="2147483647"/>
</pin_list>
<bind>
<StgValue><ssdm name="empty_11"/></StgValue>
</bind>
</comp>

<comp id="46" class="1001" name="const_46">
<pin_list>
<pin id="47" dir="1" index="0" bw="1" slack="2147483647"/>
</pin_list>
<bind>
<StgValue><ssdm name=""/></StgValue>
</bind>
</comp>

<comp id="48" class="1001" name="const_48">
<pin_list>
<pin id="49" dir="1" index="0" bw="1" slack="2147483647"/>
</pin_list>
<bind>
<StgValue><ssdm name="empty_15"/></StgValue>
</bind>
</comp>

<comp id="50" class="1001" name="const_50">
<pin_list>
<pin id="51" dir="1" index="0" bw="1" slack="2147483647"/>
</pin_list>
<bind>
<StgValue><ssdm name=""/></StgValue>
</bind>
</comp>

<comp id="52" class="1001" name="const_52">
<pin_list>
<pin id="53" dir="1" index="0" bw="1" slack="2147483647"/>
</pin_list>
<bind>
<StgValue><ssdm name="empty_8"/></StgValue>
</bind>
</comp>

<comp id="54" class="1001" name="const_54">
<pin_list>
<pin id="55" dir="1" index="0" bw="1" slack="2147483647"/>
</pin_list>
<bind>
<StgValue><ssdm name="empty"/></StgValue>
</bind>
</comp>

<comp id="56" class="1001" name="const_56">
<pin_list>
<pin id="57" dir="1" index="0" bw="1" slack="0"/>
</pin_list>
<bind>
<StgValue><ssdm name="_ssdm_op_Read.ap_auto.i16P0A"/></StgValue>
</bind>
</comp>

<comp id="58" class="1001" name="const_58">
<pin_list>
<pin id="59" dir="1" index="0" bw="1" slack="0"/>
</pin_list>
<bind>
<StgValue><ssdm name=""/></StgValue>
</bind>
</comp>

<comp id="60" class="1001" name="const_60">
<pin_list>
<pin id="61" dir="1" index="0" bw="1" slack="1"/>
</pin_list>
<bind>
<StgValue><ssdm name=""/></StgValue>
</bind>
</comp>

<comp id="62" class="1001" name="const_62">
<pin_list>
<pin id="63" dir="1" index="0" bw="1" slack="1"/>
</pin_list>
<bind>
<StgValue><ssdm name=""/></StgValue>
</bind>
</comp>

<comp id="64" class="1001" name="const_64">
<pin_list>
<pin id="65" dir="1" index="0" bw="1" slack="2147483647"/>
</pin_list>
<bind>
<StgValue><ssdm name="_ssdm_op_SpecLoopTripCount"/></StgValue>
</bind>
</comp>

<comp id="66" class="1001" name="const_66">
<pin_list>
<pin id="67" dir="1" index="0" bw="1" slack="2147483647"/>
</pin_list>
<bind>
<StgValue><ssdm name=""/></StgValue>
</bind>
</comp>

<comp id="68" class="1001" name="const_68">
<pin_list>
<pin id="69" dir="1" index="0" bw="1" slack="2147483647"/>
</pin_list>
<bind>
<StgValue><ssdm name=""/></StgValue>
</bind>
</comp>

<comp id="70" class="1001" name="const_70">
<pin_list>
<pin id="71" dir="1" index="0" bw="1" slack="2147483647"/>
</pin_list>
<bind>
<StgValue><ssdm name=""/></StgValue>
</bind>
</comp>

<comp id="72" class="1001" name="const_72">
<pin_list>
<pin id="73" dir="1" index="0" bw="1" slack="0"/>
</pin_list>
<bind>
<StgValue><ssdm name=""/></StgValue>
</bind>
</comp>

<comp id="74" class="1001" name="const_74">
<pin_list>
<pin id="75" dir="1" index="0" bw="1" slack="2147483647"/>
</pin_list>
<bind>
<StgValue><ssdm name="_ssdm_op_Wait"/></StgValue>
</bind>
</comp>

<comp id="76" class="1001" name="const_76">
<pin_list>
<pin id="77" dir="1" index="0" bw="1" slack="0"/>
</pin_list>
<bind>
<StgValue><ssdm name="MultiPixStream2AXIvideo_Pipeline_VITIS_LOOP_1544_3"/></StgValue>
</bind>
</comp>

<comp id="78" class="1001" name="const_78">
<pin_list>
<pin id="79" dir="1" index="0" bw="1" slack="2147483647"/>
</pin_list>
<bind>
<StgValue><ssdm name="_ssdm_op_SpecLoopName"/></StgValue>
</bind>
</comp>

<comp id="80" class="1001" name="const_80">
<pin_list>
<pin id="81" dir="1" index="0" bw="1" slack="2147483647"/>
</pin_list>
<bind>
<StgValue><ssdm name="empty_21"/></StgValue>
</bind>
</comp>

<comp id="82" class="1004" name="i_1_fu_82">
<pin_list>
<pin id="83" dir="0" index="0" bw="1" slack="0"/>
<pin id="84" dir="1" index="1" bw="11" slack="0"/>
</pin_list>
<bind>
<opcode="alloca(26) " fcode="alloca"/>
<opset="i_1/1 "/>
</bind>
</comp>

<comp id="86" class="1004" name="map_V_loc_fu_86">
<pin_list>
<pin id="87" dir="0" index="0" bw="1" slack="0"/>
<pin id="88" dir="1" index="1" bw="5" slack="1"/>
</pin_list>
<bind>
<opcode="alloca(26) " fcode="alloca"/>
<opset="map_V_loc/1 "/>
</bind>
</comp>

<comp id="90" class="1004" name="map_V_1_loc_fu_90">
<pin_list>
<pin id="91" dir="0" index="0" bw="1" slack="0"/>
<pin id="92" dir="1" index="1" bw="5" slack="1"/>
</pin_list>
<bind>
<opcode="alloca(26) " fcode="alloca"/>
<opset="map_V_1_loc/1 "/>
</bind>
</comp>

<comp id="94" class="1004" name="map_V_2_loc_fu_94">
<pin_list>
<pin id="95" dir="0" index="0" bw="1" slack="0"/>
<pin id="96" dir="1" index="1" bw="5" slack="1"/>
</pin_list>
<bind>
<opcode="alloca(26) " fcode="alloca"/>
<opset="map_V_2_loc/1 "/>
</bind>
</comp>

<comp id="98" class="1004" name="ColorModeOut_read_read_fu_98">
<pin_list>
<pin id="99" dir="0" index="0" bw="8" slack="0"/>
<pin id="100" dir="0" index="1" bw="8" slack="0"/>
<pin id="101" dir="1" index="2" bw="8" slack="0"/>
</pin_list>
<bind>
<opcode="read(1150) " fcode="read"/>
<opset="ColorModeOut_read/1 "/>
</bind>
</comp>

<comp id="104" class="1004" name="rows_read_fu_104">
<pin_list>
<pin id="105" dir="0" index="0" bw="16" slack="0"/>
<pin id="106" dir="0" index="1" bw="16" slack="0"/>
<pin id="107" dir="1" index="2" bw="16" slack="0"/>
</pin_list>
<bind>
<opcode="read(1150) " fcode="read"/>
<opset="rows/4 "/>
</bind>
</comp>

<comp id="110" class="1004" name="cols_read_fu_110">
<pin_list>
<pin id="111" dir="0" index="0" bw="16" slack="0"/>
<pin id="112" dir="0" index="1" bw="16" slack="0"/>
<pin id="113" dir="1" index="2" bw="16" slack="0"/>
</pin_list>
<bind>
<opcode="read(1150) " fcode="read"/>
<opset="cols/4 "/>
</bind>
</comp>

<comp id="116" class="1005" name="sof_reg_116">
<pin_list>
<pin id="117" dir="0" index="0" bw="1" slack="1"/>
<pin id="118" dir="1" index="1" bw="1" slack="1"/>
</pin_list>
<bind>
<opset="sof (phireg) "/>
</bind>
</comp>

<comp id="121" class="1004" name="sof_phi_fu_121">
<pin_list>
<pin id="122" dir="0" index="0" bw="1" slack="1"/>
<pin id="123" dir="0" index="1" bw="0" slack="2147483647"/>
<pin id="124" dir="0" index="2" bw="1" slack="1"/>
<pin id="125" dir="0" index="3" bw="0" slack="2147483647"/>
<pin id="126" dir="1" index="4" bw="1" slack="1"/>
</pin_list>
<bind>
<opcode="phi(47) " fcode="phi"/>
<opset="sof/5 "/>
</bind>
</comp>

<comp id="130" class="1004" name="grp_MultiPixStream2AXIvideo_Pipeline_VITIS_LOOP_1536_1_fu_130">
<pin_list>
<pin id="131" dir="0" index="0" bw="0" slack="0"/>
<pin id="132" dir="0" index="1" bw="4" slack="1"/>
<pin id="133" dir="0" index="2" bw="5" slack="1"/>
<pin id="134" dir="0" index="3" bw="5" slack="1"/>
<pin id="135" dir="0" index="4" bw="5" slack="1"/>
<pin id="136" dir="0" index="5" bw="2" slack="0"/>
<pin id="137" dir="1" index="6" bw="0" slack="2147483647"/>
</pin_list>
<bind>
<opcode="call(48) " fcode="call"/>
<opset="call_ln1538/2 "/>
</bind>
</comp>

<comp id="140" class="1004" name="grp_MultiPixStream2AXIvideo_Pipeline_VITIS_LOOP_1544_3_fu_140">
<pin_list>
<pin id="141" dir="0" index="0" bw="0" slack="0"/>
<pin id="142" dir="0" index="1" bw="1" slack="1"/>
<pin id="143" dir="0" index="2" bw="11" slack="2"/>
<pin id="144" dir="0" index="3" bw="11" slack="2"/>
<pin id="145" dir="0" index="4" bw="24" slack="0"/>
<pin id="146" dir="0" index="5" bw="5" slack="2147483647"/>
<pin id="147" dir="0" index="6" bw="5" slack="2147483647"/>
<pin id="148" dir="0" index="7" bw="5" slack="2147483647"/>
<pin id="149" dir="0" index="8" bw="24" slack="0"/>
<pin id="150" dir="0" index="9" bw="3" slack="0"/>
<pin id="151" dir="0" index="10" bw="3" slack="0"/>
<pin id="152" dir="0" index="11" bw="1" slack="0"/>
<pin id="153" dir="0" index="12" bw="1" slack="0"/>
<pin id="154" dir="0" index="13" bw="1" slack="0"/>
<pin id="155" dir="0" index="14" bw="1" slack="0"/>
<pin id="156" dir="1" index="15" bw="0" slack="2147483647"/>
</pin_list>
<bind>
<opcode="call(48) " fcode="call"/>
<opset="call_ln1486/6 "/>
</bind>
</comp>

<comp id="167" class="1004" name="empty_fu_167">
<pin_list>
<pin id="168" dir="0" index="0" bw="8" slack="0"/>
<pin id="169" dir="1" index="1" bw="2" slack="0"/>
</pin_list>
<bind>
<opcode="trunc(33) " fcode="trunc"/>
<opset="empty/1 "/>
</bind>
</comp>

<comp id="171" class="1004" name="trunc_ln1538_fu_171">
<pin_list>
<pin id="172" dir="0" index="0" bw="8" slack="0"/>
<pin id="173" dir="1" index="1" bw="4" slack="0"/>
</pin_list>
<bind>
<opcode="trunc(33) " fcode="trunc"/>
<opset="trunc_ln1538/1 "/>
</bind>
</comp>

<comp id="175" class="1004" name="tmp_2_fu_175">
<pin_list>
<pin id="176" dir="0" index="0" bw="4" slack="0"/>
<pin id="177" dir="0" index="1" bw="2" slack="0"/>
<pin id="178" dir="0" index="2" bw="1" slack="0"/>
<pin id="179" dir="1" index="3" bw="4" slack="0"/>
</pin_list>
<bind>
<opcode="bitconcatenate(1004) " fcode="bitconcatenate"/>
<opset="tmp_2/1 "/>
</bind>
</comp>

<comp id="183" class="1004" name="sub_ln1538_fu_183">
<pin_list>
<pin id="184" dir="0" index="0" bw="4" slack="0"/>
<pin id="185" dir="0" index="1" bw="4" slack="0"/>
<pin id="186" dir="1" index="2" bw="4" slack="1"/>
</pin_list>
<bind>
<opcode="sub(10) " fcode="sub"/>
<opset="sub_ln1538/1 "/>
</bind>
</comp>

<comp id="189" class="1004" name="store_ln1542_store_fu_189">
<pin_list>
<pin id="190" dir="0" index="0" bw="1" slack="0"/>
<pin id="191" dir="0" index="1" bw="11" slack="0"/>
<pin id="192" dir="1" index="2" bw="0" slack="2147483647"/>
</pin_list>
<bind>
<opcode="store(28) " fcode="store"/>
<opset="store_ln1542/1 "/>
</bind>
</comp>

<comp id="194" class="1004" name="trunc_ln1485_fu_194">
<pin_list>
<pin id="195" dir="0" index="0" bw="16" slack="0"/>
<pin id="196" dir="1" index="1" bw="11" slack="1"/>
</pin_list>
<bind>
<opcode="trunc(33) " fcode="trunc"/>
<opset="trunc_ln1485/4 "/>
</bind>
</comp>

<comp id="198" class="1004" name="trunc_ln1486_fu_198">
<pin_list>
<pin id="199" dir="0" index="0" bw="16" slack="0"/>
<pin id="200" dir="1" index="1" bw="11" slack="0"/>
</pin_list>
<bind>
<opcode="trunc(33) " fcode="trunc"/>
<opset="trunc_ln1486/4 "/>
</bind>
</comp>

<comp id="202" class="1004" name="map_V_2_loc_load_load_fu_202">
<pin_list>
<pin id="203" dir="0" index="0" bw="5" slack="3"/>
<pin id="204" dir="1" index="1" bw="5" slack="2147483647"/>
</pin_list>
<bind>
<opcode="load(27) " fcode="load"/>
<opset="map_V_2_loc_load/4 "/>
</bind>
</comp>

<comp id="205" class="1004" name="map_V_1_loc_load_load_fu_205">
<pin_list>
<pin id="206" dir="0" index="0" bw="5" slack="3"/>
<pin id="207" dir="1" index="1" bw="5" slack="2147483647"/>
</pin_list>
<bind>
<opcode="load(27) " fcode="load"/>
<opset="map_V_1_loc_load/4 "/>
</bind>
</comp>

<comp id="208" class="1004" name="map_V_loc_load_load_fu_208">
<pin_list>
<pin id="209" dir="0" index="0" bw="5" slack="3"/>
<pin id="210" dir="1" index="1" bw="5" slack="2147483647"/>
</pin_list>
<bind>
<opcode="load(27) " fcode="load"/>
<opset="map_V_loc_load/4 "/>
</bind>
</comp>

<comp id="211" class="1004" name="sub_fu_211">
<pin_list>
<pin id="212" dir="0" index="0" bw="11" slack="0"/>
<pin id="213" dir="0" index="1" bw="1" slack="0"/>
<pin id="214" dir="1" index="2" bw="11" slack="2"/>
</pin_list>
<bind>
<opcode="add(8) " fcode="add"/>
<opset="sub/4 "/>
</bind>
</comp>

<comp id="217" class="1004" name="i_load_fu_217">
<pin_list>
<pin id="218" dir="0" index="0" bw="11" slack="4"/>
<pin id="219" dir="1" index="1" bw="11" slack="0"/>
</pin_list>
<bind>
<opcode="load(27) " fcode="load"/>
<opset="i/5 "/>
</bind>
</comp>

<comp id="220" class="1004" name="icmp_ln1542_fu_220">
<pin_list>
<pin id="221" dir="0" index="0" bw="11" slack="0"/>
<pin id="222" dir="0" index="1" bw="11" slack="1"/>
<pin id="223" dir="1" index="2" bw="1" slack="2147483647"/>
</pin_list>
<bind>
<opcode="icmp(45) " fcode="icmp"/>
<opset="icmp_ln1542/5 "/>
</bind>
</comp>

<comp id="225" class="1004" name="i_2_fu_225">
<pin_list>
<pin id="226" dir="0" index="0" bw="11" slack="0"/>
<pin id="227" dir="0" index="1" bw="1" slack="0"/>
<pin id="228" dir="1" index="2" bw="11" slack="0"/>
</pin_list>
<bind>
<opcode="add(8) " fcode="add"/>
<opset="i_2/5 "/>
</bind>
</comp>

<comp id="231" class="1004" name="store_ln1542_store_fu_231">
<pin_list>
<pin id="232" dir="0" index="0" bw="11" slack="0"/>
<pin id="233" dir="0" index="1" bw="11" slack="4"/>
<pin id="234" dir="1" index="2" bw="0" slack="2147483647"/>
</pin_list>
<bind>
<opcode="store(28) " fcode="store"/>
<opset="store_ln1542/5 "/>
</bind>
</comp>

<comp id="236" class="1005" name="i_1_reg_236">
<pin_list>
<pin id="237" dir="0" index="0" bw="11" slack="0"/>
<pin id="238" dir="1" index="1" bw="11" slack="0"/>
</pin_list>
<bind>
<opset="i_1 "/>
</bind>
</comp>

<comp id="243" class="1005" name="map_V_loc_reg_243">
<pin_list>
<pin id="244" dir="0" index="0" bw="5" slack="1"/>
<pin id="245" dir="1" index="1" bw="5" slack="1"/>
</pin_list>
<bind>
<opset="map_V_loc "/>
</bind>
</comp>

<comp id="249" class="1005" name="map_V_1_loc_reg_249">
<pin_list>
<pin id="250" dir="0" index="0" bw="5" slack="1"/>
<pin id="251" dir="1" index="1" bw="5" slack="1"/>
</pin_list>
<bind>
<opset="map_V_1_loc "/>
</bind>
</comp>

<comp id="255" class="1005" name="map_V_2_loc_reg_255">
<pin_list>
<pin id="256" dir="0" index="0" bw="5" slack="1"/>
<pin id="257" dir="1" index="1" bw="5" slack="1"/>
</pin_list>
<bind>
<opset="map_V_2_loc "/>
</bind>
</comp>

<comp id="261" class="1005" name="sub_ln1538_reg_261">
<pin_list>
<pin id="262" dir="0" index="0" bw="4" slack="1"/>
<pin id="263" dir="1" index="1" bw="4" slack="1"/>
</pin_list>
<bind>
<opset="sub_ln1538 "/>
</bind>
</comp>

<comp id="266" class="1005" name="trunc_ln1485_reg_266">
<pin_list>
<pin id="267" dir="0" index="0" bw="11" slack="1"/>
<pin id="268" dir="1" index="1" bw="11" slack="1"/>
</pin_list>
<bind>
<opset="trunc_ln1485 "/>
</bind>
</comp>

<comp id="271" class="1005" name="trunc_ln1486_reg_271">
<pin_list>
<pin id="272" dir="0" index="0" bw="11" slack="2"/>
<pin id="273" dir="1" index="1" bw="11" slack="2"/>
</pin_list>
<bind>
<opset="trunc_ln1486 "/>
</bind>
</comp>

<comp id="285" class="1005" name="sub_reg_285">
<pin_list>
<pin id="286" dir="0" index="0" bw="11" slack="2"/>
<pin id="287" dir="1" index="1" bw="11" slack="2"/>
</pin_list>
<bind>
<opset="sub "/>
</bind>
</comp>

</comp_list>

<net_list>
<net id="85"><net_src comp="24" pin="0"/><net_sink comp="82" pin=0"/></net>

<net id="89"><net_src comp="26" pin="0"/><net_sink comp="86" pin=0"/></net>

<net id="93"><net_src comp="26" pin="0"/><net_sink comp="90" pin=0"/></net>

<net id="97"><net_src comp="26" pin="0"/><net_sink comp="94" pin=0"/></net>

<net id="102"><net_src comp="28" pin="0"/><net_sink comp="98" pin=0"/></net>

<net id="103"><net_src comp="20" pin="0"/><net_sink comp="98" pin=1"/></net>

<net id="108"><net_src comp="56" pin="0"/><net_sink comp="104" pin=0"/></net>

<net id="109"><net_src comp="16" pin="0"/><net_sink comp="104" pin=1"/></net>

<net id="114"><net_src comp="56" pin="0"/><net_sink comp="110" pin=0"/></net>

<net id="115"><net_src comp="18" pin="0"/><net_sink comp="110" pin=1"/></net>

<net id="119"><net_src comp="60" pin="0"/><net_sink comp="116" pin=0"/></net>

<net id="120"><net_src comp="62" pin="0"/><net_sink comp="116" pin=0"/></net>

<net id="127"><net_src comp="116" pin="1"/><net_sink comp="121" pin=0"/></net>

<net id="128"><net_src comp="116" pin="1"/><net_sink comp="121" pin=2"/></net>

<net id="129"><net_src comp="121" pin="4"/><net_sink comp="116" pin=0"/></net>

<net id="138"><net_src comp="36" pin="0"/><net_sink comp="130" pin=0"/></net>

<net id="139"><net_src comp="22" pin="0"/><net_sink comp="130" pin=5"/></net>

<net id="157"><net_src comp="76" pin="0"/><net_sink comp="140" pin=0"/></net>

<net id="158"><net_src comp="116" pin="1"/><net_sink comp="140" pin=1"/></net>

<net id="159"><net_src comp="0" pin="0"/><net_sink comp="140" pin=4"/></net>

<net id="160"><net_src comp="2" pin="0"/><net_sink comp="140" pin=8"/></net>

<net id="161"><net_src comp="4" pin="0"/><net_sink comp="140" pin=9"/></net>

<net id="162"><net_src comp="6" pin="0"/><net_sink comp="140" pin=10"/></net>

<net id="163"><net_src comp="8" pin="0"/><net_sink comp="140" pin=11"/></net>

<net id="164"><net_src comp="10" pin="0"/><net_sink comp="140" pin=12"/></net>

<net id="165"><net_src comp="12" pin="0"/><net_sink comp="140" pin=13"/></net>

<net id="166"><net_src comp="14" pin="0"/><net_sink comp="140" pin=14"/></net>

<net id="170"><net_src comp="98" pin="2"/><net_sink comp="167" pin=0"/></net>

<net id="174"><net_src comp="98" pin="2"/><net_sink comp="171" pin=0"/></net>

<net id="180"><net_src comp="30" pin="0"/><net_sink comp="175" pin=0"/></net>

<net id="181"><net_src comp="167" pin="1"/><net_sink comp="175" pin=1"/></net>

<net id="182"><net_src comp="32" pin="0"/><net_sink comp="175" pin=2"/></net>

<net id="187"><net_src comp="175" pin="3"/><net_sink comp="183" pin=0"/></net>

<net id="188"><net_src comp="171" pin="1"/><net_sink comp="183" pin=1"/></net>

<net id="193"><net_src comp="34" pin="0"/><net_sink comp="189" pin=0"/></net>

<net id="197"><net_src comp="104" pin="2"/><net_sink comp="194" pin=0"/></net>

<net id="201"><net_src comp="110" pin="2"/><net_sink comp="198" pin=0"/></net>

<net id="215"><net_src comp="198" pin="1"/><net_sink comp="211" pin=0"/></net>

<net id="216"><net_src comp="58" pin="0"/><net_sink comp="211" pin=1"/></net>

<net id="224"><net_src comp="217" pin="1"/><net_sink comp="220" pin=0"/></net>

<net id="229"><net_src comp="217" pin="1"/><net_sink comp="225" pin=0"/></net>

<net id="230"><net_src comp="72" pin="0"/><net_sink comp="225" pin=1"/></net>

<net id="235"><net_src comp="225" pin="2"/><net_sink comp="231" pin=0"/></net>

<net id="239"><net_src comp="82" pin="1"/><net_sink comp="236" pin=0"/></net>

<net id="240"><net_src comp="236" pin="1"/><net_sink comp="189" pin=1"/></net>

<net id="241"><net_src comp="236" pin="1"/><net_sink comp="217" pin=0"/></net>

<net id="242"><net_src comp="236" pin="1"/><net_sink comp="231" pin=1"/></net>

<net id="246"><net_src comp="86" pin="1"/><net_sink comp="243" pin=0"/></net>

<net id="247"><net_src comp="243" pin="1"/><net_sink comp="130" pin=4"/></net>

<net id="248"><net_src comp="243" pin="1"/><net_sink comp="208" pin=0"/></net>

<net id="252"><net_src comp="90" pin="1"/><net_sink comp="249" pin=0"/></net>

<net id="253"><net_src comp="249" pin="1"/><net_sink comp="130" pin=3"/></net>

<net id="254"><net_src comp="249" pin="1"/><net_sink comp="205" pin=0"/></net>

<net id="258"><net_src comp="94" pin="1"/><net_sink comp="255" pin=0"/></net>

<net id="259"><net_src comp="255" pin="1"/><net_sink comp="130" pin=2"/></net>

<net id="260"><net_src comp="255" pin="1"/><net_sink comp="202" pin=0"/></net>

<net id="264"><net_src comp="183" pin="2"/><net_sink comp="261" pin=0"/></net>

<net id="265"><net_src comp="261" pin="1"/><net_sink comp="130" pin=1"/></net>

<net id="269"><net_src comp="194" pin="1"/><net_sink comp="266" pin=0"/></net>

<net id="270"><net_src comp="266" pin="1"/><net_sink comp="220" pin=1"/></net>

<net id="274"><net_src comp="198" pin="1"/><net_sink comp="271" pin=0"/></net>

<net id="275"><net_src comp="271" pin="1"/><net_sink comp="140" pin=2"/></net>

<net id="288"><net_src comp="211" pin="2"/><net_sink comp="285" pin=0"/></net>

<net id="289"><net_src comp="285" pin="1"/><net_sink comp="140" pin=3"/></net>

</net_list>

</model> 
---------------- Datapath Model END ------------------

* FSMD analyzer results:
  - Output states:
	Port: m_axis_video_V_data_V | {6 7 }
	Port: m_axis_video_V_keep_V | {6 7 }
	Port: m_axis_video_V_strb_V | {6 7 }
	Port: m_axis_video_V_user_V | {6 7 }
	Port: m_axis_video_V_last_V | {6 7 }
	Port: m_axis_video_V_id_V | {6 7 }
	Port: m_axis_video_V_dest_V | {6 7 }
	Port: Height | {}
	Port: WidthOut | {}
	Port: ColorModeOut | {}
	Port: mapComp | {}
 - Input state : 
	Port: MultiPixStream2AXIvideo : stream_out_422 | {6 7 }
	Port: MultiPixStream2AXIvideo : m_axis_video_V_data_V | {}
	Port: MultiPixStream2AXIvideo : m_axis_video_V_keep_V | {}
	Port: MultiPixStream2AXIvideo : m_axis_video_V_strb_V | {}
	Port: MultiPixStream2AXIvideo : m_axis_video_V_user_V | {}
	Port: MultiPixStream2AXIvideo : m_axis_video_V_last_V | {}
	Port: MultiPixStream2AXIvideo : m_axis_video_V_id_V | {}
	Port: MultiPixStream2AXIvideo : m_axis_video_V_dest_V | {}
	Port: MultiPixStream2AXIvideo : Height | {4 }
	Port: MultiPixStream2AXIvideo : WidthOut | {4 }
	Port: MultiPixStream2AXIvideo : ColorModeOut | {1 }
	Port: MultiPixStream2AXIvideo : mapComp | {2 3 }
  - Chain level:
	State 1
		tmp_2 : 1
		sub_ln1538 : 2
		store_ln1542 : 1
	State 2
	State 3
	State 4
		sub : 1
	State 5
		icmp_ln1542 : 1
		i_2 : 1
		br_ln1542 : 2
		store_ln1542 : 2
	State 6
	State 7
	State 8


============================================================
+ Verbose Summary: Datapath Resource usage 
============================================================

* Functional unit list:
|----------|---------------------------------------------------------------|---------|---------|---------|
| Operation|                        Functional Unit                        |  Delay  |    FF   |   LUT   |
|----------|---------------------------------------------------------------|---------|---------|---------|
|   call   | grp_MultiPixStream2AXIvideo_Pipeline_VITIS_LOOP_1536_1_fu_130 |  1.588  |    23   |    40   |
|          | grp_MultiPixStream2AXIvideo_Pipeline_VITIS_LOOP_1544_3_fu_140 |    0    |    30   |    76   |
|----------|---------------------------------------------------------------|---------|---------|---------|
|    add   |                           sub_fu_211                          |    0    |    0    |    12   |
|          |                           i_2_fu_225                          |    0    |    0    |    12   |
|----------|---------------------------------------------------------------|---------|---------|---------|
|    sub   |                       sub_ln1538_fu_183                       |    0    |    0    |    13   |
|----------|---------------------------------------------------------------|---------|---------|---------|
|   icmp   |                       icmp_ln1542_fu_220                      |    0    |    0    |    11   |
|----------|---------------------------------------------------------------|---------|---------|---------|
|          |                  ColorModeOut_read_read_fu_98                 |    0    |    0    |    0    |
|   read   |                        rows_read_fu_104                       |    0    |    0    |    0    |
|          |                        cols_read_fu_110                       |    0    |    0    |    0    |
|----------|---------------------------------------------------------------|---------|---------|---------|
|          |                          empty_fu_167                         |    0    |    0    |    0    |
|   trunc  |                      trunc_ln1538_fu_171                      |    0    |    0    |    0    |
|          |                      trunc_ln1485_fu_194                      |    0    |    0    |    0    |
|          |                      trunc_ln1486_fu_198                      |    0    |    0    |    0    |
|----------|---------------------------------------------------------------|---------|---------|---------|
|bitconcatenate|                          tmp_2_fu_175                         |    0    |    0    |    0    |
|----------|---------------------------------------------------------------|---------|---------|---------|
|   Total  |                                                               |  1.588  |    53   |   164   |
|----------|---------------------------------------------------------------|---------|---------|---------|

Memories:
N/A

* Register list:
+--------------------+--------+
|                    |   FF   |
+--------------------+--------+
|     i_1_reg_236    |   11   |
| map_V_1_loc_reg_249|    5   |
| map_V_2_loc_reg_255|    5   |
|  map_V_loc_reg_243 |    5   |
|     sof_reg_116    |    1   |
| sub_ln1538_reg_261 |    4   |
|     sub_reg_285    |   11   |
|trunc_ln1485_reg_266|   11   |
|trunc_ln1486_reg_271|   11   |
+--------------------+--------+
|        Total       |   64   |
+--------------------+--------+

* Multiplexer (MUX) list: 
|-------------|------|------|------|--------||---------||---------|
|     Comp    |  Pin | Size |  BW  | S x BW ||  Delay  ||   LUT   |
|-------------|------|------|------|--------||---------||---------|
| sof_reg_116 |  p0  |   3  |   1  |    3   ||    9    |
|-------------|------|------|------|--------||---------||---------|
|    Total    |      |      |      |    3   ||  1.7073 ||    9    |
|-------------|------|------|------|--------||---------||---------|



* Summary:
+-----------+--------+--------+--------+
|           |  Delay |   FF   |   LUT  |
+-----------+--------+--------+--------+
|  Function |    1   |   53   |   164  |
|   Memory  |    -   |    -   |    -   |
|Multiplexer|    1   |    -   |    9   |
|  Register |    -   |   64   |    -   |
+-----------+--------+--------+--------+
|   Total   |    3   |   117  |   173  |
+-----------+--------+--------+--------+
