

================================================================
== Vitis HLS Report for 'v_hcresampler_core_Pipeline_VITIS_LOOP_1636_2'
================================================================
* Date:           Mon Aug 29 12:25:35 2022

* Version:        2022.1 (Build 3526262 on Mon Apr 18 15:47:01 MDT 2022)
* Project:        prj
* Solution:       sol (Vivado IP Flow Target)
* Product family: zynq
* Target device:  xc7z020-clg484-1


================================================================
== Performance Estimates
================================================================
+ Timing: 
    * Summary: 
    +--------+---------+----------+------------+
    |  Clock |  Target | Estimated| Uncertainty|
    +--------+---------+----------+------------+
    |ap_clk  |  5.62 ns|  3.907 ns|     1.52 ns|
    +--------+---------+----------+------------+

+ Latency: 
    * Summary: 
    +---------+---------+-----------+----------+-----+-------+---------+
    |  Latency (cycles) |  Latency (absolute)  |   Interval  | Pipeline|
    |   min   |   max   |    min    |    max   | min |  max  |   Type  |
    +---------+---------+-----------+----------+-----+-------+---------+
    |        6|    32772|  33.750 ns|  0.184 ms|    6|  32772|       no|
    +---------+---------+-----------+----------+-----+-------+---------+

    + Detail: 
        * Instance: 
        N/A

        * Loop: 
        +---------------------+---------+---------+----------+-----------+-----------+-----------+----------+
        |                     |  Latency (cycles) | Iteration|  Initiation Interval  |    Trip   |          |
        |      Loop Name      |   min   |   max   |  Latency |  achieved |   target  |   Count   | Pipelined|
        +---------------------+---------+---------+----------+-----------+-----------+-----------+----------+
        |- VITIS_LOOP_1636_2  |        4|    32770|         5|          1|          1|  1 ~ 32767|       yes|
        +---------------------+---------+---------+----------+-----------+-----------+-----------+----------+

============================================================
+ Verbose Summary: Synthesis Manager
============================================================
InlineROM: 1
ExposeGlobal: 0
============================================================
+ Verbose Summary: CDFG Model
============================================================
IsTopModel: 0
ResetActiveHigh: 1
IsCombinational: 0
IsDatapathOnly: 0
HasWiredReturn: 1
HasMFsm: 2
HasVarLatency: 1
IsPipeline: 0
IsRtlPipelined: 0
IsInstanceOverlapped: 0
IsDontTouch: 0
HasImplIP: 0
IsGatedGlobalClock: 0

+ Individual pipeline summary: 
  * Pipeline-0: initiation interval (II) = 1, depth = 5


============================================================
+ Verbose Summary: Schedule
============================================================
* Number of FSM states : 5
* Pipeline : 1
  Pipeline-0 : II = 1, D = 5, States = { 1 2 3 4 5 }
* Dataflow Pipeline: 0

* FSM state transitions: 
1 --> 2 
2 --> 3 
3 --> 4 
4 --> 5 
5 --> 

* FSM state operations: 

State 1 <SV = 0> <Delay = 3.90>
ST_1 : Operation 8 [1/1] (0.00ns)   --->   "%x = alloca i32 1"   --->   Operation 8 'alloca' 'x' <Predicate = true> <Delay = 0.00>
ST_1 : Operation 9 [1/1] (0.00ns)   --->   "%pixbuf_y_val_V_1 = alloca i32 1"   --->   Operation 9 'alloca' 'pixbuf_y_val_V_1' <Predicate = true> <Delay = 0.00>
ST_1 : Operation 10 [1/1] (0.00ns)   --->   "%pixbuf_y_val_V_2 = alloca i32 1"   --->   Operation 10 'alloca' 'pixbuf_y_val_V_2' <Predicate = true> <Delay = 0.00>
ST_1 : Operation 11 [1/1] (0.00ns)   --->   "%pixbuf_y_val_V_3 = alloca i32 1"   --->   Operation 11 'alloca' 'pixbuf_y_val_V_3' <Predicate = true> <Delay = 0.00>
ST_1 : Operation 12 [1/1] (0.00ns)   --->   "%pixbuf_y_val_V_4 = alloca i32 1"   --->   Operation 12 'alloca' 'pixbuf_y_val_V_4' <Predicate = true> <Delay = 0.00>
ST_1 : Operation 13 [1/1] (0.00ns)   --->   "%pixbuf_y_val_V_5 = alloca i32 1"   --->   Operation 13 'alloca' 'pixbuf_y_val_V_5' <Predicate = true> <Delay = 0.00>
ST_1 : Operation 14 [1/1] (0.00ns)   --->   "%p_read_1 = read i1 @_ssdm_op_Read.ap_auto.i1, i1 %p_read"   --->   Operation 14 'read' 'p_read_1' <Predicate = true> <Delay = 0.00>
ST_1 : Operation 15 [1/1] (0.00ns)   --->   "%WidthIn_load_read = read i16 @_ssdm_op_Read.ap_auto.i16, i16 %WidthIn_load"   --->   Operation 15 'read' 'WidthIn_load_read' <Predicate = true> <Delay = 0.00>
ST_1 : Operation 16 [1/1] (0.00ns)   --->   "%select_ln1632_read = read i3 @_ssdm_op_Read.ap_auto.i3, i3 %select_ln1632"   --->   Operation 16 'read' 'select_ln1632_read' <Predicate = true> <Delay = 0.00>
ST_1 : Operation 17 [1/1] (0.00ns)   --->   "%loopWidth_read = read i15 @_ssdm_op_Read.ap_auto.i15, i15 %loopWidth"   --->   Operation 17 'read' 'loopWidth_read' <Predicate = true> <Delay = 0.00>
ST_1 : Operation 18 [1/1] (0.00ns)   --->   "%p_0_0_0_0_05191015_lcssa1040_read = read i8 @_ssdm_op_Read.ap_auto.i8, i8 %p_0_0_0_0_05191015_lcssa1040"   --->   Operation 18 'read' 'p_0_0_0_0_05191015_lcssa1040_read' <Predicate = true> <Delay = 0.00>
ST_1 : Operation 19 [1/1] (0.00ns)   --->   "%pixbuf_y_val_V_read = read i8 @_ssdm_op_Read.ap_auto.i8, i8 %pixbuf_y_val_V"   --->   Operation 19 'read' 'pixbuf_y_val_V_read' <Predicate = true> <Delay = 0.00>
ST_1 : Operation 20 [1/1] (0.00ns)   --->   "%pixbuf_y_val_V_17_read = read i8 @_ssdm_op_Read.ap_auto.i8, i8 %pixbuf_y_val_V_17"   --->   Operation 20 'read' 'pixbuf_y_val_V_17_read' <Predicate = true> <Delay = 0.00>
ST_1 : Operation 21 [1/1] (0.00ns)   --->   "%pixbuf_y_val_V_18_read = read i8 @_ssdm_op_Read.ap_auto.i8, i8 %pixbuf_y_val_V_18"   --->   Operation 21 'read' 'pixbuf_y_val_V_18_read' <Predicate = true> <Delay = 0.00>
ST_1 : Operation 22 [1/1] (0.00ns)   --->   "%pixbuf_y_val_V_19_read = read i8 @_ssdm_op_Read.ap_auto.i8, i8 %pixbuf_y_val_V_19"   --->   Operation 22 'read' 'pixbuf_y_val_V_19_read' <Predicate = true> <Delay = 0.00>
ST_1 : Operation 23 [1/1] (0.00ns)   --->   "%select_ln1632_cast = zext i3 %select_ln1632_read"   --->   Operation 23 'zext' 'select_ln1632_cast' <Predicate = true> <Delay = 0.00>
ST_1 : Operation 24 [1/1] (0.00ns)   --->   "%specinterface_ln0 = specinterface void @_ssdm_op_SpecInterface, i24 %stream_in, void @empty_11, i32 0, i32 0, void @empty_15, i32 0, i32 0, void @empty_15, void @empty_15, void @empty_15, i32 0, i32 0, i32 0, i32 0, void @empty_15, void @empty_15, i32 4294967295, i32 0"   --->   Operation 24 'specinterface' 'specinterface_ln0' <Predicate = true> <Delay = 0.00>
ST_1 : Operation 25 [1/1] (0.00ns)   --->   "%specinterface_ln0 = specinterface void @_ssdm_op_SpecInterface, i24 %stream_upsampled, void @empty_11, i32 0, i32 0, void @empty_15, i32 0, i32 0, void @empty_15, void @empty_15, void @empty_15, i32 0, i32 0, i32 0, i32 0, void @empty_15, void @empty_15, i32 4294967295, i32 0"   --->   Operation 25 'specinterface' 'specinterface_ln0' <Predicate = true> <Delay = 0.00>
ST_1 : Operation 26 [1/1] (1.58ns)   --->   "%store_ln0 = store i8 %pixbuf_y_val_V_19_read, i8 %pixbuf_y_val_V_5"   --->   Operation 26 'store' 'store_ln0' <Predicate = true> <Delay = 1.58>
ST_1 : Operation 27 [1/1] (1.58ns)   --->   "%store_ln0 = store i8 %pixbuf_y_val_V_18_read, i8 %pixbuf_y_val_V_4"   --->   Operation 27 'store' 'store_ln0' <Predicate = true> <Delay = 1.58>
ST_1 : Operation 28 [1/1] (1.58ns)   --->   "%store_ln0 = store i8 %pixbuf_y_val_V_17_read, i8 %pixbuf_y_val_V_3"   --->   Operation 28 'store' 'store_ln0' <Predicate = true> <Delay = 1.58>
ST_1 : Operation 29 [1/1] (1.58ns)   --->   "%store_ln0 = store i8 %p_0_0_0_0_05191015_lcssa1040_read, i8 %pixbuf_y_val_V_2"   --->   Operation 29 'store' 'store_ln0' <Predicate = true> <Delay = 1.58>
ST_1 : Operation 30 [1/1] (1.58ns)   --->   "%store_ln0 = store i8 %pixbuf_y_val_V_read, i8 %pixbuf_y_val_V_1"   --->   Operation 30 'store' 'store_ln0' <Predicate = true> <Delay = 1.58>
ST_1 : Operation 31 [1/1] (1.58ns)   --->   "%store_ln0 = store i15 0, i15 %x"   --->   Operation 31 'store' 'store_ln0' <Predicate = true> <Delay = 1.58>
ST_1 : Operation 32 [1/1] (0.00ns)   --->   "%br_ln0 = br void %for.body37"   --->   Operation 32 'br' 'br_ln0' <Predicate = true> <Delay = 0.00>
ST_1 : Operation 33 [1/1] (0.00ns)   --->   "%x_1 = load i15 %x" [/home/benchmarker/FPGAProject/SOBEL_HDMI_1024/SOBEL_HDMI_1024.runs/bd_3a92_hsc_0_synth_1/prj/sol/.autopilot/db/v_hscaler.cpp:1636]   --->   Operation 33 'load' 'x_1' <Predicate = true> <Delay = 0.00>
ST_1 : Operation 34 [1/1] (0.00ns)   --->   "%zext_ln1636 = zext i15 %x_1" [/home/benchmarker/FPGAProject/SOBEL_HDMI_1024/SOBEL_HDMI_1024.runs/bd_3a92_hsc_0_synth_1/prj/sol/.autopilot/db/v_hscaler.cpp:1636]   --->   Operation 34 'zext' 'zext_ln1636' <Predicate = true> <Delay = 0.00>
ST_1 : Operation 35 [1/1] (0.00ns)   --->   "%CRpix = trunc i15 %x_1" [/home/benchmarker/FPGAProject/SOBEL_HDMI_1024/SOBEL_HDMI_1024.runs/bd_3a92_hsc_0_synth_1/prj/sol/.autopilot/db/v_hscaler.cpp:1636]   --->   Operation 35 'trunc' 'CRpix' <Predicate = true> <Delay = 0.00>
ST_1 : Operation 36 [1/1] (2.31ns)   --->   "%icmp_ln1636 = icmp_eq  i15 %x_1, i15 %loopWidth_read" [/home/benchmarker/FPGAProject/SOBEL_HDMI_1024/SOBEL_HDMI_1024.runs/bd_3a92_hsc_0_synth_1/prj/sol/.autopilot/db/v_hscaler.cpp:1636]   --->   Operation 36 'icmp' 'icmp_ln1636' <Predicate = true> <Delay = 2.31> <CoreInst = "Cmp">   --->   Core 9 'Cmp' <Latency = 0> <II = 1> <Delay = 2.31> <FuncUnit> <Opcode : 'icmp'> <InPorts = 2> <OutPorts = 1>
ST_1 : Operation 37 [1/1] (1.94ns)   --->   "%x_2 = add i15 %x_1, i15 1" [/home/benchmarker/FPGAProject/SOBEL_HDMI_1024/SOBEL_HDMI_1024.runs/bd_3a92_hsc_0_synth_1/prj/sol/.autopilot/db/v_hscaler.cpp:1636]   --->   Operation 37 'add' 'x_2' <Predicate = true> <Delay = 1.94> <CoreInst = "Adder">   --->   Core 1 'Adder' <Latency = 0> <II = 1> <Delay = 1.94> <FuncUnit> <Opcode : 'add' 'sub'> <InPorts = 2> <OutPorts = 1>
ST_1 : Operation 38 [1/1] (0.00ns)   --->   "%br_ln1636 = br i1 %icmp_ln1636, void %for.body37.split, void %for.inc453.loopexit.exitStub" [/home/benchmarker/FPGAProject/SOBEL_HDMI_1024/SOBEL_HDMI_1024.runs/bd_3a92_hsc_0_synth_1/prj/sol/.autopilot/db/v_hscaler.cpp:1636]   --->   Operation 38 'br' 'br_ln1636' <Predicate = true> <Delay = 0.00>
ST_1 : Operation 39 [1/1] (0.00ns)   --->   "%specpipeline_ln1639 = specpipeline void @_ssdm_op_SpecPipeline, i32 1, i32 0, i32 0, i32 0, void @empty_15" [/home/benchmarker/FPGAProject/SOBEL_HDMI_1024/SOBEL_HDMI_1024.runs/bd_3a92_hsc_0_synth_1/prj/sol/.autopilot/db/v_hscaler.cpp:1639]   --->   Operation 39 'specpipeline' 'specpipeline_ln1639' <Predicate = (!icmp_ln1636)> <Delay = 0.00>
ST_1 : Operation 40 [1/1] (0.00ns)   --->   "%specloopname_ln1610 = specloopname void @_ssdm_op_SpecLoopName, void @empty_17" [/home/benchmarker/FPGAProject/SOBEL_HDMI_1024/SOBEL_HDMI_1024.runs/bd_3a92_hsc_0_synth_1/prj/sol/.autopilot/db/v_hscaler.cpp:1610]   --->   Operation 40 'specloopname' 'specloopname_ln1610' <Predicate = (!icmp_ln1636)> <Delay = 0.00>
ST_1 : Operation 41 [1/1] (1.94ns)   --->   "%out_x = sub i16 %zext_ln1636, i16 %select_ln1632_cast" [/home/benchmarker/FPGAProject/SOBEL_HDMI_1024/SOBEL_HDMI_1024.runs/bd_3a92_hsc_0_synth_1/prj/sol/.autopilot/db/v_hscaler.cpp:1641]   --->   Operation 41 'sub' 'out_x' <Predicate = (!icmp_ln1636)> <Delay = 1.94> <CoreInst = "Adder">   --->   Core 1 'Adder' <Latency = 0> <II = 1> <Delay = 1.94> <FuncUnit> <Opcode : 'add' 'sub'> <InPorts = 2> <OutPorts = 1>
ST_1 : Operation 42 [1/1] (0.00ns)   --->   "%odd_col = trunc i16 %out_x" [/home/benchmarker/FPGAProject/SOBEL_HDMI_1024/SOBEL_HDMI_1024.runs/bd_3a92_hsc_0_synth_1/prj/sol/.autopilot/db/v_hscaler.cpp:1598]   --->   Operation 42 'trunc' 'odd_col' <Predicate = (!icmp_ln1636)> <Delay = 0.00>
ST_1 : Operation 43 [1/1] (2.42ns)   --->   "%icmp_ln1643 = icmp_ult  i16 %zext_ln1636, i16 %WidthIn_load_read" [/home/benchmarker/FPGAProject/SOBEL_HDMI_1024/SOBEL_HDMI_1024.runs/bd_3a92_hsc_0_synth_1/prj/sol/.autopilot/db/v_hscaler.cpp:1643]   --->   Operation 43 'icmp' 'icmp_ln1643' <Predicate = (!icmp_ln1636)> <Delay = 2.42> <CoreInst = "Cmp">   --->   Core 9 'Cmp' <Latency = 0> <II = 1> <Delay = 2.42> <FuncUnit> <Opcode : 'icmp'> <InPorts = 2> <OutPorts = 1>
ST_1 : Operation 44 [1/1] (0.00ns)   --->   "%br_ln1643 = br i1 %icmp_ln1643, void %for.body144_ifconv, void %for.body50" [/home/benchmarker/FPGAProject/SOBEL_HDMI_1024/SOBEL_HDMI_1024.runs/bd_3a92_hsc_0_synth_1/prj/sol/.autopilot/db/v_hscaler.cpp:1643]   --->   Operation 44 'br' 'br_ln1643' <Predicate = (!icmp_ln1636)> <Delay = 0.00>
ST_1 : Operation 45 [1/1] (2.31ns)   --->   "%cmp150 = icmp_eq  i15 %x_1, i15 1" [/home/benchmarker/FPGAProject/SOBEL_HDMI_1024/SOBEL_HDMI_1024.runs/bd_3a92_hsc_0_synth_1/prj/sol/.autopilot/db/v_hscaler.cpp:1636]   --->   Operation 45 'icmp' 'cmp150' <Predicate = (!icmp_ln1636)> <Delay = 2.31> <CoreInst = "Cmp">   --->   Core 9 'Cmp' <Latency = 0> <II = 1> <Delay = 2.31> <FuncUnit> <Opcode : 'icmp'> <InPorts = 2> <OutPorts = 1>
ST_1 : Operation 46 [1/1] (0.00ns)   --->   "%tmp = bitselect i1 @_ssdm_op_BitSelect.i1.i16.i32, i16 %out_x, i32 15" [/home/benchmarker/FPGAProject/SOBEL_HDMI_1024/SOBEL_HDMI_1024.runs/bd_3a92_hsc_0_synth_1/prj/sol/.autopilot/db/v_hscaler.cpp:1783]   --->   Operation 46 'bitselect' 'tmp' <Predicate = (!icmp_ln1636)> <Delay = 0.00>
ST_1 : Operation 47 [1/1] (0.00ns)   --->   "%br_ln1783 = br i1 %tmp, void %if.then445, void %for.inc450" [/home/benchmarker/FPGAProject/SOBEL_HDMI_1024/SOBEL_HDMI_1024.runs/bd_3a92_hsc_0_synth_1/prj/sol/.autopilot/db/v_hscaler.cpp:1783]   --->   Operation 47 'br' 'br_ln1783' <Predicate = (!icmp_ln1636)> <Delay = 0.00>
ST_1 : Operation 48 [1/1] (0.00ns)   --->   "%br_ln1785 = br i1 %p_read_1, void %if.else447, void %if.then446" [/home/benchmarker/FPGAProject/SOBEL_HDMI_1024/SOBEL_HDMI_1024.runs/bd_3a92_hsc_0_synth_1/prj/sol/.autopilot/db/v_hscaler.cpp:1785]   --->   Operation 48 'br' 'br_ln1785' <Predicate = (!icmp_ln1636 & !tmp)> <Delay = 0.00>
ST_1 : Operation 49 [1/1] (0.00ns)   --->   "%br_ln1789 = br void %for.inc450" [/home/benchmarker/FPGAProject/SOBEL_HDMI_1024/SOBEL_HDMI_1024.runs/bd_3a92_hsc_0_synth_1/prj/sol/.autopilot/db/v_hscaler.cpp:1789]   --->   Operation 49 'br' 'br_ln1789' <Predicate = (!icmp_ln1636 & !tmp)> <Delay = 0.00>
ST_1 : Operation 50 [1/1] (1.58ns)   --->   "%store_ln1636 = store i15 %x_2, i15 %x" [/home/benchmarker/FPGAProject/SOBEL_HDMI_1024/SOBEL_HDMI_1024.runs/bd_3a92_hsc_0_synth_1/prj/sol/.autopilot/db/v_hscaler.cpp:1636]   --->   Operation 50 'store' 'store_ln1636' <Predicate = (!icmp_ln1636)> <Delay = 1.58>

State 2 <SV = 1> <Delay = 3.64>
ST_2 : Operation 51 [1/1] (0.00ns)   --->   "%p_0_1_0_0_01020_out_load = load i8 %p_0_1_0_0_01020_out" [/home/benchmarker/FPGAProject/SOBEL_HDMI_1024/SOBEL_HDMI_1024.runs/bd_3a92_hsc_0_synth_1/prj/sol/.autopilot/db/v_hscaler.cpp:1658]   --->   Operation 51 'load' 'p_0_1_0_0_01020_out_load' <Predicate = (!icmp_ln1636 & icmp_ln1643 & CRpix)> <Delay = 0.00>
ST_2 : Operation 52 [1/1] (0.00ns)   --->   "%p_0_1_0_0_01024_out_load = load i8 %p_0_1_0_0_01024_out" [/home/benchmarker/FPGAProject/SOBEL_HDMI_1024/SOBEL_HDMI_1024.runs/bd_3a92_hsc_0_synth_1/prj/sol/.autopilot/db/v_hscaler.cpp:1658]   --->   Operation 52 'load' 'p_0_1_0_0_01024_out_load' <Predicate = (!icmp_ln1636 & icmp_ln1643 & !CRpix)> <Delay = 0.00>
ST_2 : Operation 53 [1/1] (2.05ns)   --->   "%stream_in_read = read i24 @_ssdm_op_Read.ap_fifo.volatile.i24P0A, i24 %stream_in" [/tools/Xilinx/Vitis_HLS/2022.1/common/technology/autopilot/hls_stream_39.h:145]   --->   Operation 53 'read' 'stream_in_read' <Predicate = (!icmp_ln1636 & icmp_ln1643)> <Delay = 2.05> <CoreInst = "FIFO_SRL">   --->   Core 81 'FIFO_SRL' <Latency = 0> <II = 1> <Delay = 3.80> <Storage> <Opcode : 'read' 'write' 'nbread' 'nbwrite'> <Ports = 0> <Width = 24> <Depth = 16> <FIFO>
ST_2 : Operation 54 [1/1] (0.00ns)   --->   "%trunc_ln145 = trunc i24 %stream_in_read" [/tools/Xilinx/Vitis_HLS/2022.1/common/technology/autopilot/hls_stream_39.h:145]   --->   Operation 54 'trunc' 'trunc_ln145' <Predicate = (!icmp_ln1636 & icmp_ln1643)> <Delay = 0.00>
ST_2 : Operation 55 [1/1] (0.00ns)   --->   "%trunc_ln145_3 = partselect i8 @_ssdm_op_PartSelect.i8.i24.i32.i32, i24 %stream_in_read, i32 8, i32 15" [/tools/Xilinx/Vitis_HLS/2022.1/common/technology/autopilot/hls_stream_39.h:145]   --->   Operation 55 'partselect' 'trunc_ln145_3' <Predicate = (!icmp_ln1636 & icmp_ln1643)> <Delay = 0.00>
ST_2 : Operation 56 [1/1] (0.00ns)   --->   "%trunc_ln145_4 = partselect i8 @_ssdm_op_PartSelect.i8.i24.i32.i32, i24 %stream_in_read, i32 16, i32 23" [/tools/Xilinx/Vitis_HLS/2022.1/common/technology/autopilot/hls_stream_39.h:145]   --->   Operation 56 'partselect' 'trunc_ln145_4' <Predicate = (!icmp_ln1636 & icmp_ln1643)> <Delay = 0.00>
ST_2 : Operation 57 [1/1] (1.24ns)   --->   "%select_ln1658 = select i1 %CRpix, i8 %trunc_ln145_3, i8 %p_0_1_0_0_01024_out_load" [/home/benchmarker/FPGAProject/SOBEL_HDMI_1024/SOBEL_HDMI_1024.runs/bd_3a92_hsc_0_synth_1/prj/sol/.autopilot/db/v_hscaler.cpp:1658]   --->   Operation 57 'select' 'select_ln1658' <Predicate = (!icmp_ln1636 & icmp_ln1643)> <Delay = 1.24> <CoreInst = "Sel">   --->   Core 73 'Sel' <Latency = 0> <II = 1> <Delay = 1.24> <FuncUnit> <Opcode : 'select'> <InPorts = 3> <OutPorts = 1>
ST_2 : Operation 58 [1/1] (1.24ns)   --->   "%select_ln1658_1 = select i1 %CRpix, i8 %p_0_1_0_0_01020_out_load, i8 %trunc_ln145_3" [/home/benchmarker/FPGAProject/SOBEL_HDMI_1024/SOBEL_HDMI_1024.runs/bd_3a92_hsc_0_synth_1/prj/sol/.autopilot/db/v_hscaler.cpp:1658]   --->   Operation 58 'select' 'select_ln1658_1' <Predicate = (!icmp_ln1636 & icmp_ln1643)> <Delay = 1.24> <CoreInst = "Sel">   --->   Core 73 'Sel' <Latency = 0> <II = 1> <Delay = 1.24> <FuncUnit> <Opcode : 'select'> <InPorts = 3> <OutPorts = 1>
ST_2 : Operation 59 [1/1] (0.00ns)   --->   "%store_ln1658 = store i8 %select_ln1658, i8 %p_0_1_0_0_01024_out" [/home/benchmarker/FPGAProject/SOBEL_HDMI_1024/SOBEL_HDMI_1024.runs/bd_3a92_hsc_0_synth_1/prj/sol/.autopilot/db/v_hscaler.cpp:1658]   --->   Operation 59 'store' 'store_ln1658' <Predicate = (!icmp_ln1636 & icmp_ln1643)> <Delay = 0.00>
ST_2 : Operation 60 [1/1] (0.00ns)   --->   "%store_ln1658 = store i8 %select_ln1658_1, i8 %p_0_1_0_0_01020_out" [/home/benchmarker/FPGAProject/SOBEL_HDMI_1024/SOBEL_HDMI_1024.runs/bd_3a92_hsc_0_synth_1/prj/sol/.autopilot/db/v_hscaler.cpp:1658]   --->   Operation 60 'store' 'store_ln1658' <Predicate = (!icmp_ln1636 & icmp_ln1643)> <Delay = 0.00>
ST_2 : Operation 61 [1/1] (1.58ns)   --->   "%store_ln145 = store i8 %trunc_ln145, i8 %pixbuf_y_val_V_2" [/tools/Xilinx/Vitis_HLS/2022.1/common/technology/autopilot/hls_stream_39.h:145]   --->   Operation 61 'store' 'store_ln145' <Predicate = (!icmp_ln1636 & icmp_ln1643)> <Delay = 1.58>
ST_2 : Operation 62 [1/1] (0.00ns)   --->   "%store_ln145 = store i8 %trunc_ln145_4, i8 %p_0_2_0_0_01014_out" [/tools/Xilinx/Vitis_HLS/2022.1/common/technology/autopilot/hls_stream_39.h:145]   --->   Operation 62 'store' 'store_ln145' <Predicate = (!icmp_ln1636 & icmp_ln1643)> <Delay = 0.00>
ST_2 : Operation 63 [1/1] (0.00ns)   --->   "%store_ln145 = store i8 %trunc_ln145_3, i8 %p_0_1_0_0_01012_out" [/tools/Xilinx/Vitis_HLS/2022.1/common/technology/autopilot/hls_stream_39.h:145]   --->   Operation 63 'store' 'store_ln145' <Predicate = (!icmp_ln1636 & icmp_ln1643)> <Delay = 0.00>
ST_2 : Operation 64 [1/1] (0.00ns)   --->   "%store_ln145 = store i8 %trunc_ln145, i8 %p_0_0_0_0_05191010_out" [/tools/Xilinx/Vitis_HLS/2022.1/common/technology/autopilot/hls_stream_39.h:145]   --->   Operation 64 'store' 'store_ln145' <Predicate = (!icmp_ln1636 & icmp_ln1643)> <Delay = 0.00>
ST_2 : Operation 65 [1/1] (0.00ns)   --->   "%br_ln0 = br void %for.body144_ifconv"   --->   Operation 65 'br' 'br_ln0' <Predicate = (!icmp_ln1636 & icmp_ln1643)> <Delay = 0.00>

State 3 <SV = 2> <Delay = 2.05>
ST_3 : Operation 66 [1/1] (0.00ns)   --->   "%pixbuf_y_val_V_6 = load i8 %pixbuf_y_val_V_3"   --->   Operation 66 'load' 'pixbuf_y_val_V_6' <Predicate = true> <Delay = 0.00>
ST_3 : Operation 67 [1/1] (0.00ns)   --->   "%pixbuf_y_val_V_7 = load i8 %pixbuf_y_val_V_4"   --->   Operation 67 'load' 'pixbuf_y_val_V_7' <Predicate = true> <Delay = 0.00>
ST_3 : Operation 68 [1/1] (0.00ns)   --->   "%pixbuf_y_val_V_8 = load i8 %pixbuf_y_val_V_5"   --->   Operation 68 'load' 'pixbuf_y_val_V_8' <Predicate = true> <Delay = 0.00>
ST_3 : Operation 69 [1/1] (0.00ns)   --->   "%speclooptripcount_ln0 = speclooptripcount void @_ssdm_op_SpecLoopTripCount, i64 1, i64 32767, i64 0"   --->   Operation 69 'speclooptripcount' 'speclooptripcount_ln0' <Predicate = true> <Delay = 0.00>
ST_3 : Operation 70 [1/1] (0.00ns)   --->   "%p_out3_load = load i8 %p_out3" [/home/benchmarker/FPGAProject/SOBEL_HDMI_1024/SOBEL_HDMI_1024.runs/bd_3a92_hsc_0_synth_1/prj/sol/.autopilot/db/v_hscaler.cpp:1700]   --->   Operation 70 'load' 'p_out3_load' <Predicate = (!icmp_ln1636 & !CRpix & !cmp150)> <Delay = 0.00>
ST_3 : Operation 71 [1/1] (0.00ns)   --->   "%p_out2_load = load i8 %p_out2" [/home/benchmarker/FPGAProject/SOBEL_HDMI_1024/SOBEL_HDMI_1024.runs/bd_3a92_hsc_0_synth_1/prj/sol/.autopilot/db/v_hscaler.cpp:1700]   --->   Operation 71 'load' 'p_out2_load' <Predicate = (!icmp_ln1636 & !CRpix & !cmp150)> <Delay = 0.00>
ST_3 : Operation 72 [1/1] (0.00ns)   --->   "%p_out1_load = load i8 %p_out1" [/home/benchmarker/FPGAProject/SOBEL_HDMI_1024/SOBEL_HDMI_1024.runs/bd_3a92_hsc_0_synth_1/prj/sol/.autopilot/db/v_hscaler.cpp:1700]   --->   Operation 72 'load' 'p_out1_load' <Predicate = (!icmp_ln1636)> <Delay = 0.00>
ST_3 : Operation 73 [1/1] (0.00ns)   --->   "%p_out_load = load i8 %p_out" [/home/benchmarker/FPGAProject/SOBEL_HDMI_1024/SOBEL_HDMI_1024.runs/bd_3a92_hsc_0_synth_1/prj/sol/.autopilot/db/v_hscaler.cpp:1700]   --->   Operation 73 'load' 'p_out_load' <Predicate = (!icmp_ln1636)> <Delay = 0.00>
ST_3 : Operation 74 [1/1] (0.00ns)   --->   "%p_0_0_0_0_0511_21060_out_load = load i8 %p_0_0_0_0_0511_21060_out" [/home/benchmarker/FPGAProject/SOBEL_HDMI_1024/SOBEL_HDMI_1024.runs/bd_3a92_hsc_0_synth_1/prj/sol/.autopilot/db/v_hscaler.cpp:1700]   --->   Operation 74 'load' 'p_0_0_0_0_0511_21060_out_load' <Predicate = (!icmp_ln1636)> <Delay = 0.00>
ST_3 : Operation 75 [1/1] (0.00ns)   --->   "%p_0_0_0_0_0_21063_out_load = load i8 %p_0_0_0_0_0_21063_out" [/home/benchmarker/FPGAProject/SOBEL_HDMI_1024/SOBEL_HDMI_1024.runs/bd_3a92_hsc_0_synth_1/prj/sol/.autopilot/db/v_hscaler.cpp:1700]   --->   Operation 75 'load' 'p_0_0_0_0_0_21063_out_load' <Predicate = (!icmp_ln1636)> <Delay = 0.00>
ST_3 : Operation 76 [1/1] (0.00ns)   --->   "%pixbuf_y_val_V_9 = load i8 %pixbuf_y_val_V_2"   --->   Operation 76 'load' 'pixbuf_y_val_V_9' <Predicate = (!icmp_ln1636)> <Delay = 0.00>
ST_3 : Operation 77 [1/1] (0.00ns)   --->   "%p_0_1_0_0_01020_out_load_1 = load i8 %p_0_1_0_0_01020_out" [/home/benchmarker/FPGAProject/SOBEL_HDMI_1024/SOBEL_HDMI_1024.runs/bd_3a92_hsc_0_synth_1/prj/sol/.autopilot/db/v_hscaler.cpp:1722]   --->   Operation 77 'load' 'p_0_1_0_0_01020_out_load_1' <Predicate = (!icmp_ln1636)> <Delay = 0.00>
ST_3 : Operation 78 [1/1] (0.00ns)   --->   "%p_0_1_0_0_01024_out_load_1 = load i8 %p_0_1_0_0_01024_out" [/home/benchmarker/FPGAProject/SOBEL_HDMI_1024/SOBEL_HDMI_1024.runs/bd_3a92_hsc_0_synth_1/prj/sol/.autopilot/db/v_hscaler.cpp:1722]   --->   Operation 78 'load' 'p_0_1_0_0_01024_out_load_1' <Predicate = (!icmp_ln1636)> <Delay = 0.00>
ST_3 : Operation 79 [1/1] (0.00ns) (grouped into LUT with out node select_ln1722)   --->   "%select_ln1700 = select i1 %CRpix, i8 %p_0_1_0_0_01024_out_load_1, i8 %p_0_0_0_0_0_21063_out_load" [/home/benchmarker/FPGAProject/SOBEL_HDMI_1024/SOBEL_HDMI_1024.runs/bd_3a92_hsc_0_synth_1/prj/sol/.autopilot/db/v_hscaler.cpp:1700]   --->   Operation 79 'select' 'select_ln1700' <Predicate = (!icmp_ln1636 & !cmp150)> <Delay = 0.00> <CoreInst = "Sel">   --->   Core 73 'Sel' <Latency = 0> <II = 1> <Delay = 1.24> <FuncUnit> <Opcode : 'select'> <InPorts = 3> <OutPorts = 1>
ST_3 : Operation 80 [1/1] (0.00ns) (grouped into LUT with out node select_ln1722_1)   --->   "%select_ln1700_1 = select i1 %CRpix, i8 %p_0_1_0_0_01020_out_load_1, i8 %p_0_0_0_0_0511_21060_out_load" [/home/benchmarker/FPGAProject/SOBEL_HDMI_1024/SOBEL_HDMI_1024.runs/bd_3a92_hsc_0_synth_1/prj/sol/.autopilot/db/v_hscaler.cpp:1700]   --->   Operation 80 'select' 'select_ln1700_1' <Predicate = (!icmp_ln1636 & !cmp150)> <Delay = 0.00> <CoreInst = "Sel">   --->   Core 73 'Sel' <Latency = 0> <II = 1> <Delay = 1.24> <FuncUnit> <Opcode : 'select'> <InPorts = 3> <OutPorts = 1>
ST_3 : Operation 81 [1/1] (0.00ns) (grouped into LUT with out node lhs_1)   --->   "%select_ln1700_2 = select i1 %CRpix, i8 %p_0_0_0_0_0_21063_out_load, i8 %p_out_load" [/home/benchmarker/FPGAProject/SOBEL_HDMI_1024/SOBEL_HDMI_1024.runs/bd_3a92_hsc_0_synth_1/prj/sol/.autopilot/db/v_hscaler.cpp:1700]   --->   Operation 81 'select' 'select_ln1700_2' <Predicate = (!icmp_ln1636 & !cmp150)> <Delay = 0.00> <CoreInst = "Sel">   --->   Core 73 'Sel' <Latency = 0> <II = 1> <Delay = 1.24> <FuncUnit> <Opcode : 'select'> <InPorts = 3> <OutPorts = 1>
ST_3 : Operation 82 [1/1] (0.00ns) (grouped into LUT with out node lhs)   --->   "%select_ln1700_3 = select i1 %CRpix, i8 %p_0_0_0_0_0511_21060_out_load, i8 %p_out1_load" [/home/benchmarker/FPGAProject/SOBEL_HDMI_1024/SOBEL_HDMI_1024.runs/bd_3a92_hsc_0_synth_1/prj/sol/.autopilot/db/v_hscaler.cpp:1700]   --->   Operation 82 'select' 'select_ln1700_3' <Predicate = (!icmp_ln1636 & !cmp150)> <Delay = 0.00> <CoreInst = "Sel">   --->   Core 73 'Sel' <Latency = 0> <II = 1> <Delay = 1.24> <FuncUnit> <Opcode : 'select'> <InPorts = 3> <OutPorts = 1>
ST_3 : Operation 83 [1/1] (0.00ns) (grouped into LUT with out node rhs_1)   --->   "%select_ln1700_4 = select i1 %CRpix, i8 %p_out_load, i8 %p_out2_load" [/home/benchmarker/FPGAProject/SOBEL_HDMI_1024/SOBEL_HDMI_1024.runs/bd_3a92_hsc_0_synth_1/prj/sol/.autopilot/db/v_hscaler.cpp:1700]   --->   Operation 83 'select' 'select_ln1700_4' <Predicate = (!icmp_ln1636 & !cmp150)> <Delay = 0.00> <CoreInst = "Sel">   --->   Core 73 'Sel' <Latency = 0> <II = 1> <Delay = 1.24> <FuncUnit> <Opcode : 'select'> <InPorts = 3> <OutPorts = 1>
ST_3 : Operation 84 [1/1] (0.00ns) (grouped into LUT with out node rhs)   --->   "%select_ln1700_5 = select i1 %CRpix, i8 %p_out1_load, i8 %p_out3_load" [/home/benchmarker/FPGAProject/SOBEL_HDMI_1024/SOBEL_HDMI_1024.runs/bd_3a92_hsc_0_synth_1/prj/sol/.autopilot/db/v_hscaler.cpp:1700]   --->   Operation 84 'select' 'select_ln1700_5' <Predicate = (!icmp_ln1636 & !cmp150)> <Delay = 0.00> <CoreInst = "Sel">   --->   Core 73 'Sel' <Latency = 0> <II = 1> <Delay = 1.24> <FuncUnit> <Opcode : 'select'> <InPorts = 3> <OutPorts = 1>
ST_3 : Operation 85 [1/1] (1.24ns) (out node of the LUT)   --->   "%select_ln1722 = select i1 %cmp150, i8 %p_0_1_0_0_01024_out_load_1, i8 %select_ln1700" [/home/benchmarker/FPGAProject/SOBEL_HDMI_1024/SOBEL_HDMI_1024.runs/bd_3a92_hsc_0_synth_1/prj/sol/.autopilot/db/v_hscaler.cpp:1722]   --->   Operation 85 'select' 'select_ln1722' <Predicate = (!icmp_ln1636)> <Delay = 1.24> <CoreInst = "Sel">   --->   Core 73 'Sel' <Latency = 0> <II = 1> <Delay = 1.24> <FuncUnit> <Opcode : 'select'> <InPorts = 3> <OutPorts = 1>
ST_3 : Operation 86 [1/1] (1.24ns) (out node of the LUT)   --->   "%select_ln1722_1 = select i1 %cmp150, i8 %p_0_1_0_0_01020_out_load_1, i8 %select_ln1700_1" [/home/benchmarker/FPGAProject/SOBEL_HDMI_1024/SOBEL_HDMI_1024.runs/bd_3a92_hsc_0_synth_1/prj/sol/.autopilot/db/v_hscaler.cpp:1722]   --->   Operation 86 'select' 'select_ln1722_1' <Predicate = (!icmp_ln1636)> <Delay = 1.24> <CoreInst = "Sel">   --->   Core 73 'Sel' <Latency = 0> <II = 1> <Delay = 1.24> <FuncUnit> <Opcode : 'select'> <InPorts = 3> <OutPorts = 1>
ST_3 : Operation 87 [1/1] (1.24ns) (out node of the LUT)   --->   "%lhs_1 = select i1 %cmp150, i8 %p_0_1_0_0_01024_out_load_1, i8 %select_ln1700_2" [/home/benchmarker/FPGAProject/SOBEL_HDMI_1024/SOBEL_HDMI_1024.runs/bd_3a92_hsc_0_synth_1/prj/sol/.autopilot/db/v_hscaler.cpp:1722]   --->   Operation 87 'select' 'lhs_1' <Predicate = (!icmp_ln1636)> <Delay = 1.24> <CoreInst = "Sel">   --->   Core 73 'Sel' <Latency = 0> <II = 1> <Delay = 1.24> <FuncUnit> <Opcode : 'select'> <InPorts = 3> <OutPorts = 1>
ST_3 : Operation 88 [1/1] (1.24ns) (out node of the LUT)   --->   "%lhs = select i1 %cmp150, i8 %p_0_1_0_0_01020_out_load_1, i8 %select_ln1700_3" [/home/benchmarker/FPGAProject/SOBEL_HDMI_1024/SOBEL_HDMI_1024.runs/bd_3a92_hsc_0_synth_1/prj/sol/.autopilot/db/v_hscaler.cpp:1722]   --->   Operation 88 'select' 'lhs' <Predicate = (!icmp_ln1636)> <Delay = 1.24> <CoreInst = "Sel">   --->   Core 73 'Sel' <Latency = 0> <II = 1> <Delay = 1.24> <FuncUnit> <Opcode : 'select'> <InPorts = 3> <OutPorts = 1>
ST_3 : Operation 89 [1/1] (1.24ns) (out node of the LUT)   --->   "%rhs_1 = select i1 %cmp150, i8 %p_0_1_0_0_01024_out_load_1, i8 %select_ln1700_4" [/home/benchmarker/FPGAProject/SOBEL_HDMI_1024/SOBEL_HDMI_1024.runs/bd_3a92_hsc_0_synth_1/prj/sol/.autopilot/db/v_hscaler.cpp:1722]   --->   Operation 89 'select' 'rhs_1' <Predicate = (!icmp_ln1636)> <Delay = 1.24> <CoreInst = "Sel">   --->   Core 73 'Sel' <Latency = 0> <II = 1> <Delay = 1.24> <FuncUnit> <Opcode : 'select'> <InPorts = 3> <OutPorts = 1>
ST_3 : Operation 90 [1/1] (1.24ns) (out node of the LUT)   --->   "%rhs = select i1 %cmp150, i8 %p_0_1_0_0_01020_out_load_1, i8 %select_ln1700_5" [/home/benchmarker/FPGAProject/SOBEL_HDMI_1024/SOBEL_HDMI_1024.runs/bd_3a92_hsc_0_synth_1/prj/sol/.autopilot/db/v_hscaler.cpp:1722]   --->   Operation 90 'select' 'rhs' <Predicate = (!icmp_ln1636)> <Delay = 1.24> <CoreInst = "Sel">   --->   Core 73 'Sel' <Latency = 0> <II = 1> <Delay = 1.24> <FuncUnit> <Opcode : 'select'> <InPorts = 3> <OutPorts = 1>
ST_3 : Operation 91 [1/1] (0.00ns)   --->   "%p_0_0_0_0_05191010_out_load = load i8 %p_0_0_0_0_05191010_out" [/tools/Xilinx/Vitis_HLS/2022.1/common/technology/autopilot/hls_stream_39.h:174]   --->   Operation 91 'load' 'p_0_0_0_0_05191010_out_load' <Predicate = (!icmp_ln1636 & !tmp & p_read_1)> <Delay = 0.00>
ST_3 : Operation 92 [1/1] (0.00ns)   --->   "%p_0_1_0_0_01012_out_load = load i8 %p_0_1_0_0_01012_out" [/tools/Xilinx/Vitis_HLS/2022.1/common/technology/autopilot/hls_stream_39.h:174]   --->   Operation 92 'load' 'p_0_1_0_0_01012_out_load' <Predicate = (!icmp_ln1636 & !tmp & p_read_1)> <Delay = 0.00>
ST_3 : Operation 93 [1/1] (0.00ns)   --->   "%p_0_2_0_0_01014_out_load = load i8 %p_0_2_0_0_01014_out" [/tools/Xilinx/Vitis_HLS/2022.1/common/technology/autopilot/hls_stream_39.h:174]   --->   Operation 93 'load' 'p_0_2_0_0_01014_out_load' <Predicate = (!icmp_ln1636 & !tmp & p_read_1)> <Delay = 0.00>
ST_3 : Operation 94 [1/1] (0.00ns)   --->   "%p_0 = bitconcatenate i24 @_ssdm_op_BitConcatenate.i24.i8.i8.i8, i8 %p_0_2_0_0_01014_out_load, i8 %p_0_1_0_0_01012_out_load, i8 %p_0_0_0_0_05191010_out_load" [/tools/Xilinx/Vitis_HLS/2022.1/common/technology/autopilot/hls_stream_39.h:174]   --->   Operation 94 'bitconcatenate' 'p_0' <Predicate = (!icmp_ln1636 & !tmp & p_read_1)> <Delay = 0.00>
ST_3 : Operation 95 [1/1] (2.05ns)   --->   "%write_ln174 = write void @_ssdm_op_Write.ap_fifo.volatile.i24P0A, i24 %stream_upsampled, i24 %p_0" [/tools/Xilinx/Vitis_HLS/2022.1/common/technology/autopilot/hls_stream_39.h:174]   --->   Operation 95 'write' 'write_ln174' <Predicate = (!icmp_ln1636 & !tmp & p_read_1)> <Delay = 2.05> <CoreInst = "FIFO_SRL">   --->   Core 81 'FIFO_SRL' <Latency = 0> <II = 1> <Delay = 3.80> <Storage> <Opcode : 'read' 'write' 'nbread' 'nbwrite'> <Ports = 0> <Width = 24> <Depth = 16> <FIFO>
ST_3 : Operation 96 [1/1] (0.00ns)   --->   "%br_ln1786 = br void %if.end448" [/home/benchmarker/FPGAProject/SOBEL_HDMI_1024/SOBEL_HDMI_1024.runs/bd_3a92_hsc_0_synth_1/prj/sol/.autopilot/db/v_hscaler.cpp:1786]   --->   Operation 96 'br' 'br_ln1786' <Predicate = (!icmp_ln1636 & !tmp & p_read_1)> <Delay = 0.00>
ST_3 : Operation 97 [1/1] (0.00ns)   --->   "%pixbuf_y_val_V_1_load_1 = load i8 %pixbuf_y_val_V_1" [/home/benchmarker/FPGAProject/SOBEL_HDMI_1024/SOBEL_HDMI_1024.runs/bd_3a92_hsc_0_synth_1/prj/sol/.autopilot/db/v_hscaler.cpp:1636]   --->   Operation 97 'load' 'pixbuf_y_val_V_1_load_1' <Predicate = (!icmp_ln1636)> <Delay = 0.00>
ST_3 : Operation 98 [1/1] (1.58ns)   --->   "%store_ln1636 = store i8 %pixbuf_y_val_V_1_load_1, i8 %pixbuf_y_val_V_5" [/home/benchmarker/FPGAProject/SOBEL_HDMI_1024/SOBEL_HDMI_1024.runs/bd_3a92_hsc_0_synth_1/prj/sol/.autopilot/db/v_hscaler.cpp:1636]   --->   Operation 98 'store' 'store_ln1636' <Predicate = (!icmp_ln1636)> <Delay = 1.58>
ST_3 : Operation 99 [1/1] (1.58ns)   --->   "%store_ln1636 = store i8 %pixbuf_y_val_V_8, i8 %pixbuf_y_val_V_4" [/home/benchmarker/FPGAProject/SOBEL_HDMI_1024/SOBEL_HDMI_1024.runs/bd_3a92_hsc_0_synth_1/prj/sol/.autopilot/db/v_hscaler.cpp:1636]   --->   Operation 99 'store' 'store_ln1636' <Predicate = (!icmp_ln1636)> <Delay = 1.58>
ST_3 : Operation 100 [1/1] (1.58ns)   --->   "%store_ln1636 = store i8 %pixbuf_y_val_V_7, i8 %pixbuf_y_val_V_3" [/home/benchmarker/FPGAProject/SOBEL_HDMI_1024/SOBEL_HDMI_1024.runs/bd_3a92_hsc_0_synth_1/prj/sol/.autopilot/db/v_hscaler.cpp:1636]   --->   Operation 100 'store' 'store_ln1636' <Predicate = (!icmp_ln1636)> <Delay = 1.58>
ST_3 : Operation 101 [1/1] (1.58ns)   --->   "%store_ln1636 = store i8 %pixbuf_y_val_V_9, i8 %pixbuf_y_val_V_1" [/home/benchmarker/FPGAProject/SOBEL_HDMI_1024/SOBEL_HDMI_1024.runs/bd_3a92_hsc_0_synth_1/prj/sol/.autopilot/db/v_hscaler.cpp:1636]   --->   Operation 101 'store' 'store_ln1636' <Predicate = (!icmp_ln1636)> <Delay = 1.58>
ST_3 : Operation 102 [1/1] (0.00ns)   --->   "%store_ln1636 = store i8 %select_ln1722, i8 %p_0_0_0_0_0_21063_out" [/home/benchmarker/FPGAProject/SOBEL_HDMI_1024/SOBEL_HDMI_1024.runs/bd_3a92_hsc_0_synth_1/prj/sol/.autopilot/db/v_hscaler.cpp:1636]   --->   Operation 102 'store' 'store_ln1636' <Predicate = (!icmp_ln1636)> <Delay = 0.00>
ST_3 : Operation 103 [1/1] (0.00ns)   --->   "%store_ln1636 = store i8 %select_ln1722_1, i8 %p_0_0_0_0_0511_21060_out" [/home/benchmarker/FPGAProject/SOBEL_HDMI_1024/SOBEL_HDMI_1024.runs/bd_3a92_hsc_0_synth_1/prj/sol/.autopilot/db/v_hscaler.cpp:1636]   --->   Operation 103 'store' 'store_ln1636' <Predicate = (!icmp_ln1636)> <Delay = 0.00>
ST_3 : Operation 104 [1/1] (0.00ns)   --->   "%store_ln1636 = store i8 %lhs_1, i8 %p_out" [/home/benchmarker/FPGAProject/SOBEL_HDMI_1024/SOBEL_HDMI_1024.runs/bd_3a92_hsc_0_synth_1/prj/sol/.autopilot/db/v_hscaler.cpp:1636]   --->   Operation 104 'store' 'store_ln1636' <Predicate = (!icmp_ln1636)> <Delay = 0.00>
ST_3 : Operation 105 [1/1] (0.00ns)   --->   "%store_ln1636 = store i8 %lhs, i8 %p_out1" [/home/benchmarker/FPGAProject/SOBEL_HDMI_1024/SOBEL_HDMI_1024.runs/bd_3a92_hsc_0_synth_1/prj/sol/.autopilot/db/v_hscaler.cpp:1636]   --->   Operation 105 'store' 'store_ln1636' <Predicate = (!icmp_ln1636)> <Delay = 0.00>
ST_3 : Operation 106 [1/1] (0.00ns)   --->   "%store_ln1636 = store i8 %rhs_1, i8 %p_out2" [/home/benchmarker/FPGAProject/SOBEL_HDMI_1024/SOBEL_HDMI_1024.runs/bd_3a92_hsc_0_synth_1/prj/sol/.autopilot/db/v_hscaler.cpp:1636]   --->   Operation 106 'store' 'store_ln1636' <Predicate = (!icmp_ln1636)> <Delay = 0.00>
ST_3 : Operation 107 [1/1] (0.00ns)   --->   "%store_ln1636 = store i8 %rhs, i8 %p_out3" [/home/benchmarker/FPGAProject/SOBEL_HDMI_1024/SOBEL_HDMI_1024.runs/bd_3a92_hsc_0_synth_1/prj/sol/.autopilot/db/v_hscaler.cpp:1636]   --->   Operation 107 'store' 'store_ln1636' <Predicate = (!icmp_ln1636)> <Delay = 0.00>

State 4 <SV = 3> <Delay = 3.69>
ST_4 : Operation 108 [1/1] (0.00ns)   --->   "%zext_ln232 = zext i8 %lhs"   --->   Operation 108 'zext' 'zext_ln232' <Predicate = (odd_col)> <Delay = 0.00>
ST_4 : Operation 109 [1/1] (0.00ns)   --->   "%zext_ln232_1 = zext i8 %rhs"   --->   Operation 109 'zext' 'zext_ln232_1' <Predicate = (odd_col)> <Delay = 0.00>
ST_4 : Operation 110 [1/1] (0.00ns) (grouped into TernaryAdder)   --->   "%add_ln1541 = add i9 %zext_ln232_1, i9 1"   --->   Operation 110 'add' 'add_ln1541' <Predicate = (odd_col)> <Delay = 0.00> <CoreInst = "TAddSub">   --->   Core 10 'TAddSub' <Latency = 0> <II = 1> <Delay = 1.84> <IPBlock> <Opcode : 'add' 'sub'> <InPorts = 3> <OutPorts = 1> <Sync> <CReg>
ST_4 : Operation 111 [1/1] (3.69ns) (root node of TernaryAdder)   --->   "%ret_V = add i9 %add_ln1541, i9 %zext_ln232"   --->   Operation 111 'add' 'ret_V' <Predicate = (odd_col)> <Delay = 3.69> <CoreInst = "TAddSub">   --->   Core 10 'TAddSub' <Latency = 0> <II = 1> <Delay = 1.84> <IPBlock> <Opcode : 'add' 'sub'> <InPorts = 3> <OutPorts = 1> <Sync> <CReg>
ST_4 : Operation 112 [1/1] (0.00ns)   --->   "%trunc_ln3 = partselect i8 @_ssdm_op_PartSelect.i8.i9.i32.i32, i9 %ret_V, i32 1, i32 8"   --->   Operation 112 'partselect' 'trunc_ln3' <Predicate = (odd_col)> <Delay = 0.00>
ST_4 : Operation 113 [1/1] (0.00ns)   --->   "%zext_ln232_2 = zext i8 %lhs_1"   --->   Operation 113 'zext' 'zext_ln232_2' <Predicate = (odd_col)> <Delay = 0.00>
ST_4 : Operation 114 [1/1] (0.00ns)   --->   "%zext_ln232_3 = zext i8 %rhs_1"   --->   Operation 114 'zext' 'zext_ln232_3' <Predicate = (odd_col)> <Delay = 0.00>
ST_4 : Operation 115 [1/1] (0.00ns) (grouped into TernaryAdder)   --->   "%add_ln1541_2 = add i9 %zext_ln232_3, i9 1"   --->   Operation 115 'add' 'add_ln1541_2' <Predicate = (odd_col)> <Delay = 0.00> <CoreInst = "TAddSub">   --->   Core 10 'TAddSub' <Latency = 0> <II = 1> <Delay = 1.84> <IPBlock> <Opcode : 'add' 'sub'> <InPorts = 3> <OutPorts = 1> <Sync> <CReg>
ST_4 : Operation 116 [1/1] (3.69ns) (root node of TernaryAdder)   --->   "%ret_V_1 = add i9 %add_ln1541_2, i9 %zext_ln232_2"   --->   Operation 116 'add' 'ret_V_1' <Predicate = (odd_col)> <Delay = 3.69> <CoreInst = "TAddSub">   --->   Core 10 'TAddSub' <Latency = 0> <II = 1> <Delay = 1.84> <IPBlock> <Opcode : 'add' 'sub'> <InPorts = 3> <OutPorts = 1> <Sync> <CReg>
ST_4 : Operation 117 [1/1] (0.00ns)   --->   "%trunc_ln232_1 = partselect i8 @_ssdm_op_PartSelect.i8.i9.i32.i32, i9 %ret_V_1, i32 1, i32 8"   --->   Operation 117 'partselect' 'trunc_ln232_1' <Predicate = (odd_col)> <Delay = 0.00>
ST_4 : Operation 118 [1/1] (0.00ns)   --->   "%pixbuf_y_val_V_21_out_load = load i8 %pixbuf_y_val_V_21_out" [/tools/Xilinx/Vitis_HLS/2022.1/common/technology/autopilot/hls_stream_39.h:174]   --->   Operation 118 'load' 'pixbuf_y_val_V_21_out_load' <Predicate = (!tmp & !p_read_1)> <Delay = 0.00>
ST_4 : Operation 119 [1/1] (0.00ns)   --->   "%store_ln1636 = store i8 %pixbuf_y_val_V_6, i8 %pixbuf_y_val_V_21_out" [/home/benchmarker/FPGAProject/SOBEL_HDMI_1024/SOBEL_HDMI_1024.runs/bd_3a92_hsc_0_synth_1/prj/sol/.autopilot/db/v_hscaler.cpp:1636]   --->   Operation 119 'store' 'store_ln1636' <Predicate = true> <Delay = 0.00>
ST_4 : Operation 120 [1/1] (0.00ns)   --->   "%br_ln1636 = br void %for.body37" [/home/benchmarker/FPGAProject/SOBEL_HDMI_1024/SOBEL_HDMI_1024.runs/bd_3a92_hsc_0_synth_1/prj/sol/.autopilot/db/v_hscaler.cpp:1636]   --->   Operation 120 'br' 'br_ln1636' <Predicate = true> <Delay = 0.00>
ST_4 : Operation 126 [1/1] (0.00ns)   --->   "%pixbuf_y_val_V_1_load = load i8 %pixbuf_y_val_V_1"   --->   Operation 126 'load' 'pixbuf_y_val_V_1_load' <Predicate = (icmp_ln1636)> <Delay = 0.00>
ST_4 : Operation 127 [1/1] (0.00ns)   --->   "%store_ln0 = store i8 %pixbuf_y_val_V_8, i8 %pixbuf_y_val_V_24_out"   --->   Operation 127 'store' 'store_ln0' <Predicate = (icmp_ln1636)> <Delay = 0.00>
ST_4 : Operation 128 [1/1] (0.00ns)   --->   "%store_ln0 = store i8 %pixbuf_y_val_V_7, i8 %pixbuf_y_val_V_23_out"   --->   Operation 128 'store' 'store_ln0' <Predicate = (icmp_ln1636)> <Delay = 0.00>
ST_4 : Operation 129 [1/1] (0.00ns)   --->   "%store_ln0 = store i8 %pixbuf_y_val_V_6, i8 %pixbuf_y_val_V_22_out"   --->   Operation 129 'store' 'store_ln0' <Predicate = (icmp_ln1636)> <Delay = 0.00>
ST_4 : Operation 130 [1/1] (0.00ns)   --->   "%write_ln0 = write void @_ssdm_op_Write.ap_auto.i8P0A, i8 %pixbuf_y_val_V_20_out, i8 %pixbuf_y_val_V_1_load"   --->   Operation 130 'write' 'write_ln0' <Predicate = (icmp_ln1636)> <Delay = 0.00>
ST_4 : Operation 131 [1/1] (0.00ns)   --->   "%ret_ln0 = ret"   --->   Operation 131 'ret' 'ret_ln0' <Predicate = (icmp_ln1636)> <Delay = 0.00>

State 5 <SV = 4> <Delay = 3.30>
ST_5 : Operation 121 [1/1] (1.24ns)   --->   "%select_ln1598 = select i1 %odd_col, i8 %trunc_ln232_1, i8 %rhs_1" [/home/benchmarker/FPGAProject/SOBEL_HDMI_1024/SOBEL_HDMI_1024.runs/bd_3a92_hsc_0_synth_1/prj/sol/.autopilot/db/v_hscaler.cpp:1598]   --->   Operation 121 'select' 'select_ln1598' <Predicate = true> <Delay = 1.24> <CoreInst = "Sel">   --->   Core 73 'Sel' <Latency = 0> <II = 1> <Delay = 1.24> <FuncUnit> <Opcode : 'select'> <InPorts = 3> <OutPorts = 1>
ST_5 : Operation 122 [1/1] (1.24ns)   --->   "%select_ln1598_1 = select i1 %odd_col, i8 %trunc_ln3, i8 %rhs" [/home/benchmarker/FPGAProject/SOBEL_HDMI_1024/SOBEL_HDMI_1024.runs/bd_3a92_hsc_0_synth_1/prj/sol/.autopilot/db/v_hscaler.cpp:1598]   --->   Operation 122 'select' 'select_ln1598_1' <Predicate = true> <Delay = 1.24> <CoreInst = "Sel">   --->   Core 73 'Sel' <Latency = 0> <II = 1> <Delay = 1.24> <FuncUnit> <Opcode : 'select'> <InPorts = 3> <OutPorts = 1>
ST_5 : Operation 123 [1/1] (0.00ns)   --->   "%p_s = bitconcatenate i24 @_ssdm_op_BitConcatenate.i24.i8.i8.i8, i8 %select_ln1598, i8 %select_ln1598_1, i8 %pixbuf_y_val_V_21_out_load" [/tools/Xilinx/Vitis_HLS/2022.1/common/technology/autopilot/hls_stream_39.h:174]   --->   Operation 123 'bitconcatenate' 'p_s' <Predicate = (!tmp & !p_read_1)> <Delay = 0.00>
ST_5 : Operation 124 [1/1] (2.05ns)   --->   "%write_ln174 = write void @_ssdm_op_Write.ap_fifo.volatile.i24P0A, i24 %stream_upsampled, i24 %p_s" [/tools/Xilinx/Vitis_HLS/2022.1/common/technology/autopilot/hls_stream_39.h:174]   --->   Operation 124 'write' 'write_ln174' <Predicate = (!tmp & !p_read_1)> <Delay = 2.05> <CoreInst = "FIFO_SRL">   --->   Core 81 'FIFO_SRL' <Latency = 0> <II = 1> <Delay = 3.80> <Storage> <Opcode : 'read' 'write' 'nbread' 'nbwrite'> <Ports = 0> <Width = 24> <Depth = 16> <FIFO>
ST_5 : Operation 125 [1/1] (0.00ns)   --->   "%br_ln0 = br void %if.end448"   --->   Operation 125 'br' 'br_ln0' <Predicate = (!tmp & !p_read_1)> <Delay = 0.00>


============================================================
+ Verbose Summary: Timing violations
============================================================
Target clock period: 5.62ns, clock uncertainty: 1.52ns.

 <State 1>: 3.91ns
The critical path consists of the following:
	'alloca' operation ('x') [28]  (0 ns)
	'load' operation ('x', /home/benchmarker/FPGAProject/SOBEL_HDMI_1024/SOBEL_HDMI_1024.runs/bd_3a92_hsc_0_synth_1/prj/sol/.autopilot/db/v_hscaler.cpp:1636) on local variable 'x' [54]  (0 ns)
	'add' operation ('x', /home/benchmarker/FPGAProject/SOBEL_HDMI_1024/SOBEL_HDMI_1024.runs/bd_3a92_hsc_0_synth_1/prj/sol/.autopilot/db/v_hscaler.cpp:1636) [62]  (1.94 ns)
	'store' operation ('store_ln1636', /home/benchmarker/FPGAProject/SOBEL_HDMI_1024/SOBEL_HDMI_1024.runs/bd_3a92_hsc_0_synth_1/prj/sol/.autopilot/db/v_hscaler.cpp:1636) of variable 'x', /home/benchmarker/FPGAProject/SOBEL_HDMI_1024/SOBEL_HDMI_1024.runs/bd_3a92_hsc_0_synth_1/prj/sol/.autopilot/db/v_hscaler.cpp:1636 on local variable 'x' [153]  (1.59 ns)
	blocking operation 0.375 ns on control path)

 <State 2>: 3.64ns
The critical path consists of the following:
	fifo read operation ('stream_in_read', /tools/Xilinx/Vitis_HLS/2022.1/common/technology/autopilot/hls_stream_39.h:145) on port 'stream_in' (/tools/Xilinx/Vitis_HLS/2022.1/common/technology/autopilot/hls_stream_39.h:145) [74]  (2.05 ns)
	'store' operation ('store_ln145', /tools/Xilinx/Vitis_HLS/2022.1/common/technology/autopilot/hls_stream_39.h:145) of variable 'trunc_ln145', /tools/Xilinx/Vitis_HLS/2022.1/common/technology/autopilot/hls_stream_39.h:145 on local variable 'pixbuf_y.val.V' [82]  (1.59 ns)

 <State 3>: 2.05ns
The critical path consists of the following:
	'load' operation ('p_0_0_0_0_05191010_out_load', /tools/Xilinx/Vitis_HLS/2022.1/common/technology/autopilot/hls_stream_39.h:174) on local variable 'p_0_0_0_0_05191010_out' [132]  (0 ns)
	fifo write operation ('write_ln174', /tools/Xilinx/Vitis_HLS/2022.1/common/technology/autopilot/hls_stream_39.h:174) on port 'stream_upsampled' (/tools/Xilinx/Vitis_HLS/2022.1/common/technology/autopilot/hls_stream_39.h:174) [136]  (2.05 ns)

 <State 4>: 3.7ns
The critical path consists of the following:
	'add' operation ('ret.V') [113]  (3.7 ns)

 <State 5>: 3.3ns
The critical path consists of the following:
	'select' operation ('select_ln1598', /home/benchmarker/FPGAProject/SOBEL_HDMI_1024/SOBEL_HDMI_1024.runs/bd_3a92_hsc_0_synth_1/prj/sol/.autopilot/db/v_hscaler.cpp:1598) [120]  (1.25 ns)
	fifo write operation ('write_ln174', /tools/Xilinx/Vitis_HLS/2022.1/common/technology/autopilot/hls_stream_39.h:174) on port 'stream_upsampled' (/tools/Xilinx/Vitis_HLS/2022.1/common/technology/autopilot/hls_stream_39.h:174) [129]  (2.05 ns)


============================================================
+ Verbose Summary: Binding
============================================================
N/A
* FSMD analyzer results:
  - Output states:
 - Input state : 
  - Chain level:
	State 1
	State 2
	State 3
	State 4
	State 5


============================================================
+ Verbose Summary: Datapath Resource usage 
============================================================
N/A
