

================================================================
== Vitis HLS Report for 'AXIvideo2MultiPixStream'
================================================================
* Date:           Mon Aug 29 12:25:35 2022

* Version:        2022.1 (Build 3526262 on Mon Apr 18 15:47:01 MDT 2022)
* Project:        prj
* Solution:       sol (Vivado IP Flow Target)
* Product family: zynq
* Target device:  xc7z020-clg484-1


================================================================
== Performance Estimates
================================================================
+ Timing: 
    * Summary: 
    +--------+---------+----------+------------+
    |  Clock |  Target | Estimated| Uncertainty|
    +--------+---------+----------+------------+
    |ap_clk  |  5.62 ns|  5.132 ns|     1.52 ns|
    +--------+---------+----------+------------+

+ Latency: 
    * Summary: 
    +---------+---------+-----------+-----------+-----+---------+---------+
    |  Latency (cycles) |   Latency (absolute)  |    Interval   | Pipeline|
    |   min   |   max   |    min    |    max    | min |   max   |   Type  |
    +---------+---------+-----------+-----------+-----+---------+---------+
    |        7|  2085487|  39.375 ns|  11.731 ms|    7|  2085487|       no|
    +---------+---------+-----------+-----------+-----+---------+---------+

    + Detail: 
        * Instance: 
        N/A

        * Loop: 
        +---------------+---------+---------+----------+-----------+-----------+----------+----------+
        |               |  Latency (cycles) | Iteration|  Initiation Interval  |   Trip   |          |
        |   Loop Name   |   min   |   max   |  Latency |  achieved |   target  |   Count  | Pipelined|
        +---------------+---------+---------+----------+-----------+-----------+----------+----------+
        |- loop_height  |        1|  2085481|  8 ~ 1931|          -|          -|  0 ~ 1080|        no|
        +---------------+---------+---------+----------+-----------+-----------+----------+----------+

============================================================
+ Verbose Summary: Synthesis Manager
============================================================
InlineROM: 1
ExposeGlobal: 0
============================================================
+ Verbose Summary: CDFG Model
============================================================
IsTopModel: 0
ResetActiveHigh: 1
IsCombinational: 2
IsDatapathOnly: 0
HasWiredReturn: 1
HasMFsm: 0
HasVarLatency: 1
IsPipeline: 0
IsRtlPipelined: 0
IsInstanceOverlapped: 0
IsDontTouch: 0
HasImplIP: 0
IsGatedGlobalClock: 0


============================================================
+ Verbose Summary: Schedule
============================================================
* Number of FSM states : 11
* Pipeline : 0
* Dataflow Pipeline: 0

* FSM state transitions: 
1 --> 2 
2 --> 3 
3 --> 4 
4 --> 5 
5 --> 6 
6 --> 7 8 
7 --> 8 
8 --> 9 
9 --> 10 
10 --> 11 
11 --> 5 

* FSM state operations: 

State 1 <SV = 0> <Delay = 4.10>
ST_1 : Operation 12 [1/1] (0.00ns)   --->   "%i = alloca i32 1"   --->   Operation 12 'alloca' 'i' <Predicate = true> <Delay = 0.00>
ST_1 : Operation 13 [1/1] (0.00ns)   --->   "%axi_data_V_14 = alloca i32 1"   --->   Operation 13 'alloca' 'axi_data_V_14' <Predicate = true> <Delay = 0.00>
ST_1 : Operation 14 [1/1] (0.00ns)   --->   "%sof = alloca i32 1"   --->   Operation 14 'alloca' 'sof' <Predicate = true> <Delay = 0.00>
ST_1 : Operation 15 [1/1] (0.00ns)   --->   "%axi_last_V_4_loc = alloca i64 1"   --->   Operation 15 'alloca' 'axi_last_V_4_loc' <Predicate = true> <Delay = 0.00>
ST_1 : Operation 16 [1/1] (0.00ns)   --->   "%axi_data_V_15_loc = alloca i64 1"   --->   Operation 16 'alloca' 'axi_data_V_15_loc' <Predicate = true> <Delay = 0.00>
ST_1 : Operation 17 [1/1] (0.00ns)   --->   "%eol_loc = alloca i64 1"   --->   Operation 17 'alloca' 'eol_loc' <Predicate = true> <Delay = 0.00>
ST_1 : Operation 18 [1/1] (0.00ns)   --->   "%axi_last_V_loc = alloca i64 1"   --->   Operation 18 'alloca' 'axi_last_V_loc' <Predicate = true> <Delay = 0.00>
ST_1 : Operation 19 [1/1] (2.05ns)   --->   "%WidthIn_read = read i11 @_ssdm_op_Read.ap_fifo.i11P0A, i11 %WidthIn"   --->   Operation 19 'read' 'WidthIn_read' <Predicate = true> <Delay = 2.05> <CoreInst = "FIFO_SRL">   --->   Core 81 'FIFO_SRL' <Latency = 0> <II = 1> <Delay = 3.63> <Storage> <Opcode : 'read' 'write' 'nbread' 'nbwrite'> <Ports = 0> <Width = 11> <Depth = 2> <FIFO>
ST_1 : Operation 20 [1/1] (2.05ns)   --->   "%write_ln0 = write void @_ssdm_op_Write.ap_fifo.i11P0A, i11 %HwReg_Width_c13, i11 %WidthIn_read"   --->   Operation 20 'write' 'write_ln0' <Predicate = true> <Delay = 2.05> <CoreInst = "FIFO_SRL">   --->   Core 81 'FIFO_SRL' <Latency = 0> <II = 1> <Delay = 3.63> <Storage> <Opcode : 'read' 'write' 'nbread' 'nbwrite'> <Ports = 0> <Width = 11> <Depth = 2> <FIFO>
ST_1 : Operation 21 [1/1] (2.05ns)   --->   "%Height_read = read i11 @_ssdm_op_Read.ap_fifo.i11P0A, i11 %Height"   --->   Operation 21 'read' 'Height_read' <Predicate = true> <Delay = 2.05> <CoreInst = "FIFO_SRL">   --->   Core 81 'FIFO_SRL' <Latency = 0> <II = 1> <Delay = 3.63> <Storage> <Opcode : 'read' 'write' 'nbread' 'nbwrite'> <Ports = 0> <Width = 11> <Depth = 2> <FIFO>
ST_1 : Operation 22 [1/1] (2.05ns)   --->   "%write_ln0 = write void @_ssdm_op_Write.ap_fifo.i11P0A, i11 %HwReg_HeightIn_c, i11 %Height_read"   --->   Operation 22 'write' 'write_ln0' <Predicate = true> <Delay = 2.05> <CoreInst = "FIFO_SRL">   --->   Core 81 'FIFO_SRL' <Latency = 0> <II = 1> <Delay = 3.63> <Storage> <Opcode : 'read' 'write' 'nbread' 'nbwrite'> <Ports = 0> <Width = 11> <Depth = 2> <FIFO>
ST_1 : Operation 23 [1/1] (1.58ns)   --->   "%store_ln767 = store i1 1, i1 %sof" [/home/benchmarker/FPGAProject/SOBEL_HDMI_1024/SOBEL_HDMI_1024.runs/bd_3a92_vsc_0_synth_1/prj/sol/.autopilot/db/v_vscaler.cpp:767]   --->   Operation 23 'store' 'store_ln767' <Predicate = true> <Delay = 1.58>
ST_1 : Operation 24 [1/1] (1.58ns)   --->   "%store_ln767 = store i11 0, i11 %i" [/home/benchmarker/FPGAProject/SOBEL_HDMI_1024/SOBEL_HDMI_1024.runs/bd_3a92_vsc_0_synth_1/prj/sol/.autopilot/db/v_vscaler.cpp:767]   --->   Operation 24 'store' 'store_ln767' <Predicate = true> <Delay = 1.58>

State 2 <SV = 1> <Delay = 1.58>
ST_2 : Operation 25 [1/1] (0.00ns)   --->   "%empty = wait i32 @_ssdm_op_Wait"   --->   Operation 25 'wait' 'empty' <Predicate = true> <Delay = 0.00>
ST_2 : Operation 26 [2/2] (1.58ns)   --->   "%call_ln0 = call void @AXIvideo2MultiPixStream_Pipeline_loop_wait_for_start, i24 %s_axis_video_V_data_V, i3 %s_axis_video_V_keep_V, i3 %s_axis_video_V_strb_V, i1 %s_axis_video_V_user_V, i1 %s_axis_video_V_last_V, i1 %s_axis_video_V_id_V, i1 %s_axis_video_V_dest_V, i24 %axi_data_V_14, i1 %axi_last_V_loc"   --->   Operation 26 'call' 'call_ln0' <Predicate = true> <Delay = 1.58> <CoreType = "Generic">   --->   Core 0 '' <Latency = 0> <II = 1> <Delay = 1.00> <Generic> <Opcode : >

State 3 <SV = 2> <Delay = 0.00>
ST_3 : Operation 27 [2/2] (0.00ns)   --->   "%rows = call i11 @reg<unsigned short>, i11 %Height_read" [/home/benchmarker/FPGAProject/SOBEL_HDMI_1024/SOBEL_HDMI_1024.runs/bd_3a92_vsc_0_synth_1/prj/sol/.autopilot/db/v_vscaler.cpp:749]   --->   Operation 27 'call' 'rows' <Predicate = true> <Delay = 0.00> <CoreType = "Generic">   --->   Core 0 '' <Latency = 0> <II = 1> <Delay = 1.00> <Generic> <Opcode : >
ST_3 : Operation 28 [2/2] (0.00ns)   --->   "%cols = call i11 @reg<unsigned short>, i11 %WidthIn_read" [/home/benchmarker/FPGAProject/SOBEL_HDMI_1024/SOBEL_HDMI_1024.runs/bd_3a92_vsc_0_synth_1/prj/sol/.autopilot/db/v_vscaler.cpp:750]   --->   Operation 28 'call' 'cols' <Predicate = true> <Delay = 0.00> <CoreType = "Generic">   --->   Core 0 '' <Latency = 0> <II = 1> <Delay = 1.00> <Generic> <Opcode : >
ST_3 : Operation 29 [1/2] (0.00ns)   --->   "%call_ln0 = call void @AXIvideo2MultiPixStream_Pipeline_loop_wait_for_start, i24 %s_axis_video_V_data_V, i3 %s_axis_video_V_keep_V, i3 %s_axis_video_V_strb_V, i1 %s_axis_video_V_user_V, i1 %s_axis_video_V_last_V, i1 %s_axis_video_V_id_V, i1 %s_axis_video_V_dest_V, i24 %axi_data_V_14, i1 %axi_last_V_loc"   --->   Operation 29 'call' 'call_ln0' <Predicate = true> <Delay = 0.00> <CoreType = "Generic">   --->   Core 0 '' <Latency = 0> <II = 1> <Delay = 1.00> <Generic> <Opcode : >

State 4 <SV = 3> <Delay = 3.60>
ST_4 : Operation 30 [1/1] (0.00ns)   --->   "%specinterface_ln0 = specinterface void @_ssdm_op_SpecInterface, i8 %ColorMode, void @ap_fifo_str, i32 0, i32 0, void @p_str, i32 0, i32 0, void @p_str, void @p_str, void @p_str, i32 2, i32 2, i32 16, i32 16, void @p_str, void @p_str, i32 4294967295, i32 0"   --->   Operation 30 'specinterface' 'specinterface_ln0' <Predicate = true> <Delay = 0.00>
ST_4 : Operation 31 [1/1] (0.00ns)   --->   "%specinterface_ln0 = specinterface void @_ssdm_op_SpecInterface, i11 %WidthIn, void @ap_fifo_str, i32 0, i32 0, void @p_str, i32 0, i32 0, void @p_str, void @p_str, void @p_str, i32 2, i32 2, i32 16, i32 16, void @p_str, void @p_str, i32 4294967295, i32 0"   --->   Operation 31 'specinterface' 'specinterface_ln0' <Predicate = true> <Delay = 0.00>
ST_4 : Operation 32 [1/1] (0.00ns)   --->   "%specinterface_ln0 = specinterface void @_ssdm_op_SpecInterface, i11 %Height, void @ap_fifo_str, i32 0, i32 0, void @p_str, i32 0, i32 0, void @p_str, void @p_str, void @p_str, i32 2, i32 2, i32 16, i32 16, void @p_str, void @p_str, i32 4294967295, i32 0"   --->   Operation 32 'specinterface' 'specinterface_ln0' <Predicate = true> <Delay = 0.00>
ST_4 : Operation 33 [1/1] (0.00ns)   --->   "%specinterface_ln0 = specinterface void @_ssdm_op_SpecInterface, i11 %HwReg_Width_c13, void @ap_fifo_str, i32 0, i32 0, void @p_str, i32 0, i32 0, void @p_str, void @p_str, void @p_str, i32 2, i32 2, i32 16, i32 16, void @p_str, void @ScalarProp_str, i32 4294967295, i32 0"   --->   Operation 33 'specinterface' 'specinterface_ln0' <Predicate = true> <Delay = 0.00>
ST_4 : Operation 34 [1/1] (0.00ns)   --->   "%specinterface_ln0 = specinterface void @_ssdm_op_SpecInterface, i11 %HwReg_HeightIn_c, void @ap_fifo_str, i32 0, i32 0, void @p_str, i32 0, i32 0, void @p_str, void @p_str, void @p_str, i32 2, i32 2, i32 16, i32 16, void @p_str, void @ScalarProp_str, i32 4294967295, i32 0"   --->   Operation 34 'specinterface' 'specinterface_ln0' <Predicate = true> <Delay = 0.00>
ST_4 : Operation 35 [1/1] (0.00ns)   --->   "%specinterface_ln0 = specinterface void @_ssdm_op_SpecInterface, i24 %SrcYUV, void @empty_5, i32 0, i32 0, void @empty_15, i32 0, i32 0, void @empty_15, void @empty_15, void @empty_15, i32 0, i32 0, i32 0, i32 0, void @empty_15, void @empty_15, i32 4294967295, i32 0"   --->   Operation 35 'specinterface' 'specinterface_ln0' <Predicate = true> <Delay = 0.00>
ST_4 : Operation 36 [1/1] (0.00ns)   --->   "%specinterface_ln0 = specinterface void @_ssdm_op_SpecInterface, i1 %s_axis_video_V_dest_V, i1 %s_axis_video_V_id_V, i1 %s_axis_video_V_last_V, i1 %s_axis_video_V_user_V, i3 %s_axis_video_V_strb_V, i3 %s_axis_video_V_keep_V, i24 %s_axis_video_V_data_V, void @empty_2, i32 1, i32 1, void @empty_4, i32 0, i32 0, void @empty_15, void @empty_15, void @empty_15, i32 0, i32 0, i32 0, i32 0, void @empty_15, void @empty_15, i32 4294967295, i32 0"   --->   Operation 36 'specinterface' 'specinterface_ln0' <Predicate = true> <Delay = 0.00>
ST_4 : Operation 37 [1/2] (0.00ns)   --->   "%rows = call i11 @reg<unsigned short>, i11 %Height_read" [/home/benchmarker/FPGAProject/SOBEL_HDMI_1024/SOBEL_HDMI_1024.runs/bd_3a92_vsc_0_synth_1/prj/sol/.autopilot/db/v_vscaler.cpp:749]   --->   Operation 37 'call' 'rows' <Predicate = true> <Delay = 0.00> <CoreType = "Generic">   --->   Core 0 '' <Latency = 0> <II = 1> <Delay = 1.00> <Generic> <Opcode : >
ST_4 : Operation 38 [1/2] (0.00ns)   --->   "%cols = call i11 @reg<unsigned short>, i11 %WidthIn_read" [/home/benchmarker/FPGAProject/SOBEL_HDMI_1024/SOBEL_HDMI_1024.runs/bd_3a92_vsc_0_synth_1/prj/sol/.autopilot/db/v_vscaler.cpp:750]   --->   Operation 38 'call' 'cols' <Predicate = true> <Delay = 0.00> <CoreType = "Generic">   --->   Core 0 '' <Latency = 0> <II = 1> <Delay = 1.00> <Generic> <Opcode : >
ST_4 : Operation 39 [1/1] (0.00ns)   --->   "%axi_last_V_loc_load = load i1 %axi_last_V_loc"   --->   Operation 39 'load' 'axi_last_V_loc_load' <Predicate = true> <Delay = 0.00>
ST_4 : Operation 40 [1/1] (0.00ns)   --->   "%empty_90 = wait i32 @_ssdm_op_Wait"   --->   Operation 40 'wait' 'empty_90' <Predicate = true> <Delay = 0.00>
ST_4 : Operation 41 [1/1] (2.05ns)   --->   "%ColorMode_read = read i8 @_ssdm_op_Read.ap_fifo.i8P0A, i8 %ColorMode"   --->   Operation 41 'read' 'ColorMode_read' <Predicate = true> <Delay = 2.05> <CoreInst = "FIFO_SRL">   --->   Core 81 'FIFO_SRL' <Latency = 0> <II = 1> <Delay = 3.63> <Storage> <Opcode : 'read' 'write' 'nbread' 'nbwrite'> <Ports = 0> <Width = 8> <Depth = 2> <FIFO>
ST_4 : Operation 42 [1/1] (1.88ns)   --->   "%cmp8748 = icmp_eq  i11 %cols, i11 0" [/home/benchmarker/FPGAProject/SOBEL_HDMI_1024/SOBEL_HDMI_1024.runs/bd_3a92_vsc_0_synth_1/prj/sol/.autopilot/db/v_vscaler.cpp:750]   --->   Operation 42 'icmp' 'cmp8748' <Predicate = true> <Delay = 1.88> <CoreInst = "Cmp">   --->   Core 9 'Cmp' <Latency = 0> <II = 1> <Delay = 1.88> <FuncUnit> <Opcode : 'icmp'> <InPorts = 2> <OutPorts = 1>
ST_4 : Operation 43 [1/1] (1.55ns)   --->   "%icmp_ln797 = icmp_eq  i8 %ColorMode_read, i8 0" [/home/benchmarker/FPGAProject/SOBEL_HDMI_1024/SOBEL_HDMI_1024.runs/bd_3a92_vsc_0_synth_1/prj/sol/.autopilot/db/v_vscaler.cpp:797]   --->   Operation 43 'icmp' 'icmp_ln797' <Predicate = true> <Delay = 1.55> <CoreInst = "Cmp">   --->   Core 9 'Cmp' <Latency = 0> <II = 1> <Delay = 1.55> <FuncUnit> <Opcode : 'icmp'> <InPorts = 2> <OutPorts = 1>
ST_4 : Operation 44 [1/1] (1.55ns)   --->   "%icmp_ln797_1 = icmp_eq  i8 %ColorMode_read, i8 1" [/home/benchmarker/FPGAProject/SOBEL_HDMI_1024/SOBEL_HDMI_1024.runs/bd_3a92_vsc_0_synth_1/prj/sol/.autopilot/db/v_vscaler.cpp:797]   --->   Operation 44 'icmp' 'icmp_ln797_1' <Predicate = true> <Delay = 1.55> <CoreInst = "Cmp">   --->   Core 9 'Cmp' <Latency = 0> <II = 1> <Delay = 1.55> <FuncUnit> <Opcode : 'icmp'> <InPorts = 2> <OutPorts = 1>
ST_4 : Operation 45 [1/1] (1.58ns)   --->   "%br_ln767 = br void %loop_width" [/home/benchmarker/FPGAProject/SOBEL_HDMI_1024/SOBEL_HDMI_1024.runs/bd_3a92_vsc_0_synth_1/prj/sol/.autopilot/db/v_vscaler.cpp:767]   --->   Operation 45 'br' 'br_ln767' <Predicate = true> <Delay = 1.58>

State 5 <SV = 4> <Delay = 1.88>
ST_5 : Operation 46 [1/1] (0.00ns)   --->   "%i_3 = load i11 %i" [/home/benchmarker/FPGAProject/SOBEL_HDMI_1024/SOBEL_HDMI_1024.runs/bd_3a92_vsc_0_synth_1/prj/sol/.autopilot/db/v_vscaler.cpp:767]   --->   Operation 46 'load' 'i_3' <Predicate = true> <Delay = 0.00>
ST_5 : Operation 47 [1/1] (1.88ns)   --->   "%icmp_ln767 = icmp_eq  i11 %i_3, i11 %rows" [/home/benchmarker/FPGAProject/SOBEL_HDMI_1024/SOBEL_HDMI_1024.runs/bd_3a92_vsc_0_synth_1/prj/sol/.autopilot/db/v_vscaler.cpp:767]   --->   Operation 47 'icmp' 'icmp_ln767' <Predicate = true> <Delay = 1.88> <CoreInst = "Cmp">   --->   Core 9 'Cmp' <Latency = 0> <II = 1> <Delay = 1.88> <FuncUnit> <Opcode : 'icmp'> <InPorts = 2> <OutPorts = 1>
ST_5 : Operation 48 [1/1] (1.63ns)   --->   "%i_4 = add i11 %i_3, i11 1" [/home/benchmarker/FPGAProject/SOBEL_HDMI_1024/SOBEL_HDMI_1024.runs/bd_3a92_vsc_0_synth_1/prj/sol/.autopilot/db/v_vscaler.cpp:767]   --->   Operation 48 'add' 'i_4' <Predicate = true> <Delay = 1.63> <CoreInst = "Adder">   --->   Core 1 'Adder' <Latency = 0> <II = 1> <Delay = 1.63> <FuncUnit> <Opcode : 'add' 'sub'> <InPorts = 2> <OutPorts = 1>

State 6 <SV = 5> <Delay = 4.15>
ST_6 : Operation 49 [1/1] (0.00ns)   --->   "%axi_last_V_2 = phi i1 %axi_last_V_loc_load, void %entry, i1 %axi_last_V_4_loc_load, void %loop_wait_for_eol"   --->   Operation 49 'phi' 'axi_last_V_2' <Predicate = true> <Delay = 0.00>
ST_6 : Operation 50 [1/1] (0.00ns)   --->   "%axi_data_V = load i24 %axi_data_V_14"   --->   Operation 50 'load' 'axi_data_V' <Predicate = true> <Delay = 0.00>
ST_6 : Operation 51 [1/1] (0.00ns)   --->   "%speclooptripcount_ln0 = speclooptripcount void @_ssdm_op_SpecLoopTripCount, i64 0, i64 1080, i64 1080"   --->   Operation 51 'speclooptripcount' 'speclooptripcount_ln0' <Predicate = true> <Delay = 0.00>
ST_6 : Operation 52 [1/1] (0.00ns)   --->   "%br_ln767 = br i1 %icmp_ln767, void %loop_width.split, void %for.end69.loopexit" [/home/benchmarker/FPGAProject/SOBEL_HDMI_1024/SOBEL_HDMI_1024.runs/bd_3a92_vsc_0_synth_1/prj/sol/.autopilot/db/v_vscaler.cpp:767]   --->   Operation 52 'br' 'br_ln767' <Predicate = true> <Delay = 0.00>
ST_6 : Operation 53 [1/1] (0.00ns)   --->   "%specloopname_ln747 = specloopname void @_ssdm_op_SpecLoopName, void @empty_13" [/home/benchmarker/FPGAProject/SOBEL_HDMI_1024/SOBEL_HDMI_1024.runs/bd_3a92_vsc_0_synth_1/prj/sol/.autopilot/db/v_vscaler.cpp:747]   --->   Operation 53 'specloopname' 'specloopname_ln747' <Predicate = (!icmp_ln767)> <Delay = 0.00>
ST_6 : Operation 54 [1/1] (1.58ns)   --->   "%br_ln772 = br i1 %cmp8748, void %for.body10.preheader, void %loop_wait_for_eol" [/home/benchmarker/FPGAProject/SOBEL_HDMI_1024/SOBEL_HDMI_1024.runs/bd_3a92_vsc_0_synth_1/prj/sol/.autopilot/db/v_vscaler.cpp:772]   --->   Operation 54 'br' 'br_ln772' <Predicate = (!icmp_ln767)> <Delay = 1.58>
ST_6 : Operation 55 [1/1] (0.00ns)   --->   "%sof_load = load i1 %sof"   --->   Operation 55 'load' 'sof_load' <Predicate = (!icmp_ln767 & !cmp8748)> <Delay = 0.00>
ST_6 : Operation 56 [1/1] (0.00ns)   --->   "%empty_91 = wait i32 @_ssdm_op_Wait"   --->   Operation 56 'wait' 'empty_91' <Predicate = (!icmp_ln767 & !cmp8748)> <Delay = 0.00>
ST_6 : Operation 57 [2/2] (4.15ns)   --->   "%call_ln750 = call void @AXIvideo2MultiPixStream_Pipeline_loop_width, i1 %sof_load, i1 %axi_last_V_2, i24 %axi_data_V, i11 %cols, i1 %icmp_ln797, i1 %icmp_ln797_1, i24 %SrcYUV, i24 %s_axis_video_V_data_V, i3 %s_axis_video_V_keep_V, i3 %s_axis_video_V_strb_V, i1 %s_axis_video_V_user_V, i1 %s_axis_video_V_last_V, i1 %s_axis_video_V_id_V, i1 %s_axis_video_V_dest_V, i1 %eol_loc, i24 %axi_data_V_15_loc" [/home/benchmarker/FPGAProject/SOBEL_HDMI_1024/SOBEL_HDMI_1024.runs/bd_3a92_vsc_0_synth_1/prj/sol/.autopilot/db/v_vscaler.cpp:750]   --->   Operation 57 'call' 'call_ln750' <Predicate = (!icmp_ln767 & !cmp8748)> <Delay = 4.15> <CoreType = "Generic">   --->   Core 0 '' <Latency = 0> <II = 1> <Delay = 1.00> <Generic> <Opcode : >
ST_6 : Operation 58 [1/1] (0.00ns)   --->   "%ret_ln0 = ret"   --->   Operation 58 'ret' 'ret_ln0' <Predicate = (icmp_ln767)> <Delay = 0.00>

State 7 <SV = 6> <Delay = 3.46>
ST_7 : Operation 59 [1/2] (3.46ns)   --->   "%call_ln750 = call void @AXIvideo2MultiPixStream_Pipeline_loop_width, i1 %sof_load, i1 %axi_last_V_2, i24 %axi_data_V, i11 %cols, i1 %icmp_ln797, i1 %icmp_ln797_1, i24 %SrcYUV, i24 %s_axis_video_V_data_V, i3 %s_axis_video_V_keep_V, i3 %s_axis_video_V_strb_V, i1 %s_axis_video_V_user_V, i1 %s_axis_video_V_last_V, i1 %s_axis_video_V_id_V, i1 %s_axis_video_V_dest_V, i1 %eol_loc, i24 %axi_data_V_15_loc" [/home/benchmarker/FPGAProject/SOBEL_HDMI_1024/SOBEL_HDMI_1024.runs/bd_3a92_vsc_0_synth_1/prj/sol/.autopilot/db/v_vscaler.cpp:750]   --->   Operation 59 'call' 'call_ln750' <Predicate = true> <Delay = 3.46> <CoreType = "Generic">   --->   Core 0 '' <Latency = 0> <II = 1> <Delay = 1.00> <Generic> <Opcode : >

State 8 <SV = 7> <Delay = 1.58>
ST_8 : Operation 60 [1/1] (0.00ns)   --->   "%eol_loc_load = load i1 %eol_loc"   --->   Operation 60 'load' 'eol_loc_load' <Predicate = (!cmp8748)> <Delay = 0.00>
ST_8 : Operation 61 [1/1] (0.00ns)   --->   "%axi_data_V_15_loc_load = load i24 %axi_data_V_15_loc"   --->   Operation 61 'load' 'axi_data_V_15_loc_load' <Predicate = (!cmp8748)> <Delay = 0.00>
ST_8 : Operation 62 [1/1] (0.00ns)   --->   "%empty_92 = wait i32 @_ssdm_op_Wait"   --->   Operation 62 'wait' 'empty_92' <Predicate = (!cmp8748)> <Delay = 0.00>
ST_8 : Operation 63 [1/1] (1.58ns)   --->   "%store_ln0 = store i1 0, i1 %sof"   --->   Operation 63 'store' 'store_ln0' <Predicate = (!cmp8748)> <Delay = 1.58>
ST_8 : Operation 64 [1/1] (1.58ns)   --->   "%br_ln0 = br void %loop_wait_for_eol"   --->   Operation 64 'br' 'br_ln0' <Predicate = (!cmp8748)> <Delay = 1.58>
ST_8 : Operation 65 [1/1] (1.58ns)   --->   "%store_ln767 = store i11 %i_4, i11 %i" [/home/benchmarker/FPGAProject/SOBEL_HDMI_1024/SOBEL_HDMI_1024.runs/bd_3a92_vsc_0_synth_1/prj/sol/.autopilot/db/v_vscaler.cpp:767]   --->   Operation 65 'store' 'store_ln767' <Predicate = true> <Delay = 1.58>

State 9 <SV = 8> <Delay = 3.17>
ST_9 : Operation 66 [1/1] (0.00ns)   --->   "%axi_data_2_lcssa = phi i24 %axi_data_V_15_loc_load, void %for.body10.preheader, i24 %axi_data_V, void %loop_width.split"   --->   Operation 66 'phi' 'axi_data_2_lcssa' <Predicate = true> <Delay = 0.00>
ST_9 : Operation 67 [1/1] (0.00ns)   --->   "%axi_last_2_lcssa = phi i1 %eol_loc_load, void %for.body10.preheader, i1 %axi_last_V_2, void %loop_width.split"   --->   Operation 67 'phi' 'axi_last_2_lcssa' <Predicate = true> <Delay = 0.00>
ST_9 : Operation 68 [1/1] (0.00ns)   --->   "%eol_0_lcssa = phi i1 %eol_loc_load, void %for.body10.preheader, i1 0, void %loop_width.split"   --->   Operation 68 'phi' 'eol_0_lcssa' <Predicate = true> <Delay = 0.00>
ST_9 : Operation 69 [1/1] (0.00ns)   --->   "%empty_93 = wait i32 @_ssdm_op_Wait"   --->   Operation 69 'wait' 'empty_93' <Predicate = true> <Delay = 0.00>
ST_9 : Operation 70 [2/2] (3.17ns)   --->   "%call_ln0 = call void @AXIvideo2MultiPixStream_Pipeline_loop_wait_for_eol, i24 %axi_data_2_lcssa, i1 %axi_last_2_lcssa, i1 %eol_0_lcssa, i24 %s_axis_video_V_data_V, i3 %s_axis_video_V_keep_V, i3 %s_axis_video_V_strb_V, i1 %s_axis_video_V_user_V, i1 %s_axis_video_V_last_V, i1 %s_axis_video_V_id_V, i1 %s_axis_video_V_dest_V, i24 %axi_data_V_14, i1 %axi_last_V_4_loc"   --->   Operation 70 'call' 'call_ln0' <Predicate = true> <Delay = 3.17> <CoreType = "Generic">   --->   Core 0 '' <Latency = 0> <II = 1> <Delay = 1.00> <Generic> <Opcode : >

State 10 <SV = 9> <Delay = 1.58>
ST_10 : Operation 71 [1/2] (1.58ns)   --->   "%call_ln0 = call void @AXIvideo2MultiPixStream_Pipeline_loop_wait_for_eol, i24 %axi_data_2_lcssa, i1 %axi_last_2_lcssa, i1 %eol_0_lcssa, i24 %s_axis_video_V_data_V, i3 %s_axis_video_V_keep_V, i3 %s_axis_video_V_strb_V, i1 %s_axis_video_V_user_V, i1 %s_axis_video_V_last_V, i1 %s_axis_video_V_id_V, i1 %s_axis_video_V_dest_V, i24 %axi_data_V_14, i1 %axi_last_V_4_loc"   --->   Operation 71 'call' 'call_ln0' <Predicate = true> <Delay = 1.58> <CoreType = "Generic">   --->   Core 0 '' <Latency = 0> <II = 1> <Delay = 1.00> <Generic> <Opcode : >

State 11 <SV = 10> <Delay = 0.00>
ST_11 : Operation 72 [1/1] (0.00ns)   --->   "%axi_last_V_4_loc_load = load i1 %axi_last_V_4_loc"   --->   Operation 72 'load' 'axi_last_V_4_loc_load' <Predicate = true> <Delay = 0.00>
ST_11 : Operation 73 [1/1] (0.00ns)   --->   "%br_ln767 = br void %loop_width" [/home/benchmarker/FPGAProject/SOBEL_HDMI_1024/SOBEL_HDMI_1024.runs/bd_3a92_vsc_0_synth_1/prj/sol/.autopilot/db/v_vscaler.cpp:767]   --->   Operation 73 'br' 'br_ln767' <Predicate = true> <Delay = 0.00>


============================================================
+ Verbose Summary: Timing violations
============================================================
Target clock period: 5.62ns, clock uncertainty: 1.52ns.

 <State 1>: 4.11ns
The critical path consists of the following:
	fifo read operation ('WidthIn_read') on port 'WidthIn' [25]  (2.05 ns)
	fifo write operation ('write_ln0') on port 'HwReg_Width_c13' [26]  (2.05 ns)

 <State 2>: 1.59ns
The critical path consists of the following:
	'call' operation ('call_ln0') to 'AXIvideo2MultiPixStream_Pipeline_loop_wait_for_start' [35]  (1.59 ns)

 <State 3>: 0ns
The critical path consists of the following:

 <State 4>: 3.6ns
The critical path consists of the following:
	fifo read operation ('ColorMode_read') on port 'ColorMode' [38]  (2.05 ns)
	'icmp' operation ('icmp_ln797', /home/benchmarker/FPGAProject/SOBEL_HDMI_1024/SOBEL_HDMI_1024.runs/bd_3a92_vsc_0_synth_1/prj/sol/.autopilot/db/v_vscaler.cpp:797) [40]  (1.55 ns)

 <State 5>: 1.88ns
The critical path consists of the following:
	'load' operation ('i', /home/benchmarker/FPGAProject/SOBEL_HDMI_1024/SOBEL_HDMI_1024.runs/bd_3a92_vsc_0_synth_1/prj/sol/.autopilot/db/v_vscaler.cpp:767) on local variable 'i' [47]  (0 ns)
	'icmp' operation ('icmp_ln767', /home/benchmarker/FPGAProject/SOBEL_HDMI_1024/SOBEL_HDMI_1024.runs/bd_3a92_vsc_0_synth_1/prj/sol/.autopilot/db/v_vscaler.cpp:767) [49]  (1.88 ns)

 <State 6>: 4.15ns
The critical path consists of the following:
	'phi' operation ('axi.last.V') with incoming values : ('axi_last_V_loc_load') ('axi_last_V_4_loc_load') [46]  (0 ns)
	'call' operation ('call_ln750', /home/benchmarker/FPGAProject/SOBEL_HDMI_1024/SOBEL_HDMI_1024.runs/bd_3a92_vsc_0_synth_1/prj/sol/.autopilot/db/v_vscaler.cpp:750) to 'AXIvideo2MultiPixStream_Pipeline_loop_width' [59]  (4.15 ns)

 <State 7>: 3.47ns
The critical path consists of the following:
	'call' operation ('call_ln750', /home/benchmarker/FPGAProject/SOBEL_HDMI_1024/SOBEL_HDMI_1024.runs/bd_3a92_vsc_0_synth_1/prj/sol/.autopilot/db/v_vscaler.cpp:750) to 'AXIvideo2MultiPixStream_Pipeline_loop_width' [59]  (3.47 ns)

 <State 8>: 1.59ns
The critical path consists of the following:
	'store' operation ('store_ln0') of constant 0 on local variable 'sof' [63]  (1.59 ns)

 <State 9>: 3.18ns
The critical path consists of the following:
	'phi' operation ('axi.data.V') with incoming values : ('axi.data.V') ('axi_data_V_15_loc_load') [66]  (0 ns)
	'call' operation ('call_ln0') to 'AXIvideo2MultiPixStream_Pipeline_loop_wait_for_eol' [70]  (3.18 ns)

 <State 10>: 1.59ns
The critical path consists of the following:
	'call' operation ('call_ln0') to 'AXIvideo2MultiPixStream_Pipeline_loop_wait_for_eol' [70]  (1.59 ns)

 <State 11>: 0ns
The critical path consists of the following:


============================================================
+ Verbose Summary: Binding
============================================================
N/A
* FSMD analyzer results:
  - Output states:
 - Input state : 
  - Chain level:
	State 1
	State 2
	State 3
	State 4
	State 5
	State 6
	State 7
	State 8
	State 9
	State 10
	State 11


============================================================
+ Verbose Summary: Datapath Resource usage 
============================================================
N/A
