

================================================================
== Vitis HLS Report for 'v_hcresampler_core_1'
================================================================
* Date:           Mon Aug 29 12:25:36 2022

* Version:        2022.1 (Build 3526262 on Mon Apr 18 15:47:01 MDT 2022)
* Project:        prj
* Solution:       sol (Vivado IP Flow Target)
* Product family: zynq
* Target device:  xc7z020-clg484-1


================================================================
== Performance Estimates
================================================================
+ Timing: 
    * Summary: 
    +--------+---------+----------+------------+
    |  Clock |  Target | Estimated| Uncertainty|
    +--------+---------+----------+------------+
    |ap_clk  |  5.62 ns|  4.106 ns|     1.52 ns|
    +--------+---------+----------+------------+

+ Latency: 
    * Summary: 
    +---------+------------+-----------+-----------+-----+------------+---------+
    |   Latency (cycles)   |   Latency (absolute)  |     Interval     | Pipeline|
    |   min   |     max    |    min    |    max    | min |     max    |   Type  |
    +---------+------------+-----------+-----------+-----+------------+---------+
    |        2|  1073971194|  11.250 ns|  6.041 sec|    2|  1073971194|       no|
    +---------+------------+-----------+-----------+-----+------------+---------+

    + Detail: 
        * Instance: 
        N/A

        * Loop: 
        +--------------------+---------+------------+-----------+-----------+-----------+-----------+----------+
        |                    |   Latency (cycles)   | Iteration |  Initiation Interval  |    Trip   |          |
        |      Loop Name     |   min   |     max    |  Latency  |  achieved |   target  |   Count   | Pipelined|
        +--------------------+---------+------------+-----------+-----------+-----------+-----------+----------+
        |- VITIS_LOOP_722_1  |        0|  1073971192|  2 ~ 32776|          -|          -|  0 ~ 32767|        no|
        +--------------------+---------+------------+-----------+-----------+-----------+-----------+----------+

============================================================
+ Verbose Summary: Synthesis Manager
============================================================
InlineROM: 1
ExposeGlobal: 0
============================================================
+ Verbose Summary: CDFG Model
============================================================
IsTopModel: 0
ResetActiveHigh: 1
IsCombinational: 2
IsDatapathOnly: 0
HasWiredReturn: 1
HasMFsm: 0
HasVarLatency: 1
IsPipeline: 0
IsRtlPipelined: 0
IsInstanceOverlapped: 0
IsDontTouch: 0
HasImplIP: 0
IsGatedGlobalClock: 0


============================================================
+ Verbose Summary: Schedule
============================================================
* Number of FSM states : 6
* Pipeline : 0
* Dataflow Pipeline: 0

* FSM state transitions: 
1 --> 2 
2 --> 3 
3 --> 4 6 
4 --> 5 
5 --> 6 
6 --> 3 

* FSM state operations: 

State 1 <SV = 0> <Delay = 4.10>
ST_1 : Operation 7 [1/1] (0.00ns)   --->   "%y_1 = alloca i32 1"   --->   Operation 7 'alloca' 'y_1' <Predicate = true> <Delay = 0.00>
ST_1 : Operation 8 [1/1] (0.00ns)   --->   "%filt_res1 = alloca i32 1"   --->   Operation 8 'alloca' 'filt_res1' <Predicate = true> <Delay = 0.00>
ST_1 : Operation 9 [1/1] (0.00ns)   --->   "%p_0_0_0_0_05241020_lcssa1043_i = alloca i32 1"   --->   Operation 9 'alloca' 'p_0_0_0_0_05241020_lcssa1043_i' <Predicate = true> <Delay = 0.00>
ST_1 : Operation 10 [1/1] (0.00ns)   --->   "%p_0_1_0_0_01022_lcssa1046_i = alloca i32 1"   --->   Operation 10 'alloca' 'p_0_1_0_0_01022_lcssa1046_i' <Predicate = true> <Delay = 0.00>
ST_1 : Operation 11 [1/1] (0.00ns)   --->   "%p_0_2_0_0_01024_lcssa1049_i = alloca i32 1"   --->   Operation 11 'alloca' 'p_0_2_0_0_01024_lcssa1049_i' <Predicate = true> <Delay = 0.00>
ST_1 : Operation 12 [1/1] (0.00ns)   --->   "%p_0_0_0_0_05241026_lcssa1052_i = alloca i32 1"   --->   Operation 12 'alloca' 'p_0_0_0_0_05241026_lcssa1052_i' <Predicate = true> <Delay = 0.00>
ST_1 : Operation 13 [1/1] (0.00ns)   --->   "%p_0_1_0_0_01028_lcssa1055_i = alloca i32 1"   --->   Operation 13 'alloca' 'p_0_1_0_0_01028_lcssa1055_i' <Predicate = true> <Delay = 0.00>
ST_1 : Operation 14 [1/1] (0.00ns)   --->   "%p_0_1_0_0_01032_lcssa1058_i = alloca i32 1"   --->   Operation 14 'alloca' 'p_0_1_0_0_01032_lcssa1058_i' <Predicate = true> <Delay = 0.00>
ST_1 : Operation 15 [1/1] (0.00ns)   --->   "%p_lcssa1078_i = alloca i32 1"   --->   Operation 15 'alloca' 'p_lcssa1078_i' <Predicate = true> <Delay = 0.00>
ST_1 : Operation 16 [1/1] (0.00ns)   --->   "%p_lcssa10661084_i = alloca i32 1"   --->   Operation 16 'alloca' 'p_lcssa10661084_i' <Predicate = true> <Delay = 0.00>
ST_1 : Operation 17 [1/1] (0.00ns)   --->   "%p_lcssa10681090_i = alloca i32 1"   --->   Operation 17 'alloca' 'p_lcssa10681090_i' <Predicate = true> <Delay = 0.00>
ST_1 : Operation 18 [1/1] (0.00ns)   --->   "%p_lcssa10691093_i = alloca i32 1"   --->   Operation 18 'alloca' 'p_lcssa10691093_i' <Predicate = true> <Delay = 0.00>
ST_1 : Operation 19 [1/1] (0.00ns)   --->   "%p_0_0_0_0_0516_21070_lcssa1096_i = alloca i32 1"   --->   Operation 19 'alloca' 'p_0_0_0_0_0516_21070_lcssa1096_i' <Predicate = true> <Delay = 0.00>
ST_1 : Operation 20 [1/1] (0.00ns)   --->   "%p_0_0_0_0_0_21073_lcssa1099_i = alloca i32 1"   --->   Operation 20 'alloca' 'p_0_0_0_0_0_21073_lcssa1099_i' <Predicate = true> <Delay = 0.00>
ST_1 : Operation 21 [1/1] (0.00ns)   --->   "%pixbuf_y_val_V = alloca i32 1"   --->   Operation 21 'alloca' 'pixbuf_y_val_V' <Predicate = true> <Delay = 0.00>
ST_1 : Operation 22 [1/1] (0.00ns)   --->   "%pixbuf_y_val_V_1 = alloca i32 1"   --->   Operation 22 'alloca' 'pixbuf_y_val_V_1' <Predicate = true> <Delay = 0.00>
ST_1 : Operation 23 [1/1] (0.00ns)   --->   "%pixbuf_y_val_V_2 = alloca i32 1"   --->   Operation 23 'alloca' 'pixbuf_y_val_V_2' <Predicate = true> <Delay = 0.00>
ST_1 : Operation 24 [1/1] (0.00ns)   --->   "%pixbuf_y_val_V_3 = alloca i32 1"   --->   Operation 24 'alloca' 'pixbuf_y_val_V_3' <Predicate = true> <Delay = 0.00>
ST_1 : Operation 25 [1/1] (0.00ns)   --->   "%pixbuf_y_val_V_4 = alloca i32 1"   --->   Operation 25 'alloca' 'pixbuf_y_val_V_4' <Predicate = true> <Delay = 0.00>
ST_1 : Operation 26 [1/1] (2.05ns)   --->   "%p_read_3 = read i1 @_ssdm_op_Read.ap_auto.i1, i1 %p_read"   --->   Operation 26 'read' 'p_read_3' <Predicate = true> <Delay = 2.05> <CoreInst = "FIFO_SRL">   --->   Core 81 'FIFO_SRL' <Latency = 0> <II = 1> <Delay = 3.63> <Storage> <Opcode : 'read' 'write' 'nbread' 'nbwrite'> <Ports = 0> <Width = -1> <Depth = -1> <FIFO>
ST_1 : Operation 27 [1/1] (0.00ns)   --->   "%pixbuf_y_val_V_5_loc = alloca i64 1"   --->   Operation 27 'alloca' 'pixbuf_y_val_V_5_loc' <Predicate = true> <Delay = 0.00>
ST_1 : Operation 28 [1/1] (2.05ns)   --->   "%loopHeight = read i11 @_ssdm_op_Read.ap_fifo.i11P0A, i11 %HwReg_height"   --->   Operation 28 'read' 'loopHeight' <Predicate = true> <Delay = 2.05> <CoreInst = "FIFO_SRL">   --->   Core 81 'FIFO_SRL' <Latency = 0> <II = 1> <Delay = 3.63> <Storage> <Opcode : 'read' 'write' 'nbread' 'nbwrite'> <Ports = 0> <Width = 11> <Depth = 2> <FIFO>
ST_1 : Operation 29 [1/1] (2.05ns)   --->   "%write_ln0 = write void @_ssdm_op_Write.ap_fifo.i11P0A, i11 %HwReg_height_c, i11 %loopHeight"   --->   Operation 29 'write' 'write_ln0' <Predicate = true> <Delay = 2.05> <CoreInst = "FIFO_SRL">   --->   Core 81 'FIFO_SRL' <Latency = 0> <II = 1> <Delay = 3.63> <Storage> <Opcode : 'read' 'write' 'nbread' 'nbwrite'> <Ports = 0> <Width = 11> <Depth = 2> <FIFO>
ST_1 : Operation 30 [1/1] (2.05ns)   --->   "%HwReg_width_read = read i11 @_ssdm_op_Read.ap_fifo.i11P0A, i11 %HwReg_width"   --->   Operation 30 'read' 'HwReg_width_read' <Predicate = true> <Delay = 2.05> <CoreInst = "FIFO_SRL">   --->   Core 81 'FIFO_SRL' <Latency = 0> <II = 1> <Delay = 3.63> <Storage> <Opcode : 'read' 'write' 'nbread' 'nbwrite'> <Ports = 0> <Width = 11> <Depth = 2> <FIFO>
ST_1 : Operation 31 [1/1] (2.05ns)   --->   "%write_ln677 = write void @_ssdm_op_Write.ap_fifo.i11P0A, i11 %HwReg_width_c, i11 %HwReg_width_read" [/home/benchmarker/FPGAProject/SOBEL_HDMI_1024/SOBEL_HDMI_1024.runs/bd_3a92_csc_0_synth_1/prj/sol/.autopilot/db/v_csc.cpp:677->/home/benchmarker/FPGAProject/SOBEL_HDMI_1024/SOBEL_HDMI_1024.runs/bd_3a92_csc_0_synth_1/prj/sol/.autopilot/db/v_csc.cpp:438]   --->   Operation 31 'write' 'write_ln677' <Predicate = true> <Delay = 2.05> <CoreInst = "FIFO_SRL">   --->   Core 81 'FIFO_SRL' <Latency = 0> <II = 1> <Delay = 3.63> <Storage> <Opcode : 'read' 'write' 'nbread' 'nbwrite'> <Ports = 0> <Width = 11> <Depth = 2> <FIFO>
ST_1 : Operation 32 [1/1] (1.58ns)   --->   "%store_ln722 = store i11 0, i11 %y_1" [/home/benchmarker/FPGAProject/SOBEL_HDMI_1024/SOBEL_HDMI_1024.runs/bd_3a92_csc_0_synth_1/prj/sol/.autopilot/db/v_csc.cpp:722->/home/benchmarker/FPGAProject/SOBEL_HDMI_1024/SOBEL_HDMI_1024.runs/bd_3a92_csc_0_synth_1/prj/sol/.autopilot/db/v_csc.cpp:438]   --->   Operation 32 'store' 'store_ln722' <Predicate = true> <Delay = 1.58>

State 2 <SV = 1> <Delay = 3.62>
ST_2 : Operation 33 [1/1] (0.00ns)   --->   "%specinterface_ln0 = specinterface void @_ssdm_op_SpecInterface, i11 %HwReg_height, void @ap_fifo_str, i32 0, i32 0, void @p_str, i32 0, i32 0, void @p_str, void @p_str, void @p_str, i32 2, i32 2, i32 16, i32 16, void @p_str, void @ScalarProp_str, i32 4294967295, i32 0"   --->   Operation 33 'specinterface' 'specinterface_ln0' <Predicate = true> <Delay = 0.00>
ST_2 : Operation 34 [1/1] (0.00ns)   --->   "%specinterface_ln0 = specinterface void @_ssdm_op_SpecInterface, i11 %HwReg_height_c, void @ap_fifo_str, i32 0, i32 0, void @p_str, i32 0, i32 0, void @p_str, void @p_str, void @p_str, i32 2, i32 2, i32 16, i32 16, void @p_str, void @ScalarProp_str, i32 4294967295, i32 0"   --->   Operation 34 'specinterface' 'specinterface_ln0' <Predicate = true> <Delay = 0.00>
ST_2 : Operation 35 [1/1] (0.00ns)   --->   "%specinterface_ln0 = specinterface void @_ssdm_op_SpecInterface, i11 %HwReg_width, void @ap_fifo_str, i32 0, i32 0, void @p_str, i32 0, i32 0, void @p_str, void @p_str, void @p_str, i32 2, i32 2, i32 16, i32 16, void @p_str, void @ScalarProp_str, i32 4294967295, i32 0"   --->   Operation 35 'specinterface' 'specinterface_ln0' <Predicate = true> <Delay = 0.00>
ST_2 : Operation 36 [1/1] (0.00ns)   --->   "%specinterface_ln0 = specinterface void @_ssdm_op_SpecInterface, i11 %HwReg_width_c, void @ap_fifo_str, i32 0, i32 0, void @p_str, i32 0, i32 0, void @p_str, void @p_str, void @p_str, i32 2, i32 2, i32 16, i32 16, void @p_str, void @ScalarProp_str, i32 4294967295, i32 0"   --->   Operation 36 'specinterface' 'specinterface_ln0' <Predicate = true> <Delay = 0.00>
ST_2 : Operation 37 [1/1] (0.00ns)   --->   "%specinterface_ln0 = specinterface void @_ssdm_op_SpecInterface, i24 %stream_csc, void @empty_35, i32 0, i32 0, void @empty_22, i32 0, i32 0, void @empty_22, void @empty_22, void @empty_22, i32 0, i32 0, i32 0, i32 0, void @empty_22, void @empty_22, i32 4294967295, i32 0"   --->   Operation 37 'specinterface' 'specinterface_ln0' <Predicate = true> <Delay = 0.00>
ST_2 : Operation 38 [1/1] (0.00ns)   --->   "%specinterface_ln0 = specinterface void @_ssdm_op_SpecInterface, i24 %stream_out_hresampled, void @empty_35, i32 0, i32 0, void @empty_22, i32 0, i32 0, void @empty_22, void @empty_22, void @empty_22, i32 0, i32 0, i32 0, i32 0, void @empty_22, void @empty_22, i32 4294967295, i32 0"   --->   Operation 38 'specinterface' 'specinterface_ln0' <Predicate = true> <Delay = 0.00>
ST_2 : Operation 39 [1/1] (0.99ns)   --->   "%select_ln685 = select i1 %p_read_3, i2 0, i2 2" [/home/benchmarker/FPGAProject/SOBEL_HDMI_1024/SOBEL_HDMI_1024.runs/bd_3a92_csc_0_synth_1/prj/sol/.autopilot/db/v_csc.cpp:685->/home/benchmarker/FPGAProject/SOBEL_HDMI_1024/SOBEL_HDMI_1024.runs/bd_3a92_csc_0_synth_1/prj/sol/.autopilot/db/v_csc.cpp:438]   --->   Operation 39 'select' 'select_ln685' <Predicate = true> <Delay = 0.99> <CoreInst = "Sel">   --->   Core 73 'Sel' <Latency = 0> <II = 1> <Delay = 0.99> <FuncUnit> <Opcode : 'select'> <InPorts = 3> <OutPorts = 1>
ST_2 : Operation 40 [1/1] (0.00ns) (grouped into LUT with out node loopWidth)   --->   "%select_ln720 = select i1 %p_read_3, i12 0, i12 2" [/home/benchmarker/FPGAProject/SOBEL_HDMI_1024/SOBEL_HDMI_1024.runs/bd_3a92_csc_0_synth_1/prj/sol/.autopilot/db/v_csc.cpp:720->/home/benchmarker/FPGAProject/SOBEL_HDMI_1024/SOBEL_HDMI_1024.runs/bd_3a92_csc_0_synth_1/prj/sol/.autopilot/db/v_csc.cpp:438]   --->   Operation 40 'select' 'select_ln720' <Predicate = true> <Delay = 0.00> <CoreInst = "Sel">   --->   Core 73 'Sel' <Latency = 0> <II = 1> <Delay = 0.98> <FuncUnit> <Opcode : 'select'> <InPorts = 3> <OutPorts = 1>
ST_2 : Operation 41 [1/1] (0.00ns) (grouped into LUT with out node loopWidth)   --->   "%zext_ln720 = zext i11 %HwReg_width_read" [/home/benchmarker/FPGAProject/SOBEL_HDMI_1024/SOBEL_HDMI_1024.runs/bd_3a92_csc_0_synth_1/prj/sol/.autopilot/db/v_csc.cpp:720->/home/benchmarker/FPGAProject/SOBEL_HDMI_1024/SOBEL_HDMI_1024.runs/bd_3a92_csc_0_synth_1/prj/sol/.autopilot/db/v_csc.cpp:438]   --->   Operation 41 'zext' 'zext_ln720' <Predicate = true> <Delay = 0.00>
ST_2 : Operation 42 [1/1] (1.63ns) (out node of the LUT)   --->   "%loopWidth = add i12 %select_ln720, i12 %zext_ln720" [/home/benchmarker/FPGAProject/SOBEL_HDMI_1024/SOBEL_HDMI_1024.runs/bd_3a92_csc_0_synth_1/prj/sol/.autopilot/db/v_csc.cpp:720->/home/benchmarker/FPGAProject/SOBEL_HDMI_1024/SOBEL_HDMI_1024.runs/bd_3a92_csc_0_synth_1/prj/sol/.autopilot/db/v_csc.cpp:438]   --->   Operation 42 'add' 'loopWidth' <Predicate = true> <Delay = 1.63> <CoreInst = "Adder">   --->   Core 1 'Adder' <Latency = 0> <II = 1> <Delay = 1.63> <FuncUnit> <Opcode : 'add' 'sub'> <InPorts = 2> <OutPorts = 1>
ST_2 : Operation 43 [1/1] (0.97ns)   --->   "%not_read15 = xor i1 %p_read_3, i1 1"   --->   Operation 43 'xor' 'not_read15' <Predicate = true> <Delay = 0.97> <CoreInst = "LogicGate">   --->   Core 74 'LogicGate' <Latency = 0> <II = 1> <Delay = 0.97> <FuncUnit> <Opcode : 'and' 'or' 'xor'> <InPorts = 2> <OutPorts = 1>
ST_2 : Operation 44 [1/1] (1.99ns)   --->   "%cmp361011_i = icmp_eq  i12 %loopWidth, i12 0" [/home/benchmarker/FPGAProject/SOBEL_HDMI_1024/SOBEL_HDMI_1024.runs/bd_3a92_csc_0_synth_1/prj/sol/.autopilot/db/v_csc.cpp:720->/home/benchmarker/FPGAProject/SOBEL_HDMI_1024/SOBEL_HDMI_1024.runs/bd_3a92_csc_0_synth_1/prj/sol/.autopilot/db/v_csc.cpp:438]   --->   Operation 44 'icmp' 'cmp361011_i' <Predicate = true> <Delay = 1.99> <CoreInst = "Cmp">   --->   Core 9 'Cmp' <Latency = 0> <II = 1> <Delay = 1.99> <FuncUnit> <Opcode : 'icmp'> <InPorts = 2> <OutPorts = 1>
ST_2 : Operation 45 [1/1] (0.00ns)   --->   "%br_ln722 = br void %VITIS_LOOP_724_2.i" [/home/benchmarker/FPGAProject/SOBEL_HDMI_1024/SOBEL_HDMI_1024.runs/bd_3a92_csc_0_synth_1/prj/sol/.autopilot/db/v_csc.cpp:722->/home/benchmarker/FPGAProject/SOBEL_HDMI_1024/SOBEL_HDMI_1024.runs/bd_3a92_csc_0_synth_1/prj/sol/.autopilot/db/v_csc.cpp:438]   --->   Operation 45 'br' 'br_ln722' <Predicate = true> <Delay = 0.00>

State 3 <SV = 2> <Delay = 1.88>
ST_3 : Operation 46 [1/1] (0.00ns)   --->   "%y = load i11 %y_1" [/home/benchmarker/FPGAProject/SOBEL_HDMI_1024/SOBEL_HDMI_1024.runs/bd_3a92_csc_0_synth_1/prj/sol/.autopilot/db/v_csc.cpp:722->/home/benchmarker/FPGAProject/SOBEL_HDMI_1024/SOBEL_HDMI_1024.runs/bd_3a92_csc_0_synth_1/prj/sol/.autopilot/db/v_csc.cpp:438]   --->   Operation 46 'load' 'y' <Predicate = true> <Delay = 0.00>
ST_3 : Operation 47 [1/1] (0.00ns)   --->   "%speclooptripcount_ln0 = speclooptripcount void @_ssdm_op_SpecLoopTripCount, i64 0, i64 32767, i64 0"   --->   Operation 47 'speclooptripcount' 'speclooptripcount_ln0' <Predicate = true> <Delay = 0.00>
ST_3 : Operation 48 [1/1] (1.88ns)   --->   "%icmp_ln722 = icmp_eq  i11 %y, i11 %loopHeight" [/home/benchmarker/FPGAProject/SOBEL_HDMI_1024/SOBEL_HDMI_1024.runs/bd_3a92_csc_0_synth_1/prj/sol/.autopilot/db/v_csc.cpp:722->/home/benchmarker/FPGAProject/SOBEL_HDMI_1024/SOBEL_HDMI_1024.runs/bd_3a92_csc_0_synth_1/prj/sol/.autopilot/db/v_csc.cpp:438]   --->   Operation 48 'icmp' 'icmp_ln722' <Predicate = true> <Delay = 1.88> <CoreInst = "Cmp">   --->   Core 9 'Cmp' <Latency = 0> <II = 1> <Delay = 1.88> <FuncUnit> <Opcode : 'icmp'> <InPorts = 2> <OutPorts = 1>
ST_3 : Operation 49 [1/1] (1.63ns)   --->   "%y_2 = add i11 %y, i11 1" [/home/benchmarker/FPGAProject/SOBEL_HDMI_1024/SOBEL_HDMI_1024.runs/bd_3a92_csc_0_synth_1/prj/sol/.autopilot/db/v_csc.cpp:722->/home/benchmarker/FPGAProject/SOBEL_HDMI_1024/SOBEL_HDMI_1024.runs/bd_3a92_csc_0_synth_1/prj/sol/.autopilot/db/v_csc.cpp:438]   --->   Operation 49 'add' 'y_2' <Predicate = true> <Delay = 1.63> <CoreInst = "Adder">   --->   Core 1 'Adder' <Latency = 0> <II = 1> <Delay = 1.63> <FuncUnit> <Opcode : 'add' 'sub'> <InPorts = 2> <OutPorts = 1>
ST_3 : Operation 50 [1/1] (0.00ns)   --->   "%br_ln722 = br i1 %icmp_ln722, void %VITIS_LOOP_724_2.split.i, void %v_hcresampler_core.1.exit" [/home/benchmarker/FPGAProject/SOBEL_HDMI_1024/SOBEL_HDMI_1024.runs/bd_3a92_csc_0_synth_1/prj/sol/.autopilot/db/v_csc.cpp:722->/home/benchmarker/FPGAProject/SOBEL_HDMI_1024/SOBEL_HDMI_1024.runs/bd_3a92_csc_0_synth_1/prj/sol/.autopilot/db/v_csc.cpp:438]   --->   Operation 50 'br' 'br_ln722' <Predicate = true> <Delay = 0.00>
ST_3 : Operation 51 [1/1] (0.00ns)   --->   "%specloopname_ln700 = specloopname void @_ssdm_op_SpecLoopName, void @empty_47" [/home/benchmarker/FPGAProject/SOBEL_HDMI_1024/SOBEL_HDMI_1024.runs/bd_3a92_csc_0_synth_1/prj/sol/.autopilot/db/v_csc.cpp:700->/home/benchmarker/FPGAProject/SOBEL_HDMI_1024/SOBEL_HDMI_1024.runs/bd_3a92_csc_0_synth_1/prj/sol/.autopilot/db/v_csc.cpp:438]   --->   Operation 51 'specloopname' 'specloopname_ln700' <Predicate = (!icmp_ln722)> <Delay = 0.00>
ST_3 : Operation 52 [1/1] (0.00ns)   --->   "%br_ln724 = br i1 %cmp361011_i, void %for.body37.i.preheader, void %for.inc476.i" [/home/benchmarker/FPGAProject/SOBEL_HDMI_1024/SOBEL_HDMI_1024.runs/bd_3a92_csc_0_synth_1/prj/sol/.autopilot/db/v_csc.cpp:724->/home/benchmarker/FPGAProject/SOBEL_HDMI_1024/SOBEL_HDMI_1024.runs/bd_3a92_csc_0_synth_1/prj/sol/.autopilot/db/v_csc.cpp:438]   --->   Operation 52 'br' 'br_ln724' <Predicate = (!icmp_ln722)> <Delay = 0.00>
ST_3 : Operation 53 [1/1] (0.00ns)   --->   "%pixbuf_y_val_V_2_load = load i8 %pixbuf_y_val_V_2"   --->   Operation 53 'load' 'pixbuf_y_val_V_2_load' <Predicate = (!icmp_ln722 & !cmp361011_i)> <Delay = 0.00>
ST_3 : Operation 54 [1/1] (0.00ns)   --->   "%pixbuf_y_val_V_3_load = load i8 %pixbuf_y_val_V_3"   --->   Operation 54 'load' 'pixbuf_y_val_V_3_load' <Predicate = (!icmp_ln722 & !cmp361011_i)> <Delay = 0.00>
ST_3 : Operation 55 [1/1] (0.00ns)   --->   "%pixbuf_y_val_V_4_load = load i8 %pixbuf_y_val_V_4"   --->   Operation 55 'load' 'pixbuf_y_val_V_4_load' <Predicate = (!icmp_ln722 & !cmp361011_i)> <Delay = 0.00>
ST_3 : Operation 56 [1/1] (0.00ns)   --->   "%empty = wait i32 @_ssdm_op_Wait"   --->   Operation 56 'wait' 'empty' <Predicate = (!icmp_ln722 & !cmp361011_i)> <Delay = 0.00>
ST_3 : Operation 57 [1/1] (0.00ns)   --->   "%ret_ln438 = ret" [/home/benchmarker/FPGAProject/SOBEL_HDMI_1024/SOBEL_HDMI_1024.runs/bd_3a92_csc_0_synth_1/prj/sol/.autopilot/db/v_csc.cpp:438]   --->   Operation 57 'ret' 'ret_ln438' <Predicate = (icmp_ln722)> <Delay = 0.00>

State 4 <SV = 3> <Delay = 3.57>
ST_4 : Operation 58 [1/1] (0.00ns)   --->   "%p_0_0_0_0_05241026_lcssa1052_i_load = load i8 %p_0_0_0_0_05241026_lcssa1052_i"   --->   Operation 58 'load' 'p_0_0_0_0_05241026_lcssa1052_i_load' <Predicate = true> <Delay = 0.00>
ST_4 : Operation 59 [1/1] (0.00ns)   --->   "%pixbuf_y_val_V_load = load i8 %pixbuf_y_val_V"   --->   Operation 59 'load' 'pixbuf_y_val_V_load' <Predicate = true> <Delay = 0.00>
ST_4 : Operation 60 [2/2] (3.57ns)   --->   "%call_ln720 = call void @v_hcresampler_core.1_Pipeline_VITIS_LOOP_724_2, i8 %pixbuf_y_val_V_4_load, i8 %pixbuf_y_val_V_3_load, i8 %pixbuf_y_val_V_2_load, i8 %pixbuf_y_val_V_load, i8 %p_0_0_0_0_05241026_lcssa1052_i_load, i12 %loopWidth, i1 %not_read15, i2 %select_ln685, i11 %HwReg_width_read, i24 %stream_csc, i24 %stream_out_hresampled, i1 %p_read_3, i8 %pixbuf_y_val_V_4, i8 %pixbuf_y_val_V_3, i8 %pixbuf_y_val_V_2, i8 %pixbuf_y_val_V_1, i8 %pixbuf_y_val_V_5_loc, i8 %p_0_0_0_0_0_21073_lcssa1099_i, i8 %p_0_0_0_0_0516_21070_lcssa1096_i, i8 %p_lcssa10691093_i, i8 %p_lcssa10681090_i, i8 %p_lcssa10661084_i, i8 %p_lcssa1078_i, i8 %p_0_1_0_0_01032_lcssa1058_i, i8 %p_0_1_0_0_01028_lcssa1055_i, i8 %p_0_2_0_0_01024_lcssa1049_i, i8 %p_0_1_0_0_01022_lcssa1046_i, i8 %p_0_0_0_0_05241020_lcssa1043_i, i64 %filt_res1" [/home/benchmarker/FPGAProject/SOBEL_HDMI_1024/SOBEL_HDMI_1024.runs/bd_3a92_csc_0_synth_1/prj/sol/.autopilot/db/v_csc.cpp:720->/home/benchmarker/FPGAProject/SOBEL_HDMI_1024/SOBEL_HDMI_1024.runs/bd_3a92_csc_0_synth_1/prj/sol/.autopilot/db/v_csc.cpp:438]   --->   Operation 60 'call' 'call_ln720' <Predicate = true> <Delay = 3.57> <CoreType = "Generic">   --->   Core 0 '' <Latency = 0> <II = 1> <Delay = 1.00> <Generic> <Opcode : >

State 5 <SV = 4> <Delay = 0.00>
ST_5 : Operation 61 [1/2] (0.00ns)   --->   "%call_ln720 = call void @v_hcresampler_core.1_Pipeline_VITIS_LOOP_724_2, i8 %pixbuf_y_val_V_4_load, i8 %pixbuf_y_val_V_3_load, i8 %pixbuf_y_val_V_2_load, i8 %pixbuf_y_val_V_load, i8 %p_0_0_0_0_05241026_lcssa1052_i_load, i12 %loopWidth, i1 %not_read15, i2 %select_ln685, i11 %HwReg_width_read, i24 %stream_csc, i24 %stream_out_hresampled, i1 %p_read_3, i8 %pixbuf_y_val_V_4, i8 %pixbuf_y_val_V_3, i8 %pixbuf_y_val_V_2, i8 %pixbuf_y_val_V_1, i8 %pixbuf_y_val_V_5_loc, i8 %p_0_0_0_0_0_21073_lcssa1099_i, i8 %p_0_0_0_0_0516_21070_lcssa1096_i, i8 %p_lcssa10691093_i, i8 %p_lcssa10681090_i, i8 %p_lcssa10661084_i, i8 %p_lcssa1078_i, i8 %p_0_1_0_0_01032_lcssa1058_i, i8 %p_0_1_0_0_01028_lcssa1055_i, i8 %p_0_2_0_0_01024_lcssa1049_i, i8 %p_0_1_0_0_01022_lcssa1046_i, i8 %p_0_0_0_0_05241020_lcssa1043_i, i64 %filt_res1" [/home/benchmarker/FPGAProject/SOBEL_HDMI_1024/SOBEL_HDMI_1024.runs/bd_3a92_csc_0_synth_1/prj/sol/.autopilot/db/v_csc.cpp:720->/home/benchmarker/FPGAProject/SOBEL_HDMI_1024/SOBEL_HDMI_1024.runs/bd_3a92_csc_0_synth_1/prj/sol/.autopilot/db/v_csc.cpp:438]   --->   Operation 61 'call' 'call_ln720' <Predicate = true> <Delay = 0.00> <CoreType = "Generic">   --->   Core 0 '' <Latency = 0> <II = 1> <Delay = 1.00> <Generic> <Opcode : >

State 6 <SV = 5> <Delay = 1.58>
ST_6 : Operation 62 [1/1] (0.00ns)   --->   "%pixbuf_y_val_V_5_loc_load = load i8 %pixbuf_y_val_V_5_loc"   --->   Operation 62 'load' 'pixbuf_y_val_V_5_loc_load' <Predicate = (!cmp361011_i)> <Delay = 0.00>
ST_6 : Operation 63 [1/1] (0.00ns)   --->   "%store_ln0 = store i8 %pixbuf_y_val_V_5_loc_load, i8 %pixbuf_y_val_V"   --->   Operation 63 'store' 'store_ln0' <Predicate = (!cmp361011_i)> <Delay = 0.00>
ST_6 : Operation 64 [1/1] (0.00ns)   --->   "%store_ln0 = store i8 %pixbuf_y_val_V_5_loc_load, i8 %p_0_0_0_0_05241026_lcssa1052_i"   --->   Operation 64 'store' 'store_ln0' <Predicate = (!cmp361011_i)> <Delay = 0.00>
ST_6 : Operation 65 [1/1] (0.00ns)   --->   "%br_ln0 = br void %for.inc476.i"   --->   Operation 65 'br' 'br_ln0' <Predicate = (!cmp361011_i)> <Delay = 0.00>
ST_6 : Operation 66 [1/1] (1.58ns)   --->   "%store_ln722 = store i11 %y_2, i11 %y_1" [/home/benchmarker/FPGAProject/SOBEL_HDMI_1024/SOBEL_HDMI_1024.runs/bd_3a92_csc_0_synth_1/prj/sol/.autopilot/db/v_csc.cpp:722->/home/benchmarker/FPGAProject/SOBEL_HDMI_1024/SOBEL_HDMI_1024.runs/bd_3a92_csc_0_synth_1/prj/sol/.autopilot/db/v_csc.cpp:438]   --->   Operation 66 'store' 'store_ln722' <Predicate = true> <Delay = 1.58>
ST_6 : Operation 67 [1/1] (0.00ns)   --->   "%br_ln722 = br void %VITIS_LOOP_724_2.i" [/home/benchmarker/FPGAProject/SOBEL_HDMI_1024/SOBEL_HDMI_1024.runs/bd_3a92_csc_0_synth_1/prj/sol/.autopilot/db/v_csc.cpp:722->/home/benchmarker/FPGAProject/SOBEL_HDMI_1024/SOBEL_HDMI_1024.runs/bd_3a92_csc_0_synth_1/prj/sol/.autopilot/db/v_csc.cpp:438]   --->   Operation 67 'br' 'br_ln722' <Predicate = true> <Delay = 0.00>


============================================================
+ Verbose Summary: Timing violations
============================================================
Target clock period: 5.62ns, clock uncertainty: 1.52ns.

 <State 1>: 4.11ns
The critical path consists of the following:
	fifo read operation ('loopHeight') on port 'HwReg_height' [30]  (2.05 ns)
	fifo write operation ('write_ln0') on port 'HwReg_height_c' [32]  (2.05 ns)

 <State 2>: 3.63ns
The critical path consists of the following:
	'select' operation ('select_ln720', /home/benchmarker/FPGAProject/SOBEL_HDMI_1024/SOBEL_HDMI_1024.runs/bd_3a92_csc_0_synth_1/prj/sol/.autopilot/db/v_csc.cpp:720->/home/benchmarker/FPGAProject/SOBEL_HDMI_1024/SOBEL_HDMI_1024.runs/bd_3a92_csc_0_synth_1/prj/sol/.autopilot/db/v_csc.cpp:438) [40]  (0 ns)
	'add' operation ('loopWidth', /home/benchmarker/FPGAProject/SOBEL_HDMI_1024/SOBEL_HDMI_1024.runs/bd_3a92_csc_0_synth_1/prj/sol/.autopilot/db/v_csc.cpp:720->/home/benchmarker/FPGAProject/SOBEL_HDMI_1024/SOBEL_HDMI_1024.runs/bd_3a92_csc_0_synth_1/prj/sol/.autopilot/db/v_csc.cpp:438) [42]  (1.64 ns)
	'icmp' operation ('cmp361011_i', /home/benchmarker/FPGAProject/SOBEL_HDMI_1024/SOBEL_HDMI_1024.runs/bd_3a92_csc_0_synth_1/prj/sol/.autopilot/db/v_csc.cpp:720->/home/benchmarker/FPGAProject/SOBEL_HDMI_1024/SOBEL_HDMI_1024.runs/bd_3a92_csc_0_synth_1/prj/sol/.autopilot/db/v_csc.cpp:438) [44]  (1.99 ns)

 <State 3>: 1.88ns
The critical path consists of the following:
	'load' operation ('y', /home/benchmarker/FPGAProject/SOBEL_HDMI_1024/SOBEL_HDMI_1024.runs/bd_3a92_csc_0_synth_1/prj/sol/.autopilot/db/v_csc.cpp:722->/home/benchmarker/FPGAProject/SOBEL_HDMI_1024/SOBEL_HDMI_1024.runs/bd_3a92_csc_0_synth_1/prj/sol/.autopilot/db/v_csc.cpp:438) on local variable 'y' [48]  (0 ns)
	'icmp' operation ('icmp_ln722', /home/benchmarker/FPGAProject/SOBEL_HDMI_1024/SOBEL_HDMI_1024.runs/bd_3a92_csc_0_synth_1/prj/sol/.autopilot/db/v_csc.cpp:722->/home/benchmarker/FPGAProject/SOBEL_HDMI_1024/SOBEL_HDMI_1024.runs/bd_3a92_csc_0_synth_1/prj/sol/.autopilot/db/v_csc.cpp:438) [50]  (1.88 ns)

 <State 4>: 3.58ns
The critical path consists of the following:
	'load' operation ('p_0_0_0_0_05241026_lcssa1052_i_load') on local variable 'p_0_0_0_0_05241026_lcssa1052_i' [57]  (0 ns)
	'call' operation ('call_ln720', /home/benchmarker/FPGAProject/SOBEL_HDMI_1024/SOBEL_HDMI_1024.runs/bd_3a92_csc_0_synth_1/prj/sol/.autopilot/db/v_csc.cpp:720->/home/benchmarker/FPGAProject/SOBEL_HDMI_1024/SOBEL_HDMI_1024.runs/bd_3a92_csc_0_synth_1/prj/sol/.autopilot/db/v_csc.cpp:438) to 'v_hcresampler_core.1_Pipeline_VITIS_LOOP_724_2' [63]  (3.58 ns)

 <State 5>: 0ns
The critical path consists of the following:

 <State 6>: 1.59ns
The critical path consists of the following:
	'store' operation ('store_ln722', /home/benchmarker/FPGAProject/SOBEL_HDMI_1024/SOBEL_HDMI_1024.runs/bd_3a92_csc_0_synth_1/prj/sol/.autopilot/db/v_csc.cpp:722->/home/benchmarker/FPGAProject/SOBEL_HDMI_1024/SOBEL_HDMI_1024.runs/bd_3a92_csc_0_synth_1/prj/sol/.autopilot/db/v_csc.cpp:438) of variable 'y', /home/benchmarker/FPGAProject/SOBEL_HDMI_1024/SOBEL_HDMI_1024.runs/bd_3a92_csc_0_synth_1/prj/sol/.autopilot/db/v_csc.cpp:722->/home/benchmarker/FPGAProject/SOBEL_HDMI_1024/SOBEL_HDMI_1024.runs/bd_3a92_csc_0_synth_1/prj/sol/.autopilot/db/v_csc.cpp:438 on local variable 'y' [69]  (1.59 ns)


============================================================
+ Verbose Summary: Binding
============================================================
N/A
* FSMD analyzer results:
  - Output states:
 - Input state : 
  - Chain level:
	State 1
	State 2
	State 3
	State 4
	State 5
	State 6


============================================================
+ Verbose Summary: Datapath Resource usage 
============================================================
N/A
