==============================================================
Vitis HLS - High-Level Synthesis from C, C++ and OpenCL v2022.1 (64-bit)
Tool Version Limit: 2022.04
Copyright 1986-2022 Xilinx, Inc. All Rights Reserved.
==============================================================
INFO: [HLS 200-1505] Using default flow_target 'vivado'
INFO: [HLS 200-435] Setting 'open_solution -flow_target vivado' configuration: config_interface -m_axi_latency=0
INFO: [HLS 200-1510] Running: set_part xc7z020clg484-1 
INFO: [HLS 200-1611] Setting target device to 'xc7z020-clg484-1'
INFO: [HLS 200-1510] Running: add_files -cflags  -I /home/benchmarker/FPGAProject/SOBEL_HDMI_1024/SOBEL_HDMI_1024.gen/sources_1/bd/design_1/ip/design_1_rgb_to_yuv422_0/bd_0/ip/ip_5/src/hls -I /home/benchmarker/FPGAProject/SOBEL_HDMI_1024/SOBEL_HDMI_1024.gen/sources_1/bd/design_1/ip/design_1_rgb_to_yuv422_0/bd_0/ip/ip_5/src  /home/benchmarker/FPGAProject/SOBEL_HDMI_1024/SOBEL_HDMI_1024.gen/sources_1/bd/design_1/ip/design_1_rgb_to_yuv422_0/bd_0/ip/ip_5/src/v_csc_config.h 
INFO: [HLS 200-10] Adding design file '/home/benchmarker/FPGAProject/SOBEL_HDMI_1024/SOBEL_HDMI_1024.gen/sources_1/bd/design_1/ip/design_1_rgb_to_yuv422_0/bd_0/ip/ip_5/src/v_csc_config.h' to the project
INFO: [HLS 200-1510] Running: add_files -cflags  -I /home/benchmarker/FPGAProject/SOBEL_HDMI_1024/SOBEL_HDMI_1024.gen/sources_1/bd/design_1/ip/design_1_rgb_to_yuv422_0/bd_0/ip/ip_5/src/hls -I /home/benchmarker/FPGAProject/SOBEL_HDMI_1024/SOBEL_HDMI_1024.gen/sources_1/bd/design_1/ip/design_1_rgb_to_yuv422_0/bd_0/ip/ip_5/src  /home/benchmarker/FPGAProject/SOBEL_HDMI_1024/SOBEL_HDMI_1024.gen/sources_1/bd/design_1/ip/design_1_rgb_to_yuv422_0/bd_0/ip/ip_5/src/v_csc.cpp 
INFO: [HLS 200-10] Adding design file '/home/benchmarker/FPGAProject/SOBEL_HDMI_1024/SOBEL_HDMI_1024.gen/sources_1/bd/design_1/ip/design_1_rgb_to_yuv422_0/bd_0/ip/ip_5/src/v_csc.cpp' to the project
INFO: [HLS 200-1510] Running: add_files -cflags  -I /home/benchmarker/FPGAProject/SOBEL_HDMI_1024/SOBEL_HDMI_1024.gen/sources_1/bd/design_1/ip/design_1_rgb_to_yuv422_0/bd_0/ip/ip_5/src/hls -I /home/benchmarker/FPGAProject/SOBEL_HDMI_1024/SOBEL_HDMI_1024.gen/sources_1/bd/design_1/ip/design_1_rgb_to_yuv422_0/bd_0/ip/ip_5/src  /home/benchmarker/FPGAProject/SOBEL_HDMI_1024/SOBEL_HDMI_1024.gen/sources_1/bd/design_1/ip/design_1_rgb_to_yuv422_0/bd_0/ip/ip_5/src/v_csc.h 
INFO: [HLS 200-10] Adding design file '/home/benchmarker/FPGAProject/SOBEL_HDMI_1024/SOBEL_HDMI_1024.gen/sources_1/bd/design_1/ip/design_1_rgb_to_yuv422_0/bd_0/ip/ip_5/src/v_csc.h' to the project
INFO: [HLS 200-1510] Running: add_files -cflags  -I /home/benchmarker/FPGAProject/SOBEL_HDMI_1024/SOBEL_HDMI_1024.gen/sources_1/bd/design_1/ip/design_1_rgb_to_yuv422_0/bd_0/ip/ip_5/src/hls -I /home/benchmarker/FPGAProject/SOBEL_HDMI_1024/SOBEL_HDMI_1024.gen/sources_1/bd/design_1/ip/design_1_rgb_to_yuv422_0/bd_0/ip/ip_5/src  /home/benchmarker/FPGAProject/SOBEL_HDMI_1024/SOBEL_HDMI_1024.gen/sources_1/bd/design_1/ip/design_1_rgb_to_yuv422_0/bd_0/ip/ip_5/src/hls_video.h 
INFO: [HLS 200-10] Adding design file '/home/benchmarker/FPGAProject/SOBEL_HDMI_1024/SOBEL_HDMI_1024.gen/sources_1/bd/design_1/ip/design_1_rgb_to_yuv422_0/bd_0/ip/ip_5/src/hls_video.h' to the project
INFO: [HLS 200-1510] Running: add_files -cflags  -I /home/benchmarker/FPGAProject/SOBEL_HDMI_1024/SOBEL_HDMI_1024.gen/sources_1/bd/design_1/ip/design_1_rgb_to_yuv422_0/bd_0/ip/ip_5/src/hls -I /home/benchmarker/FPGAProject/SOBEL_HDMI_1024/SOBEL_HDMI_1024.gen/sources_1/bd/design_1/ip/design_1_rgb_to_yuv422_0/bd_0/ip/ip_5/src  /home/benchmarker/FPGAProject/SOBEL_HDMI_1024/SOBEL_HDMI_1024.gen/sources_1/bd/design_1/ip/design_1_rgb_to_yuv422_0/bd_0/ip/ip_5/src/hls_opencv.h 
INFO: [HLS 200-10] Adding design file '/home/benchmarker/FPGAProject/SOBEL_HDMI_1024/SOBEL_HDMI_1024.gen/sources_1/bd/design_1/ip/design_1_rgb_to_yuv422_0/bd_0/ip/ip_5/src/hls_opencv.h' to the project
INFO: [HLS 200-1510] Running: add_files -cflags  -I /home/benchmarker/FPGAProject/SOBEL_HDMI_1024/SOBEL_HDMI_1024.gen/sources_1/bd/design_1/ip/design_1_rgb_to_yuv422_0/bd_0/ip/ip_5/src/hls -I /home/benchmarker/FPGAProject/SOBEL_HDMI_1024/SOBEL_HDMI_1024.gen/sources_1/bd/design_1/ip/design_1_rgb_to_yuv422_0/bd_0/ip/ip_5/src  /home/benchmarker/FPGAProject/SOBEL_HDMI_1024/SOBEL_HDMI_1024.gen/sources_1/bd/design_1/ip/design_1_rgb_to_yuv422_0/bd_0/ip/ip_5/src/hls/hls_axi_io.h 
INFO: [HLS 200-10] Adding design file '/home/benchmarker/FPGAProject/SOBEL_HDMI_1024/SOBEL_HDMI_1024.gen/sources_1/bd/design_1/ip/design_1_rgb_to_yuv422_0/bd_0/ip/ip_5/src/hls/hls_axi_io.h' to the project
INFO: [HLS 200-1510] Running: add_files -cflags  -I /home/benchmarker/FPGAProject/SOBEL_HDMI_1024/SOBEL_HDMI_1024.gen/sources_1/bd/design_1/ip/design_1_rgb_to_yuv422_0/bd_0/ip/ip_5/src/hls -I /home/benchmarker/FPGAProject/SOBEL_HDMI_1024/SOBEL_HDMI_1024.gen/sources_1/bd/design_1/ip/design_1_rgb_to_yuv422_0/bd_0/ip/ip_5/src  /home/benchmarker/FPGAProject/SOBEL_HDMI_1024/SOBEL_HDMI_1024.gen/sources_1/bd/design_1/ip/design_1_rgb_to_yuv422_0/bd_0/ip/ip_5/src/hls/hls_video_arithm.h 
INFO: [HLS 200-10] Adding design file '/home/benchmarker/FPGAProject/SOBEL_HDMI_1024/SOBEL_HDMI_1024.gen/sources_1/bd/design_1/ip/design_1_rgb_to_yuv422_0/bd_0/ip/ip_5/src/hls/hls_video_arithm.h' to the project
INFO: [HLS 200-1510] Running: add_files -cflags  -I /home/benchmarker/FPGAProject/SOBEL_HDMI_1024/SOBEL_HDMI_1024.gen/sources_1/bd/design_1/ip/design_1_rgb_to_yuv422_0/bd_0/ip/ip_5/src/hls -I /home/benchmarker/FPGAProject/SOBEL_HDMI_1024/SOBEL_HDMI_1024.gen/sources_1/bd/design_1/ip/design_1_rgb_to_yuv422_0/bd_0/ip/ip_5/src  /home/benchmarker/FPGAProject/SOBEL_HDMI_1024/SOBEL_HDMI_1024.gen/sources_1/bd/design_1/ip/design_1_rgb_to_yuv422_0/bd_0/ip/ip_5/src/hls/hls_video_core.h 
INFO: [HLS 200-10] Adding design file '/home/benchmarker/FPGAProject/SOBEL_HDMI_1024/SOBEL_HDMI_1024.gen/sources_1/bd/design_1/ip/design_1_rgb_to_yuv422_0/bd_0/ip/ip_5/src/hls/hls_video_core.h' to the project
INFO: [HLS 200-1510] Running: add_files -cflags  -I /home/benchmarker/FPGAProject/SOBEL_HDMI_1024/SOBEL_HDMI_1024.gen/sources_1/bd/design_1/ip/design_1_rgb_to_yuv422_0/bd_0/ip/ip_5/src/hls -I /home/benchmarker/FPGAProject/SOBEL_HDMI_1024/SOBEL_HDMI_1024.gen/sources_1/bd/design_1/ip/design_1_rgb_to_yuv422_0/bd_0/ip/ip_5/src  /home/benchmarker/FPGAProject/SOBEL_HDMI_1024/SOBEL_HDMI_1024.gen/sources_1/bd/design_1/ip/design_1_rgb_to_yuv422_0/bd_0/ip/ip_5/src/hls/hls_video_fast.h 
INFO: [HLS 200-10] Adding design file '/home/benchmarker/FPGAProject/SOBEL_HDMI_1024/SOBEL_HDMI_1024.gen/sources_1/bd/design_1/ip/design_1_rgb_to_yuv422_0/bd_0/ip/ip_5/src/hls/hls_video_fast.h' to the project
INFO: [HLS 200-1510] Running: add_files -cflags  -I /home/benchmarker/FPGAProject/SOBEL_HDMI_1024/SOBEL_HDMI_1024.gen/sources_1/bd/design_1/ip/design_1_rgb_to_yuv422_0/bd_0/ip/ip_5/src/hls -I /home/benchmarker/FPGAProject/SOBEL_HDMI_1024/SOBEL_HDMI_1024.gen/sources_1/bd/design_1/ip/design_1_rgb_to_yuv422_0/bd_0/ip/ip_5/src  /home/benchmarker/FPGAProject/SOBEL_HDMI_1024/SOBEL_HDMI_1024.gen/sources_1/bd/design_1/ip/design_1_rgb_to_yuv422_0/bd_0/ip/ip_5/src/hls/hls_video_haar.h 
INFO: [HLS 200-10] Adding design file '/home/benchmarker/FPGAProject/SOBEL_HDMI_1024/SOBEL_HDMI_1024.gen/sources_1/bd/design_1/ip/design_1_rgb_to_yuv422_0/bd_0/ip/ip_5/src/hls/hls_video_haar.h' to the project
INFO: [HLS 200-1510] Running: add_files -cflags  -I /home/benchmarker/FPGAProject/SOBEL_HDMI_1024/SOBEL_HDMI_1024.gen/sources_1/bd/design_1/ip/design_1_rgb_to_yuv422_0/bd_0/ip/ip_5/src/hls -I /home/benchmarker/FPGAProject/SOBEL_HDMI_1024/SOBEL_HDMI_1024.gen/sources_1/bd/design_1/ip/design_1_rgb_to_yuv422_0/bd_0/ip/ip_5/src  /home/benchmarker/FPGAProject/SOBEL_HDMI_1024/SOBEL_HDMI_1024.gen/sources_1/bd/design_1/ip/design_1_rgb_to_yuv422_0/bd_0/ip/ip_5/src/hls/hls_video_harris.h 
INFO: [HLS 200-10] Adding design file '/home/benchmarker/FPGAProject/SOBEL_HDMI_1024/SOBEL_HDMI_1024.gen/sources_1/bd/design_1/ip/design_1_rgb_to_yuv422_0/bd_0/ip/ip_5/src/hls/hls_video_harris.h' to the project
INFO: [HLS 200-1510] Running: add_files -cflags  -I /home/benchmarker/FPGAProject/SOBEL_HDMI_1024/SOBEL_HDMI_1024.gen/sources_1/bd/design_1/ip/design_1_rgb_to_yuv422_0/bd_0/ip/ip_5/src/hls -I /home/benchmarker/FPGAProject/SOBEL_HDMI_1024/SOBEL_HDMI_1024.gen/sources_1/bd/design_1/ip/design_1_rgb_to_yuv422_0/bd_0/ip/ip_5/src  /home/benchmarker/FPGAProject/SOBEL_HDMI_1024/SOBEL_HDMI_1024.gen/sources_1/bd/design_1/ip/design_1_rgb_to_yuv422_0/bd_0/ip/ip_5/src/hls/hls_video_histogram.h 
INFO: [HLS 200-10] Adding design file '/home/benchmarker/FPGAProject/SOBEL_HDMI_1024/SOBEL_HDMI_1024.gen/sources_1/bd/design_1/ip/design_1_rgb_to_yuv422_0/bd_0/ip/ip_5/src/hls/hls_video_histogram.h' to the project
INFO: [HLS 200-1510] Running: add_files -cflags  -I /home/benchmarker/FPGAProject/SOBEL_HDMI_1024/SOBEL_HDMI_1024.gen/sources_1/bd/design_1/ip/design_1_rgb_to_yuv422_0/bd_0/ip/ip_5/src/hls -I /home/benchmarker/FPGAProject/SOBEL_HDMI_1024/SOBEL_HDMI_1024.gen/sources_1/bd/design_1/ip/design_1_rgb_to_yuv422_0/bd_0/ip/ip_5/src  /home/benchmarker/FPGAProject/SOBEL_HDMI_1024/SOBEL_HDMI_1024.gen/sources_1/bd/design_1/ip/design_1_rgb_to_yuv422_0/bd_0/ip/ip_5/src/hls/hls_video_hough.h 
INFO: [HLS 200-10] Adding design file '/home/benchmarker/FPGAProject/SOBEL_HDMI_1024/SOBEL_HDMI_1024.gen/sources_1/bd/design_1/ip/design_1_rgb_to_yuv422_0/bd_0/ip/ip_5/src/hls/hls_video_hough.h' to the project
INFO: [HLS 200-1510] Running: add_files -cflags  -I /home/benchmarker/FPGAProject/SOBEL_HDMI_1024/SOBEL_HDMI_1024.gen/sources_1/bd/design_1/ip/design_1_rgb_to_yuv422_0/bd_0/ip/ip_5/src/hls -I /home/benchmarker/FPGAProject/SOBEL_HDMI_1024/SOBEL_HDMI_1024.gen/sources_1/bd/design_1/ip/design_1_rgb_to_yuv422_0/bd_0/ip/ip_5/src  /home/benchmarker/FPGAProject/SOBEL_HDMI_1024/SOBEL_HDMI_1024.gen/sources_1/bd/design_1/ip/design_1_rgb_to_yuv422_0/bd_0/ip/ip_5/src/hls/hls_video_imgbase.h 
INFO: [HLS 200-10] Adding design file '/home/benchmarker/FPGAProject/SOBEL_HDMI_1024/SOBEL_HDMI_1024.gen/sources_1/bd/design_1/ip/design_1_rgb_to_yuv422_0/bd_0/ip/ip_5/src/hls/hls_video_imgbase.h' to the project
INFO: [HLS 200-1510] Running: add_files -cflags  -I /home/benchmarker/FPGAProject/SOBEL_HDMI_1024/SOBEL_HDMI_1024.gen/sources_1/bd/design_1/ip/design_1_rgb_to_yuv422_0/bd_0/ip/ip_5/src/hls -I /home/benchmarker/FPGAProject/SOBEL_HDMI_1024/SOBEL_HDMI_1024.gen/sources_1/bd/design_1/ip/design_1_rgb_to_yuv422_0/bd_0/ip/ip_5/src  /home/benchmarker/FPGAProject/SOBEL_HDMI_1024/SOBEL_HDMI_1024.gen/sources_1/bd/design_1/ip/design_1_rgb_to_yuv422_0/bd_0/ip/ip_5/src/hls/hls_video_imgproc.h 
INFO: [HLS 200-10] Adding design file '/home/benchmarker/FPGAProject/SOBEL_HDMI_1024/SOBEL_HDMI_1024.gen/sources_1/bd/design_1/ip/design_1_rgb_to_yuv422_0/bd_0/ip/ip_5/src/hls/hls_video_imgproc.h' to the project
INFO: [HLS 200-1510] Running: add_files -cflags  -I /home/benchmarker/FPGAProject/SOBEL_HDMI_1024/SOBEL_HDMI_1024.gen/sources_1/bd/design_1/ip/design_1_rgb_to_yuv422_0/bd_0/ip/ip_5/src/hls -I /home/benchmarker/FPGAProject/SOBEL_HDMI_1024/SOBEL_HDMI_1024.gen/sources_1/bd/design_1/ip/design_1_rgb_to_yuv422_0/bd_0/ip/ip_5/src  /home/benchmarker/FPGAProject/SOBEL_HDMI_1024/SOBEL_HDMI_1024.gen/sources_1/bd/design_1/ip/design_1_rgb_to_yuv422_0/bd_0/ip/ip_5/src/hls/hls_video_io.h 
INFO: [HLS 200-10] Adding design file '/home/benchmarker/FPGAProject/SOBEL_HDMI_1024/SOBEL_HDMI_1024.gen/sources_1/bd/design_1/ip/design_1_rgb_to_yuv422_0/bd_0/ip/ip_5/src/hls/hls_video_io.h' to the project
INFO: [HLS 200-1510] Running: add_files -cflags  -I /home/benchmarker/FPGAProject/SOBEL_HDMI_1024/SOBEL_HDMI_1024.gen/sources_1/bd/design_1/ip/design_1_rgb_to_yuv422_0/bd_0/ip/ip_5/src/hls -I /home/benchmarker/FPGAProject/SOBEL_HDMI_1024/SOBEL_HDMI_1024.gen/sources_1/bd/design_1/ip/design_1_rgb_to_yuv422_0/bd_0/ip/ip_5/src  /home/benchmarker/FPGAProject/SOBEL_HDMI_1024/SOBEL_HDMI_1024.gen/sources_1/bd/design_1/ip/design_1_rgb_to_yuv422_0/bd_0/ip/ip_5/src/hls/hls_video_mem.h 
INFO: [HLS 200-10] Adding design file '/home/benchmarker/FPGAProject/SOBEL_HDMI_1024/SOBEL_HDMI_1024.gen/sources_1/bd/design_1/ip/design_1_rgb_to_yuv422_0/bd_0/ip/ip_5/src/hls/hls_video_mem.h' to the project
INFO: [HLS 200-1510] Running: add_files -cflags  -I /home/benchmarker/FPGAProject/SOBEL_HDMI_1024/SOBEL_HDMI_1024.gen/sources_1/bd/design_1/ip/design_1_rgb_to_yuv422_0/bd_0/ip/ip_5/src/hls -I /home/benchmarker/FPGAProject/SOBEL_HDMI_1024/SOBEL_HDMI_1024.gen/sources_1/bd/design_1/ip/design_1_rgb_to_yuv422_0/bd_0/ip/ip_5/src  /home/benchmarker/FPGAProject/SOBEL_HDMI_1024/SOBEL_HDMI_1024.gen/sources_1/bd/design_1/ip/design_1_rgb_to_yuv422_0/bd_0/ip/ip_5/src/hls/hls_video_stereobm.h 
INFO: [HLS 200-10] Adding design file '/home/benchmarker/FPGAProject/SOBEL_HDMI_1024/SOBEL_HDMI_1024.gen/sources_1/bd/design_1/ip/design_1_rgb_to_yuv422_0/bd_0/ip/ip_5/src/hls/hls_video_stereobm.h' to the project
INFO: [HLS 200-1510] Running: add_files -cflags  -I /home/benchmarker/FPGAProject/SOBEL_HDMI_1024/SOBEL_HDMI_1024.gen/sources_1/bd/design_1/ip/design_1_rgb_to_yuv422_0/bd_0/ip/ip_5/src/hls -I /home/benchmarker/FPGAProject/SOBEL_HDMI_1024/SOBEL_HDMI_1024.gen/sources_1/bd/design_1/ip/design_1_rgb_to_yuv422_0/bd_0/ip/ip_5/src  /home/benchmarker/FPGAProject/SOBEL_HDMI_1024/SOBEL_HDMI_1024.gen/sources_1/bd/design_1/ip/design_1_rgb_to_yuv422_0/bd_0/ip/ip_5/src/hls/hls_video_types.h 
INFO: [HLS 200-10] Adding design file '/home/benchmarker/FPGAProject/SOBEL_HDMI_1024/SOBEL_HDMI_1024.gen/sources_1/bd/design_1/ip/design_1_rgb_to_yuv422_0/bd_0/ip/ip_5/src/hls/hls_video_types.h' to the project
INFO: [HLS 200-1510] Running: add_files -cflags  -I /home/benchmarker/FPGAProject/SOBEL_HDMI_1024/SOBEL_HDMI_1024.gen/sources_1/bd/design_1/ip/design_1_rgb_to_yuv422_0/bd_0/ip/ip_5/src/hls -I /home/benchmarker/FPGAProject/SOBEL_HDMI_1024/SOBEL_HDMI_1024.gen/sources_1/bd/design_1/ip/design_1_rgb_to_yuv422_0/bd_0/ip/ip_5/src  /home/benchmarker/FPGAProject/SOBEL_HDMI_1024/SOBEL_HDMI_1024.gen/sources_1/bd/design_1/ip/design_1_rgb_to_yuv422_0/bd_0/ip/ip_5/src/hls/hls_video_undistort.h 
INFO: [HLS 200-10] Adding design file '/home/benchmarker/FPGAProject/SOBEL_HDMI_1024/SOBEL_HDMI_1024.gen/sources_1/bd/design_1/ip/design_1_rgb_to_yuv422_0/bd_0/ip/ip_5/src/hls/hls_video_undistort.h' to the project
INFO: [HLS 200-1510] Running: create_clock -period 5.625 -name ap_clk 
INFO: [SYN 201-201] Setting up clock 'ap_clk' with a period of 5.625ns.
INFO: [HLS 200-1510] Running: config_rtl -module_prefix bd_3a92_csc_0_ 
INFO: [HLS 200-1510] Running: config_export -vendor xilinx.com -library ip -version 1.1 
INFO: [HLS 200-1510] Running: csynth_design 
INFO: [HLS 200-111] Finished File checks and directory preparation: CPU user time: 0 seconds. CPU system time: 0.01 seconds. Elapsed time: 0.01 seconds; current allocated memory: 749.602 MB.
INFO: [HLS 200-10] Analyzing design file '/home/benchmarker/FPGAProject/SOBEL_HDMI_1024/SOBEL_HDMI_1024.gen/sources_1/bd/design_1/ip/design_1_rgb_to_yuv422_0/bd_0/ip/ip_5/src/v_csc.cpp' ... 
WARNING: [HLS 214-114] Since the only kind of statements allowed in a canonical dataflow region are variable declarations and function calls, the compiler may not be able to correctly handle the region (/home/benchmarker/FPGAProject/SOBEL_HDMI_1024/SOBEL_HDMI_1024.runs/bd_3a92_csc_0_synth_1/prj/sol/.autopilot/db/v_csc.cpp:393:9)
WARNING: [HLS 214-169] There are a total of 30 such instances of non-canonical statements in the dataflow region (/home/benchmarker/FPGAProject/SOBEL_HDMI_1024/SOBEL_HDMI_1024.runs/bd_3a92_csc_0_synth_1/prj/sol/.autopilot/db/v_csc.cpp:393:9)
WARNING: [HLS 200-471] Dataflow form checks found 2 issue(s) in file /home/benchmarker/FPGAProject/SOBEL_HDMI_1024/SOBEL_HDMI_1024.gen/sources_1/bd/design_1/ip/design_1_rgb_to_yuv422_0/bd_0/ip/ip_5/src/v_csc.cpp
WARNING: [HLS 207-4615] the argument to '__builtin_assume' has side effects that will be discarded (/home/benchmarker/FPGAProject/SOBEL_HDMI_1024/SOBEL_HDMI_1024.gen/sources_1/bd/design_1/ip/design_1_rgb_to_yuv422_0/bd_0/ip/ip_5/src/hls/hls_video_io.h:162:23)
WARNING: [HLS 207-4615] the argument to '__builtin_assume' has side effects that will be discarded (/home/benchmarker/FPGAProject/SOBEL_HDMI_1024/SOBEL_HDMI_1024.gen/sources_1/bd/design_1/ip/design_1_rgb_to_yuv422_0/bd_0/ip/ip_5/src/hls/hls_video_io.h:228:23)
WARNING: [HLS 207-4615] the argument to '__builtin_assume' has side effects that will be discarded (/home/benchmarker/FPGAProject/SOBEL_HDMI_1024/SOBEL_HDMI_1024.gen/sources_1/bd/design_1/ip/design_1_rgb_to_yuv422_0/bd_0/ip/ip_5/src/hls/hls_video_undistort.h:380:35)
INFO: [HLS 200-111] Finished Source Code Analysis and Preprocessing: CPU user time: 52.43 seconds. CPU system time: 1.86 seconds. Elapsed time: 56.29 seconds; current allocated memory: 777.387 MB.
INFO: [HLS 200-777] Using interface defaults for 'Vivado' flow target.
INFO: [HLS 214-131] Inlining function 'void hls::AXIGetBitFields<24, ap_uint<8> >(ap_uint<24>, int, int, ap_uint<8>&)' into 'void hls::AXIGetBitFields<24, ap_uint<8> >(hls::axis<ap_uint<24>, 1ul, 1ul, 1ul>, int, int, ap_uint<8>&)' (/home/benchmarker/FPGAProject/SOBEL_HDMI_1024/SOBEL_HDMI_1024.gen/sources_1/bd/design_1/ip/design_1_rgb_to_yuv422_0/bd_0/ip/ip_5/src/hls/hls_axi_io.h:71:2)
INFO: [HLS 214-131] Inlining function 'hls::Scalar<3, ap_uint<8> >::Scalar()' into 'AXIvideo2MultiPixStream(hls::stream<hls::axis<ap_uint<24>, 1ul, 1ul, 1ul>, 0>&, hls::stream<hls::Scalar<3, ap_uint<8> >, 0>&, unsigned short&, unsigned short&, unsigned char&)' (/home/benchmarker/FPGAProject/SOBEL_HDMI_1024/SOBEL_HDMI_1024.runs/bd_3a92_csc_0_synth_1/prj/sol/.autopilot/db/v_csc.cpp:472:18)
INFO: [HLS 214-131] Inlining function 'void hls::AXIGetBitFields<24, ap_uint<8> >(hls::axis<ap_uint<24>, 1ul, 1ul, 1ul>, int, int, ap_uint<8>&)' into 'AXIvideo2MultiPixStream(hls::stream<hls::axis<ap_uint<24>, 1ul, 1ul, 1ul>, 0>&, hls::stream<hls::Scalar<3, ap_uint<8> >, 0>&, unsigned short&, unsigned short&, unsigned char&)' (/home/benchmarker/FPGAProject/SOBEL_HDMI_1024/SOBEL_HDMI_1024.runs/bd_3a92_csc_0_synth_1/prj/sol/.autopilot/db/v_csc.cpp:528:6)
INFO: [HLS 214-131] Inlining function 'void hls::AXIGetBitFields<24, ap_uint<8> >(hls::axis<ap_uint<24>, 1ul, 1ul, 1ul>, int, int, ap_uint<8>&)' into 'AXIvideo2MultiPixStream(hls::stream<hls::axis<ap_uint<24>, 1ul, 1ul, 1ul>, 0>&, hls::stream<hls::Scalar<3, ap_uint<8> >, 0>&, unsigned short&, unsigned short&, unsigned char&)' (/home/benchmarker/FPGAProject/SOBEL_HDMI_1024/SOBEL_HDMI_1024.runs/bd_3a92_csc_0_synth_1/prj/sol/.autopilot/db/v_csc.cpp:527:6)
INFO: [HLS 214-131] Inlining function 'void hls::AXIGetBitFields<24, ap_uint<8> >(hls::axis<ap_uint<24>, 1ul, 1ul, 1ul>, int, int, ap_uint<8>&)' into 'AXIvideo2MultiPixStream(hls::stream<hls::axis<ap_uint<24>, 1ul, 1ul, 1ul>, 0>&, hls::stream<hls::Scalar<3, ap_uint<8> >, 0>&, unsigned short&, unsigned short&, unsigned char&)' (/home/benchmarker/FPGAProject/SOBEL_HDMI_1024/SOBEL_HDMI_1024.runs/bd_3a92_csc_0_synth_1/prj/sol/.autopilot/db/v_csc.cpp:526:2)
INFO: [HLS 214-131] Inlining function 'hls::Scalar<3, ap_uint<8> >::Scalar()' into 'v_hcresampler_core(hls::stream<hls::Scalar<3, ap_uint<8> >, 0>&, unsigned short&, unsigned short&, unsigned char const&, bool, hls::stream<hls::Scalar<3, ap_uint<8> >, 0>&)' (/home/benchmarker/FPGAProject/SOBEL_HDMI_1024/SOBEL_HDMI_1024.runs/bd_3a92_csc_0_synth_1/prj/sol/.autopilot/db/v_csc.cpp:690:18)
INFO: [HLS 214-131] Inlining function 'hls::Scalar<1, ap_uint<8> >::Scalar()' into 'v_hcresampler_core(hls::stream<hls::Scalar<3, ap_uint<8> >, 0>&, unsigned short&, unsigned short&, unsigned char const&, bool, hls::stream<hls::Scalar<3, ap_uint<8> >, 0>&)' (/home/benchmarker/FPGAProject/SOBEL_HDMI_1024/SOBEL_HDMI_1024.runs/bd_3a92_csc_0_synth_1/prj/sol/.autopilot/db/v_csc.cpp:701:37)
INFO: [HLS 214-131] Inlining function 'hls::Scalar<1, ap_uint<8> >::Scalar()' into 'v_hcresampler_core(hls::stream<hls::Scalar<3, ap_uint<8> >, 0>&, unsigned short&, unsigned short&, unsigned char const&, bool, hls::stream<hls::Scalar<3, ap_uint<8> >, 0>&)' (/home/benchmarker/FPGAProject/SOBEL_HDMI_1024/SOBEL_HDMI_1024.runs/bd_3a92_csc_0_synth_1/prj/sol/.autopilot/db/v_csc.cpp:701:10)
INFO: [HLS 214-131] Inlining function 'hls::Scalar<1, ap_uint<8> >::Scalar()' into 'v_hcresampler_core(hls::stream<hls::Scalar<3, ap_uint<8> >, 0>&, unsigned short&, unsigned short&, unsigned char const&, bool, hls::stream<hls::Scalar<3, ap_uint<8> >, 0>&)' (/home/benchmarker/FPGAProject/SOBEL_HDMI_1024/SOBEL_HDMI_1024.runs/bd_3a92_csc_0_synth_1/prj/sol/.autopilot/db/v_csc.cpp:700:10)
INFO: [HLS 214-131] Inlining function 'hls::Scalar<1, ap_uint<8> >::Scalar()' into 'v_hcresampler_core(hls::stream<hls::Scalar<3, ap_uint<8> >, 0>&, unsigned short&, unsigned short&, unsigned char const&, bool, hls::stream<hls::Scalar<3, ap_uint<8> >, 0>&)' (/home/benchmarker/FPGAProject/SOBEL_HDMI_1024/SOBEL_HDMI_1024.runs/bd_3a92_csc_0_synth_1/prj/sol/.autopilot/db/v_csc.cpp:693:25)
INFO: [HLS 214-131] Inlining function 'hls::Scalar<1, ap_uint<8> >::Scalar()' into 'v_hcresampler_core(hls::stream<hls::Scalar<3, ap_uint<8> >, 0>&, unsigned short&, unsigned short&, unsigned char const&, bool, hls::stream<hls::Scalar<3, ap_uint<8> >, 0>&)' (/home/benchmarker/FPGAProject/SOBEL_HDMI_1024/SOBEL_HDMI_1024.runs/bd_3a92_csc_0_synth_1/prj/sol/.autopilot/db/v_csc.cpp:693:16)
INFO: [HLS 214-131] Inlining function 'hls::Scalar<1, ap_uint<8> >::Scalar()' into 'v_hcresampler_core(hls::stream<hls::Scalar<3, ap_uint<8> >, 0>&, unsigned short&, unsigned short&, unsigned char const&, bool, hls::stream<hls::Scalar<3, ap_uint<8> >, 0>&)' (/home/benchmarker/FPGAProject/SOBEL_HDMI_1024/SOBEL_HDMI_1024.runs/bd_3a92_csc_0_synth_1/prj/sol/.autopilot/db/v_csc.cpp:692:16)
INFO: [HLS 214-131] Inlining function 'hls::Scalar<3, ap_uint<8> >::Scalar()' into 'v_hcresampler_core(hls::stream<hls::Scalar<3, ap_uint<8> >, 0>&, unsigned short&, unsigned short&, unsigned char const&, bool, hls::stream<hls::Scalar<3, ap_uint<8> >, 0>&)' (/home/benchmarker/FPGAProject/SOBEL_HDMI_1024/SOBEL_HDMI_1024.runs/bd_3a92_csc_0_synth_1/prj/sol/.autopilot/db/v_csc.cpp:691:18)
INFO: [HLS 214-131] Inlining function 'hls::Scalar<3, ap_uint<8> >::Scalar()' into 'v_csc_core(hls::stream<hls::Scalar<3, ap_uint<8> >, 0>&, unsigned short&, unsigned short&, unsigned short&, unsigned short&, unsigned short&, unsigned short&, short&, short&, short&, short&, short&, short&, short&, short&, short&, ap_int<10>&, ap_int<10>&, ap_int<10>&, ap_uint<8>&, ap_uint<8>&, short&, short&, short&, short&, short&, short&, short&, short&, short&, ap_int<10>&, ap_int<10>&, ap_int<10>&, ap_uint<8>&, ap_uint<8>&, hls::stream<hls::Scalar<3, ap_uint<8> >, 0>&)' (/home/benchmarker/FPGAProject/SOBEL_HDMI_1024/SOBEL_HDMI_1024.runs/bd_3a92_csc_0_synth_1/prj/sol/.autopilot/db/v_csc.cpp:82:18)
INFO: [HLS 214-131] Inlining function 'hls::Scalar<3, ap_uint<8> >::Scalar()' into 'v_csc_core(hls::stream<hls::Scalar<3, ap_uint<8> >, 0>&, unsigned short&, unsigned short&, unsigned short&, unsigned short&, unsigned short&, unsigned short&, short&, short&, short&, short&, short&, short&, short&, short&, short&, ap_int<10>&, ap_int<10>&, ap_int<10>&, ap_uint<8>&, ap_uint<8>&, short&, short&, short&, short&, short&, short&, short&, short&, short&, ap_int<10>&, ap_int<10>&, ap_int<10>&, ap_uint<8>&, ap_uint<8>&, hls::stream<hls::Scalar<3, ap_uint<8> >, 0>&)' (/home/benchmarker/FPGAProject/SOBEL_HDMI_1024/SOBEL_HDMI_1024.runs/bd_3a92_csc_0_synth_1/prj/sol/.autopilot/db/v_csc.cpp:83:18)
INFO: [HLS 214-131] Inlining function 'hls::Scalar<3, ap_uint<8> >::Scalar()' into 'MultiPixStream2AXIvideo(hls::stream<hls::Scalar<3, ap_uint<8> >, 0>&, hls::stream<hls::axis<ap_uint<24>, 1ul, 1ul, 1ul>, 0>&, unsigned short&, unsigned short&, unsigned char&)' (/home/benchmarker/FPGAProject/SOBEL_HDMI_1024/SOBEL_HDMI_1024.runs/bd_3a92_csc_0_synth_1/prj/sol/.autopilot/db/v_csc.cpp:570:18)
INFO: [HLS 214-210] Disaggregating variable 'pix' (/home/benchmarker/FPGAProject/SOBEL_HDMI_1024/SOBEL_HDMI_1024.runs/bd_3a92_csc_0_synth_1/prj/sol/.autopilot/db/v_csc.cpp:472:18)
INFO: [HLS 214-210] Disaggregating variable 'pixbuf_cr' (/home/benchmarker/FPGAProject/SOBEL_HDMI_1024/SOBEL_HDMI_1024.runs/bd_3a92_csc_0_synth_1/prj/sol/.autopilot/db/v_csc.cpp:701:37)
INFO: [HLS 214-210] Disaggregating variable 'pixbuf_cb' (/home/benchmarker/FPGAProject/SOBEL_HDMI_1024/SOBEL_HDMI_1024.runs/bd_3a92_csc_0_synth_1/prj/sol/.autopilot/db/v_csc.cpp:701:10)
INFO: [HLS 214-210] Disaggregating variable 'pixbuf_y' (/home/benchmarker/FPGAProject/SOBEL_HDMI_1024/SOBEL_HDMI_1024.runs/bd_3a92_csc_0_synth_1/prj/sol/.autopilot/db/v_csc.cpp:700:10)
INFO: [HLS 214-210] Disaggregating variable 'mpix_cr' (/home/benchmarker/FPGAProject/SOBEL_HDMI_1024/SOBEL_HDMI_1024.runs/bd_3a92_csc_0_synth_1/prj/sol/.autopilot/db/v_csc.cpp:693:25)
INFO: [HLS 214-210] Disaggregating variable 'mpix_cb' (/home/benchmarker/FPGAProject/SOBEL_HDMI_1024/SOBEL_HDMI_1024.runs/bd_3a92_csc_0_synth_1/prj/sol/.autopilot/db/v_csc.cpp:693:16)
INFO: [HLS 214-210] Disaggregating variable 'mpix_y' (/home/benchmarker/FPGAProject/SOBEL_HDMI_1024/SOBEL_HDMI_1024.runs/bd_3a92_csc_0_synth_1/prj/sol/.autopilot/db/v_csc.cpp:692:16)
INFO: [HLS 214-210] Disaggregating variable 'outpix' (/home/benchmarker/FPGAProject/SOBEL_HDMI_1024/SOBEL_HDMI_1024.runs/bd_3a92_csc_0_synth_1/prj/sol/.autopilot/db/v_csc.cpp:691:18)
INFO: [HLS 214-210] Disaggregating variable 'inpix' (/home/benchmarker/FPGAProject/SOBEL_HDMI_1024/SOBEL_HDMI_1024.runs/bd_3a92_csc_0_synth_1/prj/sol/.autopilot/db/v_csc.cpp:690:18)
INFO: [HLS 214-210] Disaggregating variable 'dstPix' (/home/benchmarker/FPGAProject/SOBEL_HDMI_1024/SOBEL_HDMI_1024.runs/bd_3a92_csc_0_synth_1/prj/sol/.autopilot/db/v_csc.cpp:83:18)
INFO: [HLS 214-210] Disaggregating variable 'srcPix' (/home/benchmarker/FPGAProject/SOBEL_HDMI_1024/SOBEL_HDMI_1024.runs/bd_3a92_csc_0_synth_1/prj/sol/.autopilot/db/v_csc.cpp:82:18)
INFO: [HLS 214-210] Disaggregating variable 'pix' (/home/benchmarker/FPGAProject/SOBEL_HDMI_1024/SOBEL_HDMI_1024.runs/bd_3a92_csc_0_synth_1/prj/sol/.autopilot/db/v_csc.cpp:570:18)
INFO: [HLS 214-291] Loop 'VITIS_LOOP_643_3' is marked as complete unroll implied by the pipeline pragma (/home/benchmarker/FPGAProject/SOBEL_HDMI_1024/SOBEL_HDMI_1024.runs/bd_3a92_csc_0_synth_1/prj/sol/.autopilot/db/v_csc.cpp:643:22)
INFO: [HLS 214-291] Loop 'VITIS_LOOP_645_4' is marked as complete unroll implied by the pipeline pragma (/home/benchmarker/FPGAProject/SOBEL_HDMI_1024/SOBEL_HDMI_1024.runs/bd_3a92_csc_0_synth_1/prj/sol/.autopilot/db/v_csc.cpp:645:23)
INFO: [HLS 214-291] Loop 'VITIS_LOOP_97_3' is marked as complete unroll implied by the pipeline pragma (/home/benchmarker/FPGAProject/SOBEL_HDMI_1024/SOBEL_HDMI_1024.runs/bd_3a92_csc_0_synth_1/prj/sol/.autopilot/db/v_csc.cpp:97:21)
INFO: [HLS 214-291] Loop 'VITIS_LOOP_736_3' is marked as complete unroll implied by the pipeline pragma (/home/benchmarker/FPGAProject/SOBEL_HDMI_1024/SOBEL_HDMI_1024.runs/bd_3a92_csc_0_synth_1/prj/sol/.autopilot/db/v_csc.cpp:736:23)
INFO: [HLS 214-291] Loop 'VITIS_LOOP_760_4' is marked as complete unroll implied by the pipeline pragma (/home/benchmarker/FPGAProject/SOBEL_HDMI_1024/SOBEL_HDMI_1024.runs/bd_3a92_csc_0_synth_1/prj/sol/.autopilot/db/v_csc.cpp:760:20)
INFO: [HLS 214-291] Loop 'VITIS_LOOP_765_5' is marked as complete unroll implied by the pipeline pragma (/home/benchmarker/FPGAProject/SOBEL_HDMI_1024/SOBEL_HDMI_1024.runs/bd_3a92_csc_0_synth_1/prj/sol/.autopilot/db/v_csc.cpp:765:22)
INFO: [HLS 214-291] Loop 'VITIS_LOOP_781_6' is marked as complete unroll implied by the pipeline pragma (/home/benchmarker/FPGAProject/SOBEL_HDMI_1024/SOBEL_HDMI_1024.runs/bd_3a92_csc_0_synth_1/prj/sol/.autopilot/db/v_csc.cpp:781:22)
INFO: [HLS 214-291] Loop 'VITIS_LOOP_795_7' is marked as complete unroll implied by the pipeline pragma (/home/benchmarker/FPGAProject/SOBEL_HDMI_1024/SOBEL_HDMI_1024.runs/bd_3a92_csc_0_synth_1/prj/sol/.autopilot/db/v_csc.cpp:795:24)
INFO: [HLS 214-291] Loop 'VITIS_LOOP_816_8' is marked as complete unroll implied by the pipeline pragma (/home/benchmarker/FPGAProject/SOBEL_HDMI_1024/SOBEL_HDMI_1024.runs/bd_3a92_csc_0_synth_1/prj/sol/.autopilot/db/v_csc.cpp:816:24)
INFO: [HLS 214-291] Loop 'VITIS_LOOP_824_9' is marked as complete unroll implied by the pipeline pragma (/home/benchmarker/FPGAProject/SOBEL_HDMI_1024/SOBEL_HDMI_1024.runs/bd_3a92_csc_0_synth_1/prj/sol/.autopilot/db/v_csc.cpp:824:22)
INFO: [HLS 214-291] Loop 'VITIS_LOOP_518_1' is marked as complete unroll implied by the pipeline pragma (/home/benchmarker/FPGAProject/SOBEL_HDMI_1024/SOBEL_HDMI_1024.runs/bd_3a92_csc_0_synth_1/prj/sol/.autopilot/db/v_csc.cpp:518:22)
INFO: [HLS 214-291] Loop 'VITIS_LOOP_520_2' is marked as complete unroll implied by the pipeline pragma (/home/benchmarker/FPGAProject/SOBEL_HDMI_1024/SOBEL_HDMI_1024.runs/bd_3a92_csc_0_synth_1/prj/sol/.autopilot/db/v_csc.cpp:520:23)
INFO: [HLS 214-186] Unrolling loop 'VITIS_LOOP_643_3' (/home/benchmarker/FPGAProject/SOBEL_HDMI_1024/SOBEL_HDMI_1024.runs/bd_3a92_csc_0_synth_1/prj/sol/.autopilot/db/v_csc.cpp:643:22) in function 'MultiPixStream2AXIvideo' completely with a factor of 1 (/home/benchmarker/FPGAProject/SOBEL_HDMI_1024/SOBEL_HDMI_1024.runs/bd_3a92_csc_0_synth_1/prj/sol/.autopilot/db/v_csc.cpp:568:0)
INFO: [HLS 214-186] Unrolling loop 'VITIS_LOOP_645_4' (/home/benchmarker/FPGAProject/SOBEL_HDMI_1024/SOBEL_HDMI_1024.runs/bd_3a92_csc_0_synth_1/prj/sol/.autopilot/db/v_csc.cpp:645:23) in function 'MultiPixStream2AXIvideo' completely with a factor of 3 (/home/benchmarker/FPGAProject/SOBEL_HDMI_1024/SOBEL_HDMI_1024.runs/bd_3a92_csc_0_synth_1/prj/sol/.autopilot/db/v_csc.cpp:568:0)
INFO: [HLS 214-186] Unrolling loop 'VITIS_LOOP_97_3' (/home/benchmarker/FPGAProject/SOBEL_HDMI_1024/SOBEL_HDMI_1024.runs/bd_3a92_csc_0_synth_1/prj/sol/.autopilot/db/v_csc.cpp:97:21) in function 'v_csc_core' completely with a factor of 1 (/home/benchmarker/FPGAProject/SOBEL_HDMI_1024/SOBEL_HDMI_1024.runs/bd_3a92_csc_0_synth_1/prj/sol/.autopilot/db/v_csc.cpp:59:0)
INFO: [HLS 214-186] Unrolling loop 'VITIS_LOOP_736_3' (/home/benchmarker/FPGAProject/SOBEL_HDMI_1024/SOBEL_HDMI_1024.runs/bd_3a92_csc_0_synth_1/prj/sol/.autopilot/db/v_csc.cpp:736:23) in function 'v_hcresampler_core' completely with a factor of 1 (/home/benchmarker/FPGAProject/SOBEL_HDMI_1024/SOBEL_HDMI_1024.runs/bd_3a92_csc_0_synth_1/prj/sol/.autopilot/db/v_csc.cpp:679:0)
INFO: [HLS 214-186] Unrolling loop 'VITIS_LOOP_760_4' (/home/benchmarker/FPGAProject/SOBEL_HDMI_1024/SOBEL_HDMI_1024.runs/bd_3a92_csc_0_synth_1/prj/sol/.autopilot/db/v_csc.cpp:760:20) in function 'v_hcresampler_core' completely with a factor of 5 (/home/benchmarker/FPGAProject/SOBEL_HDMI_1024/SOBEL_HDMI_1024.runs/bd_3a92_csc_0_synth_1/prj/sol/.autopilot/db/v_csc.cpp:679:0)
INFO: [HLS 214-186] Unrolling loop 'VITIS_LOOP_765_5' (/home/benchmarker/FPGAProject/SOBEL_HDMI_1024/SOBEL_HDMI_1024.runs/bd_3a92_csc_0_synth_1/prj/sol/.autopilot/db/v_csc.cpp:765:22) in function 'v_hcresampler_core' completely with a factor of 1 (/home/benchmarker/FPGAProject/SOBEL_HDMI_1024/SOBEL_HDMI_1024.runs/bd_3a92_csc_0_synth_1/prj/sol/.autopilot/db/v_csc.cpp:679:0)
INFO: [HLS 214-186] Unrolling loop 'VITIS_LOOP_781_6' (/home/benchmarker/FPGAProject/SOBEL_HDMI_1024/SOBEL_HDMI_1024.runs/bd_3a92_csc_0_synth_1/prj/sol/.autopilot/db/v_csc.cpp:781:22) in function 'v_hcresampler_core' completely with a factor of 1 (/home/benchmarker/FPGAProject/SOBEL_HDMI_1024/SOBEL_HDMI_1024.runs/bd_3a92_csc_0_synth_1/prj/sol/.autopilot/db/v_csc.cpp:679:0)
INFO: [HLS 214-186] Unrolling loop 'VITIS_LOOP_816_8' (/home/benchmarker/FPGAProject/SOBEL_HDMI_1024/SOBEL_HDMI_1024.runs/bd_3a92_csc_0_synth_1/prj/sol/.autopilot/db/v_csc.cpp:816:24) in function 'v_hcresampler_core' completely with a factor of 4 (/home/benchmarker/FPGAProject/SOBEL_HDMI_1024/SOBEL_HDMI_1024.runs/bd_3a92_csc_0_synth_1/prj/sol/.autopilot/db/v_csc.cpp:679:0)
INFO: [HLS 214-186] Unrolling loop 'VITIS_LOOP_795_7' (/home/benchmarker/FPGAProject/SOBEL_HDMI_1024/SOBEL_HDMI_1024.runs/bd_3a92_csc_0_synth_1/prj/sol/.autopilot/db/v_csc.cpp:795:24) in function 'v_hcresampler_core' completely with a factor of 3 (/home/benchmarker/FPGAProject/SOBEL_HDMI_1024/SOBEL_HDMI_1024.runs/bd_3a92_csc_0_synth_1/prj/sol/.autopilot/db/v_csc.cpp:679:0)
INFO: [HLS 214-186] Unrolling loop 'VITIS_LOOP_824_9' (/home/benchmarker/FPGAProject/SOBEL_HDMI_1024/SOBEL_HDMI_1024.runs/bd_3a92_csc_0_synth_1/prj/sol/.autopilot/db/v_csc.cpp:824:22) in function 'v_hcresampler_core' completely with a factor of 1 (/home/benchmarker/FPGAProject/SOBEL_HDMI_1024/SOBEL_HDMI_1024.runs/bd_3a92_csc_0_synth_1/prj/sol/.autopilot/db/v_csc.cpp:679:0)
INFO: [HLS 214-186] Unrolling loop 'VITIS_LOOP_518_1' (/home/benchmarker/FPGAProject/SOBEL_HDMI_1024/SOBEL_HDMI_1024.runs/bd_3a92_csc_0_synth_1/prj/sol/.autopilot/db/v_csc.cpp:518:22) in function 'AXIvideo2MultiPixStream' completely with a factor of 1 (/home/benchmarker/FPGAProject/SOBEL_HDMI_1024/SOBEL_HDMI_1024.runs/bd_3a92_csc_0_synth_1/prj/sol/.autopilot/db/v_csc.cpp:469:0)
INFO: [HLS 214-186] Unrolling loop 'VITIS_LOOP_520_2' (/home/benchmarker/FPGAProject/SOBEL_HDMI_1024/SOBEL_HDMI_1024.runs/bd_3a92_csc_0_synth_1/prj/sol/.autopilot/db/v_csc.cpp:520:23) in function 'AXIvideo2MultiPixStream' completely with a factor of 3 (/home/benchmarker/FPGAProject/SOBEL_HDMI_1024/SOBEL_HDMI_1024.runs/bd_3a92_csc_0_synth_1/prj/sol/.autopilot/db/v_csc.cpp:469:0)
INFO: [HLS 214-248] Applying array_partition to 'pixbuf_y': Complete partitioning on dimension 1. Complete partitioning on dimension 2. (/home/benchmarker/FPGAProject/SOBEL_HDMI_1024/SOBEL_HDMI_1024.runs/bd_3a92_csc_0_synth_1/prj/sol/.autopilot/db/v_csc.cpp:700:10)
WARNING: [HLS 214-358] Array transformation on index using bit extension logic may lead to poor performance. Please use int or long for array index computation to benefit from optimizations.
INFO: [HLS 214-241] Aggregating fifo (hls::stream) variable 'stream_csc' with compact=bit mode in 24-bits (/home/benchmarker/FPGAProject/SOBEL_HDMI_1024/SOBEL_HDMI_1024.runs/bd_3a92_csc_0_synth_1/prj/sol/.autopilot/db/v_csc.cpp:389:24)
INFO: [HLS 214-241] Aggregating fifo (hls::stream) variable 'stream_in_hresampled' with compact=bit mode in 24-bits (/home/benchmarker/FPGAProject/SOBEL_HDMI_1024/SOBEL_HDMI_1024.runs/bd_3a92_csc_0_synth_1/prj/sol/.autopilot/db/v_csc.cpp:388:24)
INFO: [HLS 214-241] Aggregating fifo (hls::stream) variable 'stream_out_hresampled' with compact=bit mode in 24-bits (/home/benchmarker/FPGAProject/SOBEL_HDMI_1024/SOBEL_HDMI_1024.runs/bd_3a92_csc_0_synth_1/prj/sol/.autopilot/db/v_csc.cpp:388:46)
INFO: [HLS 214-241] Aggregating fifo (hls::stream) variable 'stream_in' with compact=bit mode in 24-bits (/home/benchmarker/FPGAProject/SOBEL_HDMI_1024/SOBEL_HDMI_1024.runs/bd_3a92_csc_0_synth_1/prj/sol/.autopilot/db/v_csc.cpp:386:24)
INFO: [HLS 214-131] Inlining function '_llvm.fpga.unpack.none.s_struct.ap_uint<24>s.i24' into 'AXIvideo2MultiPixStream(hls::stream<hls::axis<ap_uint<24>, 1ul, 1ul, 1ul>, 0>&, hls::stream<hls::Scalar<3, ap_uint<8> >, 0>&, unsigned short&, unsigned short&, unsigned char&) (.1)' (/tools/Xilinx/Vitis_HLS/2022.1/common/technology/autopilot/ap_axi_sdata.h:283:5)
INFO: [HLS 214-131] Inlining function '_llvm.fpga.unpack.none.s_struct.ap_uint<1>s.i1' into 'AXIvideo2MultiPixStream(hls::stream<hls::axis<ap_uint<24>, 1ul, 1ul, 1ul>, 0>&, hls::stream<hls::Scalar<3, ap_uint<8> >, 0>&, unsigned short&, unsigned short&, unsigned char&) (.1)' (/tools/Xilinx/Vitis_HLS/2022.1/common/technology/autopilot/ap_axi_sdata.h:283:5)
INFO: [HLS 214-131] Inlining function '_llvm.fpga.unpack.none.s_struct.ap_uint<3>s.i3' into 'AXIvideo2MultiPixStream(hls::stream<hls::axis<ap_uint<24>, 1ul, 1ul, 1ul>, 0>&, hls::stream<hls::Scalar<3, ap_uint<8> >, 0>&, unsigned short&, unsigned short&, unsigned char&) (.1)' (/tools/Xilinx/Vitis_HLS/2022.1/common/technology/autopilot/ap_axi_sdata.h:283:5)
INFO: [HLS 214-131] Inlining function '_llvm.fpga.pack.bits.i24.s_class.hls::Scalar<3, ap_uint<8> >s.1' into 'AXIvideo2MultiPixStream(hls::stream<hls::axis<ap_uint<24>, 1ul, 1ul, 1ul>, 0>&, hls::stream<hls::Scalar<3, ap_uint<8> >, 0>&, unsigned short&, unsigned short&, unsigned char&) (.1)' (/tools/Xilinx/Vitis_HLS/2022.1/common/technology/autopilot/hls_stream_39.h:174:9)
INFO: [HLS 214-131] Inlining function '_llvm.fpga.pack.none.i24.s_class.hls::Scalar<3, ap_uint<8> >s' into 'AXIvideo2MultiPixStream(hls::stream<hls::axis<ap_uint<24>, 1ul, 1ul, 1ul>, 0>&, hls::stream<hls::Scalar<3, ap_uint<8> >, 0>&, unsigned short&, unsigned short&, unsigned char&) (.1)' (/tools/Xilinx/Vitis_HLS/2022.1/common/technology/autopilot/hls_stream_39.h:174:9)
INFO: [HLS 214-131] Inlining function '_llvm.fpga.pack.none.i24.a3s_struct.ap_uint<8>s' into '_llvm.fpga.unpack.bits.s_class.hls::Scalar<3, ap_uint<8> >s.i24.1'
INFO: [HLS 214-131] Inlining function '_llvm.fpga.unpack.bits.s_class.hls::Scalar<3, ap_uint<8> >s.i24.1' into 'v_hcresampler_core(hls::stream<hls::Scalar<3, ap_uint<8> >, 0>&, unsigned short&, unsigned short&, unsigned char const&, bool, hls::stream<hls::Scalar<3, ap_uint<8> >, 0>&) (.34.1)' (/tools/Xilinx/Vitis_HLS/2022.1/common/technology/autopilot/hls_stream_39.h:145:9)
INFO: [HLS 214-131] Inlining function '_llvm.fpga.pack.bits.i24.s_class.hls::Scalar<3, ap_uint<8> >s.1' into 'v_hcresampler_core(hls::stream<hls::Scalar<3, ap_uint<8> >, 0>&, unsigned short&, unsigned short&, unsigned char const&, bool, hls::stream<hls::Scalar<3, ap_uint<8> >, 0>&) (.34.1)' (/tools/Xilinx/Vitis_HLS/2022.1/common/technology/autopilot/hls_stream_39.h:174:9)
INFO: [HLS 214-131] Inlining function '_llvm.fpga.pack.none.i24.s_class.hls::Scalar<3, ap_uint<8> >s' into 'v_hcresampler_core(hls::stream<hls::Scalar<3, ap_uint<8> >, 0>&, unsigned short&, unsigned short&, unsigned char const&, bool, hls::stream<hls::Scalar<3, ap_uint<8> >, 0>&) (.34.1)' (/tools/Xilinx/Vitis_HLS/2022.1/common/technology/autopilot/hls_stream_39.h:174:9)
INFO: [HLS 214-131] Inlining function '_llvm.fpga.unpack.bits.s_class.hls::Scalar<3, ap_uint<8> >s.i24.1' into 'v_csc_core(hls::stream<hls::Scalar<3, ap_uint<8> >, 0>&, unsigned short&, unsigned short&, unsigned short&, unsigned short&, unsigned short&, unsigned short&, short&, short&, short&, short&, short&, short&, short&, short&, short&, ap_int<10>&, ap_int<10>&, ap_int<10>&, ap_uint<8>&, ap_uint<8>&, short&, short&, short&, short&, short&, short&, short&, short&, short&, ap_int<10>&, ap_int<10>&, ap_int<10>&, ap_uint<8>&, ap_uint<8>&, hls::stream<hls::Scalar<3, ap_uint<8> >, 0>&) (.1)' (/tools/Xilinx/Vitis_HLS/2022.1/common/technology/autopilot/hls_stream_39.h:145:9)
INFO: [HLS 214-131] Inlining function '_llvm.fpga.pack.bits.i24.s_class.hls::Scalar<3, ap_uint<8> >s.1' into 'v_csc_core(hls::stream<hls::Scalar<3, ap_uint<8> >, 0>&, unsigned short&, unsigned short&, unsigned short&, unsigned short&, unsigned short&, unsigned short&, short&, short&, short&, short&, short&, short&, short&, short&, short&, ap_int<10>&, ap_int<10>&, ap_int<10>&, ap_uint<8>&, ap_uint<8>&, short&, short&, short&, short&, short&, short&, short&, short&, short&, ap_int<10>&, ap_int<10>&, ap_int<10>&, ap_uint<8>&, ap_uint<8>&, hls::stream<hls::Scalar<3, ap_uint<8> >, 0>&) (.1)' (/tools/Xilinx/Vitis_HLS/2022.1/common/technology/autopilot/hls_stream_39.h:174:9)
INFO: [HLS 214-131] Inlining function '_llvm.fpga.pack.none.i24.s_class.hls::Scalar<3, ap_uint<8> >s' into 'v_csc_core(hls::stream<hls::Scalar<3, ap_uint<8> >, 0>&, unsigned short&, unsigned short&, unsigned short&, unsigned short&, unsigned short&, unsigned short&, short&, short&, short&, short&, short&, short&, short&, short&, short&, ap_int<10>&, ap_int<10>&, ap_int<10>&, ap_uint<8>&, ap_uint<8>&, short&, short&, short&, short&, short&, short&, short&, short&, short&, ap_int<10>&, ap_int<10>&, ap_int<10>&, ap_uint<8>&, ap_uint<8>&, hls::stream<hls::Scalar<3, ap_uint<8> >, 0>&) (.1)' (/tools/Xilinx/Vitis_HLS/2022.1/common/technology/autopilot/hls_stream_39.h:174:9)
INFO: [HLS 214-131] Inlining function '_llvm.fpga.unpack.bits.s_class.hls::Scalar<3, ap_uint<8> >s.i24.1' into 'v_hcresampler_core(hls::stream<hls::Scalar<3, ap_uint<8> >, 0>&, unsigned short&, unsigned short&, unsigned char const&, bool, hls::stream<hls::Scalar<3, ap_uint<8> >, 0>&) (.1)' (/tools/Xilinx/Vitis_HLS/2022.1/common/technology/autopilot/hls_stream_39.h:145:9)
INFO: [HLS 214-131] Inlining function '_llvm.fpga.pack.bits.i24.s_class.hls::Scalar<3, ap_uint<8> >s.1' into 'v_hcresampler_core(hls::stream<hls::Scalar<3, ap_uint<8> >, 0>&, unsigned short&, unsigned short&, unsigned char const&, bool, hls::stream<hls::Scalar<3, ap_uint<8> >, 0>&) (.1)' (/tools/Xilinx/Vitis_HLS/2022.1/common/technology/autopilot/hls_stream_39.h:174:9)
INFO: [HLS 214-131] Inlining function '_llvm.fpga.pack.none.i24.s_class.hls::Scalar<3, ap_uint<8> >s' into 'v_hcresampler_core(hls::stream<hls::Scalar<3, ap_uint<8> >, 0>&, unsigned short&, unsigned short&, unsigned char const&, bool, hls::stream<hls::Scalar<3, ap_uint<8> >, 0>&) (.1)' (/tools/Xilinx/Vitis_HLS/2022.1/common/technology/autopilot/hls_stream_39.h:174:9)
INFO: [HLS 214-131] Inlining function '_llvm.fpga.unpack.bits.s_class.hls::Scalar<3, ap_uint<8> >s.i24.1' into 'MultiPixStream2AXIvideo(hls::stream<hls::Scalar<3, ap_uint<8> >, 0>&, hls::stream<hls::axis<ap_uint<24>, 1ul, 1ul, 1ul>, 0>&, unsigned short&, unsigned short&, unsigned char&) (.1)' (/tools/Xilinx/Vitis_HLS/2022.1/common/technology/autopilot/hls_stream_39.h:145:9)
INFO: [HLS 214-131] Inlining function '_llvm.fpga.pack.none.i1.s_struct.ap_uint<1>s' into 'MultiPixStream2AXIvideo(hls::stream<hls::Scalar<3, ap_uint<8> >, 0>&, hls::stream<hls::axis<ap_uint<24>, 1ul, 1ul, 1ul>, 0>&, unsigned short&, unsigned short&, unsigned char&) (.1)' (/tools/Xilinx/Vitis_HLS/2022.1/common/technology/autopilot/ap_axi_sdata.h:304:5)
INFO: [HLS 214-131] Inlining function '_llvm.fpga.pack.none.i3.s_struct.ap_uint<3>s' into 'MultiPixStream2AXIvideo(hls::stream<hls::Scalar<3, ap_uint<8> >, 0>&, hls::stream<hls::axis<ap_uint<24>, 1ul, 1ul, 1ul>, 0>&, unsigned short&, unsigned short&, unsigned char&) (.1)' (/tools/Xilinx/Vitis_HLS/2022.1/common/technology/autopilot/ap_axi_sdata.h:304:5)
INFO: [HLS 214-131] Inlining function '_llvm.fpga.pack.none.i24.s_struct.ap_uint<24>s' into 'MultiPixStream2AXIvideo(hls::stream<hls::Scalar<3, ap_uint<8> >, 0>&, hls::stream<hls::axis<ap_uint<24>, 1ul, 1ul, 1ul>, 0>&, unsigned short&, unsigned short&, unsigned char&) (.1)' (/tools/Xilinx/Vitis_HLS/2022.1/common/technology/autopilot/ap_axi_sdata.h:304:5)
INFO: [HLS 200-111] Finished Compiling Optimization and Transform: CPU user time: 6.43 seconds. CPU system time: 0.59 seconds. Elapsed time: 7.02 seconds; current allocated memory: 777.387 MB.
INFO: [HLS 200-111] Finished Checking Pragmas: CPU user time: 0 seconds. CPU system time: 0 seconds. Elapsed time: 0 seconds; current allocated memory: 777.387 MB.
INFO: [HLS 200-10] Starting code transformations ...
INFO: [HLS 200-111] Finished Standard Transforms: CPU user time: 0.14 seconds. CPU system time: 0 seconds. Elapsed time: 0.14 seconds; current allocated memory: 782.781 MB.
INFO: [HLS 200-10] Checking synthesizability ...
INFO: [HLS 200-111] Finished Checking Synthesizability: CPU user time: 0.22 seconds. CPU system time: 0 seconds. Elapsed time: 0.22 seconds; current allocated memory: 798.914 MB.
WARNING: [HLS 200-786] Detected dataflow-on-top in function  'v_csc' (/home/benchmarker/FPGAProject/SOBEL_HDMI_1024/SOBEL_HDMI_1024.runs/bd_3a92_csc_0_synth_1/prj/sol/.autopilot/db/v_csc.cpp:175:1)  with default interface mode 'ap_ctrl_hs'. Overlapped execution of successive kernel calls will not happen unless interface mode 'ap_ctrl_chain' is used (or 'ap_ctrl_none' for a purely data-driven design).
INFO: [XFORM 203-712] Applying dataflow to function 'v_csc' (/home/benchmarker/FPGAProject/SOBEL_HDMI_1024/SOBEL_HDMI_1024.runs/bd_3a92_csc_0_synth_1/prj/sol/.autopilot/db/v_csc.cpp:175:1), detected/extracted 6 process function(s): 
	 'Block_entry3_proc'
	 'AXIvideo2MultiPixStream'
	 'v_hcresampler_core'
	 'v_csc_core'
	 'v_hcresampler_core.1'
	 'MultiPixStream2AXIvideo'.
INFO: [XFORM 203-401] Performing if-conversion on hyperblock from (/home/benchmarker/FPGAProject/SOBEL_HDMI_1024/SOBEL_HDMI_1024.runs/bd_3a92_csc_0_synth_1/prj/sol/.autopilot/db/v_csc.cpp:700:10) to (/home/benchmarker/FPGAProject/SOBEL_HDMI_1024/SOBEL_HDMI_1024.runs/bd_3a92_csc_0_synth_1/prj/sol/.autopilot/db/v_csc.cpp:877:21) in function 'v_hcresampler_core.1'... converting 3 basic blocks.
INFO: [XFORM 203-401] Performing if-conversion on hyperblock from (/home/benchmarker/FPGAProject/SOBEL_HDMI_1024/SOBEL_HDMI_1024.runs/bd_3a92_csc_0_synth_1/prj/sol/.autopilot/db/v_csc.cpp:700:10) to (/home/benchmarker/FPGAProject/SOBEL_HDMI_1024/SOBEL_HDMI_1024.runs/bd_3a92_csc_0_synth_1/prj/sol/.autopilot/db/v_csc.cpp:877:21) in function 'v_hcresampler_core'... converting 3 basic blocks.
INFO: [XFORM 203-401] Performing if-conversion on hyperblock from (/home/benchmarker/FPGAProject/SOBEL_HDMI_1024/SOBEL_HDMI_1024.runs/bd_3a92_csc_0_synth_1/prj/sol/.autopilot/db/v_csc.cpp:94:9) to (/home/benchmarker/FPGAProject/SOBEL_HDMI_1024/SOBEL_HDMI_1024.runs/bd_3a92_csc_0_synth_1/prj/sol/.autopilot/db/v_csc.cpp:91:20) in function 'v_csc_core'... converting 6 basic blocks.
INFO: [XFORM 203-401] Performing if-conversion on hyperblock to (/home/benchmarker/FPGAProject/SOBEL_HDMI_1024/SOBEL_HDMI_1024.runs/bd_3a92_csc_0_synth_1/prj/sol/.autopilot/db/v_csc.cpp:500:3) in function 'AXIvideo2MultiPixStream'... converting 4 basic blocks.
INFO: [HLS 200-111] Finished Loop, function and other optimizations: CPU user time: 0.58 seconds. CPU system time: 0.03 seconds. Elapsed time: 0.61 seconds; current allocated memory: 836.820 MB.
WARNING: [HLS 200-1614] Cosimulation may deadlock if process AXIvideo2MultiPixStream has a streamed top-level array input and has predecessor processes. If a deadlock occurs, please consider converting the streamed array into an hls::stream
INFO: [HLS 200-111] Finished Architecture Synthesis: CPU user time: 2.83 seconds. CPU system time: 0.05 seconds. Elapsed time: 2.88 seconds; current allocated memory: 999.289 MB.
INFO: [HLS 200-10] Starting hardware synthesis ...
INFO: [HLS 200-10] Synthesizing 'v_csc' ...
WARNING: [SYN 201-103] Legalizing function name 'reg<unsigned short>' to 'reg_unsigned_short_s'.
WARNING: [SYN 201-103] Legalizing function name 'v_hcresampler_core.1_Pipeline_VITIS_LOOP_724_2' to 'v_hcresampler_core_1_Pipeline_VITIS_LOOP_724_2'.
WARNING: [SYN 201-103] Legalizing function name 'v_hcresampler_core.1' to 'v_hcresampler_core_1'.
INFO: [HLS 200-10] ----------------------------------------------------------------
INFO: [HLS 200-42] -- Implementing module 'Block_entry3_proc' 
INFO: [HLS 200-10] ----------------------------------------------------------------
INFO: [SCHED 204-11] Starting scheduling ...
INFO: [SCHED 204-11] Finished scheduling.
INFO: [HLS 200-111] Finished Scheduling: CPU user time: 0.16 seconds. CPU system time: 0.02 seconds. Elapsed time: 0.18 seconds; current allocated memory: 1000.590 MB.
INFO: [BIND 205-100] Starting micro-architecture generation ...
INFO: [BIND 205-101] Performing variable lifetime analysis.
INFO: [BIND 205-101] Exploring resource sharing.
INFO: [BIND 205-101] Binding ...
INFO: [BIND 205-100] Finished micro-architecture generation.
INFO: [HLS 200-111] Finished Binding: CPU user time: 0.03 seconds. CPU system time: 0 seconds. Elapsed time: 0.03 seconds; current allocated memory: 1000.617 MB.
INFO: [HLS 200-10] ----------------------------------------------------------------
INFO: [HLS 200-42] -- Implementing module 'reg_unsigned_short_s' 
INFO: [HLS 200-10] ----------------------------------------------------------------
INFO: [SCHED 204-11] Starting scheduling ...
INFO: [SCHED 204-61] Pipelining function 'reg<unsigned short>'.
INFO: [HLS 200-1470] Pipelining result : Target II = 1, Final II = 1, Depth = 2, function 'reg<unsigned short>'
INFO: [SCHED 204-11] Finished scheduling.
INFO: [HLS 200-111] Finished Scheduling: CPU user time: 0.04 seconds. CPU system time: 0.01 seconds. Elapsed time: 0.05 seconds; current allocated memory: 1000.754 MB.
INFO: [BIND 205-100] Starting micro-architecture generation ...
INFO: [BIND 205-101] Performing variable lifetime analysis.
INFO: [BIND 205-101] Exploring resource sharing.
INFO: [BIND 205-101] Binding ...
INFO: [BIND 205-100] Finished micro-architecture generation.
INFO: [HLS 200-111] Finished Binding: CPU user time: 0.03 seconds. CPU system time: 0 seconds. Elapsed time: 0.03 seconds; current allocated memory: 1000.773 MB.
INFO: [HLS 200-10] ----------------------------------------------------------------
INFO: [HLS 200-42] -- Implementing module 'AXIvideo2MultiPixStream_Pipeline_loop_wait_for_start' 
INFO: [HLS 200-10] ----------------------------------------------------------------
INFO: [SCHED 204-11] Starting scheduling ...
INFO: [SCHED 204-61] Pipelining loop 'loop_wait_for_start'.
INFO: [HLS 200-1470] Pipelining result : Target II = 1, Final II = 1, Depth = 1, loop 'loop_wait_for_start'
INFO: [SCHED 204-11] Finished scheduling.
INFO: [HLS 200-111] Finished Scheduling: CPU user time: 0.04 seconds. CPU system time: 0 seconds. Elapsed time: 0.04 seconds; current allocated memory: 1001.883 MB.
INFO: [BIND 205-100] Starting micro-architecture generation ...
INFO: [BIND 205-101] Performing variable lifetime analysis.
INFO: [BIND 205-101] Exploring resource sharing.
INFO: [BIND 205-101] Binding ...
INFO: [BIND 205-100] Finished micro-architecture generation.
INFO: [HLS 200-111] Finished Binding: CPU user time: 0.02 seconds. CPU system time: 0 seconds. Elapsed time: 0.02 seconds; current allocated memory: 1001.883 MB.
INFO: [HLS 200-10] ----------------------------------------------------------------
INFO: [HLS 200-42] -- Implementing module 'AXIvideo2MultiPixStream_Pipeline_loop_width' 
INFO: [HLS 200-10] ----------------------------------------------------------------
INFO: [SCHED 204-11] Starting scheduling ...
INFO: [SCHED 204-61] Pipelining loop 'loop_width'.
INFO: [HLS 200-1470] Pipelining result : Target II = 1, Final II = 1, Depth = 2, loop 'loop_width'
WARNING: [HLS 200-871] Estimated clock period (5.132ns) exceeds the target (target clock period: 5.625ns, clock uncertainty: 1.51875ns, effective delay budget: 4.10625ns).
WARNING: [HLS 200-1016] The critical path in module 'AXIvideo2MultiPixStream_Pipeline_loop_width' consists of the following:	'alloca' operation ('j') [16]  (0 ns)
	'load' operation ('j', /home/benchmarker/FPGAProject/SOBEL_HDMI_1024/SOBEL_HDMI_1024.runs/bd_3a92_csc_0_synth_1/prj/sol/.autopilot/db/v_csc.cpp:500) on local variable 'j' [39]  (0 ns)
	'add' operation ('j', /home/benchmarker/FPGAProject/SOBEL_HDMI_1024/SOBEL_HDMI_1024.runs/bd_3a92_csc_0_synth_1/prj/sol/.autopilot/db/v_csc.cpp:500) [42]  (1.64 ns)
	'store' operation ('j_write_ln500', /home/benchmarker/FPGAProject/SOBEL_HDMI_1024/SOBEL_HDMI_1024.runs/bd_3a92_csc_0_synth_1/prj/sol/.autopilot/db/v_csc.cpp:500) of variable 'j', /home/benchmarker/FPGAProject/SOBEL_HDMI_1024/SOBEL_HDMI_1024.runs/bd_3a92_csc_0_synth_1/prj/sol/.autopilot/db/v_csc.cpp:500 on local variable 'j' [67]  (1.59 ns)
	blocking operation 1.9 ns on control path)

INFO: [SCHED 204-11] Finished scheduling.
INFO: [HLS 200-111] Finished Scheduling: CPU user time: 0.05 seconds. CPU system time: 0 seconds. Elapsed time: 0.05 seconds; current allocated memory: 1002.309 MB.
INFO: [BIND 205-100] Starting micro-architecture generation ...
INFO: [BIND 205-101] Performing variable lifetime analysis.
INFO: [BIND 205-101] Exploring resource sharing.
INFO: [BIND 205-101] Binding ...
INFO: [BIND 205-100] Finished micro-architecture generation.
INFO: [HLS 200-111] Finished Binding: CPU user time: 0.04 seconds. CPU system time: 0 seconds. Elapsed time: 0.03 seconds; current allocated memory: 1002.309 MB.
INFO: [HLS 200-10] ----------------------------------------------------------------
INFO: [HLS 200-42] -- Implementing module 'AXIvideo2MultiPixStream_Pipeline_loop_wait_for_eol' 
INFO: [HLS 200-10] ----------------------------------------------------------------
INFO: [SCHED 204-11] Starting scheduling ...
INFO: [SCHED 204-61] Pipelining loop 'loop_wait_for_eol'.
INFO: [HLS 200-1470] Pipelining result : Target II = 1, Final II = 1, Depth = 1, loop 'loop_wait_for_eol'
INFO: [SCHED 204-11] Finished scheduling.
INFO: [HLS 200-111] Finished Scheduling: CPU user time: 0.05 seconds. CPU system time: 0 seconds. Elapsed time: 0.06 seconds; current allocated memory: 1002.652 MB.
INFO: [BIND 205-100] Starting micro-architecture generation ...
INFO: [BIND 205-101] Performing variable lifetime analysis.
INFO: [BIND 205-101] Exploring resource sharing.
INFO: [BIND 205-101] Binding ...
INFO: [BIND 205-100] Finished micro-architecture generation.
INFO: [HLS 200-111] Finished Binding: CPU user time: 0.02 seconds. CPU system time: 0 seconds. Elapsed time: 0.02 seconds; current allocated memory: 1002.652 MB.
INFO: [HLS 200-10] ----------------------------------------------------------------
INFO: [HLS 200-42] -- Implementing module 'AXIvideo2MultiPixStream' 
INFO: [HLS 200-10] ----------------------------------------------------------------
INFO: [SCHED 204-11] Starting scheduling ...
WARNING: [HLS 200-871] Estimated clock period (4.154ns) exceeds the target (target clock period: 5.625ns, clock uncertainty: 1.51875ns, effective delay budget: 4.10625ns).
WARNING: [HLS 200-1016] The critical path in module 'AXIvideo2MultiPixStream' consists of the following:	'load' operation ('axi_data_V_14_load') on local variable 'axi.data.V' [46]  (0 ns)
	'call' operation ('_ln476', /home/benchmarker/FPGAProject/SOBEL_HDMI_1024/SOBEL_HDMI_1024.runs/bd_3a92_csc_0_synth_1/prj/sol/.autopilot/db/v_csc.cpp:476) to 'AXIvideo2MultiPixStream_Pipeline_loop_width' [49]  (4.15 ns)

INFO: [SCHED 204-11] Finished scheduling.
INFO: [HLS 200-111] Finished Scheduling: CPU user time: 0.06 seconds. CPU system time: 0 seconds. Elapsed time: 0.06 seconds; current allocated memory: 1002.883 MB.
INFO: [BIND 205-100] Starting micro-architecture generation ...
INFO: [BIND 205-101] Performing variable lifetime analysis.
INFO: [BIND 205-101] Exploring resource sharing.
INFO: [BIND 205-101] Binding ...
INFO: [BIND 205-100] Finished micro-architecture generation.
INFO: [HLS 200-111] Finished Binding: CPU user time: 0.08 seconds. CPU system time: 0 seconds. Elapsed time: 0.08 seconds; current allocated memory: 1002.883 MB.
INFO: [HLS 200-10] ----------------------------------------------------------------
INFO: [HLS 200-42] -- Implementing module 'v_hcresampler_core_Pipeline_VITIS_LOOP_724_2' 
INFO: [HLS 200-10] ----------------------------------------------------------------
INFO: [SCHED 204-11] Starting scheduling ...
INFO: [SCHED 204-61] Pipelining loop 'VITIS_LOOP_724_2'.
INFO: [HLS 200-1470] Pipelining result : Target II = 1, Final II = 1, Depth = 5, loop 'VITIS_LOOP_724_2'
INFO: [SCHED 204-11] Finished scheduling.
INFO: [HLS 200-111] Finished Scheduling: CPU user time: 0.13 seconds. CPU system time: 0 seconds. Elapsed time: 0.14 seconds; current allocated memory: 1004.332 MB.
INFO: [BIND 205-100] Starting micro-architecture generation ...
INFO: [BIND 205-101] Performing variable lifetime analysis.
INFO: [BIND 205-101] Exploring resource sharing.
INFO: [BIND 205-101] Binding ...
INFO: [BIND 205-100] Finished micro-architecture generation.
INFO: [HLS 200-111] Finished Binding: CPU user time: 0.08 seconds. CPU system time: 0 seconds. Elapsed time: 0.09 seconds; current allocated memory: 1004.332 MB.
INFO: [HLS 200-10] ----------------------------------------------------------------
INFO: [HLS 200-42] -- Implementing module 'v_hcresampler_core' 
INFO: [HLS 200-10] ----------------------------------------------------------------
INFO: [SCHED 204-11] Starting scheduling ...
INFO: [SCHED 204-11] Finished scheduling.
INFO: [HLS 200-111] Finished Scheduling: CPU user time: 0.16 seconds. CPU system time: 0 seconds. Elapsed time: 0.15 seconds; current allocated memory: 1004.371 MB.
INFO: [BIND 205-100] Starting micro-architecture generation ...
INFO: [BIND 205-101] Performing variable lifetime analysis.
INFO: [BIND 205-101] Exploring resource sharing.
INFO: [BIND 205-101] Binding ...
INFO: [BIND 205-100] Finished micro-architecture generation.
INFO: [HLS 200-111] Finished Binding: CPU user time: 0.08 seconds. CPU system time: 0 seconds. Elapsed time: 0.08 seconds; current allocated memory: 1004.371 MB.
INFO: [HLS 200-10] ----------------------------------------------------------------
INFO: [HLS 200-42] -- Implementing module 'v_csc_core_Pipeline_VITIS_LOOP_91_2' 
INFO: [HLS 200-10] ----------------------------------------------------------------
INFO: [SCHED 204-11] Starting scheduling ...
INFO: [HLS 200-486] Changing DSP latency (root=mul_ln151_2) to 3 in order to utilize available DSP registers.
INFO: [HLS 200-486] Changing DSP latency (root=mul_ln151) to 3 in order to utilize available DSP registers.
INFO: [HLS 200-486] Changing DSP latency (root=mul_ln151_1) to 3 in order to utilize available DSP registers.
INFO: [HLS 200-486] Changing DSP latency (root=mul_ln149_2) to 3 in order to utilize available DSP registers.
INFO: [HLS 200-486] Changing DSP latency (root=mul_ln149) to 3 in order to utilize available DSP registers.
INFO: [HLS 200-486] Changing DSP latency (root=mul_ln149_1) to 3 in order to utilize available DSP registers.
INFO: [HLS 200-486] Changing DSP latency (root=mul_ln147_2) to 3 in order to utilize available DSP registers.
INFO: [HLS 200-486] Changing DSP latency (root=mul_ln147) to 3 in order to utilize available DSP registers.
INFO: [HLS 200-486] Changing DSP latency (root=mul_ln147_1) to 3 in order to utilize available DSP registers.
INFO: [SCHED 204-61] Pipelining loop 'VITIS_LOOP_91_2'.
INFO: [HLS 200-1470] Pipelining result : Target II = 1, Final II = 1, Depth = 10, loop 'VITIS_LOOP_91_2'
INFO: [SCHED 204-11] Finished scheduling.
INFO: [HLS 200-111] Finished Scheduling: CPU user time: 0.26 seconds. CPU system time: 0 seconds. Elapsed time: 0.27 seconds; current allocated memory: 1006.102 MB.
INFO: [BIND 205-100] Starting micro-architecture generation ...
INFO: [BIND 205-101] Performing variable lifetime analysis.
INFO: [BIND 205-101] Exploring resource sharing.
INFO: [BIND 205-101] Binding ...
INFO: [BIND 205-100] Finished micro-architecture generation.
INFO: [HLS 200-111] Finished Binding: CPU user time: 0.18 seconds. CPU system time: 0 seconds. Elapsed time: 0.17 seconds; current allocated memory: 1006.102 MB.
INFO: [HLS 200-10] ----------------------------------------------------------------
INFO: [HLS 200-42] -- Implementing module 'v_csc_core' 
INFO: [HLS 200-10] ----------------------------------------------------------------
INFO: [SCHED 204-11] Starting scheduling ...
INFO: [SCHED 204-11] Finished scheduling.
INFO: [HLS 200-111] Finished Scheduling: CPU user time: 0.33 seconds. CPU system time: 0 seconds. Elapsed time: 0.32 seconds; current allocated memory: 1006.340 MB.
INFO: [BIND 205-100] Starting micro-architecture generation ...
INFO: [BIND 205-101] Performing variable lifetime analysis.
INFO: [BIND 205-101] Exploring resource sharing.
INFO: [BIND 205-101] Binding ...
INFO: [BIND 205-100] Finished micro-architecture generation.
INFO: [HLS 200-111] Finished Binding: CPU user time: 0.14 seconds. CPU system time: 0 seconds. Elapsed time: 0.14 seconds; current allocated memory: 1006.340 MB.
INFO: [HLS 200-10] ----------------------------------------------------------------
INFO: [HLS 200-42] -- Implementing module 'v_hcresampler_core_1_Pipeline_VITIS_LOOP_724_2' 
INFO: [HLS 200-10] ----------------------------------------------------------------
INFO: [SCHED 204-11] Starting scheduling ...
INFO: [SCHED 204-61] Pipelining loop 'VITIS_LOOP_724_2'.
INFO: [HLS 200-1470] Pipelining result : Target II = 1, Final II = 1, Depth = 5, loop 'VITIS_LOOP_724_2'
INFO: [SCHED 204-11] Finished scheduling.
INFO: [HLS 200-111] Finished Scheduling: CPU user time: 0.37 seconds. CPU system time: 0.01 seconds. Elapsed time: 0.38 seconds; current allocated memory: 1007.809 MB.
INFO: [BIND 205-100] Starting micro-architecture generation ...
INFO: [BIND 205-101] Performing variable lifetime analysis.
INFO: [BIND 205-101] Exploring resource sharing.
INFO: [BIND 205-101] Binding ...
INFO: [BIND 205-100] Finished micro-architecture generation.
INFO: [HLS 200-111] Finished Binding: CPU user time: 0.11 seconds. CPU system time: 0 seconds. Elapsed time: 0.11 seconds; current allocated memory: 1007.809 MB.
INFO: [HLS 200-10] ----------------------------------------------------------------
INFO: [HLS 200-42] -- Implementing module 'v_hcresampler_core_1' 
INFO: [HLS 200-10] ----------------------------------------------------------------
INFO: [SCHED 204-11] Starting scheduling ...
INFO: [SCHED 204-11] Finished scheduling.
INFO: [HLS 200-111] Finished Scheduling: CPU user time: 0.13 seconds. CPU system time: 0 seconds. Elapsed time: 0.14 seconds; current allocated memory: 1007.965 MB.
INFO: [BIND 205-100] Starting micro-architecture generation ...
INFO: [BIND 205-101] Performing variable lifetime analysis.
INFO: [BIND 205-101] Exploring resource sharing.
INFO: [BIND 205-101] Binding ...
INFO: [BIND 205-100] Finished micro-architecture generation.
INFO: [HLS 200-111] Finished Binding: CPU user time: 0.12 seconds. CPU system time: 0.01 seconds. Elapsed time: 0.12 seconds; current allocated memory: 1007.965 MB.
INFO: [HLS 200-10] ----------------------------------------------------------------
INFO: [HLS 200-42] -- Implementing module 'MultiPixStream2AXIvideo_Pipeline_VITIS_LOOP_619_2' 
INFO: [HLS 200-10] ----------------------------------------------------------------
INFO: [SCHED 204-11] Starting scheduling ...
INFO: [SCHED 204-61] Pipelining loop 'VITIS_LOOP_619_2'.
INFO: [HLS 200-1470] Pipelining result : Target II = 1, Final II = 1, Depth = 3, loop 'VITIS_LOOP_619_2'
INFO: [SCHED 204-11] Finished scheduling.
INFO: [HLS 200-111] Finished Scheduling: CPU user time: 0.16 seconds. CPU system time: 0 seconds. Elapsed time: 0.16 seconds; current allocated memory: 1008.816 MB.
INFO: [BIND 205-100] Starting micro-architecture generation ...
INFO: [BIND 205-101] Performing variable lifetime analysis.
INFO: [BIND 205-101] Exploring resource sharing.
INFO: [BIND 205-101] Binding ...
INFO: [BIND 205-100] Finished micro-architecture generation.
INFO: [HLS 200-111] Finished Binding: CPU user time: 0.08 seconds. CPU system time: 0.01 seconds. Elapsed time: 0.09 seconds; current allocated memory: 1.000 GB.
INFO: [HLS 200-10] ----------------------------------------------------------------
INFO: [HLS 200-42] -- Implementing module 'MultiPixStream2AXIvideo' 
INFO: [HLS 200-10] ----------------------------------------------------------------
INFO: [SCHED 204-11] Starting scheduling ...
INFO: [SCHED 204-11] Finished scheduling.
INFO: [HLS 200-111] Finished Scheduling: CPU user time: 0.07 seconds. CPU system time: 0 seconds. Elapsed time: 0.07 seconds; current allocated memory: 1.000 GB.
INFO: [BIND 205-100] Starting micro-architecture generation ...
INFO: [BIND 205-101] Performing variable lifetime analysis.
INFO: [BIND 205-101] Exploring resource sharing.
INFO: [BIND 205-101] Binding ...
INFO: [BIND 205-100] Finished micro-architecture generation.
INFO: [HLS 200-111] Finished Binding: CPU user time: 0.06 seconds. CPU system time: 0 seconds. Elapsed time: 0.06 seconds; current allocated memory: 1.000 GB.
INFO: [HLS 200-10] ----------------------------------------------------------------
INFO: [HLS 200-42] -- Implementing module 'v_csc' 
INFO: [HLS 200-10] ----------------------------------------------------------------
INFO: [SCHED 204-11] Starting scheduling ...
INFO: [SCHED 204-11] Finished scheduling.
WARNING: [HLS 200-1020] Increasing the depth of FIFO HwReg_OutVideoFormat_channel (from Block_entry3_proc_U0 to MultiPixStream2AXIvideo_U0) to 6 to improve performance and/or avoid deadlocks.
WARNING: [HLS 200-1020] Increasing the depth of FIFO HwReg_ColStart_channel (from Block_entry3_proc_U0 to v_csc_core_U0) to 4 to improve performance and/or avoid deadlocks.
WARNING: [HLS 200-1020] Increasing the depth of FIFO HwReg_ColEnd_channel (from Block_entry3_proc_U0 to v_csc_core_U0) to 4 to improve performance and/or avoid deadlocks.
WARNING: [HLS 200-1020] Increasing the depth of FIFO HwReg_RowStart_channel (from Block_entry3_proc_U0 to v_csc_core_U0) to 4 to improve performance and/or avoid deadlocks.
WARNING: [HLS 200-1020] Increasing the depth of FIFO HwReg_RowEnd_channel (from Block_entry3_proc_U0 to v_csc_core_U0) to 4 to improve performance and/or avoid deadlocks.
WARNING: [HLS 200-1020] Increasing the depth of FIFO HwReg_K11_channel (from Block_entry3_proc_U0 to v_csc_core_U0) to 4 to improve performance and/or avoid deadlocks.
WARNING: [HLS 200-1020] Increasing the depth of FIFO HwReg_K12_channel (from Block_entry3_proc_U0 to v_csc_core_U0) to 4 to improve performance and/or avoid deadlocks.
WARNING: [HLS 200-1020] Increasing the depth of FIFO HwReg_K13_channel (from Block_entry3_proc_U0 to v_csc_core_U0) to 4 to improve performance and/or avoid deadlocks.
WARNING: [HLS 200-1020] Increasing the depth of FIFO HwReg_K21_channel (from Block_entry3_proc_U0 to v_csc_core_U0) to 4 to improve performance and/or avoid deadlocks.
WARNING: [HLS 200-1020] Increasing the depth of FIFO HwReg_K22_channel (from Block_entry3_proc_U0 to v_csc_core_U0) to 4 to improve performance and/or avoid deadlocks.
WARNING: [HLS 200-1020] Increasing the depth of FIFO HwReg_K23_channel (from Block_entry3_proc_U0 to v_csc_core_U0) to 4 to improve performance and/or avoid deadlocks.
WARNING: [HLS 200-1020] Increasing the depth of FIFO HwReg_K31_channel (from Block_entry3_proc_U0 to v_csc_core_U0) to 4 to improve performance and/or avoid deadlocks.
WARNING: [HLS 200-1020] Increasing the depth of FIFO HwReg_K32_channel (from Block_entry3_proc_U0 to v_csc_core_U0) to 4 to improve performance and/or avoid deadlocks.
WARNING: [HLS 200-1020] Increasing the depth of FIFO HwReg_K33_channel (from Block_entry3_proc_U0 to v_csc_core_U0) to 4 to improve performance and/or avoid deadlocks.
WARNING: [HLS 200-1020] Increasing the depth of FIFO HwReg_ROffset_V_channel (from Block_entry3_proc_U0 to v_csc_core_U0) to 4 to improve performance and/or avoid deadlocks.
WARNING: [HLS 200-1020] Increasing the depth of FIFO HwReg_GOffset_V_channel (from Block_entry3_proc_U0 to v_csc_core_U0) to 4 to improve performance and/or avoid deadlocks.
WARNING: [HLS 200-1020] Increasing the depth of FIFO HwReg_BOffset_V_channel (from Block_entry3_proc_U0 to v_csc_core_U0) to 4 to improve performance and/or avoid deadlocks.
WARNING: [HLS 200-1020] Increasing the depth of FIFO HwReg_ClampMin_V_channel (from Block_entry3_proc_U0 to v_csc_core_U0) to 4 to improve performance and/or avoid deadlocks.
WARNING: [HLS 200-1020] Increasing the depth of FIFO HwReg_ClipMax_V_channel (from Block_entry3_proc_U0 to v_csc_core_U0) to 4 to improve performance and/or avoid deadlocks.
WARNING: [HLS 200-1020] Increasing the depth of FIFO HwReg_K11_2_channel (from Block_entry3_proc_U0 to v_csc_core_U0) to 4 to improve performance and/or avoid deadlocks.
WARNING: [HLS 200-1020] Increasing the depth of FIFO HwReg_K12_2_channel (from Block_entry3_proc_U0 to v_csc_core_U0) to 4 to improve performance and/or avoid deadlocks.
WARNING: [HLS 200-1020] Increasing the depth of FIFO HwReg_K13_2_channel (from Block_entry3_proc_U0 to v_csc_core_U0) to 4 to improve performance and/or avoid deadlocks.
WARNING: [HLS 200-1020] Increasing the depth of FIFO HwReg_K21_2_channel (from Block_entry3_proc_U0 to v_csc_core_U0) to 4 to improve performance and/or avoid deadlocks.
WARNING: [HLS 200-1020] Increasing the depth of FIFO HwReg_K22_2_channel (from Block_entry3_proc_U0 to v_csc_core_U0) to 4 to improve performance and/or avoid deadlocks.
WARNING: [HLS 200-1020] Increasing the depth of FIFO HwReg_K23_2_channel (from Block_entry3_proc_U0 to v_csc_core_U0) to 4 to improve performance and/or avoid deadlocks.
WARNING: [HLS 200-1020] Increasing the depth of FIFO HwReg_K31_2_channel (from Block_entry3_proc_U0 to v_csc_core_U0) to 4 to improve performance and/or avoid deadlocks.
WARNING: [HLS 200-1020] Increasing the depth of FIFO HwReg_K32_2_channel (from Block_entry3_proc_U0 to v_csc_core_U0) to 4 to improve performance and/or avoid deadlocks.
WARNING: [HLS 200-1020] Increasing the depth of FIFO HwReg_K33_2_channel (from Block_entry3_proc_U0 to v_csc_core_U0) to 4 to improve performance and/or avoid deadlocks.
WARNING: [HLS 200-1020] Increasing the depth of FIFO HwReg_ROffset_2_V_channel (from Block_entry3_proc_U0 to v_csc_core_U0) to 4 to improve performance and/or avoid deadlocks.
WARNING: [HLS 200-1020] Increasing the depth of FIFO HwReg_GOffset_2_V_channel (from Block_entry3_proc_U0 to v_csc_core_U0) to 4 to improve performance and/or avoid deadlocks.
WARNING: [HLS 200-1020] Increasing the depth of FIFO HwReg_BOffset_2_V_channel (from Block_entry3_proc_U0 to v_csc_core_U0) to 4 to improve performance and/or avoid deadlocks.
WARNING: [HLS 200-1020] Increasing the depth of FIFO HwReg_ClampMin_2_V_channel (from Block_entry3_proc_U0 to v_csc_core_U0) to 4 to improve performance and/or avoid deadlocks.
WARNING: [HLS 200-1020] Increasing the depth of FIFO HwReg_ClipMax_2_V_channel (from Block_entry3_proc_U0 to v_csc_core_U0) to 4 to improve performance and/or avoid deadlocks.
WARNING: [HLS 200-1020] Increasing the depth of FIFO bPassThru_422_or_420_In_loc_channel (from Block_entry3_proc_U0 to v_hcresampler_core_U0) to 3 to improve performance and/or avoid deadlocks.
WARNING: [HLS 200-1020] Increasing the depth of FIFO bPassThru_422_or_420_Out_loc_channel (from Block_entry3_proc_U0 to v_hcresampler_core_1_U0) to 5 to improve performance and/or avoid deadlocks.
INFO: [HLS 200-111] Finished Scheduling: CPU user time: 0.27 seconds. CPU system time: 0.02 seconds. Elapsed time: 0.27 seconds; current allocated memory: 1.000 GB.
INFO: [BIND 205-100] Starting micro-architecture generation ...
INFO: [BIND 205-101] Performing variable lifetime analysis.
INFO: [BIND 205-101] Exploring resource sharing.
INFO: [BIND 205-101] Binding ...
INFO: [BIND 205-100] Finished micro-architecture generation.
INFO: [HLS 200-111] Finished Binding: CPU user time: 0.4 seconds. CPU system time: 0 seconds. Elapsed time: 0.4 seconds; current allocated memory: 1.000 GB.
INFO: [HLS 200-10] ----------------------------------------------------------------
INFO: [HLS 200-10] -- Generating RTL for module 'Block_entry3_proc' 
INFO: [HLS 200-10] ----------------------------------------------------------------
INFO: [RTGEN 206-100] Finished creating RTL model for 'Block_entry3_proc'.
INFO: [HLS 200-111] Finished Creating RTL model: CPU user time: 0.84 seconds. CPU system time: 0.01 seconds. Elapsed time: 0.85 seconds; current allocated memory: 1.000 GB.
INFO: [HLS 200-10] ----------------------------------------------------------------
INFO: [HLS 200-10] -- Generating RTL for module 'reg_unsigned_short_s' 
INFO: [HLS 200-10] ----------------------------------------------------------------
INFO: [RTGEN 206-100] Finished creating RTL model for 'reg_unsigned_short_s'.
INFO: [HLS 200-111] Finished Creating RTL model: CPU user time: 0.21 seconds. CPU system time: 0.01 seconds. Elapsed time: 0.22 seconds; current allocated memory: 1.001 GB.
INFO: [HLS 200-10] ----------------------------------------------------------------
INFO: [HLS 200-10] -- Generating RTL for module 'AXIvideo2MultiPixStream_Pipeline_loop_wait_for_start' 
INFO: [HLS 200-10] ----------------------------------------------------------------
INFO: [RTGEN 206-100] Finished creating RTL model for 'AXIvideo2MultiPixStream_Pipeline_loop_wait_for_start'.
INFO: [HLS 200-111] Finished Creating RTL model: CPU user time: 0.05 seconds. CPU system time: 0 seconds. Elapsed time: 0.05 seconds; current allocated memory: 1.002 GB.
INFO: [HLS 200-10] ----------------------------------------------------------------
INFO: [HLS 200-10] -- Generating RTL for module 'AXIvideo2MultiPixStream_Pipeline_loop_width' 
INFO: [HLS 200-10] ----------------------------------------------------------------
INFO: [HLS 200-1030] Apply Unified Pipeline Control on module 'AXIvideo2MultiPixStream_Pipeline_loop_width' pipeline 'loop_width' pipeline type 'loop pipeline'
INFO: [RTGEN 206-100] Finished creating RTL model for 'AXIvideo2MultiPixStream_Pipeline_loop_width'.
INFO: [HLS 200-111] Finished Creating RTL model: CPU user time: 0.08 seconds. CPU system time: 0 seconds. Elapsed time: 0.08 seconds; current allocated memory: 1.002 GB.
INFO: [HLS 200-10] ----------------------------------------------------------------
INFO: [HLS 200-10] -- Generating RTL for module 'AXIvideo2MultiPixStream_Pipeline_loop_wait_for_eol' 
INFO: [HLS 200-10] ----------------------------------------------------------------
INFO: [RTGEN 206-100] Finished creating RTL model for 'AXIvideo2MultiPixStream_Pipeline_loop_wait_for_eol'.
INFO: [HLS 200-111] Finished Creating RTL model: CPU user time: 0.22 seconds. CPU system time: 0.02 seconds. Elapsed time: 0.23 seconds; current allocated memory: 1.003 GB.
INFO: [HLS 200-10] ----------------------------------------------------------------
INFO: [HLS 200-10] -- Generating RTL for module 'AXIvideo2MultiPixStream' 
INFO: [HLS 200-10] ----------------------------------------------------------------
INFO: [RTGEN 206-100] Finished creating RTL model for 'AXIvideo2MultiPixStream'.
INFO: [HLS 200-111] Finished Creating RTL model: CPU user time: 0.07 seconds. CPU system time: 0 seconds. Elapsed time: 0.07 seconds; current allocated memory: 1.004 GB.
INFO: [HLS 200-10] ----------------------------------------------------------------
INFO: [HLS 200-10] -- Generating RTL for module 'v_hcresampler_core_Pipeline_VITIS_LOOP_724_2' 
INFO: [HLS 200-10] ----------------------------------------------------------------
INFO: [HLS 200-1030] Apply Unified Pipeline Control on module 'v_hcresampler_core_Pipeline_VITIS_LOOP_724_2' pipeline 'VITIS_LOOP_724_2' pipeline type 'loop pipeline'
INFO: [RTGEN 206-100] Finished creating RTL model for 'v_hcresampler_core_Pipeline_VITIS_LOOP_724_2'.
INFO: [HLS 200-111] Finished Creating RTL model: CPU user time: 0.15 seconds. CPU system time: 0 seconds. Elapsed time: 0.15 seconds; current allocated memory: 1.006 GB.
INFO: [HLS 200-10] ----------------------------------------------------------------
INFO: [HLS 200-10] -- Generating RTL for module 'v_hcresampler_core' 
INFO: [HLS 200-10] ----------------------------------------------------------------
INFO: [RTGEN 206-100] Finished creating RTL model for 'v_hcresampler_core'.
INFO: [HLS 200-111] Finished Creating RTL model: CPU user time: 0.58 seconds. CPU system time: 0 seconds. Elapsed time: 0.58 seconds; current allocated memory: 1.009 GB.
INFO: [HLS 200-10] ----------------------------------------------------------------
INFO: [HLS 200-10] -- Generating RTL for module 'v_csc_core_Pipeline_VITIS_LOOP_91_2' 
INFO: [HLS 200-10] ----------------------------------------------------------------
INFO: [HLS 200-1030] Apply Unified Pipeline Control on module 'v_csc_core_Pipeline_VITIS_LOOP_91_2' pipeline 'VITIS_LOOP_91_2' pipeline type 'loop pipeline'
INFO: [RTGEN 206-100] Generating core module 'mac_muladd_16s_8ns_12ns_24_4_1': 3 instance(s).
INFO: [RTGEN 206-100] Generating core module 'mac_muladd_8ns_16s_22s_25_4_1': 3 instance(s).
INFO: [RTGEN 206-100] Generating core module 'mul_mul_16s_8ns_24_4_1': 3 instance(s).
INFO: [RTGEN 206-100] Finished creating RTL model for 'v_csc_core_Pipeline_VITIS_LOOP_91_2'.
INFO: [HLS 200-111] Finished Creating RTL model: CPU user time: 0.39 seconds. CPU system time: 0.01 seconds. Elapsed time: 0.4 seconds; current allocated memory: 1.011 GB.
INFO: [HLS 200-10] ----------------------------------------------------------------
INFO: [HLS 200-10] -- Generating RTL for module 'v_csc_core' 
INFO: [HLS 200-10] ----------------------------------------------------------------
INFO: [RTGEN 206-100] Finished creating RTL model for 'v_csc_core'.
INFO: [HLS 200-111] Finished Creating RTL model: CPU user time: 0.94 seconds. CPU system time: 0.01 seconds. Elapsed time: 0.95 seconds; current allocated memory: 1.015 GB.
INFO: [HLS 200-10] ----------------------------------------------------------------
INFO: [HLS 200-10] -- Generating RTL for module 'v_hcresampler_core_1_Pipeline_VITIS_LOOP_724_2' 
INFO: [HLS 200-10] ----------------------------------------------------------------
INFO: [HLS 200-1030] Apply Unified Pipeline Control on module 'v_hcresampler_core_1_Pipeline_VITIS_LOOP_724_2' pipeline 'VITIS_LOOP_724_2' pipeline type 'loop pipeline'
INFO: [RTGEN 206-100] Generating core module 'mux_432_8_1_1': 1 instance(s).
INFO: [RTGEN 206-100] Finished creating RTL model for 'v_hcresampler_core_1_Pipeline_VITIS_LOOP_724_2'.
INFO: [HLS 200-111] Finished Creating RTL model: CPU user time: 0.39 seconds. CPU system time: 0.01 seconds. Elapsed time: 0.41 seconds; current allocated memory: 1.017 GB.
INFO: [HLS 200-10] ----------------------------------------------------------------
INFO: [HLS 200-10] -- Generating RTL for module 'v_hcresampler_core_1' 
INFO: [HLS 200-10] ----------------------------------------------------------------
INFO: [RTGEN 206-100] Finished creating RTL model for 'v_hcresampler_core_1'.
INFO: [HLS 200-111] Finished Creating RTL model: CPU user time: 0.32 seconds. CPU system time: 0.01 seconds. Elapsed time: 0.34 seconds; current allocated memory: 1.019 GB.
INFO: [HLS 200-10] ----------------------------------------------------------------
INFO: [HLS 200-10] -- Generating RTL for module 'MultiPixStream2AXIvideo_Pipeline_VITIS_LOOP_619_2' 
INFO: [HLS 200-10] ----------------------------------------------------------------
INFO: [HLS 200-1030] Apply Unified Pipeline Control on module 'MultiPixStream2AXIvideo_Pipeline_VITIS_LOOP_619_2' pipeline 'VITIS_LOOP_619_2' pipeline type 'loop pipeline'
INFO: [RTGEN 206-100] Finished creating RTL model for 'MultiPixStream2AXIvideo_Pipeline_VITIS_LOOP_619_2'.
INFO: [HLS 200-111] Finished Creating RTL model: CPU user time: 0.2 seconds. CPU system time: 0 seconds. Elapsed time: 0.2 seconds; current allocated memory: 1.021 GB.
INFO: [HLS 200-10] ----------------------------------------------------------------
INFO: [HLS 200-10] -- Generating RTL for module 'MultiPixStream2AXIvideo' 
INFO: [HLS 200-10] ----------------------------------------------------------------
INFO: [RTGEN 206-100] Finished creating RTL model for 'MultiPixStream2AXIvideo'.
INFO: [HLS 200-111] Finished Creating RTL model: CPU user time: 0.13 seconds. CPU system time: 0.02 seconds. Elapsed time: 0.13 seconds; current allocated memory: 1.022 GB.
INFO: [HLS 200-10] ----------------------------------------------------------------
INFO: [HLS 200-10] -- Generating RTL for module 'v_csc' 
INFO: [HLS 200-10] ----------------------------------------------------------------
WARNING: [RTGEN 206-101] Design contains AXI ports. Reset is fixed to synchronous and active low.
INFO: [RTGEN 206-500] Setting interface mode on port 'v_csc/s_axis_video_V_data_V' to 'axis' (register, both mode).
INFO: [RTGEN 206-500] Setting interface mode on port 'v_csc/s_axis_video_V_keep_V' to 'axis' (register, both mode).
INFO: [RTGEN 206-500] Setting interface mode on port 'v_csc/s_axis_video_V_strb_V' to 'axis' (register, both mode).
INFO: [RTGEN 206-500] Setting interface mode on port 'v_csc/s_axis_video_V_user_V' to 'axis' (register, both mode).
INFO: [RTGEN 206-500] Setting interface mode on port 'v_csc/s_axis_video_V_last_V' to 'axis' (register, both mode).
INFO: [RTGEN 206-500] Setting interface mode on port 'v_csc/s_axis_video_V_id_V' to 'axis' (register, both mode).
INFO: [RTGEN 206-500] Setting interface mode on port 'v_csc/s_axis_video_V_dest_V' to 'axis' (register, both mode).
INFO: [RTGEN 206-500] Setting interface mode on port 'v_csc/InVideoFormat' to 's_axilite & ap_none'.
INFO: [RTGEN 206-500] Setting interface mode on port 'v_csc/OutVideoFormat' to 's_axilite & ap_none'.
INFO: [RTGEN 206-500] Setting interface mode on port 'v_csc/width' to 's_axilite & ap_none'.
INFO: [RTGEN 206-500] Setting interface mode on port 'v_csc/height' to 's_axilite & ap_none'.
INFO: [RTGEN 206-500] Setting interface mode on port 'v_csc/ColStart' to 's_axilite & ap_none'.
INFO: [RTGEN 206-500] Setting interface mode on port 'v_csc/ColEnd' to 's_axilite & ap_none'.
INFO: [RTGEN 206-500] Setting interface mode on port 'v_csc/RowStart' to 's_axilite & ap_none'.
INFO: [RTGEN 206-500] Setting interface mode on port 'v_csc/RowEnd' to 's_axilite & ap_none'.
INFO: [RTGEN 206-500] Setting interface mode on port 'v_csc/K11' to 's_axilite & ap_none'.
INFO: [RTGEN 206-500] Setting interface mode on port 'v_csc/K12' to 's_axilite & ap_none'.
INFO: [RTGEN 206-500] Setting interface mode on port 'v_csc/K13' to 's_axilite & ap_none'.
INFO: [RTGEN 206-500] Setting interface mode on port 'v_csc/K21' to 's_axilite & ap_none'.
INFO: [RTGEN 206-500] Setting interface mode on port 'v_csc/K22' to 's_axilite & ap_none'.
INFO: [RTGEN 206-500] Setting interface mode on port 'v_csc/K23' to 's_axilite & ap_none'.
INFO: [RTGEN 206-500] Setting interface mode on port 'v_csc/K31' to 's_axilite & ap_none'.
INFO: [RTGEN 206-500] Setting interface mode on port 'v_csc/K32' to 's_axilite & ap_none'.
INFO: [RTGEN 206-500] Setting interface mode on port 'v_csc/K33' to 's_axilite & ap_none'.
INFO: [RTGEN 206-500] Setting interface mode on port 'v_csc/ROffset' to 's_axilite & ap_none'.
INFO: [RTGEN 206-500] Setting interface mode on port 'v_csc/GOffset' to 's_axilite & ap_none'.
INFO: [RTGEN 206-500] Setting interface mode on port 'v_csc/BOffset' to 's_axilite & ap_none'.
INFO: [RTGEN 206-500] Setting interface mode on port 'v_csc/ClampMin' to 's_axilite & ap_none'.
INFO: [RTGEN 206-500] Setting interface mode on port 'v_csc/ClipMax' to 's_axilite & ap_none'.
INFO: [RTGEN 206-500] Setting interface mode on port 'v_csc/K11_2' to 's_axilite & ap_none'.
INFO: [RTGEN 206-500] Setting interface mode on port 'v_csc/K12_2' to 's_axilite & ap_none'.
INFO: [RTGEN 206-500] Setting interface mode on port 'v_csc/K13_2' to 's_axilite & ap_none'.
INFO: [RTGEN 206-500] Setting interface mode on port 'v_csc/K21_2' to 's_axilite & ap_none'.
INFO: [RTGEN 206-500] Setting interface mode on port 'v_csc/K22_2' to 's_axilite & ap_none'.
INFO: [RTGEN 206-500] Setting interface mode on port 'v_csc/K23_2' to 's_axilite & ap_none'.
INFO: [RTGEN 206-500] Setting interface mode on port 'v_csc/K31_2' to 's_axilite & ap_none'.
INFO: [RTGEN 206-500] Setting interface mode on port 'v_csc/K32_2' to 's_axilite & ap_none'.
INFO: [RTGEN 206-500] Setting interface mode on port 'v_csc/K33_2' to 's_axilite & ap_none'.
INFO: [RTGEN 206-500] Setting interface mode on port 'v_csc/ROffset_2' to 's_axilite & ap_none'.
INFO: [RTGEN 206-500] Setting interface mode on port 'v_csc/GOffset_2' to 's_axilite & ap_none'.
INFO: [RTGEN 206-500] Setting interface mode on port 'v_csc/BOffset_2' to 's_axilite & ap_none'.
INFO: [RTGEN 206-500] Setting interface mode on port 'v_csc/ClampMin_2' to 's_axilite & ap_none'.
INFO: [RTGEN 206-500] Setting interface mode on port 'v_csc/ClipMax_2' to 's_axilite & ap_none'.
INFO: [RTGEN 206-500] Setting interface mode on port 'v_csc/m_axis_video_V_data_V' to 'axis' (register, both mode).
INFO: [RTGEN 206-500] Setting interface mode on port 'v_csc/m_axis_video_V_keep_V' to 'axis' (register, both mode).
INFO: [RTGEN 206-500] Setting interface mode on port 'v_csc/m_axis_video_V_strb_V' to 'axis' (register, both mode).
INFO: [RTGEN 206-500] Setting interface mode on port 'v_csc/m_axis_video_V_user_V' to 'axis' (register, both mode).
INFO: [RTGEN 206-500] Setting interface mode on port 'v_csc/m_axis_video_V_last_V' to 'axis' (register, both mode).
INFO: [RTGEN 206-500] Setting interface mode on port 'v_csc/m_axis_video_V_id_V' to 'axis' (register, both mode).
INFO: [RTGEN 206-500] Setting interface mode on port 'v_csc/m_axis_video_V_dest_V' to 'axis' (register, both mode).
INFO: [RTGEN 206-500] Setting interface mode on function 'v_csc' to 's_axilite & ap_ctrl_hs'.
INFO: [RTGEN 206-100] Bundling port 'InVideoFormat', 'OutVideoFormat', 'width', 'height', 'ColStart', 'ColEnd', 'RowStart', 'RowEnd', 'K11', 'K12', 'K13', 'K21', 'K22', 'K23', 'K31', 'K32', 'K33', 'ROffset', 'GOffset', 'BOffset', 'ClampMin', 'ClipMax', 'K11_2', 'K12_2', 'K13_2', 'K21_2', 'K22_2', 'K23_2', 'K31_2', 'K32_2', 'K33_2', 'ROffset_2', 'GOffset_2', 'BOffset_2', 'ClampMin_2', 'ClipMax_2' to AXI-Lite port CTRL.
INFO: [RTGEN 206-100] Finished creating RTL model for 'v_csc'.
INFO: [HLS 200-111] Finished Creating RTL model: CPU user time: 0.34 seconds. CPU system time: 0 seconds. Elapsed time: 0.34 seconds; current allocated memory: 1.026 GB.
INFO: [RTMG 210-285] Implementing FIFO 'HwReg_InVideoFormat_channel_U(bd_3a92_csc_0_fifo_w8_d2_S)' using Shift Registers.
INFO: [RTMG 210-285] Implementing FIFO 'HwReg_OutVideoFormat_channel_U(bd_3a92_csc_0_fifo_w8_d6_S)' using Shift Registers.
INFO: [RTMG 210-285] Implementing FIFO 'HwReg_ColStart_channel_U(bd_3a92_csc_0_fifo_w16_d4_S)' using Shift Registers.
INFO: [RTMG 210-285] Implementing FIFO 'HwReg_ColEnd_channel_U(bd_3a92_csc_0_fifo_w16_d4_S)' using Shift Registers.
INFO: [RTMG 210-285] Implementing FIFO 'HwReg_RowStart_channel_U(bd_3a92_csc_0_fifo_w16_d4_S)' using Shift Registers.
INFO: [RTMG 210-285] Implementing FIFO 'HwReg_RowEnd_channel_U(bd_3a92_csc_0_fifo_w16_d4_S)' using Shift Registers.
INFO: [RTMG 210-285] Implementing FIFO 'HwReg_K11_channel_U(bd_3a92_csc_0_fifo_w16_d4_S)' using Shift Registers.
INFO: [RTMG 210-285] Implementing FIFO 'HwReg_K12_channel_U(bd_3a92_csc_0_fifo_w16_d4_S)' using Shift Registers.
INFO: [RTMG 210-285] Implementing FIFO 'HwReg_K13_channel_U(bd_3a92_csc_0_fifo_w16_d4_S)' using Shift Registers.
INFO: [RTMG 210-285] Implementing FIFO 'HwReg_K21_channel_U(bd_3a92_csc_0_fifo_w16_d4_S)' using Shift Registers.
INFO: [RTMG 210-285] Implementing FIFO 'HwReg_K22_channel_U(bd_3a92_csc_0_fifo_w16_d4_S)' using Shift Registers.
INFO: [RTMG 210-285] Implementing FIFO 'HwReg_K23_channel_U(bd_3a92_csc_0_fifo_w16_d4_S)' using Shift Registers.
INFO: [RTMG 210-285] Implementing FIFO 'HwReg_K31_channel_U(bd_3a92_csc_0_fifo_w16_d4_S)' using Shift Registers.
INFO: [RTMG 210-285] Implementing FIFO 'HwReg_K32_channel_U(bd_3a92_csc_0_fifo_w16_d4_S)' using Shift Registers.
INFO: [RTMG 210-285] Implementing FIFO 'HwReg_K33_channel_U(bd_3a92_csc_0_fifo_w16_d4_S)' using Shift Registers.
INFO: [RTMG 210-285] Implementing FIFO 'HwReg_ROffset_V_channel_U(bd_3a92_csc_0_fifo_w10_d4_S)' using Shift Registers.
INFO: [RTMG 210-285] Implementing FIFO 'HwReg_GOffset_V_channel_U(bd_3a92_csc_0_fifo_w10_d4_S)' using Shift Registers.
INFO: [RTMG 210-285] Implementing FIFO 'HwReg_BOffset_V_channel_U(bd_3a92_csc_0_fifo_w10_d4_S)' using Shift Registers.
INFO: [RTMG 210-285] Implementing FIFO 'HwReg_ClampMin_V_channel_U(bd_3a92_csc_0_fifo_w8_d4_S)' using Shift Registers.
INFO: [RTMG 210-285] Implementing FIFO 'HwReg_ClipMax_V_channel_U(bd_3a92_csc_0_fifo_w8_d4_S)' using Shift Registers.
INFO: [RTMG 210-285] Implementing FIFO 'HwReg_K11_2_channel_U(bd_3a92_csc_0_fifo_w16_d4_S)' using Shift Registers.
INFO: [RTMG 210-285] Implementing FIFO 'HwReg_K12_2_channel_U(bd_3a92_csc_0_fifo_w16_d4_S)' using Shift Registers.
INFO: [RTMG 210-285] Implementing FIFO 'HwReg_K13_2_channel_U(bd_3a92_csc_0_fifo_w16_d4_S)' using Shift Registers.
INFO: [RTMG 210-285] Implementing FIFO 'HwReg_K21_2_channel_U(bd_3a92_csc_0_fifo_w16_d4_S)' using Shift Registers.
INFO: [RTMG 210-285] Implementing FIFO 'HwReg_K22_2_channel_U(bd_3a92_csc_0_fifo_w16_d4_S)' using Shift Registers.
INFO: [RTMG 210-285] Implementing FIFO 'HwReg_K23_2_channel_U(bd_3a92_csc_0_fifo_w16_d4_S)' using Shift Registers.
INFO: [RTMG 210-285] Implementing FIFO 'HwReg_K31_2_channel_U(bd_3a92_csc_0_fifo_w16_d4_S)' using Shift Registers.
INFO: [RTMG 210-285] Implementing FIFO 'HwReg_K32_2_channel_U(bd_3a92_csc_0_fifo_w16_d4_S)' using Shift Registers.
INFO: [RTMG 210-285] Implementing FIFO 'HwReg_K33_2_channel_U(bd_3a92_csc_0_fifo_w16_d4_S)' using Shift Registers.
INFO: [RTMG 210-285] Implementing FIFO 'HwReg_ROffset_2_V_channel_U(bd_3a92_csc_0_fifo_w10_d4_S)' using Shift Registers.
INFO: [RTMG 210-285] Implementing FIFO 'HwReg_GOffset_2_V_channel_U(bd_3a92_csc_0_fifo_w10_d4_S)' using Shift Registers.
INFO: [RTMG 210-285] Implementing FIFO 'HwReg_BOffset_2_V_channel_U(bd_3a92_csc_0_fifo_w10_d4_S)' using Shift Registers.
INFO: [RTMG 210-285] Implementing FIFO 'HwReg_ClampMin_2_V_channel_U(bd_3a92_csc_0_fifo_w8_d4_S)' using Shift Registers.
INFO: [RTMG 210-285] Implementing FIFO 'HwReg_ClipMax_2_V_channel_U(bd_3a92_csc_0_fifo_w8_d4_S)' using Shift Registers.
INFO: [RTMG 210-285] Implementing FIFO 'bPassThru_422_or_420_In_loc_channel_U(bd_3a92_csc_0_fifo_w1_d3_S)' using Shift Registers.
INFO: [RTMG 210-285] Implementing FIFO 'bPassThru_422_or_420_Out_loc_channel_U(bd_3a92_csc_0_fifo_w1_d5_S)' using Shift Registers.
INFO: [RTMG 210-285] Implementing FIFO 'HwReg_width_c18_channel_U(bd_3a92_csc_0_fifo_w11_d2_S)' using Shift Registers.
INFO: [RTMG 210-285] Implementing FIFO 'HwReg_height_c22_channel_U(bd_3a92_csc_0_fifo_w11_d2_S)' using Shift Registers.
INFO: [RTMG 210-285] Implementing FIFO 'stream_in_U(bd_3a92_csc_0_fifo_w24_d16_S)' using Shift Registers.
INFO: [RTMG 210-285] Implementing FIFO 'HwReg_width_c17_U(bd_3a92_csc_0_fifo_w11_d2_S)' using Shift Registers.
INFO: [RTMG 210-285] Implementing FIFO 'HwReg_height_c21_U(bd_3a92_csc_0_fifo_w11_d2_S)' using Shift Registers.
INFO: [RTMG 210-285] Implementing FIFO 'stream_in_hresampled_U(bd_3a92_csc_0_fifo_w24_d16_S)' using Shift Registers.
INFO: [RTMG 210-285] Implementing FIFO 'HwReg_width_c16_U(bd_3a92_csc_0_fifo_w11_d2_S)' using Shift Registers.
INFO: [RTMG 210-285] Implementing FIFO 'HwReg_height_c20_U(bd_3a92_csc_0_fifo_w11_d2_S)' using Shift Registers.
INFO: [RTMG 210-285] Implementing FIFO 'stream_csc_U(bd_3a92_csc_0_fifo_w24_d16_S)' using Shift Registers.
INFO: [RTMG 210-285] Implementing FIFO 'HwReg_width_c15_U(bd_3a92_csc_0_fifo_w11_d2_S)' using Shift Registers.
INFO: [RTMG 210-285] Implementing FIFO 'HwReg_height_c19_U(bd_3a92_csc_0_fifo_w11_d2_S)' using Shift Registers.
INFO: [RTMG 210-285] Implementing FIFO 'stream_out_hresampled_U(bd_3a92_csc_0_fifo_w24_d16_S)' using Shift Registers.
INFO: [RTMG 210-285] Implementing FIFO 'HwReg_width_c_U(bd_3a92_csc_0_fifo_w11_d2_S)' using Shift Registers.
INFO: [RTMG 210-285] Implementing FIFO 'HwReg_height_c_U(bd_3a92_csc_0_fifo_w11_d2_S)' using Shift Registers.
INFO: [HLS 200-111] Finished Generating all RTL models: CPU user time: 5.05 seconds. CPU system time: 0.1 seconds. Elapsed time: 5.16 seconds; current allocated memory: 1.031 GB.
INFO: [HLS 200-111] Finished Updating report files: CPU user time: 5.62 seconds. CPU system time: 0.05 seconds. Elapsed time: 5.67 seconds; current allocated memory: 1.041 GB.
