

================================================================
== Vitis HLS Report for 'AXIvideo2MultiPixStream'
================================================================
* Date:           Mon Aug 29 12:25:40 2022

* Version:        2022.1 (Build 3526262 on Mon Apr 18 15:47:01 MDT 2022)
* Project:        prj
* Solution:       sol (Vivado IP Flow Target)
* Product family: zynq
* Target device:  xc7z020-clg484-1


================================================================
== Performance Estimates
================================================================
+ Timing: 
    * Summary: 
    +--------+---------+----------+------------+
    |  Clock |  Target | Estimated| Uncertainty|
    +--------+---------+----------+------------+
    |ap_clk  |  5.62 ns|  5.132 ns|     1.52 ns|
    +--------+---------+----------+------------+

+ Latency: 
    * Summary: 
    +---------+---------+-----------+-----------+-----+---------+---------+
    |  Latency (cycles) |   Latency (absolute)  |    Interval   | Pipeline|
    |   min   |   max   |    min    |    max    | min |   max   |   Type  |
    +---------+---------+-----------+-----------+-----+---------+---------+
    |        7|  2085487|  39.375 ns|  11.731 ms|    7|  2085487|       no|
    +---------+---------+-----------+-----------+-----+---------+---------+

    + Detail: 
        * Instance: 
        +-----------------------------------------------------------------+------------------------------------------------------+---------+---------+-----------+-----------+-----+------+---------+
        |                                                                 |                                                      |  Latency (cycles) |   Latency (absolute)  |  Interval  | Pipeline|
        |                             Instance                            |                        Module                        |   min   |   max   |    min    |    max    | min |  max |   Type  |
        +-----------------------------------------------------------------+------------------------------------------------------+---------+---------+-----------+-----------+-----+------+---------+
        |grp_AXIvideo2MultiPixStream_Pipeline_loop_wait_for_start_fu_197  |AXIvideo2MultiPixStream_Pipeline_loop_wait_for_start  |        2|        2|  11.250 ns|  11.250 ns|    2|     2|       no|
        |grp_AXIvideo2MultiPixStream_Pipeline_loop_width_fu_217           |AXIvideo2MultiPixStream_Pipeline_loop_width           |        3|     1922|  16.875 ns|  10.811 us|    3|  1922|       no|
        |grp_AXIvideo2MultiPixStream_Pipeline_loop_wait_for_eol_fu_246    |AXIvideo2MultiPixStream_Pipeline_loop_wait_for_eol    |        2|        2|  11.250 ns|  11.250 ns|    2|     2|       no|
        |grp_reg_unsigned_short_s_fu_282                                  |reg_unsigned_short_s                                  |        1|        1|   5.625 ns|   5.625 ns|    1|     1|      yes|
        |grp_reg_unsigned_short_s_fu_287                                  |reg_unsigned_short_s                                  |        1|        1|   5.625 ns|   5.625 ns|    1|     1|      yes|
        +-----------------------------------------------------------------+------------------------------------------------------+---------+---------+-----------+-----------+-----+------+---------+

        * Loop: 
        +---------------+---------+---------+----------+-----------+-----------+----------+----------+
        |               |  Latency (cycles) | Iteration|  Initiation Interval  |   Trip   |          |
        |   Loop Name   |   min   |   max   |  Latency |  achieved |   target  |   Count  | Pipelined|
        +---------------+---------+---------+----------+-----------+-----------+----------+----------+
        |- loop_height  |        1|  2085481|  8 ~ 1931|          -|          -|  0 ~ 1080|        no|
        +---------------+---------+---------+----------+-----------+-----------+----------+----------+



================================================================
== Utilization Estimates
================================================================
* Summary: 
+-----------------+---------+-----+--------+-------+-----+
|       Name      | BRAM_18K| DSP |   FF   |  LUT  | URAM|
+-----------------+---------+-----+--------+-------+-----+
|DSP              |        -|    -|       -|      -|    -|
|Expression       |        -|    -|       0|     58|    -|
|FIFO             |        -|    -|       -|      -|    -|
|Instance         |        -|    -|      70|    279|    -|
|Memory           |        -|    -|       -|      -|    -|
|Multiplexer      |        -|    -|       -|    202|    -|
|Register         |        -|    -|     138|      -|    -|
+-----------------+---------+-----+--------+-------+-----+
|Total            |        0|    0|     208|    539|    0|
+-----------------+---------+-----+--------+-------+-----+
|Available        |      280|  220|  106400|  53200|    0|
+-----------------+---------+-----+--------+-------+-----+
|Utilization (%)  |        0|    0|      ~0|      1|    0|
+-----------------+---------+-----+--------+-------+-----+

+ Detail: 
    * Instance: 
    +-----------------------------------------------------------------+------------------------------------------------------+---------+----+----+-----+-----+
    |                             Instance                            |                        Module                        | BRAM_18K| DSP| FF | LUT | URAM|
    +-----------------------------------------------------------------+------------------------------------------------------+---------+----+----+-----+-----+
    |grp_AXIvideo2MultiPixStream_Pipeline_loop_wait_for_eol_fu_246    |AXIvideo2MultiPixStream_Pipeline_loop_wait_for_eol    |        0|   0|   4|   52|    0|
    |grp_AXIvideo2MultiPixStream_Pipeline_loop_wait_for_start_fu_197  |AXIvideo2MultiPixStream_Pipeline_loop_wait_for_start  |        0|   0|   3|   34|    0|
    |grp_AXIvideo2MultiPixStream_Pipeline_loop_width_fu_217           |AXIvideo2MultiPixStream_Pipeline_loop_width           |        0|   0|  41|  193|    0|
    |grp_reg_unsigned_short_s_fu_282                                  |reg_unsigned_short_s                                  |        0|   0|  11|    0|    0|
    |grp_reg_unsigned_short_s_fu_287                                  |reg_unsigned_short_s                                  |        0|   0|  11|    0|    0|
    +-----------------------------------------------------------------+------------------------------------------------------+---------+----+----+-----+-----+
    |Total                                                            |                                                      |        0|   0|  70|  279|    0|
    +-----------------------------------------------------------------+------------------------------------------------------+---------+----+----+-----+-----+

    * DSP: 
    N/A

    * Memory: 
    N/A

    * FIFO: 
    N/A

    * Expression: 
    +------------------------+----------+----+---+----+------------+------------+
    |      Variable Name     | Operation| DSP| FF| LUT| Bitwidth P0| Bitwidth P1|
    +------------------------+----------+----+---+----+------------+------------+
    |i_4_fu_321_p2           |         +|   0|  0|  12|          11|           1|
    |cmp8748_fu_295_p2       |      icmp|   0|  0|  11|          11|           1|
    |icmp_ln767_fu_316_p2    |      icmp|   0|  0|  11|          11|          11|
    |icmp_ln797_1_fu_307_p2  |      icmp|   0|  0|  11|           8|           1|
    |icmp_ln797_fu_301_p2    |      icmp|   0|  0|  11|           8|           1|
    |ap_block_state1         |        or|   0|  0|   2|           1|           1|
    +------------------------+----------+----+---+----+------------+------------+
    |Total                   |          |   0|  0|  58|          50|          16|
    +------------------------+----------+----+---+----+------------+------------+

    * Multiplexer: 
    +----------------------------------+----+-----------+-----+-----------+
    |               Name               | LUT| Input Size| Bits| Total Bits|
    +----------------------------------+----+-----------+-----+-----------+
    |ColorMode_blk_n                   |   9|          2|    1|          2|
    |Height_blk_n                      |   9|          2|    1|          2|
    |HwReg_HeightIn_c_blk_n            |   9|          2|    1|          2|
    |HwReg_Width_c13_blk_n             |   9|          2|    1|          2|
    |SrcYUV_write                      |   9|          2|    1|          2|
    |WidthIn_blk_n                     |   9|          2|    1|          2|
    |ap_NS_fsm                         |  65|         12|    1|         12|
    |ap_done                           |   9|          2|    1|          2|
    |axi_data_2_lcssa_reg_164          |   9|          2|   24|         48|
    |axi_data_V_14_fu_96               |   9|          2|   24|         48|
    |axi_last_2_lcssa_reg_174          |   9|          2|    1|          2|
    |axi_last_V_2_reg_154              |   9|          2|    1|          2|
    |eol_0_lcssa_reg_185               |   9|          2|    1|          2|
    |i_fu_92                           |   9|          2|   11|         22|
    |s_axis_video_TREADY_int_regslice  |  20|          4|    1|          4|
    +----------------------------------+----+-----------+-----+-----------+
    |Total                             | 202|         42|   71|        154|
    +----------------------------------+----+-----------+-----+-----------+

    * Register: 
    +------------------------------------------------------------------------------+----+----+-----+-----------+
    |                                     Name                                     | FF | LUT| Bits| Const Bits|
    +------------------------------------------------------------------------------+----+----+-----+-----------+
    |Height_read_reg_403                                                           |  11|   0|   11|          0|
    |WidthIn_read_reg_398                                                          |  11|   0|   11|          0|
    |ap_CS_fsm                                                                     |  11|   0|   11|          0|
    |ap_done_reg                                                                   |   1|   0|    1|          0|
    |axi_data_2_lcssa_reg_164                                                      |  24|   0|   24|          0|
    |axi_data_V_14_fu_96                                                           |  24|   0|   24|          0|
    |axi_last_2_lcssa_reg_174                                                      |   1|   0|    1|          0|
    |axi_last_V_2_reg_154                                                          |   1|   0|    1|          0|
    |axi_last_V_4_loc_fu_104                                                       |   1|   0|    1|          0|
    |cmp8748_reg_421                                                               |   1|   0|    1|          0|
    |cols_reg_413                                                                  |  11|   0|   11|          0|
    |eol_0_lcssa_reg_185                                                           |   1|   0|    1|          0|
    |grp_AXIvideo2MultiPixStream_Pipeline_loop_wait_for_eol_fu_246_ap_start_reg    |   1|   0|    1|          0|
    |grp_AXIvideo2MultiPixStream_Pipeline_loop_wait_for_start_fu_197_ap_start_reg  |   1|   0|    1|          0|
    |grp_AXIvideo2MultiPixStream_Pipeline_loop_width_fu_217_ap_start_reg           |   1|   0|    1|          0|
    |i_4_reg_439                                                                   |  11|   0|   11|          0|
    |i_fu_92                                                                       |  11|   0|   11|          0|
    |icmp_ln767_reg_435                                                            |   1|   0|    1|          0|
    |icmp_ln797_1_reg_430                                                          |   1|   0|    1|          0|
    |icmp_ln797_reg_425                                                            |   1|   0|    1|          0|
    |rows_reg_408                                                                  |  11|   0|   11|          0|
    |sof_fu_100                                                                    |   1|   0|    1|          0|
    +------------------------------------------------------------------------------+----+----+-----+-----------+
    |Total                                                                         | 138|   0|  138|          0|
    +------------------------------------------------------------------------------+----+----+-----+-----------+



================================================================
== Interface
================================================================
* Summary: 
+---------------------------------+-----+-----+------------+-------------------------+--------------+
|            RTL Ports            | Dir | Bits|  Protocol  |      Source Object      |    C Type    |
+---------------------------------+-----+-----+------------+-------------------------+--------------+
|ap_clk                           |   in|    1|  ap_ctrl_hs|  AXIvideo2MultiPixStream|  return value|
|ap_rst                           |   in|    1|  ap_ctrl_hs|  AXIvideo2MultiPixStream|  return value|
|ap_start                         |   in|    1|  ap_ctrl_hs|  AXIvideo2MultiPixStream|  return value|
|ap_done                          |  out|    1|  ap_ctrl_hs|  AXIvideo2MultiPixStream|  return value|
|ap_continue                      |   in|    1|  ap_ctrl_hs|  AXIvideo2MultiPixStream|  return value|
|ap_idle                          |  out|    1|  ap_ctrl_hs|  AXIvideo2MultiPixStream|  return value|
|ap_ready                         |  out|    1|  ap_ctrl_hs|  AXIvideo2MultiPixStream|  return value|
|s_axis_video_TDATA               |   in|   24|        axis|    s_axis_video_V_data_V|       pointer|
|s_axis_video_TVALID              |   in|    1|        axis|    s_axis_video_V_dest_V|       pointer|
|s_axis_video_TREADY              |  out|    1|        axis|    s_axis_video_V_dest_V|       pointer|
|s_axis_video_TDEST               |   in|    1|        axis|    s_axis_video_V_dest_V|       pointer|
|s_axis_video_TKEEP               |   in|    3|        axis|    s_axis_video_V_keep_V|       pointer|
|s_axis_video_TSTRB               |   in|    3|        axis|    s_axis_video_V_strb_V|       pointer|
|s_axis_video_TUSER               |   in|    1|        axis|    s_axis_video_V_user_V|       pointer|
|s_axis_video_TLAST               |   in|    1|        axis|    s_axis_video_V_last_V|       pointer|
|s_axis_video_TID                 |   in|    1|        axis|      s_axis_video_V_id_V|       pointer|
|SrcYUV_din                       |  out|   24|     ap_fifo|                   SrcYUV|       pointer|
|SrcYUV_num_data_valid            |   in|    5|     ap_fifo|                   SrcYUV|       pointer|
|SrcYUV_fifo_cap                  |   in|    5|     ap_fifo|                   SrcYUV|       pointer|
|SrcYUV_full_n                    |   in|    1|     ap_fifo|                   SrcYUV|       pointer|
|SrcYUV_write                     |  out|    1|     ap_fifo|                   SrcYUV|       pointer|
|Height_dout                      |   in|   11|     ap_fifo|                   Height|       pointer|
|Height_num_data_valid            |   in|    2|     ap_fifo|                   Height|       pointer|
|Height_fifo_cap                  |   in|    2|     ap_fifo|                   Height|       pointer|
|Height_empty_n                   |   in|    1|     ap_fifo|                   Height|       pointer|
|Height_read                      |  out|    1|     ap_fifo|                   Height|       pointer|
|WidthIn_dout                     |   in|   11|     ap_fifo|                  WidthIn|       pointer|
|WidthIn_num_data_valid           |   in|    2|     ap_fifo|                  WidthIn|       pointer|
|WidthIn_fifo_cap                 |   in|    2|     ap_fifo|                  WidthIn|       pointer|
|WidthIn_empty_n                  |   in|    1|     ap_fifo|                  WidthIn|       pointer|
|WidthIn_read                     |  out|    1|     ap_fifo|                  WidthIn|       pointer|
|ColorMode_dout                   |   in|    8|     ap_fifo|                ColorMode|       pointer|
|ColorMode_num_data_valid         |   in|    2|     ap_fifo|                ColorMode|       pointer|
|ColorMode_fifo_cap               |   in|    2|     ap_fifo|                ColorMode|       pointer|
|ColorMode_empty_n                |   in|    1|     ap_fifo|                ColorMode|       pointer|
|ColorMode_read                   |  out|    1|     ap_fifo|                ColorMode|       pointer|
|HwReg_HeightIn_c_din             |  out|   11|     ap_fifo|         HwReg_HeightIn_c|       pointer|
|HwReg_HeightIn_c_num_data_valid  |   in|    2|     ap_fifo|         HwReg_HeightIn_c|       pointer|
|HwReg_HeightIn_c_fifo_cap        |   in|    2|     ap_fifo|         HwReg_HeightIn_c|       pointer|
|HwReg_HeightIn_c_full_n          |   in|    1|     ap_fifo|         HwReg_HeightIn_c|       pointer|
|HwReg_HeightIn_c_write           |  out|    1|     ap_fifo|         HwReg_HeightIn_c|       pointer|
|HwReg_Width_c13_din              |  out|   11|     ap_fifo|          HwReg_Width_c13|       pointer|
|HwReg_Width_c13_num_data_valid   |   in|    2|     ap_fifo|          HwReg_Width_c13|       pointer|
|HwReg_Width_c13_fifo_cap         |   in|    2|     ap_fifo|          HwReg_Width_c13|       pointer|
|HwReg_Width_c13_full_n           |   in|    1|     ap_fifo|          HwReg_Width_c13|       pointer|
|HwReg_Width_c13_write            |  out|    1|     ap_fifo|          HwReg_Width_c13|       pointer|
+---------------------------------+-----+-----+------------+-------------------------+--------------+

