

================================================================
== Vitis HLS Report for 'v_vscaler'
================================================================
* Date:           Mon Aug 29 12:25:42 2022

* Version:        2022.1 (Build 3526262 on Mon Apr 18 15:47:01 MDT 2022)
* Project:        prj
* Solution:       sol (Vivado IP Flow Target)
* Product family: zynq
* Target device:  xc7z020-clg484-1


================================================================
== Performance Estimates
================================================================
+ Timing: 
    * Summary: 
    +--------+---------+----------+------------+
    |  Clock |  Target | Estimated| Uncertainty|
    +--------+---------+----------+------------+
    |ap_clk  |  5.62 ns|  5.132 ns|     1.52 ns|
    +--------+---------+----------+------------+

+ Latency: 
    * Summary: 
    +---------+---------+----------+-----------+-----+---------+----------+
    |  Latency (cycles) |  Latency (absolute)  |    Interval   | Pipeline |
    |   min   |   max   |    min   |    max    | min |   max   |   Type   |
    +---------+---------+----------+-----------+-----+---------+----------+
    |      394|  2108549|  2.216 us|  11.861 ms|  392|  2108547|  dataflow|
    +---------+---------+----------+-----------+-----+---------+----------+

    + Detail: 
        * Instance: 
        +----------------------------+-------------------------+---------+---------+-----------+-----------+-----+---------+---------+
        |                            |                         |  Latency (cycles) |   Latency (absolute)  |    Interval   | Pipeline|
        |          Instance          |          Module         |   min   |   max   |    min    |    max    | min |   max   |   Type  |
        +----------------------------+-------------------------+---------+---------+-----------+-----------+-----+---------+---------+
        |Block_entry4_proc_U0        |Block_entry4_proc        |        1|        1|   5.625 ns|   5.625 ns|    1|        1|       no|
        |AXIvideo2MultiPixStream_U0  |AXIvideo2MultiPixStream  |        7|  2085487|  39.375 ns|  11.731 ms|    7|  2085487|       no|
        |vscale_core_polyphase_U0    |vscale_core_polyphase    |      391|  2108546|   2.199 us|  11.861 ms|  391|  2108546|       no|
        |MultiPixStream2AXIvideo_U0  |MultiPixStream2AXIvideo  |        3|  2081163|  16.875 ns|  11.707 ms|    3|  2081163|       no|
        +----------------------------+-------------------------+---------+---------+-----------+-----------+-----+---------+---------+

        * Loop: 
        N/A



================================================================
== Utilization Estimates
================================================================
* Summary: 
+-----------------+---------+-----+--------+-------+-----+
|       Name      | BRAM_18K| DSP |   FF   |  LUT  | URAM|
+-----------------+---------+-----+--------+-------+-----+
|DSP              |        -|    -|       -|      -|    -|
|Expression       |        -|    -|       0|     14|    -|
|FIFO             |        -|    -|    1188|    816|    -|
|Instance         |       19|   18|    4013|   3705|    0|
|Memory           |        -|    -|       -|      -|    -|
|Multiplexer      |        -|    -|       -|     18|    -|
|Register         |        -|    -|       2|      -|    -|
+-----------------+---------+-----+--------+-------+-----+
|Total            |       19|   18|    5203|   4553|    0|
+-----------------+---------+-----+--------+-------+-----+
|Available        |      280|  220|  106400|  53200|    0|
+-----------------+---------+-----+--------+-------+-----+
|Utilization (%)  |        6|    8|       4|      8|    0|
+-----------------+---------+-----+--------+-------+-----+

+ Detail: 
    * Instance: 
    +----------------------------+-------------------------+---------+----+------+------+-----+
    |          Instance          |          Module         | BRAM_18K| DSP|  FF  |  LUT | URAM|
    +----------------------------+-------------------------+---------+----+------+------+-----+
    |AXIvideo2MultiPixStream_U0  |AXIvideo2MultiPixStream  |        0|   0|   208|   539|    0|
    |Block_entry4_proc_U0        |Block_entry4_proc        |        0|   0|     4|   109|    0|
    |CTRL_s_axi_U                |CTRL_s_axi               |        1|   0|   234|   286|    0|
    |MultiPixStream2AXIvideo_U0  |MultiPixStream2AXIvideo  |        0|   0|   160|   315|    0|
    |vscale_core_polyphase_U0    |vscale_core_polyphase    |       18|  18|  3407|  2456|    0|
    +----------------------------+-------------------------+---------+----+------+------+-----+
    |Total                       |                         |       19|  18|  4013|  3705|    0|
    +----------------------------+-------------------------+---------+----+------+------+-----+

    * DSP: 
    N/A

    * Memory: 
    N/A

    * FIFO: 
    +-------------------------------+---------+----+----+-----+------+-----+---------+
    |              Name             | BRAM_18K| FF | LUT| URAM| Depth| Bits| Size:D*B|
    +-------------------------------+---------+----+----+-----+------+-----+---------+
    |ColorMode_vcr_channel_U        |        0|  99|   0|    -|     2|    8|       16|
    |HwReg_ColorMode_channel_U      |        0|  99|   0|    -|     2|    8|       16|
    |HwReg_HeightIn_c12_channel_U   |        0|  99|   0|    -|     2|   11|       22|
    |HwReg_HeightIn_c_U             |        0|  99|   0|    -|     2|   11|       22|
    |HwReg_HeightOut_c15_channel_U  |        0|  99|   0|    -|     2|   11|       22|
    |HwReg_HeightOut_c_U            |        0|  99|   0|    -|     2|   11|       22|
    |HwReg_LineRate_channel_U       |        0|  99|   0|    -|     2|   32|       64|
    |HwReg_Width_c13_U              |        0|  99|   0|    -|     2|   11|       22|
    |HwReg_Width_c14_channel_U      |        0|  99|   0|    -|     2|   11|       22|
    |HwReg_Width_c_U                |        0|  99|   0|    -|     2|   11|       22|
    |OutYUV_U                       |        0|  99|   0|    -|    16|   24|      384|
    |SrcYUV_U                       |        0|  99|   0|    -|    16|   24|      384|
    +-------------------------------+---------+----+----+-----+------+-----+---------+
    |Total                          |        0|1188|   0|    0|    52|  173|     1018|
    +-------------------------------+---------+----+----+-----+------+-----+---------+

    * Expression: 
    +-------------------------------------------+----------+----+---+----+------------+------------+
    |               Variable Name               | Operation| DSP| FF| LUT| Bitwidth P0| Bitwidth P1|
    +-------------------------------------------+----------+----+---+----+------------+------------+
    |Block_entry4_proc_U0_ap_start              |       and|   0|  0|   2|           1|           1|
    |Block_entry4_proc_U0_start_full_n          |       and|   0|  0|   2|           1|           1|
    |ap_idle                                    |       and|   0|  0|   2|           1|           1|
    |ap_sync_ready                              |       and|   0|  0|   2|           1|           1|
    |vscale_core_polyphase_U0_ap_start          |       and|   0|  0|   2|           1|           1|
    |ap_sync_Block_entry4_proc_U0_ap_ready      |        or|   0|  0|   2|           1|           1|
    |ap_sync_vscale_core_polyphase_U0_ap_ready  |        or|   0|  0|   2|           1|           1|
    +-------------------------------------------+----------+----+---+----+------------+------------+
    |Total                                      |          |   0|  0|  14|           7|           7|
    +-------------------------------------------+----------+----+---+----+------------+------------+

    * Multiplexer: 
    +-----------------------------------------------+----+-----------+-----+-----------+
    |                      Name                     | LUT| Input Size| Bits| Total Bits|
    +-----------------------------------------------+----+-----------+-----+-----------+
    |ap_sync_reg_Block_entry4_proc_U0_ap_ready      |   9|          2|    1|          2|
    |ap_sync_reg_vscale_core_polyphase_U0_ap_ready  |   9|          2|    1|          2|
    +-----------------------------------------------+----+-----------+-----+-----------+
    |Total                                          |  18|          4|    2|          4|
    +-----------------------------------------------+----+-----------+-----+-----------+

    * Register: 
    +-----------------------------------------------+---+----+-----+-----------+
    |                      Name                     | FF| LUT| Bits| Const Bits|
    +-----------------------------------------------+---+----+-----+-----------+
    |ap_sync_reg_Block_entry4_proc_U0_ap_ready      |  1|   0|    1|          0|
    |ap_sync_reg_vscale_core_polyphase_U0_ap_ready  |  1|   0|    1|          0|
    +-----------------------------------------------+---+----+-----+-----------+
    |Total                                          |  2|   0|    2|          0|
    +-----------------------------------------------+---+----+-----+-----------+



================================================================
== Interface
================================================================
* Summary: 
+---------------------+-----+-----+------------+-----------------------+--------------+
|      RTL Ports      | Dir | Bits|  Protocol  |     Source Object     |    C Type    |
+---------------------+-----+-----+------------+-----------------------+--------------+
|s_axi_CTRL_AWVALID   |   in|    1|       s_axi|                   CTRL|         array|
|s_axi_CTRL_AWREADY   |  out|    1|       s_axi|                   CTRL|         array|
|s_axi_CTRL_AWADDR    |   in|   12|       s_axi|                   CTRL|         array|
|s_axi_CTRL_WVALID    |   in|    1|       s_axi|                   CTRL|         array|
|s_axi_CTRL_WREADY    |  out|    1|       s_axi|                   CTRL|         array|
|s_axi_CTRL_WDATA     |   in|   32|       s_axi|                   CTRL|         array|
|s_axi_CTRL_WSTRB     |   in|    4|       s_axi|                   CTRL|         array|
|s_axi_CTRL_ARVALID   |   in|    1|       s_axi|                   CTRL|         array|
|s_axi_CTRL_ARREADY   |  out|    1|       s_axi|                   CTRL|         array|
|s_axi_CTRL_ARADDR    |   in|   12|       s_axi|                   CTRL|         array|
|s_axi_CTRL_RVALID    |  out|    1|       s_axi|                   CTRL|         array|
|s_axi_CTRL_RREADY    |   in|    1|       s_axi|                   CTRL|         array|
|s_axi_CTRL_RDATA     |  out|   32|       s_axi|                   CTRL|         array|
|s_axi_CTRL_RRESP     |  out|    2|       s_axi|                   CTRL|         array|
|s_axi_CTRL_BVALID    |  out|    1|       s_axi|                   CTRL|         array|
|s_axi_CTRL_BREADY    |   in|    1|       s_axi|                   CTRL|         array|
|s_axi_CTRL_BRESP     |  out|    2|       s_axi|                   CTRL|         array|
|ap_clk               |   in|    1|  ap_ctrl_hs|              v_vscaler|  return value|
|ap_rst_n             |   in|    1|  ap_ctrl_hs|              v_vscaler|  return value|
|interrupt            |  out|    1|  ap_ctrl_hs|              v_vscaler|  return value|
|s_axis_video_TDATA   |   in|   24|        axis|  s_axis_video_V_data_V|       pointer|
|s_axis_video_TKEEP   |   in|    3|        axis|  s_axis_video_V_keep_V|       pointer|
|s_axis_video_TSTRB   |   in|    3|        axis|  s_axis_video_V_strb_V|       pointer|
|s_axis_video_TUSER   |   in|    1|        axis|  s_axis_video_V_user_V|       pointer|
|s_axis_video_TLAST   |   in|    1|        axis|  s_axis_video_V_last_V|       pointer|
|s_axis_video_TID     |   in|    1|        axis|    s_axis_video_V_id_V|       pointer|
|s_axis_video_TDEST   |   in|    1|        axis|  s_axis_video_V_dest_V|       pointer|
|s_axis_video_TVALID  |   in|    1|        axis|  s_axis_video_V_dest_V|       pointer|
|s_axis_video_TREADY  |  out|    1|        axis|  s_axis_video_V_dest_V|       pointer|
|m_axis_video_TDATA   |  out|   24|        axis|  m_axis_video_V_data_V|       pointer|
|m_axis_video_TKEEP   |  out|    3|        axis|  m_axis_video_V_keep_V|       pointer|
|m_axis_video_TSTRB   |  out|    3|        axis|  m_axis_video_V_strb_V|       pointer|
|m_axis_video_TUSER   |  out|    1|        axis|  m_axis_video_V_user_V|       pointer|
|m_axis_video_TLAST   |  out|    1|        axis|  m_axis_video_V_last_V|       pointer|
|m_axis_video_TID     |  out|    1|        axis|    m_axis_video_V_id_V|       pointer|
|m_axis_video_TDEST   |  out|    1|        axis|  m_axis_video_V_dest_V|       pointer|
|m_axis_video_TVALID  |  out|    1|        axis|  m_axis_video_V_dest_V|       pointer|
|m_axis_video_TREADY  |   in|    1|        axis|  m_axis_video_V_dest_V|       pointer|
+---------------------+-----+-----+------------+-----------------------+--------------+

