

================================================================
== Vitis HLS Report for 'MultiPixStream2AXIvideo'
================================================================
* Date:           Mon Aug 29 12:31:11 2022

* Version:        2022.1 (Build 3526262 on Mon Apr 18 15:47:01 MDT 2022)
* Project:        prj
* Solution:       sol (Vivado IP Flow Target)
* Product family: zynq
* Target device:  xc7z020-clg484-1


================================================================
== Performance Estimates
================================================================
+ Timing: 
    * Summary: 
    +--------+---------+----------+------------+
    |  Clock |  Target | Estimated| Uncertainty|
    +--------+---------+----------+------------+
    |ap_clk  |  5.62 ns|  3.468 ns|     1.52 ns|
    +--------+---------+----------+------------+

+ Latency: 
    * Summary: 
    +---------+---------+-----------+-----------+------+---------+---------+
    |  Latency (cycles) |   Latency (absolute)  |    Interval    | Pipeline|
    |   min   |   max   |    min    |    max    |  min |   max   |   Type  |
    +---------+---------+-----------+-----------+------+---------+---------+
    |     4483|  2080083|  25.217 us|  11.700 ms|  4483|  2080083|       no|
    +---------+---------+-----------+-----------+------+---------+---------+

    + Detail: 
        * Instance: 
        N/A

        * Loop: 
        +--------------------+---------+---------+-----------+-----------+-----------+-----------+----------+
        |                    |  Latency (cycles) | Iteration |  Initiation Interval  |    Trip   |          |
        |      Loop Name     |   min   |   max   |  Latency  |  achieved |   target  |   Count   | Pipelined|
        +--------------------+---------+---------+-----------+-----------+-----------+-----------+----------+
        |- VITIS_LOOP_546_1  |     4480|  2080080|  70 ~ 1926|          -|          -|  64 ~ 1080|        no|
        +--------------------+---------+---------+-----------+-----------+-----------+-----------+----------+

============================================================
+ Verbose Summary: Synthesis Manager
============================================================
InlineROM: 1
ExposeGlobal: 0
============================================================
+ Verbose Summary: CDFG Model
============================================================
IsTopModel: 0
ResetActiveHigh: 1
IsCombinational: 2
IsDatapathOnly: 0
HasWiredReturn: 1
HasMFsm: 0
HasVarLatency: 1
IsPipeline: 0
IsRtlPipelined: 0
IsInstanceOverlapped: 0
IsDontTouch: 0
HasImplIP: 0
IsGatedGlobalClock: 0


============================================================
+ Verbose Summary: Schedule
============================================================
* Number of FSM states : 6
* Pipeline : 0
* Dataflow Pipeline: 0

* FSM state transitions: 
1 --> 2 
2 --> 3 
3 --> 4 6 
4 --> 5 
5 --> 3 
6 --> 

* FSM state operations: 

State 1 <SV = 0> <Delay = 1.58>
ST_1 : Operation 7 [1/1] (0.00ns)   --->   "%i = alloca i32 1"   --->   Operation 7 'alloca' 'i' <Predicate = true> <Delay = 0.00>
ST_1 : Operation 8 [1/1] (0.00ns)   --->   "%WidthOut_read = read i16 @_ssdm_op_Read.ap_auto.i16, i16 %WidthOut"   --->   Operation 8 'read' 'WidthOut_read' <Predicate = true> <Delay = 0.00>
ST_1 : Operation 9 [1/1] (0.00ns)   --->   "%Height_read = read i16 @_ssdm_op_Read.ap_auto.i16, i16 %Height"   --->   Operation 9 'read' 'Height_read' <Predicate = true> <Delay = 0.00>
ST_1 : Operation 10 [1/1] (0.00ns)   --->   "%empty = trunc i16 %WidthOut_read"   --->   Operation 10 'trunc' 'empty' <Predicate = true> <Delay = 0.00>
ST_1 : Operation 11 [1/1] (0.00ns)   --->   "%empty_67 = trunc i16 %Height_read"   --->   Operation 11 'trunc' 'empty_67' <Predicate = true> <Delay = 0.00>
ST_1 : Operation 12 [2/2] (0.00ns)   --->   "%rows = call i11 @reg<unsigned short>, i11 %empty_67" [/home/benchmarker/FPGAProject/SOBEL_HDMI_1024/SOBEL_HDMI_1024.runs/bd_3a92_hcr_0_synth_1/prj/sol/.autopilot/db/v_hcresampler.cpp:537]   --->   Operation 12 'call' 'rows' <Predicate = true> <Delay = 0.00> <CoreType = "Generic">   --->   Core 0 '' <Latency = 0> <II = 1> <Delay = 1.00> <Generic> <Opcode : >
ST_1 : Operation 13 [2/2] (0.00ns)   --->   "%cols = call i11 @reg<unsigned short>, i11 %empty" [/home/benchmarker/FPGAProject/SOBEL_HDMI_1024/SOBEL_HDMI_1024.runs/bd_3a92_hcr_0_synth_1/prj/sol/.autopilot/db/v_hcresampler.cpp:538]   --->   Operation 13 'call' 'cols' <Predicate = true> <Delay = 0.00> <CoreType = "Generic">   --->   Core 0 '' <Latency = 0> <II = 1> <Delay = 1.00> <Generic> <Opcode : >
ST_1 : Operation 14 [1/1] (1.58ns)   --->   "%store_ln0 = store i11 0, i11 %i"   --->   Operation 14 'store' 'store_ln0' <Predicate = true> <Delay = 1.58>

State 2 <SV = 1> <Delay = 1.63>
ST_2 : Operation 15 [1/1] (0.00ns)   --->   "%specstablecontent_ln0 = specstablecontent void @_ssdm_op_SpecStableContent, i16 %Height, void "   --->   Operation 15 'specstablecontent' 'specstablecontent_ln0' <Predicate = true> <Delay = 0.00>
ST_2 : Operation 16 [1/1] (0.00ns)   --->   "%specstablecontent_ln0 = specstablecontent void @_ssdm_op_SpecStableContent, i16 %WidthOut, void "   --->   Operation 16 'specstablecontent' 'specstablecontent_ln0' <Predicate = true> <Delay = 0.00>
ST_2 : Operation 17 [1/1] (0.00ns)   --->   "%specinterface_ln0 = specinterface void @_ssdm_op_SpecInterface, i24 %outYUV, void @empty_22, i32 0, i32 0, void @empty_4, i32 0, i32 0, void @empty_4, void @empty_4, void @empty_4, i32 0, i32 0, i32 0, i32 0, void @empty_4, void @empty_4, i32 4294967295, i32 0"   --->   Operation 17 'specinterface' 'specinterface_ln0' <Predicate = true> <Delay = 0.00>
ST_2 : Operation 18 [1/1] (0.00ns)   --->   "%specinterface_ln0 = specinterface void @_ssdm_op_SpecInterface, i1 %m_axis_video_V_dest_V, i1 %m_axis_video_V_id_V, i1 %m_axis_video_V_last_V, i1 %m_axis_video_V_user_V, i3 %m_axis_video_V_strb_V, i3 %m_axis_video_V_keep_V, i24 %m_axis_video_V_data_V, void @empty_3, i32 1, i32 1, void @empty_2, i32 0, i32 0, void @empty_4, void @empty_4, void @empty_4, i32 0, i32 0, i32 0, i32 0, void @empty_4, void @empty_4, i32 4294967295, i32 0"   --->   Operation 18 'specinterface' 'specinterface_ln0' <Predicate = true> <Delay = 0.00>
ST_2 : Operation 19 [1/2] (0.00ns)   --->   "%rows = call i11 @reg<unsigned short>, i11 %empty_67" [/home/benchmarker/FPGAProject/SOBEL_HDMI_1024/SOBEL_HDMI_1024.runs/bd_3a92_hcr_0_synth_1/prj/sol/.autopilot/db/v_hcresampler.cpp:537]   --->   Operation 19 'call' 'rows' <Predicate = true> <Delay = 0.00> <CoreType = "Generic">   --->   Core 0 '' <Latency = 0> <II = 1> <Delay = 1.00> <Generic> <Opcode : >
ST_2 : Operation 20 [1/2] (0.00ns)   --->   "%cols = call i11 @reg<unsigned short>, i11 %empty" [/home/benchmarker/FPGAProject/SOBEL_HDMI_1024/SOBEL_HDMI_1024.runs/bd_3a92_hcr_0_synth_1/prj/sol/.autopilot/db/v_hcresampler.cpp:538]   --->   Operation 20 'call' 'cols' <Predicate = true> <Delay = 0.00> <CoreType = "Generic">   --->   Core 0 '' <Latency = 0> <II = 1> <Delay = 1.00> <Generic> <Opcode : >
ST_2 : Operation 21 [1/1] (1.63ns)   --->   "%sub = add i11 %cols, i11 2047" [/home/benchmarker/FPGAProject/SOBEL_HDMI_1024/SOBEL_HDMI_1024.runs/bd_3a92_hcr_0_synth_1/prj/sol/.autopilot/db/v_hcresampler.cpp:538]   --->   Operation 21 'add' 'sub' <Predicate = true> <Delay = 1.63> <CoreInst = "Adder">   --->   Core 1 'Adder' <Latency = 0> <II = 1> <Delay = 1.63> <FuncUnit> <Opcode : 'add' 'sub'> <InPorts = 2> <OutPorts = 1>
ST_2 : Operation 22 [1/1] (1.58ns)   --->   "%br_ln0 = br void %VITIS_LOOP_548_2"   --->   Operation 22 'br' 'br_ln0' <Predicate = true> <Delay = 1.58>

State 3 <SV = 2> <Delay = 3.46>
ST_3 : Operation 23 [1/1] (0.00ns)   --->   "%sof = phi i1 0, void %VITIS_LOOP_548_2.split, i1 1, void %entry"   --->   Operation 23 'phi' 'sof' <Predicate = true> <Delay = 0.00>
ST_3 : Operation 24 [1/1] (0.00ns)   --->   "%i_1 = load i11 %i" [/home/benchmarker/FPGAProject/SOBEL_HDMI_1024/SOBEL_HDMI_1024.runs/bd_3a92_hcr_0_synth_1/prj/sol/.autopilot/db/v_hcresampler.cpp:546]   --->   Operation 24 'load' 'i_1' <Predicate = true> <Delay = 0.00>
ST_3 : Operation 25 [1/1] (1.88ns)   --->   "%icmp_ln546 = icmp_eq  i11 %i_1, i11 %rows" [/home/benchmarker/FPGAProject/SOBEL_HDMI_1024/SOBEL_HDMI_1024.runs/bd_3a92_hcr_0_synth_1/prj/sol/.autopilot/db/v_hcresampler.cpp:546]   --->   Operation 25 'icmp' 'icmp_ln546' <Predicate = true> <Delay = 1.88> <CoreInst = "Cmp">   --->   Core 9 'Cmp' <Latency = 0> <II = 1> <Delay = 1.88> <FuncUnit> <Opcode : 'icmp'> <InPorts = 2> <OutPorts = 1>
ST_3 : Operation 26 [1/1] (0.00ns)   --->   "%speclooptripcount_ln0 = speclooptripcount void @_ssdm_op_SpecLoopTripCount, i64 64, i64 1080, i64 0"   --->   Operation 26 'speclooptripcount' 'speclooptripcount_ln0' <Predicate = true> <Delay = 0.00>
ST_3 : Operation 27 [1/1] (1.63ns)   --->   "%i_2 = add i11 %i_1, i11 1" [/home/benchmarker/FPGAProject/SOBEL_HDMI_1024/SOBEL_HDMI_1024.runs/bd_3a92_hcr_0_synth_1/prj/sol/.autopilot/db/v_hcresampler.cpp:546]   --->   Operation 27 'add' 'i_2' <Predicate = true> <Delay = 1.63> <CoreInst = "Adder">   --->   Core 1 'Adder' <Latency = 0> <II = 1> <Delay = 1.63> <FuncUnit> <Opcode : 'add' 'sub'> <InPorts = 2> <OutPorts = 1>
ST_3 : Operation 28 [1/1] (0.00ns)   --->   "%br_ln546 = br i1 %icmp_ln546, void %VITIS_LOOP_548_2.split, void %for.end58.loopexit" [/home/benchmarker/FPGAProject/SOBEL_HDMI_1024/SOBEL_HDMI_1024.runs/bd_3a92_hcr_0_synth_1/prj/sol/.autopilot/db/v_hcresampler.cpp:546]   --->   Operation 28 'br' 'br_ln546' <Predicate = true> <Delay = 0.00>
ST_3 : Operation 29 [1/1] (0.00ns)   --->   "%empty_68 = wait i32 @_ssdm_op_Wait"   --->   Operation 29 'wait' 'empty_68' <Predicate = (!icmp_ln546)> <Delay = 0.00>
ST_3 : Operation 30 [1/1] (1.58ns)   --->   "%store_ln546 = store i11 %i_2, i11 %i" [/home/benchmarker/FPGAProject/SOBEL_HDMI_1024/SOBEL_HDMI_1024.runs/bd_3a92_hcr_0_synth_1/prj/sol/.autopilot/db/v_hcresampler.cpp:546]   --->   Operation 30 'store' 'store_ln546' <Predicate = (!icmp_ln546)> <Delay = 1.58>

State 4 <SV = 3> <Delay = 3.46>
ST_4 : Operation 31 [2/2] (3.46ns)   --->   "%call_ln538 = call void @MultiPixStream2AXIvideo_Pipeline_VITIS_LOOP_548_2, i1 %sof, i11 %cols, i11 %sub, i24 %outYUV, i24 %m_axis_video_V_data_V, i3 %m_axis_video_V_keep_V, i3 %m_axis_video_V_strb_V, i1 %m_axis_video_V_user_V, i1 %m_axis_video_V_last_V, i1 %m_axis_video_V_id_V, i1 %m_axis_video_V_dest_V" [/home/benchmarker/FPGAProject/SOBEL_HDMI_1024/SOBEL_HDMI_1024.runs/bd_3a92_hcr_0_synth_1/prj/sol/.autopilot/db/v_hcresampler.cpp:538]   --->   Operation 31 'call' 'call_ln538' <Predicate = true> <Delay = 3.46> <CoreType = "Generic">   --->   Core 0 '' <Latency = 0> <II = 1> <Delay = 1.00> <Generic> <Opcode : >

State 5 <SV = 4> <Delay = 2.05>
ST_5 : Operation 32 [1/1] (0.00ns)   --->   "%specloopname_ln545 = specloopname void @_ssdm_op_SpecLoopName, void @empty_20" [/home/benchmarker/FPGAProject/SOBEL_HDMI_1024/SOBEL_HDMI_1024.runs/bd_3a92_hcr_0_synth_1/prj/sol/.autopilot/db/v_hcresampler.cpp:545]   --->   Operation 32 'specloopname' 'specloopname_ln545' <Predicate = true> <Delay = 0.00>
ST_5 : Operation 33 [1/2] (2.05ns)   --->   "%call_ln538 = call void @MultiPixStream2AXIvideo_Pipeline_VITIS_LOOP_548_2, i1 %sof, i11 %cols, i11 %sub, i24 %outYUV, i24 %m_axis_video_V_data_V, i3 %m_axis_video_V_keep_V, i3 %m_axis_video_V_strb_V, i1 %m_axis_video_V_user_V, i1 %m_axis_video_V_last_V, i1 %m_axis_video_V_id_V, i1 %m_axis_video_V_dest_V" [/home/benchmarker/FPGAProject/SOBEL_HDMI_1024/SOBEL_HDMI_1024.runs/bd_3a92_hcr_0_synth_1/prj/sol/.autopilot/db/v_hcresampler.cpp:538]   --->   Operation 33 'call' 'call_ln538' <Predicate = true> <Delay = 2.05> <CoreType = "Generic">   --->   Core 0 '' <Latency = 0> <II = 1> <Delay = 1.00> <Generic> <Opcode : >
ST_5 : Operation 34 [1/1] (0.00ns)   --->   "%br_ln546 = br void %VITIS_LOOP_548_2" [/home/benchmarker/FPGAProject/SOBEL_HDMI_1024/SOBEL_HDMI_1024.runs/bd_3a92_hcr_0_synth_1/prj/sol/.autopilot/db/v_hcresampler.cpp:546]   --->   Operation 34 'br' 'br_ln546' <Predicate = true> <Delay = 0.00>

State 6 <SV = 5> <Delay = 0.00>
ST_6 : Operation 35 [1/1] (0.00ns)   --->   "%ret_ln0 = ret"   --->   Operation 35 'ret' 'ret_ln0' <Predicate = true> <Delay = 0.00>


============================================================
+ Verbose Summary: Timing violations
============================================================
Target clock period: 5.62ns, clock uncertainty: 1.52ns.

 <State 1>: 1.59ns
The critical path consists of the following:
	'alloca' operation ('i') [11]  (0 ns)
	'store' operation ('store_ln0') of constant 0 on local variable 'i' [23]  (1.59 ns)

 <State 2>: 1.64ns
The critical path consists of the following:
	'call' operation ('cols', /home/benchmarker/FPGAProject/SOBEL_HDMI_1024/SOBEL_HDMI_1024.runs/bd_3a92_hcr_0_synth_1/prj/sol/.autopilot/db/v_hcresampler.cpp:538) to 'reg<unsigned short>' [21]  (0 ns)
	'add' operation ('sub', /home/benchmarker/FPGAProject/SOBEL_HDMI_1024/SOBEL_HDMI_1024.runs/bd_3a92_hcr_0_synth_1/prj/sol/.autopilot/db/v_hcresampler.cpp:538) [22]  (1.64 ns)

 <State 3>: 3.47ns
The critical path consists of the following:
	'load' operation ('i', /home/benchmarker/FPGAProject/SOBEL_HDMI_1024/SOBEL_HDMI_1024.runs/bd_3a92_hcr_0_synth_1/prj/sol/.autopilot/db/v_hcresampler.cpp:546) on local variable 'i' [27]  (0 ns)
	'add' operation ('i', /home/benchmarker/FPGAProject/SOBEL_HDMI_1024/SOBEL_HDMI_1024.runs/bd_3a92_hcr_0_synth_1/prj/sol/.autopilot/db/v_hcresampler.cpp:546) [30]  (1.64 ns)
	'store' operation ('store_ln546', /home/benchmarker/FPGAProject/SOBEL_HDMI_1024/SOBEL_HDMI_1024.runs/bd_3a92_hcr_0_synth_1/prj/sol/.autopilot/db/v_hcresampler.cpp:546) of variable 'i', /home/benchmarker/FPGAProject/SOBEL_HDMI_1024/SOBEL_HDMI_1024.runs/bd_3a92_hcr_0_synth_1/prj/sol/.autopilot/db/v_hcresampler.cpp:546 on local variable 'i' [36]  (1.59 ns)
	blocking operation 0.241 ns on control path)

 <State 4>: 3.47ns
The critical path consists of the following:
	'call' operation ('call_ln538', /home/benchmarker/FPGAProject/SOBEL_HDMI_1024/SOBEL_HDMI_1024.runs/bd_3a92_hcr_0_synth_1/prj/sol/.autopilot/db/v_hcresampler.cpp:538) to 'MultiPixStream2AXIvideo_Pipeline_VITIS_LOOP_548_2' [35]  (3.47 ns)

 <State 5>: 2.05ns
The critical path consists of the following:
	'call' operation ('call_ln538', /home/benchmarker/FPGAProject/SOBEL_HDMI_1024/SOBEL_HDMI_1024.runs/bd_3a92_hcr_0_synth_1/prj/sol/.autopilot/db/v_hcresampler.cpp:538) to 'MultiPixStream2AXIvideo_Pipeline_VITIS_LOOP_548_2' [35]  (2.05 ns)

 <State 6>: 0ns
The critical path consists of the following:


============================================================
+ Verbose Summary: Binding
============================================================
N/A
* FSMD analyzer results:
  - Output states:
 - Input state : 
  - Chain level:
	State 1
	State 2
	State 3
	State 4
	State 5
	State 6


============================================================
+ Verbose Summary: Datapath Resource usage 
============================================================
N/A
