

================================================================
== Vitis HLS Report for 'Block_entry3_proc'
================================================================
* Date:           Mon Aug 29 12:25:38 2022

* Version:        2022.1 (Build 3526262 on Mon Apr 18 15:47:01 MDT 2022)
* Project:        prj
* Solution:       sol (Vivado IP Flow Target)
* Product family: zynq
* Target device:  xc7z020-clg484-1


================================================================
== Performance Estimates
================================================================
+ Timing: 
    * Summary: 
    +--------+---------+----------+------------+
    |  Clock |  Target | Estimated| Uncertainty|
    +--------+---------+----------+------------+
    |ap_clk  |  5.62 ns|  2.529 ns|     1.52 ns|
    +--------+---------+----------+------------+

+ Latency: 
    * Summary: 
    +---------+---------+----------+----------+-----+-----+---------+
    |  Latency (cycles) |  Latency (absolute) |  Interval | Pipeline|
    |   min   |   max   |    min   |    max   | min | max |   Type  |
    +---------+---------+----------+----------+-----+-----+---------+
    |        0|        0|      0 ns|      0 ns|    0|    0|       no|
    +---------+---------+----------+----------+-----+-----+---------+

    + Detail: 
        * Instance: 
        N/A

        * Loop: 
        N/A



================================================================
== Utilization Estimates
================================================================
* Summary: 
+-----------------+---------+-----+--------+-------+-----+
|       Name      | BRAM_18K| DSP |   FF   |  LUT  | URAM|
+-----------------+---------+-----+--------+-------+-----+
|DSP              |        -|    -|       -|      -|    -|
|Expression       |        -|    -|       0|     50|    -|
|FIFO             |        -|    -|       -|      -|    -|
|Instance         |        -|    -|       -|      -|    -|
|Memory           |        -|    -|       -|      -|    -|
|Multiplexer      |        -|    -|       -|    351|    -|
|Register         |        -|    -|     486|      -|    -|
+-----------------+---------+-----+--------+-------+-----+
|Total            |        0|    0|     486|    401|    0|
+-----------------+---------+-----+--------+-------+-----+
|Available        |      280|  220|  106400|  53200|    0|
+-----------------+---------+-----+--------+-------+-----+
|Utilization (%)  |        0|    0|      ~0|     ~0|    0|
+-----------------+---------+-----+--------+-------+-----+

+ Detail: 
    * Instance: 
    N/A

    * DSP: 
    N/A

    * Memory: 
    N/A

    * FIFO: 
    N/A

    * Expression: 
    +------------------------------------+----------+----+---+----+------------+------------+
    |            Variable Name           | Operation| DSP| FF| LUT| Bitwidth P0| Bitwidth P1|
    +------------------------------------+----------+----+---+----+------------+------------+
    |bPassThru_422_or_420_In_fu_324_p2   |       and|   0|  0|   2|           1|           1|
    |bPassThru_422_or_420_Out_fu_342_p2  |       and|   0|  0|   2|           1|           1|
    |icmp_ln378_1_fu_318_p2              |      icmp|   0|  0|  11|           8|           2|
    |icmp_ln378_fu_312_p2                |      icmp|   0|  0|  11|           8|           2|
    |icmp_ln381_1_fu_336_p2              |      icmp|   0|  0|  11|           8|           2|
    |icmp_ln381_fu_330_p2                |      icmp|   0|  0|  11|           8|           2|
    |ap_block_state1                     |        or|   0|  0|   2|           1|           1|
    +------------------------------------+----------+----+---+----+------------+------------+
    |Total                               |          |   0|  0|  50|          35|          11|
    +------------------------------------+----------+----+---+----+------------+------------+

    * Multiplexer: 
    +--------------+----+-----------+-----+-----------+
    |     Name     | LUT| Input Size| Bits| Total Bits|
    +--------------+----+-----------+-----+-----------+
    |ap_done       |   9|          2|    1|          2|
    |ap_return_0   |   9|          2|    8|         16|
    |ap_return_1   |   9|          2|    8|         16|
    |ap_return_10  |   9|          2|   16|         32|
    |ap_return_11  |   9|          2|   16|         32|
    |ap_return_12  |   9|          2|   16|         32|
    |ap_return_13  |   9|          2|   16|         32|
    |ap_return_14  |   9|          2|   16|         32|
    |ap_return_15  |   9|          2|   10|         20|
    |ap_return_16  |   9|          2|   10|         20|
    |ap_return_17  |   9|          2|   10|         20|
    |ap_return_18  |   9|          2|    8|         16|
    |ap_return_19  |   9|          2|    8|         16|
    |ap_return_2   |   9|          2|   16|         32|
    |ap_return_20  |   9|          2|   16|         32|
    |ap_return_21  |   9|          2|   16|         32|
    |ap_return_22  |   9|          2|   16|         32|
    |ap_return_23  |   9|          2|   16|         32|
    |ap_return_24  |   9|          2|   16|         32|
    |ap_return_25  |   9|          2|   16|         32|
    |ap_return_26  |   9|          2|   16|         32|
    |ap_return_27  |   9|          2|   16|         32|
    |ap_return_28  |   9|          2|   16|         32|
    |ap_return_29  |   9|          2|   10|         20|
    |ap_return_3   |   9|          2|   16|         32|
    |ap_return_30  |   9|          2|   10|         20|
    |ap_return_31  |   9|          2|   10|         20|
    |ap_return_32  |   9|          2|    8|         16|
    |ap_return_33  |   9|          2|    8|         16|
    |ap_return_34  |   9|          2|    1|          2|
    |ap_return_35  |   9|          2|    1|          2|
    |ap_return_36  |   9|          2|   11|         22|
    |ap_return_37  |   9|          2|   11|         22|
    |ap_return_4   |   9|          2|   16|         32|
    |ap_return_5   |   9|          2|   16|         32|
    |ap_return_6   |   9|          2|   16|         32|
    |ap_return_7   |   9|          2|   16|         32|
    |ap_return_8   |   9|          2|   16|         32|
    |ap_return_9   |   9|          2|   16|         32|
    +--------------+----+-----------+-----+-----------+
    |Total         | 351|         78|  485|        970|
    +--------------+----+-----------+-----+-----------+

    * Register: 
    +-------------------+----+----+-----+-----------+
    |        Name       | FF | LUT| Bits| Const Bits|
    +-------------------+----+----+-----+-----------+
    |ap_CS_fsm          |   1|   0|    1|          0|
    |ap_done_reg        |   1|   0|    1|          0|
    |ap_return_0_preg   |   8|   0|    8|          0|
    |ap_return_10_preg  |  16|   0|   16|          0|
    |ap_return_11_preg  |  16|   0|   16|          0|
    |ap_return_12_preg  |  16|   0|   16|          0|
    |ap_return_13_preg  |  16|   0|   16|          0|
    |ap_return_14_preg  |  16|   0|   16|          0|
    |ap_return_15_preg  |  10|   0|   10|          0|
    |ap_return_16_preg  |  10|   0|   10|          0|
    |ap_return_17_preg  |  10|   0|   10|          0|
    |ap_return_18_preg  |   8|   0|    8|          0|
    |ap_return_19_preg  |   8|   0|    8|          0|
    |ap_return_1_preg   |   8|   0|    8|          0|
    |ap_return_20_preg  |  16|   0|   16|          0|
    |ap_return_21_preg  |  16|   0|   16|          0|
    |ap_return_22_preg  |  16|   0|   16|          0|
    |ap_return_23_preg  |  16|   0|   16|          0|
    |ap_return_24_preg  |  16|   0|   16|          0|
    |ap_return_25_preg  |  16|   0|   16|          0|
    |ap_return_26_preg  |  16|   0|   16|          0|
    |ap_return_27_preg  |  16|   0|   16|          0|
    |ap_return_28_preg  |  16|   0|   16|          0|
    |ap_return_29_preg  |  10|   0|   10|          0|
    |ap_return_2_preg   |  16|   0|   16|          0|
    |ap_return_30_preg  |  10|   0|   10|          0|
    |ap_return_31_preg  |  10|   0|   10|          0|
    |ap_return_32_preg  |   8|   0|    8|          0|
    |ap_return_33_preg  |   8|   0|    8|          0|
    |ap_return_34_preg  |   1|   0|    1|          0|
    |ap_return_35_preg  |   1|   0|    1|          0|
    |ap_return_36_preg  |  11|   0|   11|          0|
    |ap_return_37_preg  |  11|   0|   11|          0|
    |ap_return_3_preg   |  16|   0|   16|          0|
    |ap_return_4_preg   |  16|   0|   16|          0|
    |ap_return_5_preg   |  16|   0|   16|          0|
    |ap_return_6_preg   |  16|   0|   16|          0|
    |ap_return_7_preg   |  16|   0|   16|          0|
    |ap_return_8_preg   |  16|   0|   16|          0|
    |ap_return_9_preg   |  16|   0|   16|          0|
    +-------------------+----+----+-----+-----------+
    |Total              | 486|   0|  486|          0|
    +-------------------+----+----+-----+-----------+



================================================================
== Interface
================================================================
* Summary: 
+----------------+-----+-----+------------+-------------------+--------------+
|    RTL Ports   | Dir | Bits|  Protocol  |   Source Object   |    C Type    |
+----------------+-----+-----+------------+-------------------+--------------+
|ap_clk          |   in|    1|  ap_ctrl_hs|  Block_entry3_proc|  return value|
|ap_rst          |   in|    1|  ap_ctrl_hs|  Block_entry3_proc|  return value|
|ap_start        |   in|    1|  ap_ctrl_hs|  Block_entry3_proc|  return value|
|ap_done         |  out|    1|  ap_ctrl_hs|  Block_entry3_proc|  return value|
|ap_continue     |   in|    1|  ap_ctrl_hs|  Block_entry3_proc|  return value|
|ap_idle         |  out|    1|  ap_ctrl_hs|  Block_entry3_proc|  return value|
|ap_ready        |  out|    1|  ap_ctrl_hs|  Block_entry3_proc|  return value|
|ap_return_0     |  out|    8|  ap_ctrl_hs|  Block_entry3_proc|  return value|
|ap_return_1     |  out|    8|  ap_ctrl_hs|  Block_entry3_proc|  return value|
|ap_return_2     |  out|   16|  ap_ctrl_hs|  Block_entry3_proc|  return value|
|ap_return_3     |  out|   16|  ap_ctrl_hs|  Block_entry3_proc|  return value|
|ap_return_4     |  out|   16|  ap_ctrl_hs|  Block_entry3_proc|  return value|
|ap_return_5     |  out|   16|  ap_ctrl_hs|  Block_entry3_proc|  return value|
|ap_return_6     |  out|   16|  ap_ctrl_hs|  Block_entry3_proc|  return value|
|ap_return_7     |  out|   16|  ap_ctrl_hs|  Block_entry3_proc|  return value|
|ap_return_8     |  out|   16|  ap_ctrl_hs|  Block_entry3_proc|  return value|
|ap_return_9     |  out|   16|  ap_ctrl_hs|  Block_entry3_proc|  return value|
|ap_return_10    |  out|   16|  ap_ctrl_hs|  Block_entry3_proc|  return value|
|ap_return_11    |  out|   16|  ap_ctrl_hs|  Block_entry3_proc|  return value|
|ap_return_12    |  out|   16|  ap_ctrl_hs|  Block_entry3_proc|  return value|
|ap_return_13    |  out|   16|  ap_ctrl_hs|  Block_entry3_proc|  return value|
|ap_return_14    |  out|   16|  ap_ctrl_hs|  Block_entry3_proc|  return value|
|ap_return_15    |  out|   10|  ap_ctrl_hs|  Block_entry3_proc|  return value|
|ap_return_16    |  out|   10|  ap_ctrl_hs|  Block_entry3_proc|  return value|
|ap_return_17    |  out|   10|  ap_ctrl_hs|  Block_entry3_proc|  return value|
|ap_return_18    |  out|    8|  ap_ctrl_hs|  Block_entry3_proc|  return value|
|ap_return_19    |  out|    8|  ap_ctrl_hs|  Block_entry3_proc|  return value|
|ap_return_20    |  out|   16|  ap_ctrl_hs|  Block_entry3_proc|  return value|
|ap_return_21    |  out|   16|  ap_ctrl_hs|  Block_entry3_proc|  return value|
|ap_return_22    |  out|   16|  ap_ctrl_hs|  Block_entry3_proc|  return value|
|ap_return_23    |  out|   16|  ap_ctrl_hs|  Block_entry3_proc|  return value|
|ap_return_24    |  out|   16|  ap_ctrl_hs|  Block_entry3_proc|  return value|
|ap_return_25    |  out|   16|  ap_ctrl_hs|  Block_entry3_proc|  return value|
|ap_return_26    |  out|   16|  ap_ctrl_hs|  Block_entry3_proc|  return value|
|ap_return_27    |  out|   16|  ap_ctrl_hs|  Block_entry3_proc|  return value|
|ap_return_28    |  out|   16|  ap_ctrl_hs|  Block_entry3_proc|  return value|
|ap_return_29    |  out|   10|  ap_ctrl_hs|  Block_entry3_proc|  return value|
|ap_return_30    |  out|   10|  ap_ctrl_hs|  Block_entry3_proc|  return value|
|ap_return_31    |  out|   10|  ap_ctrl_hs|  Block_entry3_proc|  return value|
|ap_return_32    |  out|    8|  ap_ctrl_hs|  Block_entry3_proc|  return value|
|ap_return_33    |  out|    8|  ap_ctrl_hs|  Block_entry3_proc|  return value|
|ap_return_34    |  out|    1|  ap_ctrl_hs|  Block_entry3_proc|  return value|
|ap_return_35    |  out|    1|  ap_ctrl_hs|  Block_entry3_proc|  return value|
|ap_return_36    |  out|   11|  ap_ctrl_hs|  Block_entry3_proc|  return value|
|ap_return_37    |  out|   11|  ap_ctrl_hs|  Block_entry3_proc|  return value|
|InVideoFormat   |   in|    8|     ap_none|      InVideoFormat|       pointer|
|OutVideoFormat  |   in|    8|     ap_none|     OutVideoFormat|       pointer|
|width           |   in|   16|     ap_none|              width|       pointer|
|height          |   in|   16|     ap_none|             height|       pointer|
|ColStart        |   in|   16|     ap_none|           ColStart|       pointer|
|ColEnd          |   in|   16|     ap_none|             ColEnd|       pointer|
|RowStart        |   in|   16|     ap_none|           RowStart|       pointer|
|RowEnd          |   in|   16|     ap_none|             RowEnd|       pointer|
|K11             |   in|   16|     ap_none|                K11|       pointer|
|K12             |   in|   16|     ap_none|                K12|       pointer|
|K13             |   in|   16|     ap_none|                K13|       pointer|
|K21             |   in|   16|     ap_none|                K21|       pointer|
|K22             |   in|   16|     ap_none|                K22|       pointer|
|K23             |   in|   16|     ap_none|                K23|       pointer|
|K31             |   in|   16|     ap_none|                K31|       pointer|
|K32             |   in|   16|     ap_none|                K32|       pointer|
|K33             |   in|   16|     ap_none|                K33|       pointer|
|ROffset         |   in|   10|     ap_none|            ROffset|       pointer|
|GOffset         |   in|   10|     ap_none|            GOffset|       pointer|
|BOffset         |   in|   10|     ap_none|            BOffset|       pointer|
|ClampMin        |   in|    8|     ap_none|           ClampMin|       pointer|
|ClipMax         |   in|    8|     ap_none|            ClipMax|       pointer|
|K11_2           |   in|   16|     ap_none|              K11_2|       pointer|
|K12_2           |   in|   16|     ap_none|              K12_2|       pointer|
|K13_2           |   in|   16|     ap_none|              K13_2|       pointer|
|K21_2           |   in|   16|     ap_none|              K21_2|       pointer|
|K22_2           |   in|   16|     ap_none|              K22_2|       pointer|
|K23_2           |   in|   16|     ap_none|              K23_2|       pointer|
|K31_2           |   in|   16|     ap_none|              K31_2|       pointer|
|K32_2           |   in|   16|     ap_none|              K32_2|       pointer|
|K33_2           |   in|   16|     ap_none|              K33_2|       pointer|
|ROffset_2       |   in|   10|     ap_none|          ROffset_2|       pointer|
|GOffset_2       |   in|   10|     ap_none|          GOffset_2|       pointer|
|BOffset_2       |   in|   10|     ap_none|          BOffset_2|       pointer|
|ClampMin_2      |   in|    8|     ap_none|         ClampMin_2|       pointer|
|ClipMax_2       |   in|    8|     ap_none|          ClipMax_2|       pointer|
+----------------+-----+-----+------------+-------------------+--------------+

