

================================================================
== Vitis HLS Report for 'MultiPixStream2AXIvideo'
================================================================
* Date:           Mon Aug 29 12:25:41 2022

* Version:        2022.1 (Build 3526262 on Mon Apr 18 15:47:01 MDT 2022)
* Project:        prj
* Solution:       sol (Vivado IP Flow Target)
* Product family: zynq
* Target device:  xc7z020-clg484-1


================================================================
== Performance Estimates
================================================================
+ Timing: 
    * Summary: 
    +--------+---------+----------+------------+
    |  Clock |  Target | Estimated| Uncertainty|
    +--------+---------+----------+------------+
    |ap_clk  |  5.62 ns|  3.468 ns|     1.52 ns|
    +--------+---------+----------+------------+

+ Latency: 
    * Summary: 
    +---------+---------+-----------+-----------+------+---------+---------+
    |  Latency (cycles) |   Latency (absolute)  |    Interval    | Pipeline|
    |   min   |   max   |    min    |    max    |  min |   max   |   Type  |
    +---------+---------+-----------+-----------+------+---------+---------+
    |     4547|  2081163|  25.577 us|  11.707 ms|  4547|  2081163|       no|
    +---------+---------+-----------+-----------+------+---------+---------+

    + Detail: 
        * Instance: 
        +--------------------------------------------------------------+---------------------------------------------------+---------+---------+----------+-----------+-----+------+---------+
        |                                                              |                                                   |  Latency (cycles) |  Latency (absolute)  |  Interval  | Pipeline|
        |                           Instance                           |                       Module                      |   min   |   max   |    min   |    max    | min |  max |   Type  |
        +--------------------------------------------------------------+---------------------------------------------------+---------+---------+----------+-----------+-----+------+---------+
        |grp_MultiPixStream2AXIvideo_Pipeline_VITIS_LOOP_619_2_fu_116  |MultiPixStream2AXIvideo_Pipeline_VITIS_LOOP_619_2  |       68|     1924|  0.383 us|  10.822 us|   68|  1924|       no|
        |grp_reg_unsigned_short_s_fu_141                               |reg_unsigned_short_s                               |        1|        1|  5.625 ns|   5.625 ns|    1|     1|      yes|
        |grp_reg_unsigned_short_s_fu_147                               |reg_unsigned_short_s                               |        1|        1|  5.625 ns|   5.625 ns|    1|     1|      yes|
        +--------------------------------------------------------------+---------------------------------------------------+---------+---------+----------+-----------+-----+------+---------+

        * Loop: 
        +--------------------+---------+---------+-----------+-----------+-----------+-----------+----------+
        |                    |  Latency (cycles) | Iteration |  Initiation Interval  |    Trip   |          |
        |      Loop Name     |   min   |   max   |  Latency  |  achieved |   target  |   Count   | Pipelined|
        +--------------------+---------+---------+-----------+-----------+-----------+-----------+----------+
        |- VITIS_LOOP_617_1  |     4544|  2081160|  71 ~ 1927|          -|          -|  64 ~ 1080|        no|
        +--------------------+---------+---------+-----------+-----------+-----------+-----------+----------+



================================================================
== Utilization Estimates
================================================================
* Summary: 
+-----------------+---------+-----+--------+-------+-----+
|       Name      | BRAM_18K| DSP |   FF   |  LUT  | URAM|
+-----------------+---------+-----+--------+-------+-----+
|DSP              |        -|    -|       -|      -|    -|
|Expression       |        -|    -|       0|     39|    -|
|FIFO             |        -|    -|       -|      -|    -|
|Instance         |        -|    -|      86|    171|    -|
|Memory           |        -|    -|       -|      -|    -|
|Multiplexer      |        -|    -|       -|     82|    -|
|Register         |        -|    -|      53|      -|    -|
+-----------------+---------+-----+--------+-------+-----+
|Total            |        0|    0|     139|    292|    0|
+-----------------+---------+-----+--------+-------+-----+
|Available        |      280|  220|  106400|  53200|    0|
+-----------------+---------+-----+--------+-------+-----+
|Utilization (%)  |        0|    0|      ~0|     ~0|    0|
+-----------------+---------+-----+--------+-------+-----+

+ Detail: 
    * Instance: 
    +--------------------------------------------------------------+---------------------------------------------------+---------+----+----+-----+-----+
    |                           Instance                           |                       Module                      | BRAM_18K| DSP| FF | LUT | URAM|
    +--------------------------------------------------------------+---------------------------------------------------+---------+----+----+-----+-----+
    |grp_MultiPixStream2AXIvideo_Pipeline_VITIS_LOOP_619_2_fu_116  |MultiPixStream2AXIvideo_Pipeline_VITIS_LOOP_619_2  |        0|   0|  64|  171|    0|
    |grp_reg_unsigned_short_s_fu_141                               |reg_unsigned_short_s                               |        0|   0|  11|    0|    0|
    |grp_reg_unsigned_short_s_fu_147                               |reg_unsigned_short_s                               |        0|   0|  11|    0|    0|
    +--------------------------------------------------------------+---------------------------------------------------+---------+----+----+-----+-----+
    |Total                                                         |                                                   |        0|   0|  86|  171|    0|
    +--------------------------------------------------------------+---------------------------------------------------+---------+----+----+-----+-----+

    * DSP: 
    N/A

    * Memory: 
    N/A

    * FIFO: 
    N/A

    * Expression: 
    +----------------------------------------------------------------------------------+----------+----+---+----+------------+------------+
    |                                   Variable Name                                  | Operation| DSP| FF| LUT| Bitwidth P0| Bitwidth P1|
    +----------------------------------------------------------------------------------+----------+----+---+----+------------+------------+
    |i_2_fu_172_p2                                                                     |         +|   0|  0|  12|          11|           1|
    |sub_fu_158_p2                                                                     |         +|   0|  0|  12|          11|           2|
    |grp_MultiPixStream2AXIvideo_Pipeline_VITIS_LOOP_619_2_fu_116_m_axis_video_TREADY  |       and|   0|  0|   2|           1|           1|
    |icmp_ln617_fu_167_p2                                                              |      icmp|   0|  0|  11|          11|          11|
    |ap_block_state1                                                                   |        or|   0|  0|   2|           1|           1|
    +----------------------------------------------------------------------------------+----------+----+---+----+------------+------------+
    |Total                                                                             |          |   0|  0|  39|          35|          16|
    +----------------------------------------------------------------------------------+----------+----+---+----+------------+------------+

    * Multiplexer: 
    +----------------------------+----+-----------+-----+-----------+
    |            Name            | LUT| Input Size| Bits| Total Bits|
    +----------------------------+----+-----------+-----+-----------+
    |Height_blk_n                |   9|          2|    1|          2|
    |WidthOut_blk_n              |   9|          2|    1|          2|
    |ap_NS_fsm                   |  37|          7|    1|          7|
    |ap_done                     |   9|          2|    1|          2|
    |i_fu_80                     |   9|          2|   11|         22|
    |stream_out_hresampled_read  |   9|          2|    1|          2|
    +----------------------------+----+-----------+-----+-----------+
    |Total                       |  82|         17|   16|         37|
    +----------------------------+----+-----------+-----+-----------+

    * Register: 
    +---------------------------------------------------------------------------+----+----+-----+-----------+
    |                                    Name                                   | FF | LUT| Bits| Const Bits|
    +---------------------------------------------------------------------------+----+----+-----+-----------+
    |ap_CS_fsm                                                                  |   6|   0|    6|          0|
    |ap_done_reg                                                                |   1|   0|    1|          0|
    |cols_reg_200                                                               |  11|   0|   11|          0|
    |grp_MultiPixStream2AXIvideo_Pipeline_VITIS_LOOP_619_2_fu_116_ap_start_reg  |   1|   0|    1|          0|
    |i_fu_80                                                                    |  11|   0|   11|          0|
    |rows_reg_195                                                               |  11|   0|   11|          0|
    |sof_reg_102                                                                |   1|   0|    1|          0|
    |sub_reg_205                                                                |  11|   0|   11|          0|
    +---------------------------------------------------------------------------+----+----+-----+-----------+
    |Total                                                                      |  53|   0|   53|          0|
    +---------------------------------------------------------------------------+----+----+-----+-----------+



================================================================
== Interface
================================================================
* Summary: 
+--------------------------------------+-----+-----+------------+-------------------------+--------------+
|               RTL Ports              | Dir | Bits|  Protocol  |      Source Object      |    C Type    |
+--------------------------------------+-----+-----+------------+-------------------------+--------------+
|ap_clk                                |   in|    1|  ap_ctrl_hs|  MultiPixStream2AXIvideo|  return value|
|ap_rst                                |   in|    1|  ap_ctrl_hs|  MultiPixStream2AXIvideo|  return value|
|ap_start                              |   in|    1|  ap_ctrl_hs|  MultiPixStream2AXIvideo|  return value|
|ap_done                               |  out|    1|  ap_ctrl_hs|  MultiPixStream2AXIvideo|  return value|
|ap_continue                           |   in|    1|  ap_ctrl_hs|  MultiPixStream2AXIvideo|  return value|
|ap_idle                               |  out|    1|  ap_ctrl_hs|  MultiPixStream2AXIvideo|  return value|
|ap_ready                              |  out|    1|  ap_ctrl_hs|  MultiPixStream2AXIvideo|  return value|
|stream_out_hresampled_dout            |   in|   24|     ap_fifo|    stream_out_hresampled|       pointer|
|stream_out_hresampled_num_data_valid  |   in|    5|     ap_fifo|    stream_out_hresampled|       pointer|
|stream_out_hresampled_fifo_cap        |   in|    5|     ap_fifo|    stream_out_hresampled|       pointer|
|stream_out_hresampled_empty_n         |   in|    1|     ap_fifo|    stream_out_hresampled|       pointer|
|stream_out_hresampled_read            |  out|    1|     ap_fifo|    stream_out_hresampled|       pointer|
|m_axis_video_TDATA                    |  out|   24|        axis|    m_axis_video_V_data_V|       pointer|
|m_axis_video_TVALID                   |  out|    1|        axis|    m_axis_video_V_dest_V|       pointer|
|m_axis_video_TREADY                   |   in|    1|        axis|    m_axis_video_V_dest_V|       pointer|
|m_axis_video_TDEST                    |  out|    1|        axis|    m_axis_video_V_dest_V|       pointer|
|m_axis_video_TKEEP                    |  out|    3|        axis|    m_axis_video_V_keep_V|       pointer|
|m_axis_video_TSTRB                    |  out|    3|        axis|    m_axis_video_V_strb_V|       pointer|
|m_axis_video_TUSER                    |  out|    1|        axis|    m_axis_video_V_user_V|       pointer|
|m_axis_video_TLAST                    |  out|    1|        axis|    m_axis_video_V_last_V|       pointer|
|m_axis_video_TID                      |  out|    1|        axis|      m_axis_video_V_id_V|       pointer|
|Height_dout                           |   in|   11|     ap_fifo|                   Height|       pointer|
|Height_num_data_valid                 |   in|    2|     ap_fifo|                   Height|       pointer|
|Height_fifo_cap                       |   in|    2|     ap_fifo|                   Height|       pointer|
|Height_empty_n                        |   in|    1|     ap_fifo|                   Height|       pointer|
|Height_read                           |  out|    1|     ap_fifo|                   Height|       pointer|
|WidthOut_dout                         |   in|   11|     ap_fifo|                 WidthOut|       pointer|
|WidthOut_num_data_valid               |   in|    2|     ap_fifo|                 WidthOut|       pointer|
|WidthOut_fifo_cap                     |   in|    2|     ap_fifo|                 WidthOut|       pointer|
|WidthOut_empty_n                      |   in|    1|     ap_fifo|                 WidthOut|       pointer|
|WidthOut_read                         |  out|    1|     ap_fifo|                 WidthOut|       pointer|
|p_read                                |   in|    8|     ap_none|                   p_read|        scalar|
+--------------------------------------+-----+-----+------------+-------------------------+--------------+

