

================================================================
== Vitis HLS Report for 'v_hcresampler_core'
================================================================
* Date:           Mon Aug 29 12:25:39 2022

* Version:        2022.1 (Build 3526262 on Mon Apr 18 15:47:01 MDT 2022)
* Project:        prj
* Solution:       sol (Vivado IP Flow Target)
* Product family: zynq
* Target device:  xc7z020-clg484-1


================================================================
== Performance Estimates
================================================================
+ Timing: 
    * Summary: 
    +--------+---------+----------+------------+
    |  Clock |  Target | Estimated| Uncertainty|
    +--------+---------+----------+------------+
    |ap_clk  |  5.62 ns|  4.106 ns|     1.52 ns|
    +--------+---------+----------+------------+

+ Latency: 
    * Summary: 
    +---------+------------+-----------+-----------+-----+------------+---------+
    |   Latency (cycles)   |   Latency (absolute)  |     Interval     | Pipeline|
    |   min   |     max    |    min    |    max    | min |     max    |   Type  |
    +---------+------------+-----------+-----------+-----+------------+---------+
    |        2|  1073971194|  11.250 ns|  6.041 sec|    2|  1073971194|       no|
    +---------+------------+-----------+-----------+-----+------------+---------+

    + Detail: 
        * Instance: 
        +---------------------------------------------------------+----------------------------------------------+---------+---------+-----------+----------+-----+-------+---------+
        |                                                         |                                              |  Latency (cycles) |  Latency (absolute)  |   Interval  | Pipeline|
        |                         Instance                        |                    Module                    |   min   |   max   |    min    |    max   | min |  max  |   Type  |
        +---------------------------------------------------------+----------------------------------------------+---------+---------+-----------+----------+-----+-------+---------+
        |grp_v_hcresampler_core_Pipeline_VITIS_LOOP_724_2_fu_180  |v_hcresampler_core_Pipeline_VITIS_LOOP_724_2  |        6|    32772|  33.750 ns|  0.184 ms|    6|  32772|       no|
        +---------------------------------------------------------+----------------------------------------------+---------+---------+-----------+----------+-----+-------+---------+

        * Loop: 
        +--------------------+---------+------------+-----------+-----------+-----------+-----------+----------+
        |                    |   Latency (cycles)   | Iteration |  Initiation Interval  |    Trip   |          |
        |      Loop Name     |   min   |     max    |  Latency  |  achieved |   target  |   Count   | Pipelined|
        +--------------------+---------+------------+-----------+-----------+-----------+-----------+----------+
        |- VITIS_LOOP_722_1  |        0|  1073971192|  2 ~ 32776|          -|          -|  0 ~ 32767|        no|
        +--------------------+---------+------------+-----------+-----------+-----------+-----------+----------+



================================================================
== Utilization Estimates
================================================================
* Summary: 
+-----------------+---------+-----+--------+-------+-----+
|       Name      | BRAM_18K| DSP |   FF   |  LUT  | URAM|
+-----------------+---------+-----+--------+-------+-----+
|DSP              |        -|    -|       -|      -|    -|
|Expression       |        -|    -|       0|     55|    -|
|FIFO             |        -|    -|       -|      -|    -|
|Instance         |        -|    -|     357|    561|    -|
|Memory           |        -|    -|       -|      -|    -|
|Multiplexer      |        -|    -|       -|    109|    -|
|Register         |        -|    -|     227|      -|    -|
+-----------------+---------+-----+--------+-------+-----+
|Total            |        0|    0|     584|    725|    0|
+-----------------+---------+-----+--------+-------+-----+
|Available        |      280|  220|  106400|  53200|    0|
+-----------------+---------+-----+--------+-------+-----+
|Utilization (%)  |        0|    0|      ~0|      1|    0|
+-----------------+---------+-----+--------+-------+-----+

+ Detail: 
    * Instance: 
    +---------------------------------------------------------+----------------------------------------------+---------+----+-----+-----+-----+
    |                         Instance                        |                    Module                    | BRAM_18K| DSP|  FF | LUT | URAM|
    +---------------------------------------------------------+----------------------------------------------+---------+----+-----+-----+-----+
    |grp_v_hcresampler_core_Pipeline_VITIS_LOOP_724_2_fu_180  |v_hcresampler_core_Pipeline_VITIS_LOOP_724_2  |        0|   0|  357|  561|    0|
    +---------------------------------------------------------+----------------------------------------------+---------+----+-----+-----+-----+
    |Total                                                    |                                              |        0|   0|  357|  561|    0|
    +---------------------------------------------------------+----------------------------------------------+---------+----+-----+-----+-----+

    * DSP: 
    N/A

    * Memory: 
    N/A

    * FIFO: 
    N/A

    * Expression: 
    +------------------------+----------+----+---+----+------------+------------+
    |      Variable Name     | Operation| DSP| FF| LUT| Bitwidth P0| Bitwidth P1|
    +------------------------+----------+----+---+----+------------+------------+
    |loopWidth_fu_235_p2     |         +|   0|  0|  12|          12|          12|
    |y_4_fu_255_p2           |         +|   0|  0|  12|          11|           1|
    |cmp361011_i_fu_241_p2   |      icmp|   0|  0|  12|          12|           1|
    |icmp_ln722_fu_250_p2    |      icmp|   0|  0|  11|          11|          11|
    |ap_block_state1         |        or|   0|  0|   2|           1|           1|
    |select_ln685_fu_218_p3  |    select|   0|  0|   3|           1|           1|
    |select_ln720_fu_225_p3  |    select|   0|  0|   3|           1|           1|
    +------------------------+----------+----+---+----+------------+------------+
    |Total                   |          |   0|  0|  55|          49|          28|
    +------------------------+----------+----+---+----+------------+------------+

    * Multiplexer: 
    +----------------------------+----+-----------+-----+-----------+
    |            Name            | LUT| Input Size| Bits| Total Bits|
    +----------------------------+----+-----------+-----+-----------+
    |HwReg_height_blk_n          |   9|          2|    1|          2|
    |HwReg_height_c20_blk_n      |   9|          2|    1|          2|
    |HwReg_width_blk_n           |   9|          2|    1|          2|
    |HwReg_width_c16_blk_n       |   9|          2|    1|          2|
    |ap_NS_fsm                   |  37|          7|    1|          7|
    |ap_done                     |   9|          2|    1|          2|
    |stream_in_hresampled_write  |   9|          2|    1|          2|
    |stream_in_read              |   9|          2|    1|          2|
    |y_3_fu_70                   |   9|          2|   11|         22|
    +----------------------------+----+-----------+-----+-----------+
    |Total                       | 109|         23|   19|         43|
    +----------------------------+----+-----------+-----+-----------+

    * Register: 
    +----------------------------------------------------------------------+----+----+-----+-----------+
    |                                 Name                                 | FF | LUT| Bits| Const Bits|
    +----------------------------------------------------------------------+----+----+-----+-----------+
    |HwReg_width_read_reg_410                                              |  11|   0|   11|          0|
    |ap_CS_fsm                                                             |   6|   0|    6|          0|
    |ap_done_reg                                                           |   1|   0|    1|          0|
    |cmp361011_i_reg_426                                                   |   1|   0|    1|          0|
    |grp_v_hcresampler_core_Pipeline_VITIS_LOOP_724_2_fu_180_ap_start_reg  |   1|   0|    1|          0|
    |loopHeight_reg_405                                                    |  11|   0|   11|          0|
    |loopWidth_reg_421                                                     |  12|   0|   12|          0|
    |p_0_0_0_0_0516_21070_lcssa1096_i_fu_114                               |   8|   0|    8|          0|
    |p_0_0_0_0_05241020_lcssa1043_i_fu_74                                  |   8|   0|    8|          0|
    |p_0_0_0_0_05241026_lcssa1052_i_fu_86                                  |   8|   0|    8|          0|
    |p_0_0_0_0_0_21073_lcssa1099_i_fu_118                                  |   8|   0|    8|          0|
    |p_0_1_0_0_01022_lcssa1046_i_fu_78                                     |   8|   0|    8|          0|
    |p_0_1_0_0_01028_lcssa1055_i_fu_90                                     |   8|   0|    8|          0|
    |p_0_1_0_0_01032_lcssa1058_i_fu_94                                     |   8|   0|    8|          0|
    |p_0_2_0_0_01024_lcssa1049_i_fu_82                                     |   8|   0|    8|          0|
    |p_lcssa10661084_i_fu_102                                              |   8|   0|    8|          0|
    |p_lcssa10681090_i_fu_106                                              |   8|   0|    8|          0|
    |p_lcssa10691093_i_fu_110                                              |   8|   0|    8|          0|
    |p_lcssa1078_i_fu_98                                                   |   8|   0|    8|          0|
    |pixbuf_y_val_V_15_fu_126                                              |   8|   0|    8|          0|
    |pixbuf_y_val_V_16_fu_130                                              |   8|   0|    8|          0|
    |pixbuf_y_val_V_16_load_reg_438                                        |   8|   0|    8|          0|
    |pixbuf_y_val_V_17_fu_134                                              |   8|   0|    8|          0|
    |pixbuf_y_val_V_17_load_reg_443                                        |   8|   0|    8|          0|
    |pixbuf_y_val_V_18_fu_138                                              |   8|   0|    8|          0|
    |pixbuf_y_val_V_18_load_reg_448                                        |   8|   0|    8|          0|
    |pixbuf_y_val_V_fu_122                                                 |   8|   0|    8|          0|
    |select_ln685_reg_416                                                  |   2|   0|    3|          1|
    |y_3_fu_70                                                             |  11|   0|   11|          0|
    |y_4_reg_433                                                           |  11|   0|   11|          0|
    +----------------------------------------------------------------------+----+----+-----+-----------+
    |Total                                                                 | 227|   0|  228|          1|
    +----------------------------------------------------------------------+----+----+-----+-----------+



================================================================
== Interface
================================================================
* Summary: 
+-------------------------------------+-----+-----+------------+----------------------+--------------+
|              RTL Ports              | Dir | Bits|  Protocol  |     Source Object    |    C Type    |
+-------------------------------------+-----+-----+------------+----------------------+--------------+
|ap_clk                               |   in|    1|  ap_ctrl_hs|    v_hcresampler_core|  return value|
|ap_rst                               |   in|    1|  ap_ctrl_hs|    v_hcresampler_core|  return value|
|ap_start                             |   in|    1|  ap_ctrl_hs|    v_hcresampler_core|  return value|
|ap_done                              |  out|    1|  ap_ctrl_hs|    v_hcresampler_core|  return value|
|ap_continue                          |   in|    1|  ap_ctrl_hs|    v_hcresampler_core|  return value|
|ap_idle                              |  out|    1|  ap_ctrl_hs|    v_hcresampler_core|  return value|
|ap_ready                             |  out|    1|  ap_ctrl_hs|    v_hcresampler_core|  return value|
|stream_in_dout                       |   in|   24|     ap_fifo|             stream_in|       pointer|
|stream_in_num_data_valid             |   in|    5|     ap_fifo|             stream_in|       pointer|
|stream_in_fifo_cap                   |   in|    5|     ap_fifo|             stream_in|       pointer|
|stream_in_empty_n                    |   in|    1|     ap_fifo|             stream_in|       pointer|
|stream_in_read                       |  out|    1|     ap_fifo|             stream_in|       pointer|
|HwReg_height_dout                    |   in|   11|     ap_fifo|          HwReg_height|       pointer|
|HwReg_height_num_data_valid          |   in|    2|     ap_fifo|          HwReg_height|       pointer|
|HwReg_height_fifo_cap                |   in|    2|     ap_fifo|          HwReg_height|       pointer|
|HwReg_height_empty_n                 |   in|    1|     ap_fifo|          HwReg_height|       pointer|
|HwReg_height_read                    |  out|    1|     ap_fifo|          HwReg_height|       pointer|
|HwReg_width_dout                     |   in|   11|     ap_fifo|           HwReg_width|       pointer|
|HwReg_width_num_data_valid           |   in|    2|     ap_fifo|           HwReg_width|       pointer|
|HwReg_width_fifo_cap                 |   in|    2|     ap_fifo|           HwReg_width|       pointer|
|HwReg_width_empty_n                  |   in|    1|     ap_fifo|           HwReg_width|       pointer|
|HwReg_width_read                     |  out|    1|     ap_fifo|           HwReg_width|       pointer|
|p_read                               |   in|    1|     ap_none|                p_read|        scalar|
|stream_in_hresampled_din             |  out|   24|     ap_fifo|  stream_in_hresampled|       pointer|
|stream_in_hresampled_num_data_valid  |   in|    5|     ap_fifo|  stream_in_hresampled|       pointer|
|stream_in_hresampled_fifo_cap        |   in|    5|     ap_fifo|  stream_in_hresampled|       pointer|
|stream_in_hresampled_full_n          |   in|    1|     ap_fifo|  stream_in_hresampled|       pointer|
|stream_in_hresampled_write           |  out|    1|     ap_fifo|  stream_in_hresampled|       pointer|
|HwReg_width_c16_din                  |  out|   11|     ap_fifo|       HwReg_width_c16|       pointer|
|HwReg_width_c16_num_data_valid       |   in|    2|     ap_fifo|       HwReg_width_c16|       pointer|
|HwReg_width_c16_fifo_cap             |   in|    2|     ap_fifo|       HwReg_width_c16|       pointer|
|HwReg_width_c16_full_n               |   in|    1|     ap_fifo|       HwReg_width_c16|       pointer|
|HwReg_width_c16_write                |  out|    1|     ap_fifo|       HwReg_width_c16|       pointer|
|HwReg_height_c20_din                 |  out|   11|     ap_fifo|      HwReg_height_c20|       pointer|
|HwReg_height_c20_num_data_valid      |   in|    2|     ap_fifo|      HwReg_height_c20|       pointer|
|HwReg_height_c20_fifo_cap            |   in|    2|     ap_fifo|      HwReg_height_c20|       pointer|
|HwReg_height_c20_full_n              |   in|    1|     ap_fifo|      HwReg_height_c20|       pointer|
|HwReg_height_c20_write               |  out|    1|     ap_fifo|      HwReg_height_c20|       pointer|
+-------------------------------------+-----+-----+------------+----------------------+--------------+

