Copyright 1986-2022 Xilinx, Inc. All Rights Reserved.
------------------------------------------------------------------------------------------------------
| Tool Version : Vivado v.2022.1 (lin64) Build 3526262 Mon Apr 18 15:47:01 MDT 2022
| Date         : Sun Sep  4 11:25:03 2022
| Host         : benchmarker-HP-ZBook-Fury-15-G7-Mobile-Workstation running 64-bit Ubuntu 20.04.2 LTS
| Command      : upgrade_ip
| Device       : xc7z020clg484-1
------------------------------------------------------------------------------------------------------

Upgrade Log for IP 'design_1_sobel_v1_0_0_0'

1. Summary
----------

SUCCESS in the upgrade of design_1_sobel_v1_0_0_0 (user.org:user:sobel_v1_0:1.0) from (Rev. 8) to (Rev. 9)






Copyright 1986-2022 Xilinx, Inc. All Rights Reserved.
------------------------------------------------------------------------------------------------------
| Tool Version : Vivado v.2022.1 (lin64) Build 3526262 Mon Apr 18 15:47:01 MDT 2022
| Date         : Mon Aug 29 12:19:52 2022
| Host         : benchmarker-HP-ZBook-Fury-15-G7-Mobile-Workstation running 64-bit Ubuntu 20.04.2 LTS
| Command      : upgrade_ip
| Device       : xc7z020clg484-1
------------------------------------------------------------------------------------------------------

Upgrade Log for IP 'design_1_sobel_v1_0_0_0'

1. Summary
----------

SUCCESS in the conversion of design_1_sobel_v1_0_0_0 (user.org:user:sobel_v1_0:1.0 (Rev. 8)) to Vivado generation flows.

