

================================================================
== Vitis HLS Report for 'AXIvideo2MultiPixStream'
================================================================
* Date:           Mon Aug 29 12:31:12 2022

* Version:        2022.1 (Build 3526262 on Mon Apr 18 15:47:01 MDT 2022)
* Project:        prj
* Solution:       sol (Vivado IP Flow Target)
* Product family: zynq
* Target device:  xc7z020-clg484-1


================================================================
== Performance Estimates
================================================================
+ Timing: 
    * Summary: 
    +--------+---------+----------+------------+
    |  Clock |  Target | Estimated| Uncertainty|
    +--------+---------+----------+------------+
    |ap_clk  |  5.62 ns|  5.132 ns|     1.52 ns|
    +--------+---------+----------+------------+

+ Latency: 
    * Summary: 
    +---------+---------+-----------+-----------+------+---------+---------+
    |  Latency (cycles) |   Latency (absolute)  |    Interval    | Pipeline|
    |   min   |   max   |    min    |    max    |  min |   max   |   Type  |
    +---------+---------+-----------+-----------+------+---------+---------+
    |     4742|  2084406|  26.674 us|  11.725 ms|  4742|  2084406|       no|
    +---------+---------+-----------+-----------+------+---------+---------+

    + Detail: 
        * Instance: 
        +-----------------------------------------------------------------+------------------------------------------------------+---------+---------+-----------+-----------+-----+------+---------+
        |                                                                 |                                                      |  Latency (cycles) |   Latency (absolute)  |  Interval  | Pipeline|
        |                             Instance                            |                        Module                        |   min   |   max   |    min    |    max    | min |  max |   Type  |
        +-----------------------------------------------------------------+------------------------------------------------------+---------+---------+-----------+-----------+-----+------+---------+
        |grp_AXIvideo2MultiPixStream_Pipeline_loop_wait_for_start_fu_132  |AXIvideo2MultiPixStream_Pipeline_loop_wait_for_start  |        2|        2|  11.250 ns|  11.250 ns|    2|     2|       no|
        |grp_AXIvideo2MultiPixStream_Pipeline_loop_width_fu_152           |AXIvideo2MultiPixStream_Pipeline_loop_width           |       66|     1922|   0.371 us|  10.811 us|   66|  1922|       no|
        |grp_AXIvideo2MultiPixStream_Pipeline_loop_wait_for_eol_fu_180    |AXIvideo2MultiPixStream_Pipeline_loop_wait_for_eol    |        2|        2|  11.250 ns|  11.250 ns|    2|     2|       no|
        |grp_reg_unsigned_short_s_fu_214                                  |reg_unsigned_short_s                                  |        1|        1|   5.625 ns|   5.625 ns|    1|     1|      yes|
        |grp_reg_unsigned_short_s_fu_219                                  |reg_unsigned_short_s                                  |        1|        1|   5.625 ns|   5.625 ns|    1|     1|      yes|
        +-----------------------------------------------------------------+------------------------------------------------------+---------+---------+-----------+-----------+-----+------+---------+

        * Loop: 
        +---------------+---------+---------+-----------+-----------+-----------+-----------+----------+
        |               |  Latency (cycles) | Iteration |  Initiation Interval  |    Trip   |          |
        |   Loop Name   |   min   |   max   |  Latency  |  achieved |   target  |   Count   | Pipelined|
        +---------------+---------+---------+-----------+-----------+-----------+-----------+----------+
        |- loop_height  |     4736|  2084400|  74 ~ 1930|          -|          -|  64 ~ 1080|        no|
        +---------------+---------+---------+-----------+-----------+-----------+-----------+----------+



================================================================
== Utilization Estimates
================================================================
* Summary: 
+-----------------+---------+-----+--------+-------+-----+
|       Name      | BRAM_18K| DSP |   FF   |  LUT  | URAM|
+-----------------+---------+-----+--------+-------+-----+
|DSP              |        -|    -|       -|      -|    -|
|Expression       |        -|    -|       0|     25|    -|
|FIFO             |        -|    -|       -|      -|    -|
|Instance         |        -|    -|      47|    222|    -|
|Memory           |        -|    -|       -|      -|    -|
|Multiplexer      |        -|    -|       -|    133|    -|
|Register         |        -|    -|      74|      -|    -|
+-----------------+---------+-----+--------+-------+-----+
|Total            |        0|    0|     121|    380|    0|
+-----------------+---------+-----+--------+-------+-----+
|Available        |      280|  220|  106400|  53200|    0|
+-----------------+---------+-----+--------+-------+-----+
|Utilization (%)  |        0|    0|      ~0|     ~0|    0|
+-----------------+---------+-----+--------+-------+-----+

+ Detail: 
    * Instance: 
    +-----------------------------------------------------------------+------------------------------------------------------+---------+----+----+-----+-----+
    |                             Instance                            |                        Module                        | BRAM_18K| DSP| FF | LUT | URAM|
    +-----------------------------------------------------------------+------------------------------------------------------+---------+----+----+-----+-----+
    |grp_AXIvideo2MultiPixStream_Pipeline_loop_wait_for_eol_fu_180    |AXIvideo2MultiPixStream_Pipeline_loop_wait_for_eol    |        0|   0|   3|   43|    0|
    |grp_AXIvideo2MultiPixStream_Pipeline_loop_wait_for_start_fu_132  |AXIvideo2MultiPixStream_Pipeline_loop_wait_for_start  |        0|   0|   3|   34|    0|
    |grp_AXIvideo2MultiPixStream_Pipeline_loop_width_fu_152           |AXIvideo2MultiPixStream_Pipeline_loop_width           |        0|   0|  41|  145|    0|
    |grp_reg_unsigned_short_s_fu_214                                  |reg_unsigned_short_s                                  |        0|   0|   0|    0|    0|
    |grp_reg_unsigned_short_s_fu_219                                  |reg_unsigned_short_s                                  |        0|   0|   0|    0|    0|
    +-----------------------------------------------------------------+------------------------------------------------------+---------+----+----+-----+-----+
    |Total                                                            |                                                      |        0|   0|  47|  222|    0|
    +-----------------------------------------------------------------+------------------------------------------------------+---------+----+----+-----+-----+

    * DSP: 
    N/A

    * Memory: 
    N/A

    * FIFO: 
    N/A

    * Expression: 
    +----------------------+----------+----+---+----+------------+------------+
    |     Variable Name    | Operation| DSP| FF| LUT| Bitwidth P0| Bitwidth P1|
    +----------------------+----------+----+---+----+------------+------------+
    |i_4_fu_235_p2         |         +|   0|  0|  12|          11|           1|
    |icmp_ln470_fu_230_p2  |      icmp|   0|  0|  11|          11|          11|
    |ap_block_state1       |        or|   0|  0|   2|           1|           1|
    +----------------------+----------+----+---+----+------------+------------+
    |Total                 |          |   0|  0|  25|          23|          13|
    +----------------------+----------+----+---+----+------------+------------+

    * Multiplexer: 
    +----------------------------------+----+-----------+-----+-----------+
    |               Name               | LUT| Input Size| Bits| Total Bits|
    +----------------------------------+----+-----------+-----+-----------+
    |ap_NS_fsm                         |  59|         11|    1|         11|
    |ap_done                           |   9|          2|    1|          2|
    |axi_data_V_2_fu_74                |   9|          2|   24|         48|
    |axi_last_V_2_reg_120              |   9|          2|    1|          2|
    |i_fu_78                           |   9|          2|   11|         22|
    |real_start                        |   9|          2|    1|          2|
    |s_axis_video_TREADY_int_regslice  |  20|          4|    1|          4|
    |srcYUV_write                      |   9|          2|    1|          2|
    +----------------------------------+----+-----------+-----+-----------+
    |Total                             | 133|         27|   41|         93|
    +----------------------------------+----+-----------+-----+-----------+

    * Register: 
    +------------------------------------------------------------------------------+----+----+-----+-----------+
    |                                     Name                                     | FF | LUT| Bits| Const Bits|
    +------------------------------------------------------------------------------+----+----+-----+-----------+
    |ap_CS_fsm                                                                     |  10|   0|   10|          0|
    |ap_done_reg                                                                   |   1|   0|    1|          0|
    |axi_data_V_2_fu_74                                                            |  24|   0|   24|          0|
    |axi_last_V_2_reg_120                                                          |   1|   0|    1|          0|
    |cols_reg_305                                                                  |  11|   0|   11|          0|
    |grp_AXIvideo2MultiPixStream_Pipeline_loop_wait_for_eol_fu_180_ap_start_reg    |   1|   0|    1|          0|
    |grp_AXIvideo2MultiPixStream_Pipeline_loop_wait_for_start_fu_132_ap_start_reg  |   1|   0|    1|          0|
    |grp_AXIvideo2MultiPixStream_Pipeline_loop_width_fu_152_ap_start_reg           |   1|   0|    1|          0|
    |i_fu_78                                                                       |  11|   0|   11|          0|
    |rows_reg_300                                                                  |  11|   0|   11|          0|
    |sof_reg_106                                                                   |   1|   0|    1|          0|
    |start_once_reg                                                                |   1|   0|    1|          0|
    +------------------------------------------------------------------------------+----+----+-----+-----------+
    |Total                                                                         |  74|   0|   74|          0|
    +------------------------------------------------------------------------------+----+----+-----+-----------+



================================================================
== Interface
================================================================
* Summary: 
+-----------------------+-----+-----+------------+-------------------------+--------------+
|       RTL Ports       | Dir | Bits|  Protocol  |      Source Object      |    C Type    |
+-----------------------+-----+-----+------------+-------------------------+--------------+
|ap_clk                 |   in|    1|  ap_ctrl_hs|  AXIvideo2MultiPixStream|  return value|
|ap_rst                 |   in|    1|  ap_ctrl_hs|  AXIvideo2MultiPixStream|  return value|
|ap_start               |   in|    1|  ap_ctrl_hs|  AXIvideo2MultiPixStream|  return value|
|start_full_n           |   in|    1|  ap_ctrl_hs|  AXIvideo2MultiPixStream|  return value|
|ap_done                |  out|    1|  ap_ctrl_hs|  AXIvideo2MultiPixStream|  return value|
|ap_continue            |   in|    1|  ap_ctrl_hs|  AXIvideo2MultiPixStream|  return value|
|ap_idle                |  out|    1|  ap_ctrl_hs|  AXIvideo2MultiPixStream|  return value|
|ap_ready               |  out|    1|  ap_ctrl_hs|  AXIvideo2MultiPixStream|  return value|
|start_out              |  out|    1|  ap_ctrl_hs|  AXIvideo2MultiPixStream|  return value|
|start_write            |  out|    1|  ap_ctrl_hs|  AXIvideo2MultiPixStream|  return value|
|s_axis_video_TDATA     |   in|   24|        axis|    s_axis_video_V_data_V|       pointer|
|s_axis_video_TVALID    |   in|    1|        axis|    s_axis_video_V_dest_V|       pointer|
|s_axis_video_TREADY    |  out|    1|        axis|    s_axis_video_V_dest_V|       pointer|
|s_axis_video_TDEST     |   in|    1|        axis|    s_axis_video_V_dest_V|       pointer|
|s_axis_video_TKEEP     |   in|    3|        axis|    s_axis_video_V_keep_V|       pointer|
|s_axis_video_TSTRB     |   in|    3|        axis|    s_axis_video_V_strb_V|       pointer|
|s_axis_video_TUSER     |   in|    1|        axis|    s_axis_video_V_user_V|       pointer|
|s_axis_video_TLAST     |   in|    1|        axis|    s_axis_video_V_last_V|       pointer|
|s_axis_video_TID       |   in|    1|        axis|      s_axis_video_V_id_V|       pointer|
|srcYUV_din             |  out|   24|     ap_fifo|                   srcYUV|       pointer|
|srcYUV_num_data_valid  |   in|    5|     ap_fifo|                   srcYUV|       pointer|
|srcYUV_fifo_cap        |   in|    5|     ap_fifo|                   srcYUV|       pointer|
|srcYUV_full_n          |   in|    1|     ap_fifo|                   srcYUV|       pointer|
|srcYUV_write           |  out|    1|     ap_fifo|                   srcYUV|       pointer|
|Height                 |   in|   16|     ap_none|                   Height|        scalar|
|WidthIn                |   in|   16|     ap_none|                  WidthIn|        scalar|
+-----------------------+-----+-----+------------+-------------------------+--------------+

