

================================================================
== Vitis HLS Report for 'MultiPixStream2AXIvideo'
================================================================
* Date:           Mon Aug 29 12:31:15 2022

* Version:        2022.1 (Build 3526262 on Mon Apr 18 15:47:01 MDT 2022)
* Project:        prj
* Solution:       sol (Vivado IP Flow Target)
* Product family: zynq
* Target device:  xc7z020-clg484-1


================================================================
== Performance Estimates
================================================================
+ Timing: 
    * Summary: 
    +--------+---------+----------+------------+
    |  Clock |  Target | Estimated| Uncertainty|
    +--------+---------+----------+------------+
    |ap_clk  |  5.62 ns|  3.468 ns|     1.52 ns|
    +--------+---------+----------+------------+

+ Latency: 
    * Summary: 
    +---------+---------+-----------+-----------+------+---------+---------+
    |  Latency (cycles) |   Latency (absolute)  |    Interval    | Pipeline|
    |   min   |   max   |    min    |    max    |  min |   max   |   Type  |
    +---------+---------+-----------+-----------+------+---------+---------+
    |     4483|  2080083|  25.217 us|  11.700 ms|  4483|  2080083|       no|
    +---------+---------+-----------+-----------+------+---------+---------+

    + Detail: 
        * Instance: 
        +--------------------------------------------------------------+---------------------------------------------------+---------+---------+----------+-----------+-----+------+---------+
        |                                                              |                                                   |  Latency (cycles) |  Latency (absolute)  |  Interval  | Pipeline|
        |                           Instance                           |                       Module                      |   min   |   max   |    min   |    max    | min |  max |   Type  |
        +--------------------------------------------------------------+---------------------------------------------------+---------+---------+----------+-----------+-----+------+---------+
        |grp_MultiPixStream2AXIvideo_Pipeline_VITIS_LOOP_548_2_fu_100  |MultiPixStream2AXIvideo_Pipeline_VITIS_LOOP_548_2  |       67|     1923|  0.377 us|  10.817 us|   67|  1923|       no|
        |grp_reg_unsigned_short_s_fu_132                               |reg_unsigned_short_s                               |        1|        1|  5.625 ns|   5.625 ns|    1|     1|      yes|
        |grp_reg_unsigned_short_s_fu_138                               |reg_unsigned_short_s                               |        1|        1|  5.625 ns|   5.625 ns|    1|     1|      yes|
        +--------------------------------------------------------------+---------------------------------------------------+---------+---------+----------+-----------+-----+------+---------+

        * Loop: 
        +--------------------+---------+---------+-----------+-----------+-----------+-----------+----------+
        |                    |  Latency (cycles) | Iteration |  Initiation Interval  |    Trip   |          |
        |      Loop Name     |   min   |   max   |  Latency  |  achieved |   target  |   Count   | Pipelined|
        +--------------------+---------+---------+-----------+-----------+-----------+-----------+----------+
        |- VITIS_LOOP_546_1  |     4480|  2080080|  70 ~ 1926|          -|          -|  64 ~ 1080|        no|
        +--------------------+---------+---------+-----------+-----------+-----------+-----------+----------+



================================================================
== Utilization Estimates
================================================================
* Summary: 
+-----------------+---------+-----+--------+-------+-----+
|       Name      | BRAM_18K| DSP |   FF   |  LUT  | URAM|
+-----------------+---------+-----+--------+-------+-----+
|DSP              |        -|    -|       -|      -|    -|
|Expression       |        -|    -|       0|     39|    -|
|FIFO             |        -|    -|       -|      -|    -|
|Instance         |        -|    -|      18|    109|    -|
|Memory           |        -|    -|       -|      -|    -|
|Multiplexer      |        -|    -|       -|     64|    -|
|Register         |        -|    -|      53|      -|    -|
+-----------------+---------+-----+--------+-------+-----+
|Total            |        0|    0|      71|    212|    0|
+-----------------+---------+-----+--------+-------+-----+
|Available        |      280|  220|  106400|  53200|    0|
+-----------------+---------+-----+--------+-------+-----+
|Utilization (%)  |        0|    0|      ~0|     ~0|    0|
+-----------------+---------+-----+--------+-------+-----+

+ Detail: 
    * Instance: 
    +--------------------------------------------------------------+---------------------------------------------------+---------+----+----+-----+-----+
    |                           Instance                           |                       Module                      | BRAM_18K| DSP| FF | LUT | URAM|
    +--------------------------------------------------------------+---------------------------------------------------+---------+----+----+-----+-----+
    |grp_MultiPixStream2AXIvideo_Pipeline_VITIS_LOOP_548_2_fu_100  |MultiPixStream2AXIvideo_Pipeline_VITIS_LOOP_548_2  |        0|   0|  18|  109|    0|
    |grp_reg_unsigned_short_s_fu_132                               |reg_unsigned_short_s                               |        0|   0|   0|    0|    0|
    |grp_reg_unsigned_short_s_fu_138                               |reg_unsigned_short_s                               |        0|   0|   0|    0|    0|
    +--------------------------------------------------------------+---------------------------------------------------+---------+----+----+-----+-----+
    |Total                                                         |                                                   |        0|   0|  18|  109|    0|
    +--------------------------------------------------------------+---------------------------------------------------+---------+----+----+-----+-----+

    * DSP: 
    N/A

    * Memory: 
    N/A

    * FIFO: 
    N/A

    * Expression: 
    +----------------------------------------------------------------------------------+----------+----+---+----+------------+------------+
    |                                   Variable Name                                  | Operation| DSP| FF| LUT| Bitwidth P0| Bitwidth P1|
    +----------------------------------------------------------------------------------+----------+----+---+----+------------+------------+
    |i_2_fu_163_p2                                                                     |         +|   0|  0|  12|          11|           1|
    |sub_fu_149_p2                                                                     |         +|   0|  0|  12|          11|           2|
    |grp_MultiPixStream2AXIvideo_Pipeline_VITIS_LOOP_548_2_fu_100_m_axis_video_TREADY  |       and|   0|  0|   2|           1|           1|
    |icmp_ln546_fu_158_p2                                                              |      icmp|   0|  0|  11|          11|          11|
    |ap_block_state1                                                                   |        or|   0|  0|   2|           1|           1|
    +----------------------------------------------------------------------------------+----------+----+---+----+------------+------------+
    |Total                                                                             |          |   0|  0|  39|          35|          16|
    +----------------------------------------------------------------------------------+----------+----+---+----+------------+------------+

    * Multiplexer: 
    +-------------+----+-----------+-----+-----------+
    |     Name    | LUT| Input Size| Bits| Total Bits|
    +-------------+----+-----------+-----+-----------+
    |ap_NS_fsm    |  37|          7|    1|          7|
    |ap_done      |   9|          2|    1|          2|
    |i_fu_70      |   9|          2|   11|         22|
    |outYUV_read  |   9|          2|    1|          2|
    +-------------+----+-----------+-----+-----------+
    |Total        |  64|         13|   14|         33|
    +-------------+----+-----------+-----+-----------+

    * Register: 
    +---------------------------------------------------------------------------+----+----+-----+-----------+
    |                                    Name                                   | FF | LUT| Bits| Const Bits|
    +---------------------------------------------------------------------------+----+----+-----+-----------+
    |ap_CS_fsm                                                                  |   6|   0|    6|          0|
    |ap_done_reg                                                                |   1|   0|    1|          0|
    |cols_reg_186                                                               |  11|   0|   11|          0|
    |grp_MultiPixStream2AXIvideo_Pipeline_VITIS_LOOP_548_2_fu_100_ap_start_reg  |   1|   0|    1|          0|
    |i_fu_70                                                                    |  11|   0|   11|          0|
    |rows_reg_181                                                               |  11|   0|   11|          0|
    |sof_reg_86                                                                 |   1|   0|    1|          0|
    |sub_reg_191                                                                |  11|   0|   11|          0|
    +---------------------------------------------------------------------------+----+----+-----+-----------+
    |Total                                                                      |  53|   0|   53|          0|
    +---------------------------------------------------------------------------+----+----+-----+-----------+



================================================================
== Interface
================================================================
* Summary: 
+-----------------------+-----+-----+------------+-------------------------+--------------+
|       RTL Ports       | Dir | Bits|  Protocol  |      Source Object      |    C Type    |
+-----------------------+-----+-----+------------+-------------------------+--------------+
|ap_clk                 |   in|    1|  ap_ctrl_hs|  MultiPixStream2AXIvideo|  return value|
|ap_rst                 |   in|    1|  ap_ctrl_hs|  MultiPixStream2AXIvideo|  return value|
|ap_start               |   in|    1|  ap_ctrl_hs|  MultiPixStream2AXIvideo|  return value|
|ap_done                |  out|    1|  ap_ctrl_hs|  MultiPixStream2AXIvideo|  return value|
|ap_continue            |   in|    1|  ap_ctrl_hs|  MultiPixStream2AXIvideo|  return value|
|ap_idle                |  out|    1|  ap_ctrl_hs|  MultiPixStream2AXIvideo|  return value|
|ap_ready               |  out|    1|  ap_ctrl_hs|  MultiPixStream2AXIvideo|  return value|
|outYUV_dout            |   in|   24|     ap_fifo|                   outYUV|       pointer|
|outYUV_num_data_valid  |   in|    5|     ap_fifo|                   outYUV|       pointer|
|outYUV_fifo_cap        |   in|    5|     ap_fifo|                   outYUV|       pointer|
|outYUV_empty_n         |   in|    1|     ap_fifo|                   outYUV|       pointer|
|outYUV_read            |  out|    1|     ap_fifo|                   outYUV|       pointer|
|m_axis_video_TDATA     |  out|   24|        axis|    m_axis_video_V_data_V|       pointer|
|m_axis_video_TVALID    |  out|    1|        axis|    m_axis_video_V_dest_V|       pointer|
|m_axis_video_TREADY    |   in|    1|        axis|    m_axis_video_V_dest_V|       pointer|
|m_axis_video_TDEST     |  out|    1|        axis|    m_axis_video_V_dest_V|       pointer|
|m_axis_video_TKEEP     |  out|    3|        axis|    m_axis_video_V_keep_V|       pointer|
|m_axis_video_TSTRB     |  out|    3|        axis|    m_axis_video_V_strb_V|       pointer|
|m_axis_video_TUSER     |  out|    1|        axis|    m_axis_video_V_user_V|       pointer|
|m_axis_video_TLAST     |  out|    1|        axis|    m_axis_video_V_last_V|       pointer|
|m_axis_video_TID       |  out|    1|        axis|      m_axis_video_V_id_V|       pointer|
|Height                 |   in|   16|     ap_none|                   Height|        scalar|
|WidthOut               |   in|   16|     ap_none|                 WidthOut|        scalar|
+-----------------------+-----+-----+------------+-------------------------+--------------+

