

================================================================
== Vitis HLS Report for 'AXIvideo2MultiPixStream'
================================================================
* Date:           Mon Aug 29 12:25:30 2022

* Version:        2022.1 (Build 3526262 on Mon Apr 18 15:47:01 MDT 2022)
* Project:        prj
* Solution:       sol (Vivado IP Flow Target)
* Product family: zynq
* Target device:  xc7z020-clg484-1


================================================================
== Performance Estimates
================================================================
+ Timing: 
    * Summary: 
    +--------+---------+----------+------------+
    |  Clock |  Target | Estimated| Uncertainty|
    +--------+---------+----------+------------+
    |ap_clk  |  5.62 ns|  5.132 ns|     1.52 ns|
    +--------+---------+----------+------------+

+ Latency: 
    * Summary: 
    +---------+---------+-----------+-----------+-----+---------+---------+
    |  Latency (cycles) |   Latency (absolute)  |    Interval   | Pipeline|
    |   min   |   max   |    min    |    max    | min |   max   |   Type  |
    +---------+---------+-----------+-----------+-----+---------+---------+
    |        7|  2085487|  39.375 ns|  11.731 ms|    7|  2085487|       no|
    +---------+---------+-----------+-----------+-----+---------+---------+

    + Detail: 
        * Instance: 
        +-----------------------------------------------------------------+------------------------------------------------------+---------+---------+-----------+-----------+-----+------+---------+
        |                                                                 |                                                      |  Latency (cycles) |   Latency (absolute)  |  Interval  | Pipeline|
        |                             Instance                            |                        Module                        |   min   |   max   |    min    |    max    | min |  max |   Type  |
        +-----------------------------------------------------------------+------------------------------------------------------+---------+---------+-----------+-----------+-----+------+---------+
        |grp_AXIvideo2MultiPixStream_Pipeline_loop_wait_for_start_fu_165  |AXIvideo2MultiPixStream_Pipeline_loop_wait_for_start  |        2|        2|  11.250 ns|  11.250 ns|    2|     2|       no|
        |grp_AXIvideo2MultiPixStream_Pipeline_loop_width_fu_185           |AXIvideo2MultiPixStream_Pipeline_loop_width           |        3|     1922|  16.875 ns|  10.811 us|    3|  1922|       no|
        |grp_AXIvideo2MultiPixStream_Pipeline_loop_wait_for_eol_fu_213    |AXIvideo2MultiPixStream_Pipeline_loop_wait_for_eol    |        2|        2|  11.250 ns|  11.250 ns|    2|     2|       no|
        |grp_reg_unsigned_short_s_fu_257                                  |reg_unsigned_short_s                                  |        1|        1|   5.625 ns|   5.625 ns|    1|     1|      yes|
        |grp_reg_unsigned_short_s_fu_262                                  |reg_unsigned_short_s                                  |        1|        1|   5.625 ns|   5.625 ns|    1|     1|      yes|
        +-----------------------------------------------------------------+------------------------------------------------------+---------+---------+-----------+-----------+-----+------+---------+

        * Loop: 
        +---------------+---------+---------+----------+-----------+-----------+----------+----------+
        |               |  Latency (cycles) | Iteration|  Initiation Interval  |   Trip   |          |
        |   Loop Name   |   min   |   max   |  Latency |  achieved |   target  |   Count  | Pipelined|
        +---------------+---------+---------+----------+-----------+-----------+----------+----------+
        |- loop_height  |        1|  2085481|  8 ~ 1931|          -|          -|  0 ~ 1080|        no|
        +---------------+---------+---------+----------+-----------+-----------+----------+----------+



================================================================
== Utilization Estimates
================================================================
* Summary: 
+-----------------+---------+-----+--------+-------+-----+
|       Name      | BRAM_18K| DSP |   FF   |  LUT  | URAM|
+-----------------+---------+-----+--------+-------+-----+
|DSP              |        -|    -|       -|      -|    -|
|Expression       |        -|    -|       0|     49|    -|
|FIFO             |        -|    -|       -|      -|    -|
|Instance         |        -|    -|      48|    255|    -|
|Memory           |        -|    -|       -|      -|    -|
|Multiplexer      |        -|    -|       -|    166|    -|
|Register         |        -|    -|     115|      -|    -|
+-----------------+---------+-----+--------+-------+-----+
|Total            |        0|    0|     163|    470|    0|
+-----------------+---------+-----+--------+-------+-----+
|Available        |      280|  220|  106400|  53200|    0|
+-----------------+---------+-----+--------+-------+-----+
|Utilization (%)  |        0|    0|      ~0|     ~0|    0|
+-----------------+---------+-----+--------+-------+-----+

+ Detail: 
    * Instance: 
    +-----------------------------------------------------------------+------------------------------------------------------+---------+----+----+-----+-----+
    |                             Instance                            |                        Module                        | BRAM_18K| DSP| FF | LUT | URAM|
    +-----------------------------------------------------------------+------------------------------------------------------+---------+----+----+-----+-----+
    |grp_AXIvideo2MultiPixStream_Pipeline_loop_wait_for_eol_fu_213    |AXIvideo2MultiPixStream_Pipeline_loop_wait_for_eol    |        0|   0|   4|   52|    0|
    |grp_AXIvideo2MultiPixStream_Pipeline_loop_wait_for_start_fu_165  |AXIvideo2MultiPixStream_Pipeline_loop_wait_for_start  |        0|   0|   3|   34|    0|
    |grp_AXIvideo2MultiPixStream_Pipeline_loop_width_fu_185           |AXIvideo2MultiPixStream_Pipeline_loop_width           |        0|   0|  41|  169|    0|
    |grp_reg_unsigned_short_s_fu_257                                  |reg_unsigned_short_s                                  |        0|   0|   0|    0|    0|
    |grp_reg_unsigned_short_s_fu_262                                  |reg_unsigned_short_s                                  |        0|   0|   0|    0|    0|
    +-----------------------------------------------------------------+------------------------------------------------------+---------+----+----+-----+-----+
    |Total                                                            |                                                      |        0|   0|  48|  255|    0|
    +-----------------------------------------------------------------+------------------------------------------------------+---------+----+----+-----+-----+

    * DSP: 
    N/A

    * Memory: 
    N/A

    * FIFO: 
    N/A

    * Expression: 
    +-------------------------------------------------------------+----------+----+---+----+------------+------------+
    |                        Variable Name                        | Operation| DSP| FF| LUT| Bitwidth P0| Bitwidth P1|
    +-------------------------------------------------------------+----------+----+---+----+------------+------------+
    |i_4_fu_290_p2                                                |         +|   0|  0|  12|          11|           1|
    |cmp8460_fu_270_p2                                            |      icmp|   0|  0|  11|          11|           1|
    |grp_AXIvideo2MultiPixStream_Pipeline_loop_width_fu_185_cond  |      icmp|   0|  0|  13|          16|           1|
    |icmp_ln265_fu_285_p2                                         |      icmp|   0|  0|  11|          11|          11|
    |ap_block_state1                                              |        or|   0|  0|   2|           1|           1|
    +-------------------------------------------------------------+----------+----+---+----+------------+------------+
    |Total                                                        |          |   0|  0|  49|          50|          15|
    +-------------------------------------------------------------+----------+----+---+----+------------+------------+

    * Multiplexer: 
    +----------------------------------+----+-----------+-----+-----------+
    |               Name               | LUT| Input Size| Bits| Total Bits|
    +----------------------------------+----+-----------+-----+-----------+
    |ap_NS_fsm                         |  65|         12|    1|         12|
    |ap_done                           |   9|          2|    1|          2|
    |axi_data_2_lcssa_reg_132          |   9|          2|   24|         48|
    |axi_data_V_14_fu_80               |   9|          2|   24|         48|
    |axi_last_2_lcssa_reg_142          |   9|          2|    1|          2|
    |axi_last_V_2_reg_122              |   9|          2|    1|          2|
    |eol_0_lcssa_reg_153               |   9|          2|    1|          2|
    |i_fu_76                           |   9|          2|   11|         22|
    |real_start                        |   9|          2|    1|          2|
    |s_axis_video_TREADY_int_regslice  |  20|          4|    1|          4|
    |srcYUV_write                      |   9|          2|    1|          2|
    +----------------------------------+----+-----------+-----+-----------+
    |Total                             | 166|         34|   67|        146|
    +----------------------------------+----+-----------+-----+-----------+

    * Register: 
    +------------------------------------------------------------------------------+----+----+-----+-----------+
    |                                     Name                                     | FF | LUT| Bits| Const Bits|
    +------------------------------------------------------------------------------+----+----+-----+-----------+
    |ap_CS_fsm                                                                     |  11|   0|   11|          0|
    |ap_done_reg                                                                   |   1|   0|    1|          0|
    |axi_data_2_lcssa_reg_132                                                      |  24|   0|   24|          0|
    |axi_data_V_14_fu_80                                                           |  24|   0|   24|          0|
    |axi_last_2_lcssa_reg_142                                                      |   1|   0|    1|          0|
    |axi_last_V_2_reg_122                                                          |   1|   0|    1|          0|
    |axi_last_V_4_loc_fu_88                                                        |   1|   0|    1|          0|
    |cmp8460_reg_390                                                               |   1|   0|    1|          0|
    |cols_reg_382                                                                  |  11|   0|   11|          0|
    |eol_0_lcssa_reg_153                                                           |   1|   0|    1|          0|
    |grp_AXIvideo2MultiPixStream_Pipeline_loop_wait_for_eol_fu_213_ap_start_reg    |   1|   0|    1|          0|
    |grp_AXIvideo2MultiPixStream_Pipeline_loop_wait_for_start_fu_165_ap_start_reg  |   1|   0|    1|          0|
    |grp_AXIvideo2MultiPixStream_Pipeline_loop_width_fu_185_ap_start_reg           |   1|   0|    1|          0|
    |i_4_reg_403                                                                   |  11|   0|   11|          0|
    |i_fu_76                                                                       |  11|   0|   11|          0|
    |icmp_ln265_reg_399                                                            |   1|   0|    1|          0|
    |rows_reg_377                                                                  |  11|   0|   11|          0|
    |sof_fu_84                                                                     |   1|   0|    1|          0|
    |start_once_reg                                                                |   1|   0|    1|          0|
    +------------------------------------------------------------------------------+----+----+-----+-----------+
    |Total                                                                         | 115|   0|  115|          0|
    +------------------------------------------------------------------------------+----+----+-----+-----------+



================================================================
== Interface
================================================================
* Summary: 
+-----------------------+-----+-----+------------+-------------------------+--------------+
|       RTL Ports       | Dir | Bits|  Protocol  |      Source Object      |    C Type    |
+-----------------------+-----+-----+------------+-------------------------+--------------+
|ap_clk                 |   in|    1|  ap_ctrl_hs|  AXIvideo2MultiPixStream|  return value|
|ap_rst                 |   in|    1|  ap_ctrl_hs|  AXIvideo2MultiPixStream|  return value|
|ap_start               |   in|    1|  ap_ctrl_hs|  AXIvideo2MultiPixStream|  return value|
|start_full_n           |   in|    1|  ap_ctrl_hs|  AXIvideo2MultiPixStream|  return value|
|ap_done                |  out|    1|  ap_ctrl_hs|  AXIvideo2MultiPixStream|  return value|
|ap_continue            |   in|    1|  ap_ctrl_hs|  AXIvideo2MultiPixStream|  return value|
|ap_idle                |  out|    1|  ap_ctrl_hs|  AXIvideo2MultiPixStream|  return value|
|ap_ready               |  out|    1|  ap_ctrl_hs|  AXIvideo2MultiPixStream|  return value|
|start_out              |  out|    1|  ap_ctrl_hs|  AXIvideo2MultiPixStream|  return value|
|start_write            |  out|    1|  ap_ctrl_hs|  AXIvideo2MultiPixStream|  return value|
|s_axis_video_TDATA     |   in|   24|        axis|    s_axis_video_V_data_V|       pointer|
|s_axis_video_TVALID    |   in|    1|        axis|    s_axis_video_V_dest_V|       pointer|
|s_axis_video_TREADY    |  out|    1|        axis|    s_axis_video_V_dest_V|       pointer|
|s_axis_video_TDEST     |   in|    1|        axis|    s_axis_video_V_dest_V|       pointer|
|s_axis_video_TKEEP     |   in|    3|        axis|    s_axis_video_V_keep_V|       pointer|
|s_axis_video_TSTRB     |   in|    3|        axis|    s_axis_video_V_strb_V|       pointer|
|s_axis_video_TUSER     |   in|    1|        axis|    s_axis_video_V_user_V|       pointer|
|s_axis_video_TLAST     |   in|    1|        axis|    s_axis_video_V_last_V|       pointer|
|s_axis_video_TID       |   in|    1|        axis|      s_axis_video_V_id_V|       pointer|
|srcYUV_din             |  out|   24|     ap_fifo|                   srcYUV|       pointer|
|srcYUV_num_data_valid  |   in|    5|     ap_fifo|                   srcYUV|       pointer|
|srcYUV_fifo_cap        |   in|    5|     ap_fifo|                   srcYUV|       pointer|
|srcYUV_full_n          |   in|    1|     ap_fifo|                   srcYUV|       pointer|
|srcYUV_write           |  out|    1|     ap_fifo|                   srcYUV|       pointer|
|height                 |   in|   16|     ap_none|                   height|       pointer|
|width                  |   in|   16|     ap_none|                    width|       pointer|
|video_format           |   in|   16|     ap_none|             video_format|       pointer|
+-----------------------+-----+-----+------------+-------------------------+--------------+

