

================================================================
== Vitis HLS Report for 'MultiPixStream2AXIvideo_Pipeline_VITIS_LOOP_380_2'
================================================================
* Date:           Mon Aug 29 12:25:30 2022

* Version:        2022.1 (Build 3526262 on Mon Apr 18 15:47:01 MDT 2022)
* Project:        prj
* Solution:       sol (Vivado IP Flow Target)
* Product family: zynq
* Target device:  xc7z020-clg484-1


================================================================
== Performance Estimates
================================================================
+ Timing: 
    * Summary: 
    +--------+---------+----------+------------+
    |  Clock |  Target | Estimated| Uncertainty|
    +--------+---------+----------+------------+
    |ap_clk  |  5.62 ns|  3.468 ns|     1.52 ns|
    +--------+---------+----------+------------+

+ Latency: 
    * Summary: 
    +---------+---------+-----------+-----------+-----+------+---------+
    |  Latency (cycles) |   Latency (absolute)  |  Interval  | Pipeline|
    |   min   |   max   |    min    |    max    | min |  max |   Type  |
    +---------+---------+-----------+-----------+-----+------+---------+
    |        5|     1924|  28.125 ns|  10.822 us|    5|  1924|       no|
    +---------+---------+-----------+-----------+-----+------+---------+

    + Detail: 
        * Instance: 
        N/A

        * Loop: 
        +--------------------+---------+---------+----------+-----------+-----------+----------+----------+
        |                    |  Latency (cycles) | Iteration|  Initiation Interval  |   Trip   |          |
        |      Loop Name     |   min   |   max   |  Latency |  achieved |   target  |   Count  | Pipelined|
        +--------------------+---------+---------+----------+-----------+-----------+----------+----------+
        |- VITIS_LOOP_380_2  |        3|     1922|         3|          1|          1|  1 ~ 1920|       yes|
        +--------------------+---------+---------+----------+-----------+-----------+----------+----------+



================================================================
== Utilization Estimates
================================================================
* Summary: 
+-----------------+---------+-----+--------+-------+-----+
|       Name      | BRAM_18K| DSP |   FF   |  LUT  | URAM|
+-----------------+---------+-----+--------+-------+-----+
|DSP              |        -|    -|       -|      -|    -|
|Expression       |        -|    -|       0|     49|    -|
|FIFO             |        -|    -|       -|      -|    -|
|Instance         |        -|    -|       -|      -|    -|
|Memory           |        -|    -|       -|      -|    -|
|Multiplexer      |        -|    -|       -|    123|    -|
|Register         |        -|    -|      64|      -|    -|
+-----------------+---------+-----+--------+-------+-----+
|Total            |        0|    0|      64|    172|    0|
+-----------------+---------+-----+--------+-------+-----+
|Available        |      280|  220|  106400|  53200|    0|
+-----------------+---------+-----+--------+-------+-----+
|Utilization (%)  |        0|    0|      ~0|     ~0|    0|
+-----------------+---------+-----+--------+-------+-----+

+ Detail: 
    * Instance: 
    N/A

    * DSP: 
    N/A

    * Memory: 
    N/A

    * FIFO: 
    N/A

    * Expression: 
    +----------------------------------+----------+----+---+----+------------+------------+
    |           Variable Name          | Operation| DSP| FF| LUT| Bitwidth P0| Bitwidth P1|
    +----------------------------------+----------+----+---+----+------------+------------+
    |j_2_fu_225_p2                     |         +|   0|  0|  12|          11|           1|
    |ap_block_state2_pp0_stage0_iter1  |       and|   0|  0|   2|           1|           1|
    |ap_block_state3_io                |       and|   0|  0|   2|           1|           1|
    |ap_condition_144                  |       and|   0|  0|   2|           1|           1|
    |ap_condition_159                  |       and|   0|  0|   2|           1|           1|
    |icmp_ln380_fu_219_p2              |      icmp|   0|  0|  11|          11|          11|
    |tmp_last_V_fu_231_p2              |      icmp|   0|  0|  12|          12|          12|
    |ap_block_pp0_stage0_01001         |        or|   0|  0|   2|           1|           1|
    |ap_block_pp0_stage0_11001         |        or|   0|  0|   2|           1|           1|
    |ap_enable_pp0                     |       xor|   0|  0|   2|           1|           2|
    +----------------------------------+----------+----+---+----+------------+------------+
    |Total                             |          |   0|  0|  49|          41|          32|
    +----------------------------------+----------+----+---+----+------------+------------+

    * Multiplexer: 
    +----------------------------------------+----+-----------+-----+-----------+
    |                  Name                  | LUT| Input Size| Bits| Total Bits|
    +----------------------------------------+----+-----------+-----+-----------+
    |ap_done_int                             |   9|          2|    1|          2|
    |ap_loop_exit_ready_pp0_iter2_reg        |   9|          2|    1|          2|
    |ap_phi_mux_axi_data_V_12_phi_fu_198_p6  |  20|          4|   24|         96|
    |ap_phi_mux_p_Val2_1_phi_fu_187_p6       |  20|          4|   24|         96|
    |ap_phi_reg_pp0_iter2_p_Val2_s_reg_173   |  20|          4|    9|         36|
    |ap_sig_allocacmp_j_1                    |   9|          2|   11|         22|
    |j_fu_98                                 |   9|          2|   11|         22|
    |m_axis_video_TDATA_blk_n                |   9|          2|    1|          2|
    |outYUV_blk_n                            |   9|          2|    1|          2|
    |tmp_user_V_reg_161                      |   9|          2|    1|          2|
    +----------------------------------------+----+-----------+-----+-----------+
    |Total                                   | 123|         26|   84|        282|
    +----------------------------------------+----+-----------+-----+-----------+

    * Register: 
    +---------------------------------------+----+----+-----+-----------+
    |                  Name                 | FF | LUT| Bits| Const Bits|
    +---------------------------------------+----+----+-----+-----------+
    |ap_CS_fsm                              |   1|   0|    1|          0|
    |ap_done_reg                            |   1|   0|    1|          0|
    |ap_enable_reg_pp0_iter1                |   1|   0|    1|          0|
    |ap_enable_reg_pp0_iter2                |   1|   0|    1|          0|
    |ap_loop_exit_ready_pp0_iter1_reg       |   1|   0|    1|          0|
    |ap_loop_exit_ready_pp0_iter2_reg       |   1|   0|    1|          0|
    |ap_phi_reg_pp0_iter1_p_Val2_s_reg_173  |   9|   0|    9|          0|
    |ap_phi_reg_pp0_iter2_p_Val2_s_reg_173  |   9|   0|    9|          0|
    |icmp_ln380_reg_382                     |   1|   0|    1|          0|
    |icmp_ln380_reg_382_pp0_iter1_reg       |   1|   0|    1|          0|
    |j_fu_98                                |  11|   0|   11|          0|
    |pix_444_V_1_reg_396                    |   8|   0|    8|          0|
    |pix_444_V_reg_402                      |   8|   0|    8|          0|
    |pix_rgb_V_reg_391                      |   8|   0|    8|          0|
    |tmp_last_V_reg_386                     |   1|   0|    1|          0|
    |tmp_last_V_reg_386_pp0_iter1_reg       |   1|   0|    1|          0|
    |tmp_user_V_reg_161                     |   1|   0|    1|          0|
    +---------------------------------------+----+----+-----+-----------+
    |Total                                  |  64|   0|   64|          0|
    +---------------------------------------+----+----+-----+-----------+



================================================================
== Interface
================================================================
* Summary: 
+-----------------------+-----+-----+------------+---------------------------------------------------+--------------+
|       RTL Ports       | Dir | Bits|  Protocol  |                   Source Object                   |    C Type    |
+-----------------------+-----+-----+------------+---------------------------------------------------+--------------+
|ap_clk                 |   in|    1|  ap_ctrl_hs|  MultiPixStream2AXIvideo_Pipeline_VITIS_LOOP_380_2|  return value|
|ap_rst                 |   in|    1|  ap_ctrl_hs|  MultiPixStream2AXIvideo_Pipeline_VITIS_LOOP_380_2|  return value|
|ap_start               |   in|    1|  ap_ctrl_hs|  MultiPixStream2AXIvideo_Pipeline_VITIS_LOOP_380_2|  return value|
|ap_done                |  out|    1|  ap_ctrl_hs|  MultiPixStream2AXIvideo_Pipeline_VITIS_LOOP_380_2|  return value|
|ap_idle                |  out|    1|  ap_ctrl_hs|  MultiPixStream2AXIvideo_Pipeline_VITIS_LOOP_380_2|  return value|
|ap_ready               |  out|    1|  ap_ctrl_hs|  MultiPixStream2AXIvideo_Pipeline_VITIS_LOOP_380_2|  return value|
|outYUV_dout            |   in|   24|     ap_fifo|                                             outYUV|       pointer|
|outYUV_num_data_valid  |   in|    5|     ap_fifo|                                             outYUV|       pointer|
|outYUV_fifo_cap        |   in|    5|     ap_fifo|                                             outYUV|       pointer|
|outYUV_empty_n         |   in|    1|     ap_fifo|                                             outYUV|       pointer|
|outYUV_read            |  out|    1|     ap_fifo|                                             outYUV|       pointer|
|m_axis_video_TREADY    |   in|    1|        axis|                              m_axis_video_V_data_V|       pointer|
|m_axis_video_TDATA     |  out|   24|        axis|                              m_axis_video_V_data_V|       pointer|
|sof                    |   in|    1|     ap_none|                                                sof|        scalar|
|cols                   |   in|   11|     ap_none|                                               cols|        scalar|
|m_axis_video_TVALID    |  out|    1|        axis|                              m_axis_video_V_dest_V|       pointer|
|m_axis_video_TDEST     |  out|    1|        axis|                              m_axis_video_V_dest_V|       pointer|
|m_axis_video_TKEEP     |  out|    3|        axis|                              m_axis_video_V_keep_V|       pointer|
|m_axis_video_TSTRB     |  out|    3|        axis|                              m_axis_video_V_strb_V|       pointer|
|m_axis_video_TUSER     |  out|    1|        axis|                              m_axis_video_V_user_V|       pointer|
|m_axis_video_TLAST     |  out|    1|        axis|                              m_axis_video_V_last_V|       pointer|
|m_axis_video_TID       |  out|    1|        axis|                                m_axis_video_V_id_V|       pointer|
|video_format_load      |   in|   16|   ap_stable|                                  video_format_load|        scalar|
|sub                    |   in|   12|     ap_none|                                                sub|        scalar|
+-----------------------+-----+-----+------------+---------------------------------------------------+--------------+

