

================================================================
== Vitis HLS Report for 'MultiPixStream2AXIvideo'
================================================================
* Date:           Mon Aug 29 12:25:30 2022

* Version:        2022.1 (Build 3526262 on Mon Apr 18 15:47:01 MDT 2022)
* Project:        prj
* Solution:       sol (Vivado IP Flow Target)
* Product family: zynq
* Target device:  xc7z020-clg484-1


================================================================
== Performance Estimates
================================================================
+ Timing: 
    * Summary: 
    +--------+---------+----------+------------+
    |  Clock |  Target | Estimated| Uncertainty|
    +--------+---------+----------+------------+
    |ap_clk  |  5.62 ns|  3.468 ns|     1.52 ns|
    +--------+---------+----------+------------+

+ Latency: 
    * Summary: 
    +---------+---------+-----------+-----------+-----+---------+---------+
    |  Latency (cycles) |   Latency (absolute)  |    Interval   | Pipeline|
    |   min   |   max   |    min    |    max    | min |   max   |   Type  |
    +---------+---------+-----------+-----------+-----+---------+---------+
    |        3|  2081163|  16.875 ns|  11.707 ms|    3|  2081163|       no|
    +---------+---------+-----------+-----------+-----+---------+---------+

    + Detail: 
        * Instance: 
        +-------------------------------------------------------------+---------------------------------------------------+---------+---------+-----------+-----------+-----+------+---------+
        |                                                             |                                                   |  Latency (cycles) |   Latency (absolute)  |  Interval  | Pipeline|
        |                           Instance                          |                       Module                      |   min   |   max   |    min    |    max    | min |  max |   Type  |
        +-------------------------------------------------------------+---------------------------------------------------+---------+---------+-----------+-----------+-----+------+---------+
        |grp_MultiPixStream2AXIvideo_Pipeline_VITIS_LOOP_380_2_fu_96  |MultiPixStream2AXIvideo_Pipeline_VITIS_LOOP_380_2  |        5|     1924|  28.125 ns|  10.822 us|    5|  1924|       no|
        |grp_reg_unsigned_short_s_fu_124                              |reg_unsigned_short_s                               |        1|        1|   5.625 ns|   5.625 ns|    1|     1|      yes|
        |grp_reg_unsigned_short_s_fu_134                              |reg_unsigned_short_s                               |        1|        1|   5.625 ns|   5.625 ns|    1|     1|      yes|
        +-------------------------------------------------------------+---------------------------------------------------+---------+---------+-----------+-----------+-----+------+---------+

        * Loop: 
        +--------------------+---------+---------+----------+-----------+-----------+----------+----------+
        |                    |  Latency (cycles) | Iteration|  Initiation Interval  |   Trip   |          |
        |      Loop Name     |   min   |   max   |  Latency |  achieved |   target  |   Count  | Pipelined|
        +--------------------+---------+---------+----------+-----------+-----------+----------+----------+
        |- VITIS_LOOP_378_1  |        0|  2081160|  2 ~ 1927|          -|          -|  0 ~ 1080|        no|
        +--------------------+---------+---------+----------+-----------+-----------+----------+----------+



================================================================
== Utilization Estimates
================================================================
* Summary: 
+-----------------+---------+-----+--------+-------+-----+
|       Name      | BRAM_18K| DSP |   FF   |  LUT  | URAM|
+-----------------+---------+-----+--------+-------+-----+
|DSP              |        -|    -|       -|      -|    -|
|Expression       |        -|    -|       0|     52|    -|
|FIFO             |        -|    -|       -|      -|    -|
|Instance         |        -|    -|      64|    172|    -|
|Memory           |        -|    -|       -|      -|    -|
|Multiplexer      |        -|    -|       -|     64|    -|
|Register         |        -|    -|      66|      -|    -|
+-----------------+---------+-----+--------+-------+-----+
|Total            |        0|    0|     130|    288|    0|
+-----------------+---------+-----+--------+-------+-----+
|Available        |      280|  220|  106400|  53200|    0|
+-----------------+---------+-----+--------+-------+-----+
|Utilization (%)  |        0|    0|      ~0|     ~0|    0|
+-----------------+---------+-----+--------+-------+-----+

+ Detail: 
    * Instance: 
    +-------------------------------------------------------------+---------------------------------------------------+---------+----+----+-----+-----+
    |                           Instance                          |                       Module                      | BRAM_18K| DSP| FF | LUT | URAM|
    +-------------------------------------------------------------+---------------------------------------------------+---------+----+----+-----+-----+
    |grp_MultiPixStream2AXIvideo_Pipeline_VITIS_LOOP_380_2_fu_96  |MultiPixStream2AXIvideo_Pipeline_VITIS_LOOP_380_2  |        0|   0|  64|  172|    0|
    |grp_reg_unsigned_short_s_fu_124                              |reg_unsigned_short_s                               |        0|   0|   0|    0|    0|
    |grp_reg_unsigned_short_s_fu_134                              |reg_unsigned_short_s                               |        0|   0|   0|    0|    0|
    +-------------------------------------------------------------+---------------------------------------------------+---------+----+----+-----+-----+
    |Total                                                        |                                                   |        0|   0|  64|  172|    0|
    +-------------------------------------------------------------+---------------------------------------------------+---------+----+----+-----+-----+

    * DSP: 
    N/A

    * Memory: 
    N/A

    * FIFO: 
    N/A

    * Expression: 
    +---------------------------------------------------------------------------------+----------+----+---+----+------------+------------+
    |                                  Variable Name                                  | Operation| DSP| FF| LUT| Bitwidth P0| Bitwidth P1|
    +---------------------------------------------------------------------------------+----------+----+---+----+------------+------------+
    |i_2_fu_174_p2                                                                    |         +|   0|  0|  12|          11|           1|
    |sub_fu_154_p2                                                                    |         +|   0|  0|  12|          12|           2|
    |ap_block_state5_on_subcall_done                                                  |       and|   0|  0|   2|           1|           1|
    |grp_MultiPixStream2AXIvideo_Pipeline_VITIS_LOOP_380_2_fu_96_m_axis_video_TREADY  |       and|   0|  0|   2|           1|           1|
    |cmp17234_fu_160_p2                                                               |      icmp|   0|  0|  11|          11|           1|
    |icmp_ln378_fu_169_p2                                                             |      icmp|   0|  0|  11|          11|          11|
    |ap_block_state1                                                                  |        or|   0|  0|   2|           1|           1|
    +---------------------------------------------------------------------------------+----------+----+---+----+------------+------------+
    |Total                                                                            |          |   0|  0|  52|          48|          18|
    +---------------------------------------------------------------------------------+----------+----+---+----+------------+------------+

    * Multiplexer: 
    +-------------+----+-----------+-----+-----------+
    |     Name    | LUT| Input Size| Bits| Total Bits|
    +-------------+----+-----------+-----+-----------+
    |ap_NS_fsm    |  37|          7|    1|          7|
    |ap_done      |   9|          2|    1|          2|
    |i_fu_70      |   9|          2|   11|         22|
    |outYUV_read  |   9|          2|    1|          2|
    +-------------+----+-----------+-----+-----------+
    |Total        |  64|         13|   14|         33|
    +-------------+----+-----------+-----+-----------+

    * Register: 
    +--------------------------------------------------------------------------+----+----+-----+-----------+
    |                                   Name                                   | FF | LUT| Bits| Const Bits|
    +--------------------------------------------------------------------------+----+----+-----+-----------+
    |ap_CS_fsm                                                                 |   6|   0|    6|          0|
    |ap_done_reg                                                               |   1|   0|    1|          0|
    |cmp17234_reg_227                                                          |   1|   0|    1|          0|
    |cols_reg_212                                                              |  11|   0|   11|          0|
    |grp_MultiPixStream2AXIvideo_Pipeline_VITIS_LOOP_380_2_fu_96_ap_start_reg  |   1|   0|    1|          0|
    |i_2_reg_234                                                               |  11|   0|   11|          0|
    |i_fu_70                                                                   |  11|   0|   11|          0|
    |rows_reg_207                                                              |  11|   0|   11|          0|
    |sof_fu_74                                                                 |   1|   0|    1|          0|
    |sub_reg_217                                                               |  12|   0|   12|          0|
    +--------------------------------------------------------------------------+----+----+-----+-----------+
    |Total                                                                     |  66|   0|   66|          0|
    +--------------------------------------------------------------------------+----+----+-----+-----------+



================================================================
== Interface
================================================================
* Summary: 
+-----------------------+-----+-----+------------+-------------------------+--------------+
|       RTL Ports       | Dir | Bits|  Protocol  |      Source Object      |    C Type    |
+-----------------------+-----+-----+------------+-------------------------+--------------+
|ap_clk                 |   in|    1|  ap_ctrl_hs|  MultiPixStream2AXIvideo|  return value|
|ap_rst                 |   in|    1|  ap_ctrl_hs|  MultiPixStream2AXIvideo|  return value|
|ap_start               |   in|    1|  ap_ctrl_hs|  MultiPixStream2AXIvideo|  return value|
|ap_done                |  out|    1|  ap_ctrl_hs|  MultiPixStream2AXIvideo|  return value|
|ap_continue            |   in|    1|  ap_ctrl_hs|  MultiPixStream2AXIvideo|  return value|
|ap_idle                |  out|    1|  ap_ctrl_hs|  MultiPixStream2AXIvideo|  return value|
|ap_ready               |  out|    1|  ap_ctrl_hs|  MultiPixStream2AXIvideo|  return value|
|outYUV_dout            |   in|   24|     ap_fifo|                   outYUV|       pointer|
|outYUV_num_data_valid  |   in|    5|     ap_fifo|                   outYUV|       pointer|
|outYUV_fifo_cap        |   in|    5|     ap_fifo|                   outYUV|       pointer|
|outYUV_empty_n         |   in|    1|     ap_fifo|                   outYUV|       pointer|
|outYUV_read            |  out|    1|     ap_fifo|                   outYUV|       pointer|
|m_axis_video_TDATA     |  out|   24|        axis|    m_axis_video_V_data_V|       pointer|
|m_axis_video_TVALID    |  out|    1|        axis|    m_axis_video_V_dest_V|       pointer|
|m_axis_video_TREADY    |   in|    1|        axis|    m_axis_video_V_dest_V|       pointer|
|m_axis_video_TDEST     |  out|    1|        axis|    m_axis_video_V_dest_V|       pointer|
|m_axis_video_TKEEP     |  out|    3|        axis|    m_axis_video_V_keep_V|       pointer|
|m_axis_video_TSTRB     |  out|    3|        axis|    m_axis_video_V_strb_V|       pointer|
|m_axis_video_TUSER     |  out|    1|        axis|    m_axis_video_V_user_V|       pointer|
|m_axis_video_TLAST     |  out|    1|        axis|    m_axis_video_V_last_V|       pointer|
|m_axis_video_TID       |  out|    1|        axis|      m_axis_video_V_id_V|       pointer|
|height                 |   in|   16|     ap_none|                   height|       pointer|
|width                  |   in|   16|     ap_none|                    width|       pointer|
|video_format           |   in|   16|     ap_none|             video_format|       pointer|
+-----------------------+-----+-----+------------+-------------------------+--------------+

