

================================================================
== Vitis HLS Report for 'v_letterbox_core_Pipeline_VITIS_LOOP_167_2'
================================================================
* Date:           Mon Aug 29 12:25:30 2022

* Version:        2022.1 (Build 3526262 on Mon Apr 18 15:47:01 MDT 2022)
* Project:        prj
* Solution:       sol (Vivado IP Flow Target)
* Product family: zynq
* Target device:  xc7z020-clg484-1


================================================================
== Performance Estimates
================================================================
+ Timing: 
    * Summary: 
    +--------+---------+----------+------------+
    |  Clock |  Target | Estimated| Uncertainty|
    +--------+---------+----------+------------+
    |ap_clk  |  5.62 ns|  4.017 ns|     1.52 ns|
    +--------+---------+----------+------------+

+ Latency: 
    * Summary: 
    +---------+---------+----------+----------+-----+-----+---------+
    |  Latency (cycles) |  Latency (absolute) |  Interval | Pipeline|
    |   min   |   max   |    min   |    max   | min | max |   Type  |
    +---------+---------+----------+----------+-----+-----+---------+
    |        ?|        ?|         ?|         ?|    ?|    ?|       no|
    +---------+---------+----------+----------+-----+-----+---------+

    + Detail: 
        * Instance: 
        N/A

        * Loop: 
        +--------------------+---------+---------+----------+-----------+-----------+------+----------+
        |                    |  Latency (cycles) | Iteration|  Initiation Interval  | Trip |          |
        |      Loop Name     |   min   |   max   |  Latency |  achieved |   target  | Count| Pipelined|
        +--------------------+---------+---------+----------+-----------+-----------+------+----------+
        |- VITIS_LOOP_167_2  |        ?|        ?|         3|          1|          1|     ?|       yes|
        +--------------------+---------+---------+----------+-----------+-----------+------+----------+



================================================================
== Utilization Estimates
================================================================
* Summary: 
+-----------------+---------+-----+--------+-------+-----+
|       Name      | BRAM_18K| DSP |   FF   |  LUT  | URAM|
+-----------------+---------+-----+--------+-------+-----+
|DSP              |        -|    -|       -|      -|    -|
|Expression       |        -|    -|       0|    154|    -|
|FIFO             |        -|    -|       -|      -|    -|
|Instance         |        -|    -|       -|      -|    -|
|Memory           |        -|    -|       -|      -|    -|
|Multiplexer      |        -|    -|       -|     54|    -|
|Register         |        -|    -|      54|      -|    -|
+-----------------+---------+-----+--------+-------+-----+
|Total            |        0|    0|      54|    208|    0|
+-----------------+---------+-----+--------+-------+-----+
|Available        |      280|  220|  106400|  53200|    0|
+-----------------+---------+-----+--------+-------+-----+
|Utilization (%)  |        0|    0|      ~0|     ~0|    0|
+-----------------+---------+-----+--------+-------+-----+

+ Detail: 
    * Instance: 
    N/A

    * DSP: 
    N/A

    * Memory: 
    N/A

    * FIFO: 
    N/A

    * Expression: 
    +---------------------------+----------+----+---+----+------------+------------+
    |       Variable Name       | Operation| DSP| FF| LUT| Bitwidth P0| Bitwidth P1|
    +---------------------------+----------+----+---+----+------------+------------+
    |x_3_fu_241_p2              |         +|   0|  0|  23|          16|           1|
    |and_ln185_1_fu_209_p2      |       and|   0|  0|   2|           1|           1|
    |and_ln185_fu_191_p2        |       and|   0|  0|   2|           1|           1|
    |icmp_ln167_fu_155_p2       |      icmp|   0|  0|  13|          16|          16|
    |icmp_ln185_1_fu_167_p2     |      icmp|   0|  0|  13|          16|          16|
    |icmp_ln185_2_fu_179_p2     |      icmp|   0|  0|  13|          16|          16|
    |icmp_ln185_3_fu_185_p2     |      icmp|   0|  0|  13|          16|          16|
    |icmp_ln185_fu_161_p2       |      icmp|   0|  0|  13|          16|          16|
    |ap_block_pp0_stage0_01001  |        or|   0|  0|   2|           1|           1|
    |or_ln185_1_fu_197_p2       |        or|   0|  0|   2|           1|           1|
    |or_ln185_2_fu_215_p2       |        or|   0|  0|   2|           1|           1|
    |or_ln185_3_fu_283_p2       |        or|   0|  0|   2|           1|           1|
    |or_ln185_fu_173_p2         |        or|   0|  0|   2|           1|           1|
    |select_ln185_1_fu_294_p3   |    select|   0|  0|   8|           1|           8|
    |select_ln185_2_fu_301_p3   |    select|   0|  0|   8|           1|           8|
    |select_ln185_fu_287_p3     |    select|   0|  0|   8|           1|           8|
    |select_ln191_fu_276_p3     |    select|   0|  0|   8|           1|           1|
    |select_ln207_fu_233_p3     |    select|   0|  0|   8|           1|           8|
    |select_ln209_fu_225_p3     |    select|   0|  0|   8|           1|           8|
    |ap_enable_pp0              |       xor|   0|  0|   2|           1|           2|
    |xor_ln185_fu_203_p2        |       xor|   0|  0|   2|           1|           2|
    +---------------------------+----------+----+---+----+------------+------------+
    |Total                      |          |   0|  0| 154|         111|         133|
    +---------------------------+----------+----+---+----+------------+------------+

    * Multiplexer: 
    +-------------------------+----+-----------+-----+-----------+
    |           Name          | LUT| Input Size| Bits| Total Bits|
    +-------------------------+----+-----------+-----+-----------+
    |ap_done_int              |   9|          2|    1|          2|
    |ap_enable_reg_pp0_iter1  |   9|          2|    1|          2|
    |ap_sig_allocacmp_x_2     |   9|          2|   16|         32|
    |outYUV_blk_n             |   9|          2|    1|          2|
    |srcYUV_blk_n             |   9|          2|    1|          2|
    |x_fu_70                  |   9|          2|   16|         32|
    +-------------------------+----+-----------+-----+-----------+
    |Total                    |  54|         12|   36|         72|
    +-------------------------+----+-----------+-----+-----------+

    * Register: 
    +----------------------------------+----+----+-----+-----------+
    |               Name               | FF | LUT| Bits| Const Bits|
    +----------------------------------+----+----+-----+-----------+
    |ap_CS_fsm                         |   1|   0|    1|          0|
    |ap_done_reg                       |   1|   0|    1|          0|
    |ap_enable_reg_pp0_iter1           |   1|   0|    1|          0|
    |ap_enable_reg_pp0_iter2           |   1|   0|    1|          0|
    |ap_loop_exit_ready_pp0_iter1_reg  |   1|   0|    1|          0|
    |or_ln185_2_reg_347                |   1|   0|    1|          0|
    |select_ln185_1_reg_362            |   8|   0|    8|          0|
    |select_ln185_2_reg_367            |   8|   0|    8|          0|
    |select_ln185_reg_357              |   8|   0|    8|          0|
    |select_ln207_reg_352              |   8|   0|    8|          0|
    |x_fu_70                           |  16|   0|   16|          0|
    +----------------------------------+----+----+-----+-----------+
    |Total                             |  54|   0|   54|          0|
    +----------------------------------+----+----+-----+-----------+



================================================================
== Interface
================================================================
* Summary: 
+-----------------------+-----+-----+------------+--------------------------------------------+--------------+
|       RTL Ports       | Dir | Bits|  Protocol  |                Source Object               |    C Type    |
+-----------------------+-----+-----+------------+--------------------------------------------+--------------+
|ap_clk                 |   in|    1|  ap_ctrl_hs|  v_letterbox_core_Pipeline_VITIS_LOOP_167_2|  return value|
|ap_rst                 |   in|    1|  ap_ctrl_hs|  v_letterbox_core_Pipeline_VITIS_LOOP_167_2|  return value|
|ap_start               |   in|    1|  ap_ctrl_hs|  v_letterbox_core_Pipeline_VITIS_LOOP_167_2|  return value|
|ap_done                |  out|    1|  ap_ctrl_hs|  v_letterbox_core_Pipeline_VITIS_LOOP_167_2|  return value|
|ap_idle                |  out|    1|  ap_ctrl_hs|  v_letterbox_core_Pipeline_VITIS_LOOP_167_2|  return value|
|ap_ready               |  out|    1|  ap_ctrl_hs|  v_letterbox_core_Pipeline_VITIS_LOOP_167_2|  return value|
|srcYUV_dout            |   in|   24|     ap_fifo|                                      srcYUV|       pointer|
|srcYUV_num_data_valid  |   in|    5|     ap_fifo|                                      srcYUV|       pointer|
|srcYUV_fifo_cap        |   in|    5|     ap_fifo|                                      srcYUV|       pointer|
|srcYUV_empty_n         |   in|    1|     ap_fifo|                                      srcYUV|       pointer|
|srcYUV_read            |  out|    1|     ap_fifo|                                      srcYUV|       pointer|
|outYUV_din             |  out|   24|     ap_fifo|                                      outYUV|       pointer|
|outYUV_num_data_valid  |   in|    5|     ap_fifo|                                      outYUV|       pointer|
|outYUV_fifo_cap        |   in|    5|     ap_fifo|                                      outYUV|       pointer|
|outYUV_full_n          |   in|    1|     ap_fifo|                                      outYUV|       pointer|
|outYUV_write           |  out|    1|     ap_fifo|                                      outYUV|       pointer|
|loopWidth              |   in|   16|   ap_stable|                                   loopWidth|        scalar|
|loopStart              |   in|   16|   ap_stable|                                   loopStart|        scalar|
|loopEnd                |   in|   16|   ap_stable|                                     loopEnd|        scalar|
|cmp116                 |   in|    1|   ap_stable|                                      cmp116|        scalar|
|cmp22_not              |   in|    1|     ap_none|                                   cmp22_not|        scalar|
|cmp19_not              |   in|    1|     ap_none|                                   cmp19_not|        scalar|
|p_0_2_0_0_0154         |   in|    8|   ap_stable|                              p_0_2_0_0_0154|        scalar|
|conv2_i_i              |   in|    8|   ap_stable|                                   conv2_i_i|        scalar|
|Cb_G_value_load_cast   |   in|    8|   ap_stable|                        Cb_G_value_load_cast|        scalar|
|Cr_B_value_load_cast   |   in|    8|   ap_stable|                        Cr_B_value_load_cast|        scalar|
+-----------------------+-----+-----+------------+--------------------------------------------+--------------+

